
Detected GPU: Tesla T4 with compute capability 7.5
Using GPU: Tesla T4


Fit RUNG_combined_model | lr=0.05, schedule_lr=0.01500, wd=0.0005, epochs=300
  gamma_reg_strength=0.0, patience=100, grad_clip=1.0
  Initial schedule: gamma_0=6.0000, decay_rate=0.8500, alpha_blend=0.5000

  Epoch   50 | loss=0.0678 | val=0.8032 | γ₀=8.0210, r=0.8721, α=0.5698

  Epoch  100 | loss=0.0992 | val=0.8193 | γ₀=8.3308, r=0.8739, α=0.5778

  Early stopping at epoch 109 (best val=0.8594 at epoch 8)

Training done. Best val acc: 0.8594 (epoch 8)

=======================================================
              RUNG_combined_model — Stats              
=======================================================
  gamma_0:     6.1005
  decay_rate:  0.8488
  alpha_blend: 0.5039  (parametric dominant)
  percentile_q: 0.75
  parameters:  92234

  Layer     gamma
  ────────────────────
      0    5.0359
      1    4.2679
      2    3.7096
      3    3.2376
      4    2.8299
      5    2.4743
      6    2.1638
      7    1.8925
      8    1.6558
      9    1.4485
=======================================================

Acc: [0.8400402069091797]

Fit RUNG_combined_model | lr=0.05, schedule_lr=0.01500, wd=0.0005, epochs=300
  gamma_reg_strength=0.0, patience=100, grad_clip=1.0
  Initial schedule: gamma_0=6.0000, decay_rate=0.8500, alpha_blend=0.5000

  Epoch   50 | loss=0.0807 | val=0.8233 | γ₀=7.0071, r=0.8554, α=0.5360

  Epoch  100 | loss=0.0771 | val=0.8032 | γ₀=6.7201, r=0.8444, α=0.5250

  Epoch  150 | loss=0.1223 | val=0.7912 | γ₀=7.4679, r=0.8520, α=0.5502

  Early stopping at epoch 182 (best val=0.8434 at epoch 81)

Training done. Best val acc: 0.8434 (epoch 81)

=======================================================
              RUNG_combined_model — Stats              
=======================================================
  gamma_0:     6.5585
  decay_rate:  0.8448
  alpha_blend: 0.5195  (parametric dominant)
  percentile_q: 0.75
  parameters:  92234

  Layer     gamma
  ────────────────────
      0    4.6096
      1    3.8166
      2    3.2642
      3    2.8037
      4    2.4158
      5    2.0819
      6    1.7943
      7    1.5468
      8    1.3344
      9    1.1513
=======================================================

Acc: [0.8400402069091797, 0.818913459777832]

Fit RUNG_combined_model | lr=0.05, schedule_lr=0.01500, wd=0.0005, epochs=300
  gamma_reg_strength=0.0, patience=100, grad_clip=1.0
  Initial schedule: gamma_0=6.0000, decay_rate=0.8500, alpha_blend=0.5000

  Epoch   50 | loss=0.1393 | val=0.8273 | γ₀=7.5460, r=0.8080, α=0.5541

  Epoch  100 | loss=0.0924 | val=0.8353 | γ₀=6.9018, r=0.7459, α=0.5315

  Epoch  150 | loss=0.1082 | val=0.8474 | γ₀=7.5782, r=0.6768, α=0.5542

  Early stopping at epoch 174 (best val=0.8635 at epoch 73)

Training done. Best val acc: 0.8635 (epoch 73)

=======================================================
              RUNG_combined_model — Stats              
=======================================================
  gamma_0:     7.3449
  decay_rate:  0.7815
  alpha_blend: 0.5473  (parametric dominant)
  percentile_q: 0.75
  parameters:  92234

  Layer     gamma
  ────────────────────
      0    5.2524
      1    3.2684
      2    2.0839
      3    1.3349
      4    0.8586
      5    0.5544
      6    0.3599
      7    0.2355
      8    0.1558
      9    0.1048
=======================================================

Acc: [0.8400402069091797, 0.818913459777832, 0.8003017902374268]

Fit RUNG_combined_model | lr=0.05, schedule_lr=0.01500, wd=0.0005, epochs=300
  gamma_reg_strength=0.0, patience=100, grad_clip=1.0
  Initial schedule: gamma_0=6.0000, decay_rate=0.8500, alpha_blend=0.5000

  Epoch   50 | loss=0.0444 | val=0.7871 | γ₀=4.7644, r=0.8310, α=0.4415

  Epoch  100 | loss=0.0743 | val=0.7831 | γ₀=4.2805, r=0.7627, α=0.4085

  Epoch  150 | loss=0.0669 | val=0.7791 | γ₀=4.1829, r=0.7005, α=0.4007

  Early stopping at epoch 176 (best val=0.8233 at epoch 75)

Training done. Best val acc: 0.8233 (epoch 75)

=======================================================
              RUNG_combined_model — Stats              
=======================================================
  gamma_0:     4.5055
  decay_rate:  0.8120
  alpha_blend: 0.4262  (percentile dominant)
  percentile_q: 0.75
  parameters:  92234

  Layer     gamma
  ────────────────────
      0    2.1649
      1    1.3165
      2    0.8778
      3    0.5957
      4    0.4094
      5    0.2840
      6    0.2000
      7    0.1414
      8    0.1030
      9    0.0764
=======================================================

Acc: [0.8400402069091797, 0.818913459777832, 0.8003017902374268, 0.8259556889533997]

Fit RUNG_combined_model | lr=0.05, schedule_lr=0.01500, wd=0.0005, epochs=300
  gamma_reg_strength=0.0, patience=100, grad_clip=1.0
  Initial schedule: gamma_0=6.0000, decay_rate=0.8500, alpha_blend=0.5000

  Epoch   50 | loss=0.1310 | val=0.8193 | γ₀=7.8264, r=0.8734, α=0.5638

  Epoch  100 | loss=0.0891 | val=0.8153 | γ₀=8.2340, r=0.8738, α=0.5747

  Epoch  150 | loss=0.1110 | val=0.8032 | γ₀=9.3589, r=0.8871, α=0.6022

  Epoch  200 | loss=0.1229 | val=0.7952 | γ₀=10.2129, r=0.8959, α=0.6198

  Epoch  250 | loss=0.0938 | val=0.7871 | γ₀=11.7431, r=0.9106, α=0.6468

  Early stopping at epoch 253 (best val=0.8554 at epoch 152)

Training done. Best val acc: 0.8554 (epoch 152)

=======================================================
              RUNG_combined_model — Stats              
=======================================================
  gamma_0:     9.3958
  decay_rate:  0.8874
  alpha_blend: 0.6030  (parametric dominant)
  percentile_q: 0.75
  parameters:  92234

  Layer     gamma
  ────────────────────
      0    7.8486
      1    6.9948
      2    6.3470
      3    5.7738
      4    5.2576
      5    4.7883
      6    4.3611
      7    3.9726
      8    3.6189
      9    3.2968
=======================================================

Acc: [0.8400402069091797, 0.818913459777832, 0.8003017902374268, 0.8259556889533997, 0.8113681674003601]
model RUNG_combined_model done, clean acc: 0.8193158626556396±0.013404838498658374
