
Fit RUNG_confidence_lambda | lr=0.05, gamma_lr=0.01000, alpha_lr=0.00500, wd=0.0005, epochs=300
  mode=protect_uncertain, normalize=True, warmup_epochs=200
  gamma_reg=0.0, alpha_reg=0.001, patience=100, grad_clip=1.0
  Initial gammas: ['6.000', '6.000', '6.000', '6.000', '6.000', '6.000', '6.000', '6.000', '6.000', '6.000']
  Initial alpha:  1.0000

Phase 1: MLP warmup for 200 epochs (gamma + alpha frozen)

  Epoch   50 | loss=0.1011 | val=0.7671 | α=1.000 | λ_std=0.1953 | λ-conf_corr=-1.000 | gammas=[6.00, 6.00, 6.00, 6.00, 6.00, 6.00, 6.00, 6.00, 6.00, 6.00]

  Epoch  100 | loss=0.1188 | val=0.7631 | α=1.000 | λ_std=0.1880 | λ-conf_corr=-1.000 | gammas=[6.00, 6.00, 6.00, 6.00, 6.00, 6.00, 6.00, 6.00, 6.00, 6.00]

  Early stopping at epoch 107 (best val=0.8233 at epoch 6)

Training done. Best val acc: 0.8233 (epoch 6)

==========================================================
       RUNG_confidence_lambda — Gamma + Alpha Stats       
==========================================================
  confidence_mode:  protect_uncertain
  normalize_lambda: True
  alpha:            1.0000
  lambda_base:      0.1111

    Layer       lam   gamma(=a*lam)    log_lam
  ------------------------------------------------
        0      1.6216            6.0000       0.4834
        1      1.6216            6.0000       0.4834
        2      1.6216            6.0000       0.4834
        3      1.6216            6.0000       0.4834
        4      1.6216            6.0000       0.4834
        5      1.6216            6.0000       0.4834
        6      1.6216            6.0000       0.4834
        7      1.6216            6.0000       0.4834
        8      1.6216            6.0000       0.4834
        9      1.6216            6.0000       0.4834
==========================================================

Acc: [0.8078470826148987]

Fit RUNG_confidence_lambda | lr=0.05, gamma_lr=0.01000, alpha_lr=0.00500, wd=0.0005, epochs=300
  mode=protect_uncertain, normalize=True, warmup_epochs=200
  gamma_reg=0.0, alpha_reg=0.001, patience=100, grad_clip=1.0
  Initial gammas: ['6.000', '6.000', '6.000', '6.000', '6.000', '6.000', '6.000', '6.000', '6.000', '6.000']
  Initial alpha:  1.0000

Phase 1: MLP warmup for 200 epochs (gamma + alpha frozen)

  Epoch   50 | loss=0.1187 | val=0.7390 | α=1.000 | λ_std=0.1911 | λ-conf_corr=-1.000 | gammas=[6.00, 6.00, 6.00, 6.00, 6.00, 6.00, 6.00, 6.00, 6.00, 6.00]

  Epoch  100 | loss=0.1281 | val=0.7108 | α=1.000 | λ_std=0.1875 | λ-conf_corr=-1.000 | gammas=[6.00, 6.00, 6.00, 6.00, 6.00, 6.00, 6.00, 6.00, 6.00, 6.00]

  Early stopping at epoch 107 (best val=0.8153 at epoch 6)

Training done. Best val acc: 0.8153 (epoch 6)

==========================================================
       RUNG_confidence_lambda — Gamma + Alpha Stats       
==========================================================
  confidence_mode:  protect_uncertain
  normalize_lambda: True
  alpha:            1.0000
  lambda_base:      0.1111

    Layer       lam   gamma(=a*lam)    log_lam
  ------------------------------------------------
        0      1.6216            6.0000       0.4834
        1      1.6216            6.0000       0.4834
        2      1.6216            6.0000       0.4834
        3      1.6216            6.0000       0.4834
        4      1.6216            6.0000       0.4834
        5      1.6216            6.0000       0.4834
        6      1.6216            6.0000       0.4834
        7      1.6216            6.0000       0.4834
        8      1.6216            6.0000       0.4834
        9      1.6216            6.0000       0.4834
==========================================================

Acc: [0.8078470826148987, 0.8259556889533997]

Fit RUNG_confidence_lambda | lr=0.05, gamma_lr=0.01000, alpha_lr=0.00500, wd=0.0005, epochs=300
  mode=protect_uncertain, normalize=True, warmup_epochs=200
  gamma_reg=0.0, alpha_reg=0.001, patience=100, grad_clip=1.0
  Initial gammas: ['6.000', '6.000', '6.000', '6.000', '6.000', '6.000', '6.000', '6.000', '6.000', '6.000']
  Initial alpha:  1.0000

Phase 1: MLP warmup for 200 epochs (gamma + alpha frozen)

  Epoch   50 | loss=0.0980 | val=0.7831 | α=1.000 | λ_std=0.1783 | λ-conf_corr=-1.000 | gammas=[6.00, 6.00, 6.00, 6.00, 6.00, 6.00, 6.00, 6.00, 6.00, 6.00]

  Epoch  100 | loss=0.1195 | val=0.7711 | α=1.000 | λ_std=0.1894 | λ-conf_corr=-1.000 | gammas=[6.00, 6.00, 6.00, 6.00, 6.00, 6.00, 6.00, 6.00, 6.00, 6.00]

  Early stopping at epoch 107 (best val=0.8434 at epoch 6)

Training done. Best val acc: 0.8434 (epoch 6)

==========================================================
       RUNG_confidence_lambda — Gamma + Alpha Stats       
==========================================================
  confidence_mode:  protect_uncertain
  normalize_lambda: True
  alpha:            1.0000
  lambda_base:      0.1111

    Layer       lam   gamma(=a*lam)    log_lam
  ------------------------------------------------
        0      1.6216            6.0000       0.4834
        1      1.6216            6.0000       0.4834
        2      1.6216            6.0000       0.4834
        3      1.6216            6.0000       0.4834
        4      1.6216            6.0000       0.4834
        5      1.6216            6.0000       0.4834
        6      1.6216            6.0000       0.4834
        7      1.6216            6.0000       0.4834
        8      1.6216            6.0000       0.4834
        9      1.6216            6.0000       0.4834
==========================================================

Acc: [0.8078470826148987, 0.8259556889533997, 0.8199194669723511]

Fit RUNG_confidence_lambda | lr=0.05, gamma_lr=0.01000, alpha_lr=0.00500, wd=0.0005, epochs=300
  mode=protect_uncertain, normalize=True, warmup_epochs=200
  gamma_reg=0.0, alpha_reg=0.001, patience=100, grad_clip=1.0
  Initial gammas: ['6.000', '6.000', '6.000', '6.000', '6.000', '6.000', '6.000', '6.000', '6.000', '6.000']
  Initial alpha:  1.0000

Phase 1: MLP warmup for 200 epochs (gamma + alpha frozen)

  Epoch   50 | loss=0.0626 | val=0.7349 | α=1.000 | λ_std=0.1966 | λ-conf_corr=-1.000 | gammas=[6.00, 6.00, 6.00, 6.00, 6.00, 6.00, 6.00, 6.00, 6.00, 6.00]

  Epoch  100 | loss=0.1474 | val=0.6988 | α=1.000 | λ_std=0.1938 | λ-conf_corr=-1.000 | gammas=[6.00, 6.00, 6.00, 6.00, 6.00, 6.00, 6.00, 6.00, 6.00, 6.00]

  Early stopping at epoch 105 (best val=0.8112 at epoch 4)

Training done. Best val acc: 0.8112 (epoch 4)

==========================================================
       RUNG_confidence_lambda — Gamma + Alpha Stats       
==========================================================
  confidence_mode:  protect_uncertain
  normalize_lambda: True
  alpha:            1.0000
  lambda_base:      0.1111

    Layer       lam   gamma(=a*lam)    log_lam
  ------------------------------------------------
        0      1.6216            6.0000       0.4834
        1      1.6216            6.0000       0.4834
        2      1.6216            6.0000       0.4834
        3      1.6216            6.0000       0.4834
        4      1.6216            6.0000       0.4834
        5      1.6216            6.0000       0.4834
        6      1.6216            6.0000       0.4834
        7      1.6216            6.0000       0.4834
        8      1.6216            6.0000       0.4834
        9      1.6216            6.0000       0.4834
==========================================================

Acc: [0.8078470826148987, 0.8259556889533997, 0.8199194669723511, 0.7957746386528015]

Fit RUNG_confidence_lambda | lr=0.05, gamma_lr=0.01000, alpha_lr=0.00500, wd=0.0005, epochs=300
  mode=protect_uncertain, normalize=True, warmup_epochs=200
  gamma_reg=0.0, alpha_reg=0.001, patience=100, grad_clip=1.0
  Initial gammas: ['6.000', '6.000', '6.000', '6.000', '6.000', '6.000', '6.000', '6.000', '6.000', '6.000']
  Initial alpha:  1.0000

Phase 1: MLP warmup for 200 epochs (gamma + alpha frozen)

  Epoch   50 | loss=0.1321 | val=0.7189 | α=1.000 | λ_std=0.1810 | λ-conf_corr=-1.000 | gammas=[6.00, 6.00, 6.00, 6.00, 6.00, 6.00, 6.00, 6.00, 6.00, 6.00]

  Epoch  100 | loss=0.0933 | val=0.7149 | α=1.000 | λ_std=0.1872 | λ-conf_corr=-1.000 | gammas=[6.00, 6.00, 6.00, 6.00, 6.00, 6.00, 6.00, 6.00, 6.00, 6.00]

  Early stopping at epoch 107 (best val=0.8112 at epoch 6)

Training done. Best val acc: 0.8112 (epoch 6)

==========================================================
       RUNG_confidence_lambda — Gamma + Alpha Stats       
==========================================================
  confidence_mode:  protect_uncertain
  normalize_lambda: True
  alpha:            1.0000
  lambda_base:      0.1111

    Layer       lam   gamma(=a*lam)    log_lam
  ------------------------------------------------
        0      1.6216            6.0000       0.4834
        1      1.6216            6.0000       0.4834
        2      1.6216            6.0000       0.4834
        3      1.6216            6.0000       0.4834
        4      1.6216            6.0000       0.4834
        5      1.6216            6.0000       0.4834
        6      1.6216            6.0000       0.4834
        7      1.6216            6.0000       0.4834
        8      1.6216            6.0000       0.4834
        9      1.6216            6.0000       0.4834
==========================================================

Acc: [0.8078470826148987, 0.8259556889533997, 0.8199194669723511, 0.7957746386528015, 0.8309859037399292]
model RUNG_confidence_lambda done, clean acc: 0.816096556186676±0.012763572876069848
