Budget: 0.05
Model:RUNG_percentile_adv

Detected GPU: Tesla T4 with compute capability 7.5
Using GPU: Tesla T4

0.7912474274635315 0.7847082018852234
0.7947685718536377 0.7816901206970215
0.8098590970039368 0.7545271515846252
0.7927564978599548 0.7731388211250305
0.7917504906654358 0.7897384166717529
Clean: 0.7960764169692993±0.006996104183181073: [0.7912474274635315, 0.7947685718536377, 0.8098590970039368, 0.7927564978599548, 0.7917504906654358]
Attacked: 0.7767605423927307±0.012355822807370704: [0.7847082018852234, 0.7816901206970215, 0.7545271515846252, 0.7731388211250305, 0.7897384166717529]
Budget: 0.1
Model:RUNG_percentile_adv

Detected GPU: Tesla T4 with compute capability 7.5
Using GPU: Tesla T4

0.7912474274635315 0.7882293462753296
0.7947685718536377 0.7826961278915405
0.8098590970039368 0.7162977457046509
0.7927564978599548 0.7017102241516113
0.7917504906654358 0.7867202758789062
Clean: 0.7960764169692993±0.006996104183181073: [0.7912474274635315, 0.7947685718536377, 0.8098590970039368, 0.7927564978599548, 0.7917504906654358]
Attacked: 0.7551307439804077±0.03798689269596966: [0.7882293462753296, 0.7826961278915405, 0.7162977457046509, 0.7017102241516113, 0.7867202758789062]
Budget: 0.2
Model:RUNG_percentile_adv

Detected GPU: Tesla T4 with compute capability 7.5
Using GPU: Tesla T4

0.7912474274635315 0.781187117099762
0.7947685718536377 0.7610663771629333
0.8098590970039368 0.6725351810455322
0.7927564978599548 0.6534205079078674
0.7917504906654358 0.781187117099762
Clean: 0.7960764169692993±0.006996104183181073: [0.7912474274635315, 0.7947685718536377, 0.8098590970039368, 0.7927564978599548, 0.7917504906654358]
Attacked: 0.7298792600631714±0.055447115055512385: [0.781187117099762, 0.7610663771629333, 0.6725351810455322, 0.6534205079078674, 0.781187117099762]
Budget: 0.3
Model:RUNG_percentile_adv

Detected GPU: Tesla T4 with compute capability 7.5
Using GPU: Tesla T4

0.7912474274635315 0.7776659727096558
0.7947685718536377 0.6448692083358765
0.8098590970039368 0.6383299827575684
0.7927564978599548 0.6348088383674622
0.7917504906654358 0.7766599059104919
Clean: 0.7960764169692993±0.006996104183181073: [0.7912474274635315, 0.7947685718536377, 0.8098590970039368, 0.7927564978599548, 0.7917504906654358]
Attacked: 0.6944667816162109±0.0675990306645346: [0.7776659727096558, 0.6448692083358765, 0.6383299827575684, 0.6348088383674622, 0.7766599059104919]
Budget: 0.4
Model:RUNG_percentile_adv

Detected GPU: Tesla T4 with compute capability 7.5
Using GPU: Tesla T4

0.7912474274635315 0.7640844583511353
0.7947685718536377 0.6051307916641235
0.8098590970039368 0.6146880984306335
0.7927564978599548 0.5955734252929688
0.7917504906654358 0.7686116695404053
Clean: 0.7960764169692993±0.006996104183181073: [0.7912474274635315, 0.7947685718536377, 0.8098590970039368, 0.7927564978599548, 0.7917504906654358]
Attacked: 0.6696176886558532±0.0792239250869549: [0.7640844583511353, 0.6051307916641235, 0.6146880984306335, 0.5955734252929688, 0.7686116695404053]
Budget: 0.6
Model:RUNG_percentile_adv

Detected GPU: Tesla T4 with compute capability 7.5
Using GPU: Tesla T4

0.7912474274635315 0.7550301551818848
0.7947685718536377 0.5749496817588806
0.8098590970039368 0.5769617557525635
0.7927564978599548 0.5669013857841492
0.7917504906654358 0.7686116695404053
Clean: 0.7960764169692993±0.006996104183181073: [0.7912474274635315, 0.7947685718536377, 0.8098590970039368, 0.7927564978599548, 0.7917504906654358]
Attacked: 0.6484909296035767±0.09269432588548512: [0.7550301551818848, 0.5749496817588806, 0.5769617557525635, 0.5669013857841492, 0.7686116695404053]
