
Fit RUNG_percentile_gamma | lr=0.05, wd=0.0005, epochs=300
  percentile_q=0.75, use_layerwise_q=False
  Parameters: 92231 (no gamma params)
  patience=100, grad_clip=1.0

  Epoch   50 | loss=0.0170 | val=0.7992 | gammas=[6.28, 5.82, 5.74, 5.65, 5.64, 5.62, 5.63, 5.62, 5.61, 5.61]

  Epoch  100 | loss=0.0495 | val=0.7430 | gammas=[5.95, 5.51, 5.39, 5.34, 5.29, 5.29, 5.28, 5.25, 5.26, 5.27]

  Early stopping at epoch 107 (best val=0.8193 at epoch 6)

Training done. Best val acc: 0.8193 (epoch 6)

======================================================
   RUNG_percentile_gamma — Gamma Values (last fwd)    
======================================================
  Layer      gamma        lam   q used
------------------------------------------------------
      0       3.6519     0.9870     0.75
      1       3.3004     0.8920     0.75
      2       3.1805     0.8596     0.75
      3       3.1503     0.8514     0.75
      4       3.1550     0.8527     0.75
      5       3.1627     0.8548     0.75
      6       3.1509     0.8516     0.75
      7       3.1458     0.8502     0.75
      8       3.1397     0.8486     0.75
      9       3.1377     0.8480     0.75
======================================================

Acc: [0.8013077974319458]

Fit RUNG_percentile_gamma | lr=0.05, wd=0.0005, epochs=300
  percentile_q=0.75, use_layerwise_q=False
  Parameters: 92231 (no gamma params)
  patience=100, grad_clip=1.0

  Epoch   50 | loss=0.0257 | val=0.7510 | gammas=[6.28, 5.82, 5.74, 5.64, 5.65, 5.65, 5.64, 5.64, 5.63, 5.62]

  Epoch  100 | loss=0.0205 | val=0.7309 | gammas=[6.23, 5.79, 5.67, 5.65, 5.62, 5.61, 5.59, 5.58, 5.61, 5.59]

  Early stopping at epoch 109 (best val=0.7952 at epoch 8)

Training done. Best val acc: 0.7952 (epoch 8)

======================================================
   RUNG_percentile_gamma — Gamma Values (last fwd)    
======================================================
  Layer      gamma        lam   q used
------------------------------------------------------
      0       5.2662     1.4233     0.75
      1       4.8409     1.3083     0.75
      2       4.7296     1.2783     0.75
      3       4.6855     1.2664     0.75
      4       4.6613     1.2598     0.75
      5       4.6451     1.2554     0.75
      6       4.6483     1.2563     0.75
      7       4.6371     1.2533     0.75
      8       4.6318     1.2518     0.75
      9       4.6408     1.2543     0.75
======================================================

Acc: [0.8013077974319458, 0.7826961278915405]

Fit RUNG_percentile_gamma | lr=0.05, wd=0.0005, epochs=300
  percentile_q=0.75, use_layerwise_q=False
  Parameters: 92231 (no gamma params)
  patience=100, grad_clip=1.0

  Epoch   50 | loss=0.0361 | val=0.8193 | gammas=[6.19, 5.74, 5.63, 5.57, 5.54, 5.54, 5.53, 5.51, 5.50, 5.50]

  Epoch  100 | loss=0.0365 | val=0.8112 | gammas=[6.20, 5.69, 5.57, 5.54, 5.50, 5.49, 5.48, 5.49, 5.47, 5.47]

  Early stopping at epoch 145 (best val=0.8474 at epoch 44)

Training done. Best val acc: 0.8474 (epoch 44)

======================================================
   RUNG_percentile_gamma — Gamma Values (last fwd)    
======================================================
  Layer      gamma        lam   q used
------------------------------------------------------
      0       6.2808     1.6975     0.75
      1       5.8492     1.5809     0.75
      2       5.7243     1.5471     0.75
      3       5.6834     1.5361     0.75
      4       5.6584     1.5293     0.75
      5       5.6589     1.5294     0.75
      6       5.6483     1.5266     0.75
      7       5.6469     1.5262     0.75
      8       5.6438     1.5253     0.75
      9       5.6440     1.5254     0.75
======================================================

Acc: [0.8013077974319458, 0.7826961278915405, 0.7635814547538757]

Fit RUNG_percentile_gamma | lr=0.05, wd=0.0005, epochs=300
  percentile_q=0.75, use_layerwise_q=False
  Parameters: 92231 (no gamma params)
  patience=100, grad_clip=1.0

  Epoch   50 | loss=0.0396 | val=0.7550 | gammas=[5.91, 5.45, 5.32, 5.27, 5.24, 5.22, 5.22, 5.22, 5.22, 5.21]

  Epoch  100 | loss=0.0679 | val=0.7189 | gammas=[6.07, 5.62, 5.47, 5.46, 5.45, 5.45, 5.42, 5.41, 5.41, 5.41]

  Early stopping at epoch 106 (best val=0.7831 at epoch 5)

Training done. Best val acc: 0.7831 (epoch 5)

======================================================
   RUNG_percentile_gamma — Gamma Values (last fwd)    
======================================================
  Layer      gamma        lam   q used
------------------------------------------------------
      0       2.5522     0.6898     0.75
      1       2.2664     0.6126     0.75
      2       2.1746     0.5877     0.75
      3       2.1337     0.5767     0.75
      4       2.1192     0.5728     0.75
      5       2.1230     0.5738     0.75
      6       2.1144     0.5714     0.75
      7       2.0957     0.5664     0.75
      8       2.0976     0.5669     0.75
      9       2.1034     0.5685     0.75
======================================================

Acc: [0.8013077974319458, 0.7826961278915405, 0.7635814547538757, 0.7862172722816467]

Fit RUNG_percentile_gamma | lr=0.05, wd=0.0005, epochs=300
  percentile_q=0.75, use_layerwise_q=False
  Parameters: 92231 (no gamma params)
  patience=100, grad_clip=1.0

  Epoch   50 | loss=0.0188 | val=0.7229 | gammas=[6.15, 5.69, 5.56, 5.49, 5.50, 5.49, 5.48, 5.49, 5.48, 5.47]

  Epoch  100 | loss=0.0288 | val=0.7309 | gammas=[5.96, 5.52, 5.44, 5.39, 5.39, 5.39, 5.37, 5.35, 5.36, 5.35]

  Early stopping at epoch 108 (best val=0.8313 at epoch 7)

Training done. Best val acc: 0.8313 (epoch 7)

======================================================
   RUNG_percentile_gamma — Gamma Values (last fwd)    
======================================================
  Layer      gamma        lam   q used
------------------------------------------------------
      0       4.6792     1.2646     0.75
      1       4.2708     1.1543     0.75
      2       4.1611     1.1246     0.75
      3       4.1358     1.1178     0.75
      4       4.1123     1.1114     0.75
      5       4.0915     1.1058     0.75
      6       4.0805     1.1028     0.75
      7       4.0735     1.1009     0.75
      8       4.0865     1.1045     0.75
      9       4.0850     1.1041     0.75
======================================================

Acc: [0.8013077974319458, 0.7826961278915405, 0.7635814547538757, 0.7862172722816467, 0.7902414202690125]
model RUNG_percentile_gamma done, clean acc: 0.7848088145256042±0.012318909392066884
