tensor(0.2932, device='cuda:0')
tensor(0.8153, device='cuda:0')
tensor(0.8032, device='cuda:0')
tensor(0.8112, device='cuda:0')
tensor(0.7912, device='cuda:0')
tensor(0.7631, device='cuda:0')
tensor(0.7912, device='cuda:0')
tensor(0.8032, device='cuda:0')
tensor(0.7871, device='cuda:0')
tensor(0.7831, device='cuda:0')
tensor(0.7791, device='cuda:0')
tensor(0.8112, device='cuda:0')
tensor(0.7992, device='cuda:0')
tensor(0.8072, device='cuda:0')
tensor(0.7952, device='cuda:0')
tensor(0.7550, device='cuda:0')
tensor(0.7671, device='cuda:0')
tensor(0.7952, device='cuda:0')
tensor(0.7871, device='cuda:0')
tensor(0.7952, device='cuda:0')
tensor(0.7711, device='cuda:0')
tensor(0.7631, device='cuda:0')
tensor(0.7791, device='cuda:0')
tensor(0.7671, device='cuda:0')
tensor(0.7711, device='cuda:0')
tensor(0.7751, device='cuda:0')
tensor(0.7671, device='cuda:0')
tensor(0.7871, device='cuda:0')
tensor(0.7631, device='cuda:0')
tensor(0.7671, device='cuda:0')
Acc: [0.7469818592071533]
tensor(0.2932, device='cuda:0')
tensor(0.8193, device='cuda:0')
tensor(0.7671, device='cuda:0')
tensor(0.7349, device='cuda:0')
tensor(0.7550, device='cuda:0')
tensor(0.7510, device='cuda:0')
tensor(0.7711, device='cuda:0')
tensor(0.7349, device='cuda:0')
tensor(0.7390, device='cuda:0')
tensor(0.7149, device='cuda:0')
tensor(0.7149, device='cuda:0')
tensor(0.7430, device='cuda:0')
tensor(0.7430, device='cuda:0')
tensor(0.7349, device='cuda:0')
tensor(0.7671, device='cuda:0')
tensor(0.7309, device='cuda:0')
tensor(0.7229, device='cuda:0')
tensor(0.7189, device='cuda:0')
tensor(0.7470, device='cuda:0')
tensor(0.7269, device='cuda:0')
tensor(0.7189, device='cuda:0')
tensor(0.7068, device='cuda:0')
tensor(0.7390, device='cuda:0')
tensor(0.7028, device='cuda:0')
tensor(0.6908, device='cuda:0')
tensor(0.7108, device='cuda:0')
tensor(0.7430, device='cuda:0')
tensor(0.7309, device='cuda:0')
tensor(0.7309, device='cuda:0')
tensor(0.7349, device='cuda:0')
Acc: [0.7469818592071533, 0.7384305596351624]
tensor(0.2932, device='cuda:0')
tensor(0.8434, device='cuda:0')
tensor(0.8273, device='cuda:0')
tensor(0.8032, device='cuda:0')
tensor(0.8193, device='cuda:0')
tensor(0.8072, device='cuda:0')
tensor(0.8193, device='cuda:0')
tensor(0.8233, device='cuda:0')
tensor(0.8394, device='cuda:0')
tensor(0.8112, device='cuda:0')
tensor(0.7751, device='cuda:0')
tensor(0.7992, device='cuda:0')
tensor(0.8072, device='cuda:0')
tensor(0.7912, device='cuda:0')
tensor(0.8273, device='cuda:0')
tensor(0.7952, device='cuda:0')
tensor(0.8032, device='cuda:0')
tensor(0.7791, device='cuda:0')
tensor(0.7671, device='cuda:0')
tensor(0.7871, device='cuda:0')
tensor(0.8032, device='cuda:0')
tensor(0.7831, device='cuda:0')
tensor(0.7751, device='cuda:0')
tensor(0.7831, device='cuda:0')
tensor(0.7912, device='cuda:0')
tensor(0.7671, device='cuda:0')
tensor(0.7952, device='cuda:0')
tensor(0.7831, device='cuda:0')
tensor(0.8153, device='cuda:0')
tensor(0.8032, device='cuda:0')
Acc: [0.7469818592071533, 0.7384305596351624, 0.768108606338501]
tensor(0.2932, device='cuda:0')
tensor(0.7831, device='cuda:0')
tensor(0.7349, device='cuda:0')
tensor(0.7349, device='cuda:0')
tensor(0.7430, device='cuda:0')
tensor(0.7349, device='cuda:0')
tensor(0.7470, device='cuda:0')
tensor(0.7631, device='cuda:0')
tensor(0.7470, device='cuda:0')
tensor(0.7269, device='cuda:0')
tensor(0.7550, device='cuda:0')
tensor(0.7671, device='cuda:0')
tensor(0.7470, device='cuda:0')
tensor(0.7309, device='cuda:0')
tensor(0.7430, device='cuda:0')
tensor(0.7349, device='cuda:0')
tensor(0.7309, device='cuda:0')
tensor(0.7550, device='cuda:0')
tensor(0.7671, device='cuda:0')
tensor(0.7470, device='cuda:0')
tensor(0.7430, device='cuda:0')
tensor(0.7390, device='cuda:0')
tensor(0.7510, device='cuda:0')
tensor(0.7028, device='cuda:0')
tensor(0.7349, device='cuda:0')
tensor(0.7390, device='cuda:0')
tensor(0.7510, device='cuda:0')
tensor(0.7189, device='cuda:0')
tensor(0.7349, device='cuda:0')
tensor(0.7189, device='cuda:0')
Acc: [0.7469818592071533, 0.7384305596351624, 0.768108606338501, 0.7439637780189514]
tensor(0.2932, device='cuda:0')
tensor(0.8233, device='cuda:0')
tensor(0.7952, device='cuda:0')
tensor(0.7671, device='cuda:0')
tensor(0.7390, device='cuda:0')
tensor(0.7470, device='cuda:0')
tensor(0.7510, device='cuda:0')
tensor(0.7550, device='cuda:0')
tensor(0.7390, device='cuda:0')
tensor(0.7068, device='cuda:0')
tensor(0.7430, device='cuda:0')
tensor(0.7470, device='cuda:0')
tensor(0.7631, device='cuda:0')
tensor(0.7309, device='cuda:0')
tensor(0.7349, device='cuda:0')
tensor(0.7309, device='cuda:0')
tensor(0.7390, device='cuda:0')
tensor(0.7189, device='cuda:0')
tensor(0.7149, device='cuda:0')
tensor(0.7028, device='cuda:0')
tensor(0.6867, device='cuda:0')
tensor(0.6747, device='cuda:0')
tensor(0.7108, device='cuda:0')
tensor(0.7189, device='cuda:0')
tensor(0.7550, device='cuda:0')
tensor(0.7470, device='cuda:0')
tensor(0.7149, device='cuda:0')
tensor(0.7349, device='cuda:0')
tensor(0.7149, device='cuda:0')
tensor(0.7108, device='cuda:0')
Acc: [0.7469818592071533, 0.7384305596351624, 0.768108606338501, 0.7439637780189514, 0.7409456372261047]
model RUNG_new done, clean acc: 0.7476860880851746±0.010606877646336044
