
Detected GPU: Tesla T4 with compute capability 7.5
Using GPU: Tesla T4


Fit RUNG_parametric_gamma | lr=0.05, schedule_lr=0.01500, wd=0.0005, epochs=300
  gamma_reg_strength=0.0, patience=100, grad_clip=1.0
  Initial schedule: gamma_0=6.0000, decay_rate=0.8500, gammas=[6.000, 5.100, 4.335, 3.685, 3.132, 2.662, 2.263, 1.923, 1.635, 1.390]

  Epoch   50 | loss=0.0165 | val=0.7470 | γ₀=7.6156, r=0.8739 | gammas=[7.62, 6.66, 5.82, 5.08, 4.44, 3.88, 3.39, 2.97, 2.59, 2.26]

  Epoch  100 | loss=0.0421 | val=0.7711 | γ₀=11.6239, r=0.9062 | gammas=[11.62, 10.53, 9.55, 8.65, 7.84, 7.10, 6.44, 5.83, 5.29, 4.79]

  Early stopping at epoch 107 (best val=0.8434 at epoch 6)

Training done. Best val acc: 0.8434 (epoch 6)

=================================================================
           RUNG_parametric_gamma — Schedule Parameters           
=================================================================
  γ₀ (gamma_0)          = 5.867118
  r  (decay_rate)       = 0.846731

  Layer           gamma          lam
  -----------------------------------
  0            5.867118     1.585708
  1            4.967870     1.342667
  2            4.206449     1.136878
  3            3.561730     0.962630
  4            3.015826     0.815088
  5            2.553593     0.690160
  6            2.162206     0.584380
  7            1.830807     0.494813
  8            1.550200     0.418973
  9            1.312602     0.354757
=================================================================

Acc: [0.8158953189849854]

Fit RUNG_parametric_gamma | lr=0.05, schedule_lr=0.01500, wd=0.0005, epochs=300
  gamma_reg_strength=0.0, patience=100, grad_clip=1.0
  Initial schedule: gamma_0=6.0000, decay_rate=0.8500, gammas=[6.000, 5.100, 4.335, 3.685, 3.132, 2.662, 2.263, 1.923, 1.635, 1.390]

  Epoch   50 | loss=0.0361 | val=0.7068 | γ₀=7.3833, r=0.8715 | gammas=[7.38, 6.43, 5.61, 4.89, 4.26, 3.71, 3.23, 2.82, 2.46, 2.14]

  Epoch  100 | loss=0.0265 | val=0.7269 | γ₀=8.4061, r=0.8787 | gammas=[8.41, 7.39, 6.49, 5.70, 5.01, 4.40, 3.87, 3.40, 2.99, 2.62]

  Early stopping at epoch 108 (best val=0.8112 at epoch 7)

Training done. Best val acc: 0.8112 (epoch 7)

=================================================================
           RUNG_parametric_gamma — Schedule Parameters           
=================================================================
  γ₀ (gamma_0)          = 6.089309
  r  (decay_rate)       = 0.851378

  Layer           gamma          lam
  -----------------------------------
  0            6.089309     1.645759
  1            5.184306     1.401164
  2            4.413806     1.192920
  3            3.757819     1.015627
  4            3.199326     0.864683
  5            2.723837     0.736172
  6            2.319016     0.626761
  7            1.974360     0.533611
  8            1.680928     0.454305
  9            1.431105     0.386785
=================================================================

Acc: [0.8158953189849854, 0.8018108606338501]

Fit RUNG_parametric_gamma | lr=0.05, schedule_lr=0.01500, wd=0.0005, epochs=300
  gamma_reg_strength=0.0, patience=100, grad_clip=1.0
  Initial schedule: gamma_0=6.0000, decay_rate=0.8500, gammas=[6.000, 5.100, 4.335, 3.685, 3.132, 2.662, 2.263, 1.923, 1.635, 1.390]

  Epoch   50 | loss=0.0420 | val=0.7992 | γ₀=6.9519, r=0.8642 | gammas=[6.95, 6.01, 5.19, 4.49, 3.88, 3.35, 2.89, 2.50, 2.16, 1.87]

  Epoch  100 | loss=0.0427 | val=0.7751 | γ₀=8.6411, r=0.8847 | gammas=[8.64, 7.65, 6.76, 5.98, 5.29, 4.68, 4.14, 3.67, 3.24, 2.87]

  Early stopping at epoch 108 (best val=0.8554 at epoch 7)

Training done. Best val acc: 0.8554 (epoch 7)

=================================================================
           RUNG_parametric_gamma — Schedule Parameters           
=================================================================
  γ₀ (gamma_0)          = 6.071711
  r  (decay_rate)       = 0.851718

  Layer           gamma          lam
  -----------------------------------
  0            6.071711     1.641003
  1            5.171384     1.397671
  2            4.404560     1.190422
  3            3.751442     1.013903
  4            3.195170     0.863560
  5            2.721384     0.735509
  6            2.317851     0.626446
  7            1.974155     0.533555
  8            1.681423     0.454439
  9            1.432098     0.387053
=================================================================

Acc: [0.8158953189849854, 0.8018108606338501, 0.8123742341995239]

Fit RUNG_parametric_gamma | lr=0.05, schedule_lr=0.01500, wd=0.0005, epochs=300
  gamma_reg_strength=0.0, patience=100, grad_clip=1.0
  Initial schedule: gamma_0=6.0000, decay_rate=0.8500, gammas=[6.000, 5.100, 4.335, 3.685, 3.132, 2.662, 2.263, 1.923, 1.635, 1.390]

  Epoch   50 | loss=0.0470 | val=0.7189 | γ₀=6.8015, r=0.8656 | gammas=[6.80, 5.89, 5.10, 4.41, 3.82, 3.31, 2.86, 2.48, 2.14, 1.86]

  Epoch  100 | loss=0.0346 | val=0.7028 | γ₀=7.6908, r=0.8772 | gammas=[7.69, 6.75, 5.92, 5.19, 4.55, 4.00, 3.50, 3.07, 2.70, 2.37]

  Early stopping at epoch 105 (best val=0.8112 at epoch 4)

Training done. Best val acc: 0.8112 (epoch 4)

=================================================================
           RUNG_parametric_gamma — Schedule Parameters           
=================================================================
  γ₀ (gamma_0)          = 5.794581
  r  (decay_rate)       = 0.849091

  Layer           gamma          lam
  -----------------------------------
  0            5.794581     1.566103
  1            4.920124     1.329763
  2            4.177631     1.129089
  3            3.547187     0.958699
  4            3.011883     0.814022
  5            2.557362     0.691179
  6            2.171432     0.586873
  7            1.843742     0.498309
  8            1.565504     0.423109
  9            1.329255     0.359258
=================================================================

Acc: [0.8158953189849854, 0.8018108606338501, 0.8123742341995239, 0.7852112650871277]

Fit RUNG_parametric_gamma | lr=0.05, schedule_lr=0.01500, wd=0.0005, epochs=300
  gamma_reg_strength=0.0, patience=100, grad_clip=1.0
  Initial schedule: gamma_0=6.0000, decay_rate=0.8500, gammas=[6.000, 5.100, 4.335, 3.685, 3.132, 2.662, 2.263, 1.923, 1.635, 1.390]

  Epoch   50 | loss=0.0534 | val=0.6827 | γ₀=6.6152, r=0.8527 | gammas=[6.62, 5.64, 4.81, 4.10, 3.50, 2.98, 2.54, 2.17, 1.85, 1.58]

  Epoch  100 | loss=0.0492 | val=0.6867 | γ₀=8.0643, r=0.8645 | gammas=[8.06, 6.97, 6.03, 5.21, 4.50, 3.89, 3.37, 2.91, 2.52, 2.17]

  Early stopping at epoch 107 (best val=0.8353 at epoch 6)

Training done. Best val acc: 0.8353 (epoch 6)

=================================================================
           RUNG_parametric_gamma — Schedule Parameters           
=================================================================
  γ₀ (gamma_0)          = 5.681318
  r  (decay_rate)       = 0.842781

  Layer           gamma          lam
  -----------------------------------
  0            5.681318     1.535491
  1            4.788107     1.294083
  2            4.035326     1.090629
  3            3.400896     0.919161
  4            2.866211     0.774652
  5            2.415588     0.652862
  6            2.035812     0.550219
  7            1.715744     0.463715
  8            1.445997     0.390810
  9            1.218658     0.329367
=================================================================

Acc: [0.8158953189849854, 0.8018108606338501, 0.8123742341995239, 0.7852112650871277, 0.8169013857841492]
model RUNG_parametric_gamma done, clean acc: 0.8064386129379273±0.011883996742005265
