tensor(0.2932, device='cuda:0')
tensor(0.8032, device='cuda:0')
tensor(0.7912, device='cuda:0')
tensor(0.7871, device='cuda:0')
tensor(0.7871, device='cuda:0')
tensor(0.7470, device='cuda:0')
tensor(0.7791, device='cuda:0')
tensor(0.7631, device='cuda:0')
tensor(0.7510, device='cuda:0')
tensor(0.7470, device='cuda:0')
tensor(0.7470, device='cuda:0')
tensor(0.7550, device='cuda:0')
tensor(0.7590, device='cuda:0')
tensor(0.7349, device='cuda:0')
tensor(0.7149, device='cuda:0')
tensor(0.7309, device='cuda:0')
tensor(0.7390, device='cuda:0')
tensor(0.7590, device='cuda:0')
tensor(0.7510, device='cuda:0')
tensor(0.7510, device='cuda:0')
tensor(0.7470, device='cuda:0')
tensor(0.7590, device='cuda:0')
tensor(0.7470, device='cuda:0')
tensor(0.7791, device='cuda:0')
tensor(0.7430, device='cuda:0')
tensor(0.7751, device='cuda:0')
tensor(0.7751, device='cuda:0')
tensor(0.7711, device='cuda:0')
tensor(0.7510, device='cuda:0')
tensor(0.7430, device='cuda:0')
Acc: [0.6956740021705627]
tensor(0.2932, device='cuda:0')
tensor(0.8072, device='cuda:0')
tensor(0.7430, device='cuda:0')
tensor(0.7349, device='cuda:0')
tensor(0.7349, device='cuda:0')
tensor(0.7631, device='cuda:0')
tensor(0.7349, device='cuda:0')
tensor(0.7470, device='cuda:0')
tensor(0.7189, device='cuda:0')
tensor(0.7108, device='cuda:0')
tensor(0.6586, device='cuda:0')
tensor(0.7108, device='cuda:0')
tensor(0.6787, device='cuda:0')
tensor(0.7028, device='cuda:0')
tensor(0.6908, device='cuda:0')
tensor(0.7189, device='cuda:0')
tensor(0.7309, device='cuda:0')
tensor(0.7229, device='cuda:0')
tensor(0.7028, device='cuda:0')
tensor(0.7149, device='cuda:0')
tensor(0.7068, device='cuda:0')
tensor(0.6867, device='cuda:0')
tensor(0.6948, device='cuda:0')
tensor(0.7028, device='cuda:0')
tensor(0.7309, device='cuda:0')
tensor(0.7229, device='cuda:0')
tensor(0.7108, device='cuda:0')
tensor(0.6707, device='cuda:0')
tensor(0.6948, device='cuda:0')
tensor(0.6787, device='cuda:0')
Acc: [0.6956740021705627, 0.699195146560669]
tensor(0.2932, device='cuda:0')
tensor(0.8394, device='cuda:0')
tensor(0.7992, device='cuda:0')
tensor(0.7871, device='cuda:0')
tensor(0.8153, device='cuda:0')
tensor(0.8032, device='cuda:0')
tensor(0.7912, device='cuda:0')
tensor(0.8072, device='cuda:0')
tensor(0.7912, device='cuda:0')
tensor(0.7952, device='cuda:0')
tensor(0.7550, device='cuda:0')
tensor(0.7791, device='cuda:0')
tensor(0.8153, device='cuda:0')
tensor(0.7912, device='cuda:0')
tensor(0.7952, device='cuda:0')
tensor(0.7791, device='cuda:0')
tensor(0.7751, device='cuda:0')
tensor(0.7831, device='cuda:0')
tensor(0.8153, device='cuda:0')
tensor(0.8112, device='cuda:0')
tensor(0.7831, device='cuda:0')
tensor(0.7912, device='cuda:0')
tensor(0.8072, device='cuda:0')
tensor(0.7992, device='cuda:0')
tensor(0.7671, device='cuda:0')
tensor(0.7831, device='cuda:0')
tensor(0.7510, device='cuda:0')
tensor(0.7831, device='cuda:0')
tensor(0.7952, device='cuda:0')
tensor(0.7751, device='cuda:0')
Acc: [0.6956740021705627, 0.699195146560669, 0.7394365668296814]
tensor(0.2932, device='cuda:0')
tensor(0.7711, device='cuda:0')
tensor(0.7269, device='cuda:0')
tensor(0.7269, device='cuda:0')
tensor(0.7430, device='cuda:0')
tensor(0.7390, device='cuda:0')
tensor(0.7349, device='cuda:0')
tensor(0.7430, device='cuda:0')
tensor(0.7430, device='cuda:0')
tensor(0.7390, device='cuda:0')
tensor(0.7189, device='cuda:0')
tensor(0.7189, device='cuda:0')
tensor(0.7349, device='cuda:0')
tensor(0.7309, device='cuda:0')
tensor(0.6988, device='cuda:0')
tensor(0.7108, device='cuda:0')
tensor(0.6667, device='cuda:0')
tensor(0.6948, device='cuda:0')
tensor(0.7068, device='cuda:0')
tensor(0.6988, device='cuda:0')
tensor(0.7269, device='cuda:0')
tensor(0.7028, device='cuda:0')
tensor(0.7068, device='cuda:0')
tensor(0.7028, device='cuda:0')
tensor(0.6908, device='cuda:0')
tensor(0.7149, device='cuda:0')
tensor(0.6948, device='cuda:0')
tensor(0.7108, device='cuda:0')
tensor(0.6988, device='cuda:0')
tensor(0.7189, device='cuda:0')
Acc: [0.6956740021705627, 0.699195146560669, 0.7394365668296814, 0.7364184856414795]
tensor(0.2932, device='cuda:0')
tensor(0.8072, device='cuda:0')
tensor(0.7711, device='cuda:0')
tensor(0.7430, device='cuda:0')
tensor(0.7309, device='cuda:0')
tensor(0.7309, device='cuda:0')
tensor(0.7390, device='cuda:0')
tensor(0.7390, device='cuda:0')
tensor(0.7430, device='cuda:0')
tensor(0.7068, device='cuda:0')
tensor(0.6948, device='cuda:0')
tensor(0.6948, device='cuda:0')
tensor(0.6908, device='cuda:0')
tensor(0.7108, device='cuda:0')
tensor(0.7149, device='cuda:0')
tensor(0.6948, device='cuda:0')
tensor(0.6908, device='cuda:0')
tensor(0.7149, device='cuda:0')
tensor(0.6667, device='cuda:0')
tensor(0.6827, device='cuda:0')
tensor(0.7028, device='cuda:0')
tensor(0.6908, device='cuda:0')
tensor(0.6908, device='cuda:0')
tensor(0.6867, device='cuda:0')
tensor(0.6948, device='cuda:0')
tensor(0.7068, device='cuda:0')
tensor(0.7068, device='cuda:0')
tensor(0.7068, device='cuda:0')
tensor(0.6908, device='cuda:0')
tensor(0.6948, device='cuda:0')
Acc: [0.6956740021705627, 0.699195146560669, 0.7394365668296814, 0.7364184856414795, 0.7193158864974976]
model RUNG_new done, clean acc: 0.718008017539978±0.018180049167112286
