
Detected GPU: Tesla T4 with compute capability 7.5
Using GPU: Tesla T4


Fit RUNG_learnable_distance
  distance_mode=cosine
  lr=0.05, dist_lr_factor=0.5, wd=0.0005
  percentile_q=0.75
  Parameters: 92231
    MLP: 92231
    Distance: 0
  patience=100, grad_clip=1.0
  Epoch   50 | loss=0.1456 | val_acc=0.7470 | gammas=[0.53, 0.32, 0.31, 0.30, 0.31, 0.31, 0.32, 0.32, 0.32, 0.32]
    Layer 0: y_mean=0.782, y_std=0.371, y_max=1.799
    Layer K: y_mean=0.762, y_std=0.379, y_max=1.758
  Epoch  100 | loss=0.1188 | val_acc=0.7631 | gammas=[0.53, 0.34, 0.29, 0.29, 0.30, 0.29, 0.29, 0.28, 0.28, 0.28]
    Layer 0: y_mean=0.776, y_std=0.384, y_max=1.824
    Layer K: y_mean=0.762, y_std=0.395, y_max=1.761
  Epoch  150 | loss=0.0663 | val_acc=0.7711 | gammas=[0.62, 0.37, 0.31, 0.30, 0.29, 0.28, 0.29, 0.28, 0.28, 0.29]
    Layer 0: y_mean=0.849, y_std=0.404, y_max=1.869
    Layer K: y_mean=0.832, y_std=0.419, y_max=1.846
  Epoch  200 | loss=0.1569 | val_acc=0.7390 | gammas=[0.60, 0.39, 0.38, 0.35, 0.37, 0.34, 0.36, 0.34, 0.35, 0.34]
    Layer 0: y_mean=0.868, y_std=0.426, y_max=1.924
    Layer K: y_mean=0.861, y_std=0.442, y_max=1.883

  Early stopping at epoch 216 (best val=0.8072 at epoch 115)

Training done. Best val acc: 0.8072 (epoch 115)

======================================================================
         RUNG_learnable_distance — Statistics (last fwd pass)         
======================================================================
  distance_mode: cosine
  percentile_q:  0.75
  distance_params: 0

   Layer      gamma     y_mean      y_std      y_max
  ────────────────────────────────────────────────────────────
       0     0.5681     0.8093     0.3859     1.8552
       1     0.3522     0.7973     0.3860     1.7943
       2     0.3004     0.7944     0.3894     1.7943
       3     0.2716     0.7947     0.3904     1.7943
       4     0.2709     0.7949     0.3911     1.7943
       5     0.2744     0.7952     0.3914     1.7943
       6     0.2774     0.7952     0.3917     1.7943
       7     0.2694     0.7952     0.3920     1.7943
       8     0.2756     0.7952     0.3920     1.7943
       9     0.2598     0.7953     0.3922     1.7943
======================================================================

Acc: [0.7706237435340881]

Fit RUNG_learnable_distance
  distance_mode=cosine
  lr=0.05, dist_lr_factor=0.5, wd=0.0005
  percentile_q=0.75
  Parameters: 92231
    MLP: 92231
    Distance: 0
  patience=100, grad_clip=1.0
  Epoch   50 | loss=0.1165 | val_acc=0.7550 | gammas=[0.51, 0.30, 0.28, 0.27, 0.27, 0.27, 0.28, 0.27, 0.28, 0.27]
    Layer 0: y_mean=0.703, y_std=0.356, y_max=1.756
    Layer K: y_mean=0.674, y_std=0.360, y_max=1.651
  Epoch  100 | loss=0.1269 | val_acc=0.7349 | gammas=[0.55, 0.32, 0.29, 0.28, 0.29, 0.28, 0.28, 0.28, 0.28, 0.28]
    Layer 0: y_mean=0.772, y_std=0.373, y_max=1.825
    Layer K: y_mean=0.743, y_std=0.381, y_max=1.814
  Epoch  150 | loss=0.0564 | val_acc=0.7711 | gammas=[0.62, 0.40, 0.34, 0.33, 0.33, 0.33, 0.32, 0.33, 0.32, 0.32]
    Layer 0: y_mean=0.833, y_std=0.403, y_max=1.866
    Layer K: y_mean=0.812, y_std=0.415, y_max=1.800

  Early stopping at epoch 156 (best val=0.8032 at epoch 55)

Training done. Best val acc: 0.8032 (epoch 55)

======================================================================
         RUNG_learnable_distance — Statistics (last fwd pass)         
======================================================================
  distance_mode: cosine
  percentile_q:  0.75
  distance_params: 0

   Layer      gamma     y_mean      y_std      y_max
  ────────────────────────────────────────────────────────────
       0     0.5338     0.7395     0.3712     1.8060
       1     0.3229     0.7172     0.3741     1.7690
       2     0.2790     0.7111     0.3774     1.7652
       3     0.2652     0.7099     0.3780     1.7638
       4     0.2787     0.7097     0.3788     1.7599
       5     0.2719     0.7091     0.3787     1.7599
       6     0.2771     0.7093     0.3792     1.7590
       7     0.2720     0.7089     0.3790     1.7588
       8     0.2751     0.7093     0.3794     1.7587
       9     0.2758     0.7090     0.3793     1.7587
======================================================================

Acc: [0.7706237435340881, 0.7545271515846252]

Fit RUNG_learnable_distance
  distance_mode=cosine
  lr=0.05, dist_lr_factor=0.5, wd=0.0005
  percentile_q=0.75
  Parameters: 92231
    MLP: 92231
    Distance: 0
  patience=100, grad_clip=1.0
  Epoch   50 | loss=0.1260 | val_acc=0.7912 | gammas=[0.41, 0.24, 0.20, 0.19, 0.20, 0.20, 0.20, 0.19, 0.19, 0.19]
    Layer 0: y_mean=0.669, y_std=0.358, y_max=1.654
    Layer K: y_mean=0.639, y_std=0.370, y_max=1.615
  Epoch  100 | loss=0.1128 | val_acc=0.7871 | gammas=[0.51, 0.28, 0.25, 0.25, 0.25, 0.25, 0.25, 0.24, 0.24, 0.24]
    Layer 0: y_mean=0.740, y_std=0.365, y_max=1.794
    Layer K: y_mean=0.710, y_std=0.371, y_max=1.772

  Early stopping at epoch 107 (best val=0.8474 at epoch 6)

Training done. Best val acc: 0.8474 (epoch 6)

======================================================================
         RUNG_learnable_distance — Statistics (last fwd pass)         
======================================================================
  distance_mode: cosine
  percentile_q:  0.75
  distance_params: 0

   Layer      gamma     y_mean      y_std      y_max
  ────────────────────────────────────────────────────────────
       0     0.3541     0.7162     0.3894     1.7380
       1     0.2040     0.7098     0.3973     1.7085
       2     0.1757     0.7082     0.4028     1.7088
       3     0.1738     0.7104     0.4048     1.7060
       4     0.1751     0.7104     0.4059     1.7062
       5     0.1719     0.7114     0.4064     1.7044
       6     0.1724     0.7114     0.4070     1.7046
       7     0.1684     0.7119     0.4071     1.7021
       8     0.1686     0.7120     0.4075     1.7023
       9     0.1678     0.7123     0.4075     1.6999
======================================================================

Acc: [0.7706237435340881, 0.7545271515846252, 0.7847082018852234]

Fit RUNG_learnable_distance
  distance_mode=cosine
  lr=0.05, dist_lr_factor=0.5, wd=0.0005
  percentile_q=0.75
  Parameters: 92231
    MLP: 92231
    Distance: 0
  patience=100, grad_clip=1.0
  Epoch   50 | loss=0.0778 | val_acc=0.7309 | gammas=[0.47, 0.26, 0.21, 0.20, 0.20, 0.21, 0.20, 0.20, 0.20, 0.20]
    Layer 0: y_mean=0.709, y_std=0.356, y_max=1.724
    Layer K: y_mean=0.679, y_std=0.365, y_max=1.702
  Epoch  100 | loss=0.1065 | val_acc=0.7269 | gammas=[0.50, 0.27, 0.23, 0.22, 0.22, 0.22, 0.23, 0.23, 0.23, 0.22]
    Layer 0: y_mean=0.714, y_std=0.372, y_max=1.838
    Layer K: y_mean=0.673, y_std=0.375, y_max=1.796

  Early stopping at epoch 108 (best val=0.7992 at epoch 7)

Training done. Best val acc: 0.7992 (epoch 7)

======================================================================
         RUNG_learnable_distance — Statistics (last fwd pass)         
======================================================================
  distance_mode: cosine
  percentile_q:  0.75
  distance_params: 0

   Layer      gamma     y_mean      y_std      y_max
  ────────────────────────────────────────────────────────────
       0     0.3452     0.6850     0.3809     1.7735
       1     0.2049     0.6754     0.3864     1.7094
       2     0.1829     0.6740     0.3891     1.6896
       3     0.1714     0.6756     0.3905     1.6777
       4     0.1703     0.6759     0.3910     1.6707
       5     0.1675     0.6765     0.3914     1.6690
       6     0.1625     0.6769     0.3917     1.6651
       7     0.1604     0.6772     0.3920     1.6642
       8     0.1604     0.6774     0.3922     1.6627
       9     0.1604     0.6776     0.3924     1.6627
======================================================================

Acc: [0.7706237435340881, 0.7545271515846252, 0.7847082018852234, 0.7937625646591187]

Fit RUNG_learnable_distance
  distance_mode=cosine
  lr=0.05, dist_lr_factor=0.5, wd=0.0005
  percentile_q=0.75
  Parameters: 92231
    MLP: 92231
    Distance: 0
  patience=100, grad_clip=1.0
  Epoch   50 | loss=0.1803 | val_acc=0.7871 | gammas=[0.53, 0.32, 0.28, 0.27, 0.26, 0.27, 0.26, 0.27, 0.27, 0.27]
    Layer 0: y_mean=0.728, y_std=0.362, y_max=1.746
    Layer K: y_mean=0.699, y_std=0.371, y_max=1.663
  Epoch  100 | loss=0.1083 | val_acc=0.7510 | gammas=[0.57, 0.35, 0.32, 0.31, 0.32, 0.30, 0.31, 0.31, 0.31, 0.31]
    Layer 0: y_mean=0.803, y_std=0.376, y_max=1.783
    Layer K: y_mean=0.781, y_std=0.387, y_max=1.733
  Epoch  150 | loss=0.2010 | val_acc=0.7550 | gammas=[0.58, 0.37, 0.32, 0.30, 0.29, 0.29, 0.29, 0.29, 0.29, 0.29]
    Layer 0: y_mean=0.800, y_std=0.390, y_max=1.892
    Layer K: y_mean=0.779, y_std=0.397, y_max=1.812
  Epoch  200 | loss=0.1994 | val_acc=0.7831 | gammas=[0.63, 0.37, 0.31, 0.28, 0.28, 0.28, 0.28, 0.28, 0.28, 0.28]
    Layer 0: y_mean=0.872, y_std=0.429, y_max=1.930
    Layer K: y_mean=0.855, y_std=0.445, y_max=1.905

  Early stopping at epoch 216 (best val=0.8313 at epoch 115)

Training done. Best val acc: 0.8313 (epoch 115)

======================================================================
         RUNG_learnable_distance — Statistics (last fwd pass)         
======================================================================
  distance_mode: cosine
  percentile_q:  0.75
  distance_params: 0

   Layer      gamma     y_mean      y_std      y_max
  ────────────────────────────────────────────────────────────
       0     0.6131     0.8218     0.3783     1.8220
       1     0.3920     0.8052     0.3831     1.8185
       2     0.3612     0.7992     0.3862     1.8187
       3     0.3504     0.7989     0.3883     1.8158
       4     0.3482     0.7981     0.3882     1.8160
       5     0.3560     0.7981     0.3892     1.8008
       6     0.3497     0.7978     0.3889     1.8013
       7     0.3457     0.7979     0.3897     1.7660
       8     0.3436     0.7977     0.3894     1.7667
       9     0.3508     0.7978     0.3900     1.7520
======================================================================

Acc: [0.7706237435340881, 0.7545271515846252, 0.7847082018852234, 0.7937625646591187, 0.7555331587791443]
model RUNG_learnable_distance done, clean acc: 0.77183096408844±0.015577651449435065
