Budget: 0.05
Model:RUNG_percentile_adv_v2
0.7696176767349243 0.7696176767349243
0.7816901206970215 0.7806840538978577
0.7660965323448181 0.7660965323448181
0.7655935287475586 0.7645875215530396
0.7560361623764038 0.7550301551818848
Clean: 0.7678068041801452±0.00827523248350898: [0.7696176767349243, 0.7816901206970215, 0.7660965323448181, 0.7655935287475586, 0.7560361623764038]
Attacked: 0.7672031879425049±0.008292317250309584: [0.7696176767349243, 0.7806840538978577, 0.7660965323448181, 0.7645875215530396, 0.7550301551818848]
Budget: 0.1
Model:RUNG_percentile_adv_v2
0.7696176767349243 0.7660965323448181
0.7816901206970215 0.781187117099762
0.7660965323448181 0.7655935287475586
0.7655935287475586 0.7650905251502991
0.7560361623764038 0.7540241479873657
Clean: 0.7678068041801452±0.00827523248350898: [0.7696176767349243, 0.7816901206970215, 0.7660965323448181, 0.7655935287475586, 0.7560361623764038]
Attacked: 0.7663983702659607±0.00865191013315888: [0.7660965323448181, 0.781187117099762, 0.7655935287475586, 0.7650905251502991, 0.7540241479873657]
Budget: 0.2
Model:RUNG_percentile_adv_v2
0.7696176767349243 0.768108606338501
0.7816901206970215 0.7806840538978577
0.7660965323448181 0.7655935287475586
0.7655935287475586 0.7655935287475586
0.7560361623764038 0.7545271515846252
Clean: 0.7678068041801452±0.00827523248350898: [0.7696176767349243, 0.7816901206970215, 0.7660965323448181, 0.7655935287475586, 0.7560361623764038]
Attacked: 0.7669013738632202±0.00834220563016475: [0.768108606338501, 0.7806840538978577, 0.7655935287475586, 0.7655935287475586, 0.7545271515846252]
Budget: 0.3
Model:RUNG_percentile_adv_v2
0.7696176767349243 0.7655935287475586
0.7816901206970215 0.7816901206970215
0.7660965323448181 0.7650905251502991
0.7655935287475586 0.7650905251502991
0.7560361623764038 0.7550301551818848
Clean: 0.7678068041801452±0.00827523248350898: [0.7696176767349243, 0.7816901206970215, 0.7660965323448181, 0.7655935287475586, 0.7560361623764038]
Attacked: 0.7664989709854126±0.008568454125252138: [0.7655935287475586, 0.7816901206970215, 0.7650905251502991, 0.7650905251502991, 0.7550301551818848]
Budget: 0.4
Model:RUNG_percentile_adv_v2
0.7696176767349243 0.7660965323448181
0.7816901206970215 0.7806840538978577
0.7660965323448181 0.7671025991439819
0.7655935287475586 0.6307846903800964
0.7560361623764038 0.7540241479873657
Clean: 0.7678068041801452±0.00827523248350898: [0.7696176767349243, 0.7816901206970215, 0.7660965323448181, 0.7655935287475586, 0.7560361623764038]
Attacked: 0.739738404750824±0.05512729005514106: [0.7660965323448181, 0.7806840538978577, 0.7671025991439819, 0.6307846903800964, 0.7540241479873657]
Budget: 0.6
Model:RUNG_percentile_adv_v2
0.7696176767349243 0.7686116695404053
0.7816901206970215 0.7791750431060791
0.7660965323448181 0.7660965323448181
0.7655935287475586 0.6659959554672241
0.7560361623764038 0.7525150775909424
Clean: 0.7678068041801452±0.00827523248350898: [0.7696176767349243, 0.7816901206970215, 0.7660965323448181, 0.7655935287475586, 0.7560361623764038]
Attacked: 0.7464788556098938±0.04112830791784114: [0.7686116695404053, 0.7791750431060791, 0.7660965323448181, 0.6659959554672241, 0.7525150775909424]
