tensor(0.2932, device='cuda:0')
tensor(0.8273, device='cuda:0')
tensor(0.8153, device='cuda:0')
tensor(0.8313, device='cuda:0')
tensor(0.8394, device='cuda:0')
tensor(0.8153, device='cuda:0')
tensor(0.8313, device='cuda:0')
tensor(0.8273, device='cuda:0')
tensor(0.8233, device='cuda:0')
tensor(0.8273, device='cuda:0')
tensor(0.8313, device='cuda:0')
tensor(0.8434, device='cuda:0')
tensor(0.8434, device='cuda:0')
tensor(0.8353, device='cuda:0')
tensor(0.8072, device='cuda:0')
tensor(0.8394, device='cuda:0')
tensor(0.8193, device='cuda:0')
tensor(0.8313, device='cuda:0')
tensor(0.8434, device='cuda:0')
tensor(0.8273, device='cuda:0')
tensor(0.8353, device='cuda:0')
tensor(0.8193, device='cuda:0')
tensor(0.8394, device='cuda:0')
tensor(0.8313, device='cuda:0')
tensor(0.8394, device='cuda:0')
tensor(0.8112, device='cuda:0')
tensor(0.8434, device='cuda:0')
tensor(0.8112, device='cuda:0')
tensor(0.8474, device='cuda:0')
tensor(0.8353, device='cuda:0')
Acc: [0.8163983821868896]
tensor(0.2932, device='cuda:0')
tensor(0.8193, device='cuda:0')
tensor(0.8233, device='cuda:0')
tensor(0.8273, device='cuda:0')
tensor(0.7992, device='cuda:0')
tensor(0.8112, device='cuda:0')
tensor(0.8353, device='cuda:0')
tensor(0.8193, device='cuda:0')
tensor(0.8072, device='cuda:0')
tensor(0.8153, device='cuda:0')
tensor(0.8233, device='cuda:0')
tensor(0.8112, device='cuda:0')
tensor(0.7992, device='cuda:0')
tensor(0.8072, device='cuda:0')
tensor(0.8153, device='cuda:0')
tensor(0.8032, device='cuda:0')
tensor(0.7791, device='cuda:0')
tensor(0.7871, device='cuda:0')
tensor(0.7992, device='cuda:0')
tensor(0.8233, device='cuda:0')
tensor(0.8072, device='cuda:0')
tensor(0.7671, device='cuda:0')
tensor(0.8032, device='cuda:0')
tensor(0.7751, device='cuda:0')
tensor(0.7871, device='cuda:0')
tensor(0.7791, device='cuda:0')
tensor(0.7952, device='cuda:0')
tensor(0.8153, device='cuda:0')
tensor(0.8072, device='cuda:0')
tensor(0.7791, device='cuda:0')
Acc: [0.8163983821868896, 0.8204225301742554]
tensor(0.2932, device='cuda:0')
tensor(0.8554, device='cuda:0')
tensor(0.8635, device='cuda:0')
tensor(0.8675, device='cuda:0')
tensor(0.8635, device='cuda:0')
tensor(0.8675, device='cuda:0')
tensor(0.8594, device='cuda:0')
tensor(0.8434, device='cuda:0')
tensor(0.8434, device='cuda:0')
tensor(0.8394, device='cuda:0')
tensor(0.8554, device='cuda:0')
tensor(0.8554, device='cuda:0')
tensor(0.8755, device='cuda:0')
tensor(0.8554, device='cuda:0')
tensor(0.8675, device='cuda:0')
tensor(0.8635, device='cuda:0')
tensor(0.8514, device='cuda:0')
tensor(0.8635, device='cuda:0')
tensor(0.8554, device='cuda:0')
tensor(0.8594, device='cuda:0')
tensor(0.8594, device='cuda:0')
tensor(0.8514, device='cuda:0')
tensor(0.8434, device='cuda:0')
tensor(0.8514, device='cuda:0')
tensor(0.8353, device='cuda:0')
tensor(0.8313, device='cuda:0')
tensor(0.8514, device='cuda:0')
tensor(0.8273, device='cuda:0')
tensor(0.8474, device='cuda:0')
tensor(0.8594, device='cuda:0')
Acc: [0.8163983821868896, 0.8204225301742554, 0.8073440194129944]
tensor(0.2932, device='cuda:0')
tensor(0.8153, device='cuda:0')
tensor(0.7992, device='cuda:0')
tensor(0.7711, device='cuda:0')
tensor(0.7831, device='cuda:0')
tensor(0.7791, device='cuda:0')
tensor(0.7831, device='cuda:0')
tensor(0.7631, device='cuda:0')
tensor(0.7831, device='cuda:0')
tensor(0.7871, device='cuda:0')
tensor(0.7912, device='cuda:0')
tensor(0.7992, device='cuda:0')
tensor(0.7912, device='cuda:0')
tensor(0.7751, device='cuda:0')
tensor(0.7751, device='cuda:0')
tensor(0.7711, device='cuda:0')
tensor(0.7912, device='cuda:0')
tensor(0.7831, device='cuda:0')
tensor(0.7631, device='cuda:0')
tensor(0.7871, device='cuda:0')
tensor(0.7791, device='cuda:0')
tensor(0.7711, device='cuda:0')
tensor(0.7510, device='cuda:0')
tensor(0.7590, device='cuda:0')
tensor(0.7751, device='cuda:0')
tensor(0.7751, device='cuda:0')
tensor(0.7550, device='cuda:0')
tensor(0.7631, device='cuda:0')
tensor(0.7510, device='cuda:0')
tensor(0.7430, device='cuda:0')
Acc: [0.8163983821868896, 0.8204225301742554, 0.8073440194129944, 0.8143863081932068]
tensor(0.2932, device='cuda:0')
tensor(0.8514, device='cuda:0')
tensor(0.8353, device='cuda:0')
tensor(0.7952, device='cuda:0')
tensor(0.8032, device='cuda:0')
tensor(0.8032, device='cuda:0')
tensor(0.8072, device='cuda:0')
tensor(0.8273, device='cuda:0')
tensor(0.8072, device='cuda:0')
tensor(0.8273, device='cuda:0')
tensor(0.8233, device='cuda:0')
tensor(0.7912, device='cuda:0')
tensor(0.7952, device='cuda:0')
tensor(0.8072, device='cuda:0')
tensor(0.7912, device='cuda:0')
tensor(0.8032, device='cuda:0')
tensor(0.8153, device='cuda:0')
tensor(0.8273, device='cuda:0')
tensor(0.7952, device='cuda:0')
tensor(0.7831, device='cuda:0')
tensor(0.7711, device='cuda:0')
tensor(0.7751, device='cuda:0')
tensor(0.8153, device='cuda:0')
tensor(0.7711, device='cuda:0')
tensor(0.8072, device='cuda:0')
tensor(0.8032, device='cuda:0')
tensor(0.7952, device='cuda:0')
tensor(0.8072, device='cuda:0')
tensor(0.8112, device='cuda:0')
tensor(0.7992, device='cuda:0')
Acc: [0.8163983821868896, 0.8204225301742554, 0.8073440194129944, 0.8143863081932068, 0.8093560934066772]
model RUNG done, clean acc: 0.8135814666748047±0.004735872892600812
