
Detected GPU: Tesla T4 with compute capability 7.5
Using GPU: Tesla T4


Fit RUNG_percentile_gamma | lr=0.05, wd=0.0005, epochs=300
  percentile_q=0.75, use_layerwise_q=False
  Parameters: 92231 (no gamma params)
  patience=100, grad_clip=1.0

  Epoch   50 | loss=0.0172 | val=0.7952 | gammas=[6.20, 5.77, 5.66, 5.59, 5.56, 5.53, 5.53, 5.52, 5.51, 5.52]

  Epoch  100 | loss=0.0300 | val=0.7751 | gammas=[5.93, 5.50, 5.39, 5.35, 5.33, 5.30, 5.31, 5.29, 5.30, 5.29]

  Early stopping at epoch 107 (best val=0.8193 at epoch 6)

Training done. Best val acc: 0.8193 (epoch 6)

======================================================
   RUNG_percentile_gamma — Gamma Values (last fwd)    
======================================================
  Layer      gamma        lam   q used
------------------------------------------------------
      0       3.6571     0.9884     0.75
      1       3.2985     0.8915     0.75
      2       3.1846     0.8607     0.75
      3       3.1407     0.8488     0.75
      4       3.1705     0.8569     0.75
      5       3.1592     0.8538     0.75
      6       3.1544     0.8525     0.75
      7       3.1394     0.8485     0.75
      8       3.1445     0.8499     0.75
      9       3.1406     0.8488     0.75
======================================================

Acc: [0.8013077974319458]

Fit RUNG_percentile_gamma | lr=0.05, wd=0.0005, epochs=300
  percentile_q=0.75, use_layerwise_q=False
  Parameters: 92231 (no gamma params)
  patience=100, grad_clip=1.0

  Epoch   50 | loss=0.0222 | val=0.7590 | gammas=[6.06, 5.60, 5.49, 5.45, 5.42, 5.42, 5.40, 5.40, 5.39, 5.39]

  Epoch  100 | loss=0.0239 | val=0.7149 | gammas=[6.36, 5.90, 5.81, 5.76, 5.72, 5.72, 5.71, 5.71, 5.70, 5.71]

  Early stopping at epoch 110 (best val=0.7992 at epoch 9)

Training done. Best val acc: 0.7992 (epoch 9)

======================================================
   RUNG_percentile_gamma — Gamma Values (last fwd)    
======================================================
  Layer      gamma        lam   q used
------------------------------------------------------
      0       6.0155     1.6258     0.75
      1       5.5620     1.5032     0.75
      2       5.4625     1.4763     0.75
      3       5.4222     1.4655     0.75
      4       5.3922     1.4573     0.75
      5       5.3810     1.4543     0.75
      6       5.3691     1.4511     0.75
      7       5.3644     1.4498     0.75
      8       5.3619     1.4492     0.75
      9       5.3562     1.4476     0.75
======================================================

Acc: [0.8013077974319458, 0.7877263426780701]

Fit RUNG_percentile_gamma | lr=0.05, wd=0.0005, epochs=300
  percentile_q=0.75, use_layerwise_q=False
  Parameters: 92231 (no gamma params)
  patience=100, grad_clip=1.0

  Epoch   50 | loss=0.0284 | val=0.8153 | gammas=[6.13, 5.69, 5.57, 5.52, 5.49, 5.49, 5.47, 5.46, 5.47, 5.46]

  Epoch  100 | loss=0.0276 | val=0.7992 | gammas=[6.17, 5.72, 5.62, 5.57, 5.57, 5.56, 5.54, 5.54, 5.54, 5.54]

  Early stopping at epoch 146 (best val=0.8474 at epoch 45)

Training done. Best val acc: 0.8474 (epoch 45)

======================================================
   RUNG_percentile_gamma — Gamma Values (last fwd)    
======================================================
  Layer      gamma        lam   q used
------------------------------------------------------
      0       6.3310     1.7111     0.75
      1       5.8349     1.5770     0.75
      2       5.7086     1.5429     0.75
      3       5.6629     1.5305     0.75
      4       5.6448     1.5256     0.75
      5       5.6289     1.5213     0.75
      6       5.6191     1.5187     0.75
      7       5.6271     1.5208     0.75
      8       5.6268     1.5208     0.75
      9       5.6246     1.5202     0.75
======================================================

Acc: [0.8013077974319458, 0.7877263426780701, 0.7600603103637695]

Fit RUNG_percentile_gamma | lr=0.05, wd=0.0005, epochs=300
  percentile_q=0.75, use_layerwise_q=False
  Parameters: 92231 (no gamma params)
  patience=100, grad_clip=1.0

  Epoch   50 | loss=0.0531 | val=0.7510 | gammas=[6.04, 5.57, 5.44, 5.38, 5.36, 5.33, 5.33, 5.32, 5.32, 5.32]

  Epoch  100 | loss=0.0207 | val=0.6988 | gammas=[6.19, 5.75, 5.66, 5.61, 5.58, 5.56, 5.55, 5.53, 5.52, 5.52]

  Early stopping at epoch 106 (best val=0.7831 at epoch 5)

Training done. Best val acc: 0.7831 (epoch 5)

======================================================
   RUNG_percentile_gamma — Gamma Values (last fwd)    
======================================================
  Layer      gamma        lam   q used
------------------------------------------------------
      0       2.5598     0.6918     0.75
      1       2.2607     0.6110     0.75
      2       2.1699     0.5865     0.75
      3       2.1248     0.5743     0.75
      4       2.1227     0.5737     0.75
      5       2.1206     0.5731     0.75
      6       2.1150     0.5716     0.75
      7       2.1121     0.5708     0.75
      8       2.1235     0.5739     0.75
      9       2.1245     0.5742     0.75
======================================================

Acc: [0.8013077974319458, 0.7877263426780701, 0.7600603103637695, 0.7897384166717529]

Fit RUNG_percentile_gamma | lr=0.05, wd=0.0005, epochs=300
  percentile_q=0.75, use_layerwise_q=False
  Parameters: 92231 (no gamma params)
  patience=100, grad_clip=1.0

  Epoch   50 | loss=0.0230 | val=0.7309 | gammas=[6.10, 5.64, 5.54, 5.46, 5.45, 5.43, 5.43, 5.43, 5.42, 5.42]

  Epoch  100 | loss=0.0239 | val=0.6948 | gammas=[6.12, 5.70, 5.57, 5.52, 5.51, 5.50, 5.51, 5.51, 5.48, 5.49]

  Early stopping at epoch 108 (best val=0.8273 at epoch 7)

Training done. Best val acc: 0.8273 (epoch 7)

======================================================
   RUNG_percentile_gamma — Gamma Values (last fwd)    
======================================================
  Layer      gamma        lam   q used
------------------------------------------------------
      0       4.6773     1.2641     0.75
      1       4.2712     1.1544     0.75
      2       4.1618     1.1248     0.75
      3       4.1428     1.1197     0.75
      4       4.1159     1.1124     0.75
      5       4.0873     1.1047     0.75
      6       4.0783     1.1022     0.75
      7       4.0685     1.0996     0.75
      8       4.0961     1.1071     0.75
      9       4.0941     1.1065     0.75
======================================================

Acc: [0.8013077974319458, 0.7877263426780701, 0.7600603103637695, 0.7897384166717529, 0.790744423866272]
model RUNG_percentile_gamma done, clean acc: 0.7859154582023621±0.013759549412246951
