
Fit RUNG_learnable_gamma | lr=0.05, gamma_lr=0.01000, wd=0.0005, epochs=300
  gamma_reg_strength=0.0, patience=100, grad_clip=1.0
  Initial gammas: ['6.000', '6.000', '6.000', '6.000', '6.000', '6.000', '6.000', '6.000', '6.000', '6.000']

  Epoch   50 | loss=0.0187 | val=0.7831 | gammas=[6.64, 6.92, 6.99, 6.97, 7.94, 7.15, 7.99, 6.99, 6.79, 7.76]

  Epoch  100 | loss=0.0286 | val=0.7992 | gammas=[7.13, 8.34, 8.67, 8.85, 10.89, 9.28, 10.84, 8.61, 6.52, 9.86]

  Early stopping at epoch 107 (best val=0.8594 at epoch 6)

Training done. Best val acc: 0.8594 (epoch 6)

==================================================
       RUNG_learnable_gamma — Gamma Values        
==================================================
  Layer       lam   gamma(=a*lam)    log_lam
--------------------------------------------------
      0      1.6307            6.0335       0.4890
      1      1.6662            6.1648       0.5105
      2      1.6416            6.0740       0.4957
      3      1.6166            5.9815       0.4803
      4      1.6514            6.1100       0.5016
      5      1.6144            5.9732       0.4789
      6      1.6326            6.0405       0.4902
      7      1.6157            5.9782       0.4798
      8      1.6114            5.9623       0.4771
      9      1.6102            5.9576       0.4763
==================================================

Acc: [0.8345069885253906]

Fit RUNG_learnable_gamma | lr=0.05, gamma_lr=0.01000, wd=0.0005, epochs=300
  gamma_reg_strength=0.0, patience=100, grad_clip=1.0
  Initial gammas: ['6.000', '6.000', '6.000', '6.000', '6.000', '6.000', '6.000', '6.000', '6.000', '6.000']

  Epoch   50 | loss=0.0349 | val=0.7871 | gammas=[6.68, 6.11, 6.51, 6.36, 7.27, 6.48, 7.37, 7.46, 6.31, 7.46]

  Epoch  100 | loss=0.0288 | val=0.7390 | gammas=[7.09, 6.74, 7.76, 6.95, 9.82, 7.46, 9.59, 10.35, 6.46, 9.07]

  Early stopping at epoch 110 (best val=0.8313 at epoch 9)

Training done. Best val acc: 0.8313 (epoch 9)

==================================================
       RUNG_learnable_gamma — Gamma Values        
==================================================
  Layer       lam   gamma(=a*lam)    log_lam
--------------------------------------------------
      0      1.6668            6.1672       0.5109
      1      1.5991            5.9166       0.4694
      2      1.6301            6.0313       0.4886
      3      1.6065            5.9442       0.4741
      4      1.6310            6.0346       0.4892
      5      1.5826            5.8557       0.4591
      6      1.6391            6.0647       0.4942
      7      1.6190            5.9904       0.4818
      8      1.6129            5.9678       0.4780
      9      1.6659            6.1640       0.5104
==================================================

Acc: [0.8345069885253906, 0.8063380122184753]

Fit RUNG_learnable_gamma | lr=0.05, gamma_lr=0.01000, wd=0.0005, epochs=300
  gamma_reg_strength=0.0, patience=100, grad_clip=1.0
  Initial gammas: ['6.000', '6.000', '6.000', '6.000', '6.000', '6.000', '6.000', '6.000', '6.000', '6.000']

  Epoch   50 | loss=0.0187 | val=0.8193 | gammas=[6.57, 5.47, 7.00, 6.47, 7.08, 7.18, 7.32, 7.32, 7.22, 7.59]

  Epoch  100 | loss=0.0190 | val=0.8072 | gammas=[6.71, 5.67, 8.22, 8.51, 8.16, 9.66, 8.84, 9.08, 8.26, 9.08]

  Early stopping at epoch 107 (best val=0.8594 at epoch 6)

Training done. Best val acc: 0.8594 (epoch 6)

==================================================
       RUNG_learnable_gamma — Gamma Values        
==================================================
  Layer       lam   gamma(=a*lam)    log_lam
--------------------------------------------------
      0      1.6370            6.0570       0.4929
      1      1.5798            5.8453       0.4573
      2      1.6504            6.1066       0.5010
      3      1.6350            6.0494       0.4916
      4      1.6310            6.0348       0.4892
      5      1.6294            6.0287       0.4882
      6      1.6295            6.0290       0.4882
      7      1.6135            5.9699       0.4784
      8      1.6109            5.9602       0.4768
      9      1.6180            5.9866       0.4812
==================================================

Acc: [0.8345069885253906, 0.8063380122184753, 0.8385311365127563]

Fit RUNG_learnable_gamma | lr=0.05, gamma_lr=0.01000, wd=0.0005, epochs=300
  gamma_reg_strength=0.0, patience=100, grad_clip=1.0
  Initial gammas: ['6.000', '6.000', '6.000', '6.000', '6.000', '6.000', '6.000', '6.000', '6.000', '6.000']

  Epoch   50 | loss=0.0276 | val=0.7470 | gammas=[6.71, 7.28, 7.33, 7.97, 7.28, 7.24, 7.28, 7.15, 5.80, 7.80]

  Epoch  100 | loss=0.0266 | val=0.7590 | gammas=[7.03, 8.80, 9.14, 9.99, 9.30, 8.36, 8.85, 8.26, 5.11, 9.55]

  Early stopping at epoch 105 (best val=0.8072 at epoch 4)

Training done. Best val acc: 0.8072 (epoch 4)

==================================================
       RUNG_learnable_gamma — Gamma Values        
==================================================
  Layer       lam   gamma(=a*lam)    log_lam
--------------------------------------------------
      0      1.6027            5.9299       0.4717
      1      1.5936            5.8962       0.4660
      2      1.6311            6.0349       0.4892
      3      1.6304            6.0324       0.4888
      4      1.6311            6.0349       0.4892
      5      1.6127            5.9670       0.4779
      6      1.6311            6.0349       0.4892
      7      1.6310            6.0349       0.4892
      8      1.6122            5.9652       0.4776
      9      1.6311            6.0350       0.4892
==================================================

Acc: [0.8345069885253906, 0.8063380122184753, 0.8385311365127563, 0.7872233390808105]

Fit RUNG_learnable_gamma | lr=0.05, gamma_lr=0.01000, wd=0.0005, epochs=300
  gamma_reg_strength=0.0, patience=100, grad_clip=1.0
  Initial gammas: ['6.000', '6.000', '6.000', '6.000', '6.000', '6.000', '6.000', '6.000', '6.000', '6.000']

  Epoch   50 | loss=0.0476 | val=0.7751 | gammas=[6.95, 6.83, 7.46, 7.88, 7.93, 8.66, 7.93, 7.95, 7.30, 7.73]

  Epoch  100 | loss=0.0362 | val=0.7751 | gammas=[7.38, 8.29, 8.56, 10.90, 9.64, 11.94, 10.16, 10.59, 7.54, 9.34]

  Early stopping at epoch 109 (best val=0.8514 at epoch 8)

Training done. Best val acc: 0.8514 (epoch 8)

==================================================
       RUNG_learnable_gamma — Gamma Values        
==================================================
  Layer       lam   gamma(=a*lam)    log_lam
--------------------------------------------------
      0      1.6652            6.1612       0.5099
      1      1.6136            5.9703       0.4785
      2      1.6519            6.1119       0.5019
      3      1.6407            6.0707       0.4951
      4      1.6692            6.1760       0.5123
      5      1.6765            6.2030       0.5167
      6      1.6390            6.0645       0.4941
      7      1.6691            6.1756       0.5123
      8      1.6320            6.0385       0.4898
      9      1.6527            6.1149       0.5024
==================================================

Acc: [0.8345069885253906, 0.8063380122184753, 0.8385311365127563, 0.7872233390808105, 0.8194164633750916]
model RUNG_learnable_gamma done, clean acc: 0.8172031879425049±0.01884698848225963
