
Detected GPU: Tesla T4 with compute capability 7.5
Using GPU: Tesla T4

tensor(0.2932, device='cuda:0')
tensor(0.8273, device='cuda:0')
tensor(0.8153, device='cuda:0')
tensor(0.8313, device='cuda:0')
tensor(0.8394, device='cuda:0')
tensor(0.8153, device='cuda:0')
tensor(0.8313, device='cuda:0')
tensor(0.8273, device='cuda:0')
tensor(0.8273, device='cuda:0')
tensor(0.8233, device='cuda:0')
tensor(0.8353, device='cuda:0')
tensor(0.8434, device='cuda:0')
tensor(0.8394, device='cuda:0')
tensor(0.8394, device='cuda:0')
tensor(0.8273, device='cuda:0')
tensor(0.8353, device='cuda:0')
tensor(0.8072, device='cuda:0')
tensor(0.8394, device='cuda:0')
tensor(0.8313, device='cuda:0')
tensor(0.8233, device='cuda:0')
tensor(0.8072, device='cuda:0')
tensor(0.8153, device='cuda:0')
tensor(0.8434, device='cuda:0')
tensor(0.7912, device='cuda:0')
tensor(0.8233, device='cuda:0')
tensor(0.8233, device='cuda:0')
tensor(0.8434, device='cuda:0')
tensor(0.8193, device='cuda:0')
tensor(0.8434, device='cuda:0')
tensor(0.8193, device='cuda:0')
Acc: [0.804828941822052]
tensor(0.2932, device='cuda:0')
tensor(0.8193, device='cuda:0')
tensor(0.8273, device='cuda:0')
tensor(0.8233, device='cuda:0')
tensor(0.7952, device='cuda:0')
tensor(0.8032, device='cuda:0')
tensor(0.8313, device='cuda:0')
tensor(0.8193, device='cuda:0')
tensor(0.8032, device='cuda:0')
tensor(0.8153, device='cuda:0')
tensor(0.8233, device='cuda:0')
tensor(0.7992, device='cuda:0')
tensor(0.8072, device='cuda:0')
tensor(0.7992, device='cuda:0')
tensor(0.7831, device='cuda:0')
tensor(0.8273, device='cuda:0')
tensor(0.7871, device='cuda:0')
tensor(0.7791, device='cuda:0')
tensor(0.8353, device='cuda:0')
tensor(0.7952, device='cuda:0')
tensor(0.8072, device='cuda:0')
tensor(0.8032, device='cuda:0')
tensor(0.8112, device='cuda:0')
tensor(0.8072, device='cuda:0')
tensor(0.7871, device='cuda:0')
tensor(0.7912, device='cuda:0')
tensor(0.7992, device='cuda:0')
tensor(0.8112, device='cuda:0')
tensor(0.7751, device='cuda:0')
tensor(0.7831, device='cuda:0')
Acc: [0.804828941822052, 0.8153923153877258]
tensor(0.2932, device='cuda:0')
tensor(0.8554, device='cuda:0')
tensor(0.8635, device='cuda:0')
tensor(0.8675, device='cuda:0')
tensor(0.8635, device='cuda:0')
tensor(0.8675, device='cuda:0')
tensor(0.8594, device='cuda:0')
tensor(0.8434, device='cuda:0')
tensor(0.8434, device='cuda:0')
tensor(0.8353, device='cuda:0')
tensor(0.8554, device='cuda:0')
tensor(0.8554, device='cuda:0')
tensor(0.8715, device='cuda:0')
tensor(0.8514, device='cuda:0')
tensor(0.8635, device='cuda:0')
tensor(0.8514, device='cuda:0')
tensor(0.8554, device='cuda:0')
tensor(0.8835, device='cuda:0')
tensor(0.8675, device='cuda:0')
tensor(0.8554, device='cuda:0')
tensor(0.8474, device='cuda:0')
tensor(0.8554, device='cuda:0')
tensor(0.8434, device='cuda:0')
tensor(0.8394, device='cuda:0')
tensor(0.8554, device='cuda:0')
tensor(0.8313, device='cuda:0')
tensor(0.8554, device='cuda:0')
tensor(0.8273, device='cuda:0')
tensor(0.8675, device='cuda:0')
tensor(0.8594, device='cuda:0')
Acc: [0.804828941822052, 0.8153923153877258, 0.8018108606338501]
tensor(0.2932, device='cuda:0')
tensor(0.8153, device='cuda:0')
tensor(0.7992, device='cuda:0')
tensor(0.7751, device='cuda:0')
tensor(0.7831, device='cuda:0')
tensor(0.7791, device='cuda:0')
tensor(0.7871, device='cuda:0')
tensor(0.7751, device='cuda:0')
tensor(0.7831, device='cuda:0')
tensor(0.7952, device='cuda:0')
tensor(0.8153, device='cuda:0')
tensor(0.7992, device='cuda:0')
tensor(0.7751, device='cuda:0')
tensor(0.7791, device='cuda:0')
tensor(0.7871, device='cuda:0')
tensor(0.7590, device='cuda:0')
tensor(0.7791, device='cuda:0')
tensor(0.7791, device='cuda:0')
tensor(0.7631, device='cuda:0')
tensor(0.7470, device='cuda:0')
tensor(0.7550, device='cuda:0')
tensor(0.7590, device='cuda:0')
tensor(0.7831, device='cuda:0')
tensor(0.7751, device='cuda:0')
tensor(0.7671, device='cuda:0')
tensor(0.7912, device='cuda:0')
tensor(0.7871, device='cuda:0')
tensor(0.8072, device='cuda:0')
tensor(0.7912, device='cuda:0')
tensor(0.7751, device='cuda:0')
Acc: [0.804828941822052, 0.8153923153877258, 0.8018108606338501, 0.8244466781616211]
tensor(0.2932, device='cuda:0')
tensor(0.8514, device='cuda:0')
tensor(0.8353, device='cuda:0')
tensor(0.7952, device='cuda:0')
tensor(0.8032, device='cuda:0')
tensor(0.8032, device='cuda:0')
tensor(0.8072, device='cuda:0')
tensor(0.8273, device='cuda:0')
tensor(0.8072, device='cuda:0')
tensor(0.8273, device='cuda:0')
tensor(0.8233, device='cuda:0')
tensor(0.7952, device='cuda:0')
tensor(0.7952, device='cuda:0')
tensor(0.8112, device='cuda:0')
tensor(0.7992, device='cuda:0')
tensor(0.7992, device='cuda:0')
tensor(0.8273, device='cuda:0')
tensor(0.8193, device='cuda:0')
tensor(0.8112, device='cuda:0')
tensor(0.8273, device='cuda:0')
tensor(0.8273, device='cuda:0')
tensor(0.8072, device='cuda:0')
tensor(0.7992, device='cuda:0')
tensor(0.7871, device='cuda:0')
tensor(0.8072, device='cuda:0')
tensor(0.8153, device='cuda:0')
tensor(0.8193, device='cuda:0')
tensor(0.8193, device='cuda:0')
tensor(0.8353, device='cuda:0')
tensor(0.8153, device='cuda:0')
Acc: [0.804828941822052, 0.8153923153877258, 0.8018108606338501, 0.8244466781616211, 0.8199194669723511]
model RUNG done, clean acc: 0.81327965259552±0.008674106762810467
