
Detected GPU: Tesla T4 with compute capability 7.5
Using GPU: Tesla T4


Fit RUNG_learnable_distance
  distance_mode=cosine
  lr=0.05, dist_lr_factor=0.5, wd=0.0005
  percentile_q=0.75
  Parameters: 92231
    MLP: 92231
    Distance: 0
  patience=100, grad_clip=1.0
  Epoch   50 | loss=0.1703 | val_acc=0.7791 | gammas=[0.52, 0.31, 0.27, 0.27, 0.27, 0.27, 0.27, 0.26, 0.27, 0.27]
    Layer 0: y_mean=0.768, y_std=0.364, y_max=1.788
    Layer K: y_mean=0.754, y_std=0.373, y_max=1.697
  Epoch  100 | loss=0.1052 | val_acc=0.7430 | gammas=[0.54, 0.34, 0.32, 0.31, 0.30, 0.31, 0.30, 0.31, 0.31, 0.31]
    Layer 0: y_mean=0.770, y_std=0.375, y_max=1.823
    Layer K: y_mean=0.752, y_std=0.380, y_max=1.732

  Early stopping at epoch 108 (best val=0.8072 at epoch 7)

Training done. Best val acc: 0.8072 (epoch 7)

======================================================================
         RUNG_learnable_distance — Statistics (last fwd pass)         
======================================================================
  distance_mode: cosine
  percentile_q:  0.75
  distance_params: 0

   Layer      gamma     y_mean      y_std      y_max
  ────────────────────────────────────────────────────────────
       0     0.3755     0.7520     0.3903     1.7692
       1     0.2494     0.7485     0.3962     1.7407
       2     0.2321     0.7499     0.3999     1.7128
       3     0.2234     0.7524     0.4012     1.6956
       4     0.2209     0.7527     0.4020     1.6956
       5     0.2115     0.7534     0.4022     1.6956
       6     0.2132     0.7536     0.4025     1.6956
       7     0.2065     0.7542     0.4027     1.6956
       8     0.2124     0.7544     0.4029     1.6956
       9     0.2030     0.7547     0.4030     1.6956
======================================================================

Acc: [0.7781689763069153]

Fit RUNG_learnable_distance
  distance_mode=cosine
  lr=0.05, dist_lr_factor=0.5, wd=0.0005
  percentile_q=0.75
  Parameters: 92231
    MLP: 92231
    Distance: 0
  patience=100, grad_clip=1.0
  Epoch   50 | loss=0.0935 | val_acc=0.7550 | gammas=[0.54, 0.34, 0.33, 0.31, 0.32, 0.31, 0.32, 0.31, 0.32, 0.31]
    Layer 0: y_mean=0.722, y_std=0.353, y_max=1.741
    Layer K: y_mean=0.687, y_std=0.362, y_max=1.678
  Epoch  100 | loss=0.1087 | val_acc=0.7671 | gammas=[0.55, 0.32, 0.27, 0.27, 0.26, 0.26, 0.26, 0.25, 0.26, 0.25]
    Layer 0: y_mean=0.749, y_std=0.375, y_max=1.851
    Layer K: y_mean=0.717, y_std=0.381, y_max=1.780

  Early stopping at epoch 147 (best val=0.7992 at epoch 46)

Training done. Best val acc: 0.7992 (epoch 46)

======================================================================
         RUNG_learnable_distance — Statistics (last fwd pass)         
======================================================================
  distance_mode: cosine
  percentile_q:  0.75
  distance_params: 0

   Layer      gamma     y_mean      y_std      y_max
  ────────────────────────────────────────────────────────────
       0     0.5522     0.7395     0.3567     1.8162
       1     0.3368     0.7133     0.3562     1.7167
       2     0.3097     0.7068     0.3598     1.7119
       3     0.2936     0.7059     0.3606     1.7119
       4     0.3019     0.7054     0.3615     1.7119
       5     0.2922     0.7048     0.3615     1.7119
       6     0.3001     0.7047     0.3620     1.7119
       7     0.2966     0.7044     0.3619     1.7119
       8     0.3016     0.7046     0.3622     1.7119
       9     0.2971     0.7043     0.3621     1.7119
======================================================================

Acc: [0.7781689763069153, 0.7686116695404053]

Fit RUNG_learnable_distance
  distance_mode=cosine
  lr=0.05, dist_lr_factor=0.5, wd=0.0005
  percentile_q=0.75
  Parameters: 92231
    MLP: 92231
    Distance: 0
  patience=100, grad_clip=1.0
  Epoch   50 | loss=0.1278 | val_acc=0.8032 | gammas=[0.46, 0.26, 0.23, 0.22, 0.22, 0.22, 0.22, 0.21, 0.21, 0.21]
    Layer 0: y_mean=0.678, y_std=0.346, y_max=1.727
    Layer K: y_mean=0.637, y_std=0.350, y_max=1.650
  Epoch  100 | loss=0.1345 | val_acc=0.7711 | gammas=[0.49, 0.29, 0.25, 0.24, 0.25, 0.24, 0.25, 0.24, 0.24, 0.24]
    Layer 0: y_mean=0.725, y_std=0.373, y_max=1.836
    Layer K: y_mean=0.694, y_std=0.373, y_max=1.710

  Early stopping at epoch 107 (best val=0.8434 at epoch 6)

Training done. Best val acc: 0.8434 (epoch 6)

======================================================================
         RUNG_learnable_distance — Statistics (last fwd pass)         
======================================================================
  distance_mode: cosine
  percentile_q:  0.75
  distance_params: 0

   Layer      gamma     y_mean      y_std      y_max
  ────────────────────────────────────────────────────────────
       0     0.3515     0.7090     0.3862     1.7119
       1     0.2032     0.7023     0.3940     1.6909
       2     0.1863     0.7009     0.3996     1.6912
       3     0.1807     0.7031     0.4017     1.6875
       4     0.1823     0.7032     0.4027     1.6877
       5     0.1778     0.7040     0.4033     1.6845
       6     0.1742     0.7040     0.4038     1.6847
       7     0.1765     0.7044     0.4040     1.6818
       8     0.1762     0.7044     0.4044     1.6819
       9     0.1761     0.7047     0.4045     1.6788
======================================================================

Acc: [0.7781689763069153, 0.7686116695404053, 0.7897384166717529]

Fit RUNG_learnable_distance
  distance_mode=cosine
  lr=0.05, dist_lr_factor=0.5, wd=0.0005
  percentile_q=0.75
  Parameters: 92231
    MLP: 92231
    Distance: 0
  patience=100, grad_clip=1.0
  Epoch   50 | loss=0.1103 | val_acc=0.7269 | gammas=[0.47, 0.27, 0.25, 0.24, 0.24, 0.24, 0.25, 0.24, 0.24, 0.23]
    Layer 0: y_mean=0.710, y_std=0.355, y_max=1.767
    Layer K: y_mean=0.679, y_std=0.363, y_max=1.739
  Epoch  100 | loss=0.0983 | val_acc=0.7349 | gammas=[0.50, 0.29, 0.26, 0.25, 0.25, 0.24, 0.25, 0.25, 0.25, 0.25]
    Layer 0: y_mean=0.715, y_std=0.393, y_max=1.833
    Layer K: y_mean=0.676, y_std=0.403, y_max=1.776

  Early stopping at epoch 108 (best val=0.7952 at epoch 7)

Training done. Best val acc: 0.7952 (epoch 7)

======================================================================
         RUNG_learnable_distance — Statistics (last fwd pass)         
======================================================================
  distance_mode: cosine
  percentile_q:  0.75
  distance_params: 0

   Layer      gamma     y_mean      y_std      y_max
  ────────────────────────────────────────────────────────────
       0     0.3550     0.7003     0.3824     1.7761
       1     0.2263     0.6919     0.3880     1.7113
       2     0.1908     0.6902     0.3904     1.7035
       3     0.1866     0.6915     0.3917     1.7037
       4     0.1871     0.6916     0.3923     1.6944
       5     0.1828     0.6919     0.3926     1.6944
       6     0.1823     0.6921     0.3930     1.6907
       7     0.1843     0.6923     0.3932     1.6907
       8     0.1834     0.6925     0.3934     1.6907
       9     0.1847     0.6926     0.3936     1.6907
======================================================================

Acc: [0.7781689763069153, 0.7686116695404053, 0.7897384166717529, 0.7932595014572144]

Fit RUNG_learnable_distance
  distance_mode=cosine
  lr=0.05, dist_lr_factor=0.5, wd=0.0005
  percentile_q=0.75
  Parameters: 92231
    MLP: 92231
    Distance: 0
  patience=100, grad_clip=1.0
  Epoch   50 | loss=0.1557 | val_acc=0.7711 | gammas=[0.52, 0.32, 0.28, 0.27, 0.27, 0.27, 0.28, 0.27, 0.28, 0.27]
    Layer 0: y_mean=0.735, y_std=0.359, y_max=1.729
    Layer K: y_mean=0.703, y_std=0.370, y_max=1.609
  Epoch  100 | loss=0.1057 | val_acc=0.7711 | gammas=[0.54, 0.34, 0.30, 0.30, 0.30, 0.29, 0.30, 0.29, 0.29, 0.28]
    Layer 0: y_mean=0.748, y_std=0.372, y_max=1.798
    Layer K: y_mean=0.725, y_std=0.380, y_max=1.700

  Early stopping at epoch 114 (best val=0.8233 at epoch 13)

Training done. Best val acc: 0.8233 (epoch 13)

======================================================================
         RUNG_learnable_distance — Statistics (last fwd pass)         
======================================================================
  distance_mode: cosine
  percentile_q:  0.75
  distance_params: 0

   Layer      gamma     y_mean      y_std      y_max
  ────────────────────────────────────────────────────────────
       0     0.4062     0.7312     0.4006     1.7445
       1     0.2470     0.7225     0.4100     1.6762
       2     0.2217     0.7207     0.4162     1.6762
       3     0.2108     0.7220     0.4185     1.6762
       4     0.2105     0.7220     0.4196     1.6762
       5     0.2067     0.7226     0.4203     1.6762
       6     0.2030     0.7227     0.4208     1.6762
       7     0.1986     0.7231     0.4212     1.6762
       8     0.2022     0.7230     0.4216     1.6762
       9     0.1990     0.7233     0.4217     1.6762
======================================================================

Acc: [0.7781689763069153, 0.7686116695404053, 0.7897384166717529, 0.7932595014572144, 0.772635817527771]
model RUNG_learnable_distance done, clean acc: 0.7804828763008118±0.009557857421650235
