Budget: 0.05
Model:RUNG_parametric_gamma

Detected GPU: Tesla T4 with compute capability 7.5
Using GPU: Tesla T4

0.8153923153877258 0.8033198714256287
0.8013077974319458 0.7605633735656738
0.8118711709976196 0.7992957234382629
0.7852112650871277 0.7278671860694885
0.8184104561805725 0.8138832449913025
Clean: 0.8064386010169983±0.01208248376611765: [0.8153923153877258, 0.8013077974319458, 0.8118711709976196, 0.7852112650871277, 0.8184104561805725]
Attacked: 0.7809858798980713±0.03210909085305338: [0.8033198714256287, 0.7605633735656738, 0.7992957234382629, 0.7278671860694885, 0.8138832449913025]
Budget: 0.1
Model:RUNG_parametric_gamma

Detected GPU: Tesla T4 with compute capability 7.5
Using GPU: Tesla T4

0.8153923153877258 0.7887323498725891
0.8013077974319458 0.7414486408233643
0.8118711709976196 0.7671025991439819
0.7852112650871277 0.6609658002853394
0.8184104561805725 0.8113681674003601
Clean: 0.8064386010169983±0.01208248376611765: [0.8153923153877258, 0.8013077974319458, 0.8118711709976196, 0.7852112650871277, 0.8184104561805725]
Attacked: 0.7539235115051269±0.051926853446274984: [0.7887323498725891, 0.7414486408233643, 0.7671025991439819, 0.6609658002853394, 0.8113681674003601]
Budget: 0.2
Model:RUNG_parametric_gamma

Detected GPU: Tesla T4 with compute capability 7.5
Using GPU: Tesla T4

0.8153923153877258 0.7671025991439819
0.8013077974319458 0.722836971282959
0.8118711709976196 0.7414486408233643
0.7852112650871277 0.5970824956893921
0.8184104561805725 0.8088530898094177
Clean: 0.8064386010169983±0.01208248376611765: [0.8153923153877258, 0.8013077974319458, 0.8118711709976196, 0.7852112650871277, 0.8184104561805725]
Attacked: 0.727464759349823±0.07129055858839035: [0.7671025991439819, 0.722836971282959, 0.7414486408233643, 0.5970824956893921, 0.8088530898094177]
Budget: 0.3
Model:RUNG_parametric_gamma

Detected GPU: Tesla T4 with compute capability 7.5
Using GPU: Tesla T4

0.8153923153877258 0.751006007194519
0.8013077974319458 0.7097585201263428
0.8118711709976196 0.736921489238739
0.7852112650871277 0.540744423866272
0.8184104561805725 0.8053319454193115
Clean: 0.8064386010169983±0.01208248376611765: [0.8153923153877258, 0.8013077974319458, 0.8118711709976196, 0.7852112650871277, 0.8184104561805725]
Attacked: 0.7087524771690369±0.08959259548101037: [0.751006007194519, 0.7097585201263428, 0.736921489238739, 0.540744423866272, 0.8053319454193115]
Budget: 0.4
Model:RUNG_parametric_gamma

Detected GPU: Tesla T4 with compute capability 7.5
Using GPU: Tesla T4

0.8153923153877258 0.74547278881073
0.8013077974319458 0.7042253017425537
0.8118711709976196 0.7233400344848633
0.7852112650871277 0.4989939332008362
0.8184104561805725 0.8018108606338501
Clean: 0.8064386010169983±0.01208248376611765: [0.8153923153877258, 0.8013077974319458, 0.8118711709976196, 0.7852112650871277, 0.8184104561805725]
Attacked: 0.6947685837745666±0.1032108875664307: [0.74547278881073, 0.7042253017425537, 0.7233400344848633, 0.4989939332008362, 0.8018108606338501]
Budget: 0.6
Model:RUNG_parametric_gamma

Detected GPU: Tesla T4 with compute capability 7.5
Using GPU: Tesla T4

0.8153923153877258 0.6438631415367126
0.8013077974319458 0.6770623326301575
0.8118711709976196 0.705734372138977
0.7852112650871277 0.43963780999183655
0.8184104561805725 0.7997987866401672
Clean: 0.8064386010169983±0.01208248376611765: [0.8153923153877258, 0.8013077974319458, 0.8118711709976196, 0.7852112650871277, 0.8184104561805725]
Attacked: 0.6532192885875702±0.11875728144897592: [0.6438631415367126, 0.6770623326301575, 0.705734372138977, 0.43963780999183655, 0.7997987866401672]
