Budget: 0.05
Model:RUNG_combined_model

Detected GPU: Tesla T4 with compute capability 7.5
Using GPU: Tesla T4

0.7405213713645935 0.7079384326934814
0.7322275042533875 0.7132701873779297
0.7363744378089905 0.6877962350845337
0.7055687308311462 0.6421801447868347
0.7292654514312744 0.7221564054489136
Clean: 0.7287914991378784±0.012218171639842786: [0.7405213713645935, 0.7322275042533875, 0.7363744378089905, 0.7055687308311462, 0.7292654514312744]
Attacked: 0.6946682810783387±0.02856555369943422: [0.7079384326934814, 0.7132701873779297, 0.6877962350845337, 0.6421801447868347, 0.7221564054489136]
Budget: 0.1
Model:RUNG_combined_model

Detected GPU: Tesla T4 with compute capability 7.5
Using GPU: Tesla T4

0.7405213713645935 0.6700237393379211
0.7322275042533875 0.7109004855155945
0.7363744378089905 0.6670616269111633
0.7055687308311462 0.62618488073349
0.7292654514312744 0.7162322402000427
Clean: 0.7287914991378784±0.012218171639842786: [0.7405213713645935, 0.7322275042533875, 0.7363744378089905, 0.7055687308311462, 0.7292654514312744]
Attacked: 0.6780805945396423±0.032900422444276226: [0.6700237393379211, 0.7109004855155945, 0.6670616269111633, 0.62618488073349, 0.7162322402000427]
Budget: 0.15
Model:RUNG_combined_model

Detected GPU: Tesla T4 with compute capability 7.5
Using GPU: Tesla T4

0.7405213713645935 0.6581754088401794
0.7322275042533875 0.7109004855155945
0.7363744378089905 0.6486967206001282
0.7055687308311462 0.6451421976089478
0.7292654514312744 0.7126777768135071
Clean: 0.7287914991378784±0.012218171639842786: [0.7405213713645935, 0.7322275042533875, 0.7363744378089905, 0.7055687308311462, 0.7292654514312744]
Attacked: 0.6751185178756713±0.030248329646231878: [0.6581754088401794, 0.7109004855155945, 0.6486967206001282, 0.6451421976089478, 0.7126777768135071]
Budget: 0.2
Model:RUNG_combined_model

Detected GPU: Tesla T4 with compute capability 7.5
Using GPU: Tesla T4

0.7405213713645935 0.6439573764801025
0.7322275042533875 0.701421856880188
0.7363744378089905 0.6368483901023865
0.7055687308311462 0.6516587734222412
0.7292654514312744 0.7109004855155945
Clean: 0.7287914991378784±0.012218171639842786: [0.7405213713645935, 0.7322275042533875, 0.7363744378089905, 0.7055687308311462, 0.7292654514312744]
Attacked: 0.6689573764801026±0.03088169541061016: [0.6439573764801025, 0.701421856880188, 0.6368483901023865, 0.6516587734222412, 0.7109004855155945]
Budget: 0.3
Model:RUNG_combined_model

Detected GPU: Tesla T4 with compute capability 7.5
Using GPU: Tesla T4

0.7405213713645935 0.6238151788711548
0.7322275042533875 0.6978673338890076
0.7363744378089905 0.6155213713645935
0.7055687308311462 0.5746445655822754
0.7292654514312744 0.7031990885734558
Clean: 0.7287914991378784±0.012218171639842786: [0.7405213713645935, 0.7322275042533875, 0.7363744378089905, 0.7055687308311462, 0.7292654514312744]
Attacked: 0.6430095076560974±0.04985970707705614: [0.6238151788711548, 0.6978673338890076, 0.6155213713645935, 0.5746445655822754, 0.7031990885734558]
Budget: 0.4
Model:RUNG_combined_model

Detected GPU: Tesla T4 with compute capability 7.5
Using GPU: Tesla T4

0.7405213713645935 0.6190758347511292
0.7322275042533875 0.6883886456489563
0.7363744378089905 0.6131516695022583
0.7055687308311462 0.6267772912979126
0.7292654514312744 0.6960901021957397
Clean: 0.7287914991378784±0.012218171639842786: [0.7405213713645935, 0.7322275042533875, 0.7363744378089905, 0.7055687308311462, 0.7292654514312744]
Attacked: 0.6486967086791993±0.03589676991071138: [0.6190758347511292, 0.6883886456489563, 0.6131516695022583, 0.6267772912979126, 0.6960901021957397]
Budget: 0.6
Model:RUNG_combined_model

Detected GPU: Tesla T4 with compute capability 7.5
Using GPU: Tesla T4

0.7405213713645935 0.6072275042533875
0.7322275042533875 0.6812796592712402
0.7363744378089905 0.604857861995697
0.7055687308311462 0.5740521550178528
0.7292654514312744 0.697274923324585
Clean: 0.7287914991378784±0.012218171639842786: [0.7405213713645935, 0.7322275042533875, 0.7363744378089905, 0.7055687308311462, 0.7292654514312744]
Attacked: 0.6329384207725525±0.04773514890355684: [0.6072275042533875, 0.6812796592712402, 0.604857861995697, 0.5740521550178528, 0.697274923324585]
Budget: 0.8
Model:RUNG_combined_model

Detected GPU: Tesla T4 with compute capability 7.5
Using GPU: Tesla T4

0.7405213713645935 0.6054502725601196
0.7322275042533875 0.6747630834579468
0.7363744378089905 0.6018957495689392
0.7055687308311462 0.553909957408905
0.7292654514312744 0.6860190033912659
Clean: 0.7287914991378784±0.012218171639842786: [0.7405213713645935, 0.7322275042533875, 0.7363744378089905, 0.7055687308311462, 0.7292654514312744]
Attacked: 0.6244076132774353±0.049330965987945175: [0.6054502725601196, 0.6747630834579468, 0.6018957495689392, 0.553909957408905, 0.6860190033912659]
Budget: 1.0
Model:RUNG_combined_model

Detected GPU: Tesla T4 with compute capability 7.5
Using GPU: Tesla T4

0.7405213713645935 0.5995261073112488
0.7322275042533875 0.6729857921600342
0.7363744378089905 0.6013033390045166
0.7055687308311462 0.5438388586044312
0.7292654514312744 0.6836493015289307
Clean: 0.7287914991378784±0.012218171639842786: [0.7405213713645935, 0.7322275042533875, 0.7363744378089905, 0.7055687308311462, 0.7292654514312744]
Attacked: 0.6202606797218323±0.05182210505034809: [0.5995261073112488, 0.6729857921600342, 0.6013033390045166, 0.5438388586044312, 0.6836493015289307]
