Budget: 0.05
Model:RUNG_confidence_lambda
0.7411137819290161 0.7399289608001709
0.7517772912979126 0.7363744378089905
0.7233412861824036 0.7227488160133362
0.7422986030578613 0.7387440800666809
0.701421856880188 0.6848341226577759
Clean: 0.7319905638694764±0.017834008038035008: [0.7411137819290161, 0.7517772912979126, 0.7233412861824036, 0.7422986030578613, 0.701421856880188]
Attacked: 0.7245260834693908±0.020776881337416588: [0.7399289608001709, 0.7363744378089905, 0.7227488160133362, 0.7387440800666809, 0.6848341226577759]
Budget: 0.1
Model:RUNG_confidence_lambda
0.7411137819290161 0.7363744378089905
0.7517772912979126 0.7150474190711975
0.7233412861824036 0.7191943526268005
0.7422986030578613 0.6386256217956543
0.701421856880188 0.678909957408905
Clean: 0.7319905638694764±0.017834008038035008: [0.7411137819290161, 0.7517772912979126, 0.7233412861824036, 0.7422986030578613, 0.701421856880188]
Attacked: 0.6976303577423095±0.03493272360896992: [0.7363744378089905, 0.7150474190711975, 0.7191943526268005, 0.6386256217956543, 0.678909957408905]
Budget: 0.2
Model:RUNG_confidence_lambda
0.7411137819290161 0.7363744378089905
0.7517772912979126 0.6090047359466553
0.7233412861824036 0.7191943526268005
0.7422986030578613 0.7227488160133362
0.701421856880188 0.6338862776756287
Clean: 0.7319905638694764±0.017834008038035008: [0.7411137819290161, 0.7517772912979126, 0.7233412861824036, 0.7422986030578613, 0.701421856880188]
Attacked: 0.6842417240142822±0.052189227965553316: [0.7363744378089905, 0.6090047359466553, 0.7191943526268005, 0.7227488160133362, 0.6338862776756287]
Budget: 0.3
Model:RUNG_confidence_lambda
0.7411137819290161 0.7363744378089905
0.7517772912979126 0.5693128108978271
0.7233412861824036 0.7180095314979553
0.7422986030578613 0.5355450510978699
0.701421856880188 0.6421801447868347
Clean: 0.7319905638694764±0.017834008038035008: [0.7411137819290161, 0.7517772912979126, 0.7233412861824036, 0.7422986030578613, 0.701421856880188]
Attacked: 0.6402843952178955±0.0791016851260884: [0.7363744378089905, 0.5693128108978271, 0.7180095314979553, 0.5355450510978699, 0.6421801447868347]
Budget: 0.4
Model:RUNG_confidence_lambda
0.7411137819290161 0.7351896166801453
0.7517772912979126 0.5361374616622925
0.7233412861824036 0.7191943526268005
0.7422986030578613 0.7233412861824036
0.701421856880188 0.5438388586044312
Clean: 0.7319905638694764±0.017834008038035008: [0.7411137819290161, 0.7517772912979126, 0.7233412861824036, 0.7422986030578613, 0.701421856880188]
Attacked: 0.6515403151512146±0.09126563012408548: [0.7351896166801453, 0.5361374616622925, 0.7191943526268005, 0.7233412861824036, 0.5438388586044312]
Budget: 0.6
Model:RUNG_confidence_lambda
0.7411137819290161 0.7328199148178101
0.7517772912979126 0.4780806005001068
0.7233412861824036 0.7191943526268005
0.7422986030578613 0.7132701873779297
0.701421856880188 0.4875592589378357
Clean: 0.7319905638694764±0.017834008038035008: [0.7411137819290161, 0.7517772912979126, 0.7233412861824036, 0.7422986030578613, 0.701421856880188]
Attacked: 0.6261848628520965±0.11726686133010586: [0.7328199148178101, 0.4780806005001068, 0.7191943526268005, 0.7132701873779297, 0.4875592589378357]
