Budget: 0.05
Model:RUNG_combined
0.6777251362800598 0.6765403151512146
0.6937204003334045 0.6937204003334045
0.6931279897689819 0.6907583475112915
0.6670616269111633 0.6670616269111633
0.680094838142395 0.680094838142395
Clean: 0.6823459982872009±0.010056445279213917: [0.6777251362800598, 0.6937204003334045, 0.6931279897689819, 0.6670616269111633, 0.680094838142395]
Attacked: 0.6816351056098938±0.009695395674413396: [0.6765403151512146, 0.6937204003334045, 0.6907583475112915, 0.6670616269111633, 0.680094838142395]
Budget: 0.1
Model:RUNG_combined
0.6777251362800598 0.6765403151512146
0.6937204003334045 0.6937204003334045
0.6931279897689819 0.6925355792045593
0.6670616269111633 0.6670616269111633
0.680094838142395 0.680094838142395
Clean: 0.6823459982872009±0.010056445279213917: [0.6777251362800598, 0.6937204003334045, 0.6931279897689819, 0.6670616269111633, 0.680094838142395]
Attacked: 0.6819905519485474±0.010049463246516604: [0.6765403151512146, 0.6937204003334045, 0.6925355792045593, 0.6670616269111633, 0.680094838142395]
Budget: 0.2
Model:RUNG_combined
0.6777251362800598 0.6765403151512146
0.6937204003334045 0.6937204003334045
0.6931279897689819 0.6913507580757141
0.6670616269111633 0.6670616269111633
0.680094838142395 0.678909957408905
Clean: 0.6823459982872009±0.010056445279213917: [0.6777251362800598, 0.6937204003334045, 0.6931279897689819, 0.6670616269111633, 0.680094838142395]
Attacked: 0.6815166115760803±0.009860503548278067: [0.6765403151512146, 0.6937204003334045, 0.6913507580757141, 0.6670616269111633, 0.678909957408905]
Budget: 0.3
Model:RUNG_combined
0.6777251362800598 0.6765403151512146
0.6937204003334045 0.6937204003334045
0.6931279897689819 0.6919431686401367
0.6670616269111633 0.6658768057823181
0.680094838142395 0.678909957408905
Clean: 0.6823459982872009±0.010056445279213917: [0.6777251362800598, 0.6937204003334045, 0.6931279897689819, 0.6670616269111633, 0.680094838142395]
Attacked: 0.6813981294631958±0.010331863912286408: [0.6765403151512146, 0.6937204003334045, 0.6919431686401367, 0.6658768057823181, 0.678909957408905]
Budget: 0.4
Model:RUNG_combined
0.6777251362800598 0.6753554940223694
0.6937204003334045 0.6925355792045593
0.6931279897689819 0.6913507580757141
0.6670616269111633 0.6670616269111633
0.680094838142395 0.678909957408905
Clean: 0.6823459982872009±0.010056445279213917: [0.6777251362800598, 0.6937204003334045, 0.6931279897689819, 0.6670616269111633, 0.680094838142395]
Attacked: 0.6810426831245422±0.009702635118448225: [0.6753554940223694, 0.6925355792045593, 0.6913507580757141, 0.6670616269111633, 0.678909957408905]
Budget: 0.6
Model:RUNG_combined
0.6777251362800598 0.6765403151512146
0.6937204003334045 0.6937204003334045
0.6931279897689819 0.6907583475112915
0.6670616269111633 0.6652843952178955
0.680094838142395 0.678909957408905
Clean: 0.6823459982872009±0.010056445279213917: [0.6777251362800598, 0.6937204003334045, 0.6931279897689819, 0.6670616269111633, 0.680094838142395]
Attacked: 0.6810426831245422±0.010278736519611606: [0.6765403151512146, 0.6937204003334045, 0.6907583475112915, 0.6652843952178955, 0.678909957408905]
