Budget: 0.05
Model:RUNG
0.7085307836532593 0.6451421976089478
0.6913506984710693 0.6238151788711548
0.7037914395332336 0.6439573168754578
0.7085307836532593 0.6475118398666382
0.6954976320266724 0.6362559199333191
Clean: 0.7015402674674988±0.006973423379661263: [0.7085307836532593, 0.6913506984710693, 0.7037914395332336, 0.7085307836532593, 0.6954976320266724]
Attacked: 0.6393364906311035±0.00862897025594167: [0.6451421976089478, 0.6238151788711548, 0.6439573168754578, 0.6475118398666382, 0.6362559199333191]
Budget: 0.1
Model:RUNG
0.7085307836532593 0.6143364906311035
0.6913506984710693 0.5894549489021301
0.7037914395332336 0.6060426831245422
0.7085307836532593 0.6084123253822327
0.6954976320266724 0.6090047359466553
Clean: 0.7015402674674988±0.006973423379661263: [0.7085307836532593, 0.6913506984710693, 0.7037914395332336, 0.7085307836532593, 0.6954976320266724]
Attacked: 0.6054502367973328±0.008444811042132017: [0.6143364906311035, 0.5894549489021301, 0.6060426831245422, 0.6084123253822327, 0.6090047359466553]
Budget: 0.2
Model:RUNG
0.7085307836532593 0.5675355195999146
0.6913506984710693 0.5408768057823181
0.7037914395332336 0.5663506984710693
0.7085307836532593 0.5675355195999146
0.6954976320266724 0.5669431090354919
Clean: 0.7015402674674988±0.006973423379661263: [0.7085307836532593, 0.6913506984710693, 0.7037914395332336, 0.7085307836532593, 0.6954976320266724]
Attacked: 0.5618483304977417±0.010494962356991438: [0.5675355195999146, 0.5408768057823181, 0.5663506984710693, 0.5675355195999146, 0.5669431090354919]
Budget: 0.3
Model:RUNG
0.7085307836532593 0.5373222827911377
0.6913506984710693 0.5094786882400513
0.7037914395332336 0.5414692163467407
0.7085307836532593 0.5396919250488281
0.6954976320266724 0.5473933815956116
Clean: 0.7015402674674988±0.006973423379661263: [0.7085307836532593, 0.6913506984710693, 0.7037914395332336, 0.7085307836532593, 0.6954976320266724]
Attacked: 0.5350710988044739±0.013222449881090307: [0.5373222827911377, 0.5094786882400513, 0.5414692163467407, 0.5396919250488281, 0.5473933815956116]
Budget: 0.4
Model:RUNG
0.7085307836532593 0.5231042504310608
0.6913506984710693 0.495853066444397
0.7037914395332336 0.525473952293396
0.7085307836532593 0.521327018737793
0.6954976320266724 0.5343601703643799
Clean: 0.7015402674674988±0.006973423379661263: [0.7085307836532593, 0.6913506984710693, 0.7037914395332336, 0.7085307836532593, 0.6954976320266724]
Attacked: 0.5200236916542054±0.012889124017867909: [0.5231042504310608, 0.495853066444397, 0.525473952293396, 0.521327018737793, 0.5343601703643799]
