Budget: 0.05
Model:RUNG_learnable_distance

Detected GPU: Tesla T4 with compute capability 7.5
Using GPU: Tesla T4

0.6777251362800598 0.6427725553512573
0.7144550085067749 0.7097156643867493
0.6830568909645081 0.678909957408905
0.6913507580757141 0.6753554940223694
0.721563994884491 0.7197867631912231
Clean: 0.6976303577423095±0.017343154312623912: [0.6777251362800598, 0.7144550085067749, 0.6830568909645081, 0.6913507580757141, 0.721563994884491]
Attacked: 0.6853080868721009±0.027326802109553138: [0.6427725553512573, 0.7097156643867493, 0.678909957408905, 0.6753554940223694, 0.7197867631912231]
Budget: 0.1
Model:RUNG_learnable_distance

Detected GPU: Tesla T4 with compute capability 7.5
Using GPU: Tesla T4

0.6777251362800598 0.6350710988044739
0.7144550085067749 0.700236976146698
0.6830568909645081 0.678909957408905
0.6913507580757141 0.6712085604667664
0.721563994884491 0.7197867631912231
Clean: 0.6976303577423095±0.017343154312623912: [0.6777251362800598, 0.7144550085067749, 0.6830568909645081, 0.6913507580757141, 0.721563994884491]
Attacked: 0.6810426712036133±0.028580306776367966: [0.6350710988044739, 0.700236976146698, 0.678909957408905, 0.6712085604667664, 0.7197867631912231]
Budget: 0.2
Model:RUNG_learnable_distance

Detected GPU: Tesla T4 with compute capability 7.5
Using GPU: Tesla T4

0.6777251362800598 0.6226303577423096
0.7144550085067749 0.6990521550178528
0.6830568909645081 0.6795023679733276
0.6913507580757141 0.6575829386711121
0.721563994884491 0.7162322402000427
Clean: 0.6976303577423095±0.017343154312623912: [0.6777251362800598, 0.7144550085067749, 0.6830568909645081, 0.6913507580757141, 0.721563994884491]
Attacked: 0.675000011920929±0.03269497993825993: [0.6226303577423096, 0.6990521550178528, 0.6795023679733276, 0.6575829386711121, 0.7162322402000427]
Budget: 0.3
Model:RUNG_learnable_distance

Detected GPU: Tesla T4 with compute capability 7.5
Using GPU: Tesla T4

0.6777251362800598 0.6131516695022583
0.7144550085067749 0.6901658773422241
0.6830568909645081 0.6765403151512146
0.6913507580757141 0.6528436541557312
0.721563994884491 0.7150474190711975
Clean: 0.6976303577423095±0.017343154312623912: [0.6777251362800598, 0.7144550085067749, 0.6830568909645081, 0.6913507580757141, 0.721563994884491]
Attacked: 0.6695497870445252±0.03465189091757379: [0.6131516695022583, 0.6901658773422241, 0.6765403151512146, 0.6528436541557312, 0.7150474190711975]
Budget: 0.4
Model:RUNG_learnable_distance

Detected GPU: Tesla T4 with compute capability 7.5
Using GPU: Tesla T4

0.6777251362800598 0.6090047359466553
0.7144550085067749 0.6848341226577759
0.6830568909645081 0.6232227683067322
0.6913507580757141 0.6439573764801025
0.721563994884491 0.7144550085067749
Clean: 0.6976303577423095±0.017343154312623912: [0.6777251362800598, 0.7144550085067749, 0.6830568909645081, 0.6913507580757141, 0.721563994884491]
Attacked: 0.6550948023796082±0.03917199070119035: [0.6090047359466553, 0.6848341226577759, 0.6232227683067322, 0.6439573764801025, 0.7144550085067749]
Budget: 0.6
Model:RUNG_learnable_distance

Detected GPU: Tesla T4 with compute capability 7.5
Using GPU: Tesla T4

0.6777251362800598 0.5995261073112488
0.7144550085067749 0.6682464480400085
0.6830568909645081 0.6101896166801453
0.6913507580757141 0.6255924701690674
0.721563994884491 0.7132701873779297
Clean: 0.6976303577423095±0.017343154312623912: [0.6777251362800598, 0.7144550085067749, 0.6830568909645081, 0.6913507580757141, 0.721563994884491]
Attacked: 0.6433649659156799±0.04205743469611961: [0.5995261073112488, 0.6682464480400085, 0.6101896166801453, 0.6255924701690674, 0.7132701873779297]
