Budget: 0.05
Model:RUNG_learnable_distance

Detected GPU: Tesla T4 with compute capability 7.5
Using GPU: Tesla T4

0.7393364906311035 0.729857861995697
0.7186019420623779 0.708530843257904
0.7209715843200684 0.7091232538223267
0.6937204003334045 0.680094838142395
0.6943128108978271 0.6599526405334473
Clean: 0.7133886456489563±0.01737065009057919: [0.7393364906311035, 0.7186019420623779, 0.7209715843200684, 0.6937204003334045, 0.6943128108978271]
Attacked: 0.697511887550354±0.024562385555812527: [0.729857861995697, 0.708530843257904, 0.7091232538223267, 0.680094838142395, 0.6599526405334473]
Budget: 0.1
Model:RUNG_learnable_distance

Detected GPU: Tesla T4 with compute capability 7.5
Using GPU: Tesla T4

0.7393364906311035 0.7174170613288879
0.7186019420623779 0.7020142674446106
0.7209715843200684 0.700236976146698
0.6937204003334045 0.6723933815956116
0.6943128108978271 0.6635071039199829
Clean: 0.7133886456489563±0.01737065009057919: [0.7393364906311035, 0.7186019420623779, 0.7209715843200684, 0.6937204003334045, 0.6943128108978271]
Attacked: 0.6911137580871582±0.02003246277286684: [0.7174170613288879, 0.7020142674446106, 0.700236976146698, 0.6723933815956116, 0.6635071039199829]
Budget: 0.15
Model:RUNG_learnable_distance

Detected GPU: Tesla T4 with compute capability 7.5
Using GPU: Tesla T4

0.7393364906311035 0.7109004855155945
0.7186019420623779 0.7020142674446106
0.7209715843200684 0.6990521550178528
0.6937204003334045 0.6712085604667664
0.6943128108978271 0.6682464480400085
Clean: 0.7133886456489563±0.01737065009057919: [0.7393364906311035, 0.7186019420623779, 0.7209715843200684, 0.6937204003334045, 0.6943128108978271]
Attacked: 0.6902843832969665±0.017257145075560434: [0.7109004855155945, 0.7020142674446106, 0.6990521550178528, 0.6712085604667664, 0.6682464480400085]
Budget: 0.2
Model:RUNG_learnable_distance

Detected GPU: Tesla T4 with compute capability 7.5
Using GPU: Tesla T4

0.7393364906311035 0.7026066780090332
0.7186019420623779 0.6901658773422241
0.7209715843200684 0.6931279897689819
0.6937204003334045 0.6688388586044312
0.6943128108978271 0.6652843952178955
Clean: 0.7133886456489563±0.01737065009057919: [0.7393364906311035, 0.7186019420623779, 0.7209715843200684, 0.6937204003334045, 0.6943128108978271]
Attacked: 0.6840047597885132±0.014475362963686001: [0.7026066780090332, 0.6901658773422241, 0.6931279897689819, 0.6688388586044312, 0.6652843952178955]
Budget: 0.3
Model:RUNG_learnable_distance

Detected GPU: Tesla T4 with compute capability 7.5
Using GPU: Tesla T4

0.7393364906311035 0.7020142674446106
0.7186019420623779 0.6937204003334045
0.7209715843200684 0.6854265928268433
0.6937204003334045 0.6646919846534729
0.6943128108978271 0.6338862776756287
Clean: 0.7133886456489563±0.01737065009057919: [0.7393364906311035, 0.7186019420623779, 0.7209715843200684, 0.6937204003334045, 0.6943128108978271]
Attacked: 0.675947904586792±0.024417365133896415: [0.7020142674446106, 0.6937204003334045, 0.6854265928268433, 0.6646919846534729, 0.6338862776756287]
Budget: 0.4
Model:RUNG_learnable_distance

Detected GPU: Tesla T4 with compute capability 7.5
Using GPU: Tesla T4

0.7393364906311035 0.6925355792045593
0.7186019420623779 0.6866114139556885
0.7209715843200684 0.678909957408905
0.6937204003334045 0.6409952640533447
0.6943128108978271 0.625
Clean: 0.7133886456489563±0.01737065009057919: [0.7393364906311035, 0.7186019420623779, 0.7209715843200684, 0.6937204003334045, 0.6943128108978271]
Attacked: 0.6648104429244995±0.026813414325134056: [0.6925355792045593, 0.6866114139556885, 0.678909957408905, 0.6409952640533447, 0.625]
Budget: 0.6
Model:RUNG_learnable_distance

Detected GPU: Tesla T4 with compute capability 7.5
Using GPU: Tesla T4

0.7393364906311035 0.6860190033912659
0.7186019420623779 0.675947904586792
0.7209715843200684 0.6682464480400085
0.6937204003334045 0.6309241652488708
0.6943128108978271 0.6066350936889648
Clean: 0.7133886456489563±0.01737065009057919: [0.7393364906311035, 0.7186019420623779, 0.7209715843200684, 0.6937204003334045, 0.6943128108978271]
Attacked: 0.6535545229911804±0.029949372701828358: [0.6860190033912659, 0.675947904586792, 0.6682464480400085, 0.6309241652488708, 0.6066350936889648]
Budget: 0.8
Model:RUNG_learnable_distance

Detected GPU: Tesla T4 with compute capability 7.5
Using GPU: Tesla T4

0.7393364906311035 0.6806872487068176
0.7186019420623779 0.6652843952178955
0.7209715843200684 0.6558057069778442
0.6937204003334045 0.6184834241867065
0.6943128108978271 0.600710928440094
Clean: 0.7133886456489563±0.01737065009057919: [0.7393364906311035, 0.7186019420623779, 0.7209715843200684, 0.6937204003334045, 0.6943128108978271]
Attacked: 0.6441943407058716±0.029877098021456525: [0.6806872487068176, 0.6652843952178955, 0.6558057069778442, 0.6184834241867065, 0.600710928440094]
Budget: 1.0
Model:RUNG_learnable_distance

Detected GPU: Tesla T4 with compute capability 7.5
Using GPU: Tesla T4

0.7393364906311035 0.6688388586044312
0.7186019420623779 0.6599526405334473
0.7209715843200684 0.6374408006668091
0.6937204003334045 0.6155213713645935
0.6943128108978271 0.5918246507644653
Clean: 0.7133886456489563±0.01737065009057919: [0.7393364906311035, 0.7186019420623779, 0.7209715843200684, 0.6937204003334045, 0.6943128108978271]
Attacked: 0.6347156643867493±0.02834354829783619: [0.6688388586044312, 0.6599526405334473, 0.6374408006668091, 0.6155213713645935, 0.5918246507644653]
