Budget: 0.05
Model:RUNG_learnable_gamma
0.7405213713645935 0.7334123253822327
0.7120853066444397 0.6552132964134216
0.7245261073112488 0.6812796592712402
0.7369668483734131 0.6848341226577759
0.7191943526268005 0.6658768057823181
Clean: 0.7266587972640991±0.010687186789642186: [0.7405213713645935, 0.7120853066444397, 0.7245261073112488, 0.7369668483734131, 0.7191943526268005]
Attacked: 0.6841232419013977±0.02685785711172967: [0.7334123253822327, 0.6552132964134216, 0.6812796592712402, 0.6848341226577759, 0.6658768057823181]
Budget: 0.1
Model:RUNG_learnable_gamma
0.7405213713645935 0.7322275042533875
0.7120853066444397 0.6309241652488708
0.7245261073112488 0.6688388586044312
0.7369668483734131 0.658767819404602
0.7191943526268005 0.6386256217956543
Clean: 0.7266587972640991±0.010687186789642186: [0.7405213713645935, 0.7120853066444397, 0.7245261073112488, 0.7369668483734131, 0.7191943526268005]
Attacked: 0.6658767938613892±0.035849799834233316: [0.7322275042533875, 0.6309241652488708, 0.6688388586044312, 0.658767819404602, 0.6386256217956543]
Budget: 0.2
Model:RUNG_learnable_gamma
0.7405213713645935 0.7209715843200684
0.7120853066444397 0.5947867631912231
0.7245261073112488 0.625
0.7369668483734131 0.6196682453155518
0.7191943526268005 0.6084123253822327
Clean: 0.7266587972640991±0.010687186789642186: [0.7405213713645935, 0.7120853066444397, 0.7245261073112488, 0.7369668483734131, 0.7191943526268005]
Attacked: 0.6337677836418152±0.04481649937837374: [0.7209715843200684, 0.5947867631912231, 0.625, 0.6196682453155518, 0.6084123253822327]
Budget: 0.3
Model:RUNG_learnable_gamma
0.7405213713645935 0.7120853066444397
0.7120853066444397 0.5639810562133789
0.7245261073112488 0.5764217972755432
0.7369668483734131 0.5983412265777588
0.7191943526268005 0.5811611413955688
Clean: 0.7266587972640991±0.010687186789642186: [0.7405213713645935, 0.7120853066444397, 0.7245261073112488, 0.7369668483734131, 0.7191943526268005]
Attacked: 0.6063981056213379±0.053980343210973634: [0.7120853066444397, 0.5639810562133789, 0.5764217972755432, 0.5983412265777588, 0.5811611413955688]
Budget: 0.4
Model:RUNG_learnable_gamma
0.7405213713645935 0.7091232538223267
0.7120853066444397 0.5497630834579468
0.7245261073112488 0.5450237393379211
0.7369668483734131 0.5740521550178528
0.7191943526268005 0.5610190033912659
Clean: 0.7266587972640991±0.010687186789642186: [0.7405213713645935, 0.7120853066444397, 0.7245261073112488, 0.7369668483734131, 0.7191943526268005]
Attacked: 0.5877962470054626±0.06148523784597287: [0.7091232538223267, 0.5497630834579468, 0.5450237393379211, 0.5740521550178528, 0.5610190033912659]
Budget: 0.6
Model:RUNG_learnable_gamma
0.7405213713645935 0.5284360647201538
0.7120853066444397 0.5148104429244995
0.7245261073112488 0.5094786882400513
0.7369668483734131 0.5390995740890503
0.7191943526268005 0.5248815417289734
Clean: 0.7266587972640991±0.010687186789642186: [0.7405213713645935, 0.7120853066444397, 0.7245261073112488, 0.7369668483734131, 0.7191943526268005]
Attacked: 0.5233412623405457±0.010407686598333205: [0.5284360647201538, 0.5148104429244995, 0.5094786882400513, 0.5390995740890503, 0.5248815417289734]
