Budget: 0.05
Model:RUNG_percentile_gamma
0.6966825127601624 0.6919431686401367
0.6854265928268433 0.6451421976089478
0.7233412861824036 0.6842417120933533
0.6824644804000854 0.6415876746177673
0.6895734667778015 0.6783175468444824
Clean: 0.6954976677894592±0.014717728254538449: [0.6966825127601624, 0.6854265928268433, 0.7233412861824036, 0.6824644804000854, 0.6895734667778015]
Attacked: 0.6682464599609375±0.02080051277649228: [0.6919431686401367, 0.6451421976089478, 0.6842417120933533, 0.6415876746177673, 0.6783175468444824]
Budget: 0.1
Model:RUNG_percentile_gamma
0.6966825127601624 0.6925355792045593
0.6854265928268433 0.6178910136222839
0.7233412861824036 0.6943128108978271
0.6824644804000854 0.6593602299690247
0.6895734667778015 0.6729857921600342
Clean: 0.6954976677894592±0.014717728254538449: [0.6966825127601624, 0.6854265928268433, 0.7233412861824036, 0.6824644804000854, 0.6895734667778015]
Attacked: 0.6674170851707458±0.027939484537874086: [0.6925355792045593, 0.6178910136222839, 0.6943128108978271, 0.6593602299690247, 0.6729857921600342]
Budget: 0.2
Model:RUNG_percentile_gamma
0.6966825127601624 0.6877962350845337
0.6854265928268433 0.5823460221290588
0.7233412861824036 0.6848341226577759
0.6824644804000854 0.5805687308311462
0.6895734667778015 0.6635071039199829
Clean: 0.6954976677894592±0.014717728254538449: [0.6966825127601624, 0.6854265928268433, 0.7233412861824036, 0.6824644804000854, 0.6895734667778015]
Attacked: 0.6398104429244995±0.0483798301720722: [0.6877962350845337, 0.5823460221290588, 0.6848341226577759, 0.5805687308311462, 0.6635071039199829]
Budget: 0.3
Model:RUNG_percentile_gamma
0.6966825127601624 0.6842417120933533
0.6854265928268433 0.5622038245201111
0.7233412861824036 0.6854265928268433
0.6824644804000854 0.5545023679733276
0.6895734667778015 0.5716825127601624
Clean: 0.6954976677894592±0.014717728254538449: [0.6966825127601624, 0.6854265928268433, 0.7233412861824036, 0.6824644804000854, 0.6895734667778015]
Attacked: 0.6116114020347595±0.06003450843786099: [0.6842417120933533, 0.5622038245201111, 0.6854265928268433, 0.5545023679733276, 0.5716825127601624]
Budget: 0.4
Model:RUNG_percentile_gamma
0.6966825127601624 0.6854265928268433
0.6854265928268433 0.5592417120933533
0.7233412861824036 0.5847156643867493
0.6824644804000854 0.5420616269111633
0.6895734667778015 0.5396919846534729
Clean: 0.6954976677894592±0.014717728254538449: [0.6966825127601624, 0.6854265928268433, 0.7233412861824036, 0.6824644804000854, 0.6895734667778015]
Attacked: 0.5822275161743165±0.054050268444791494: [0.6854265928268433, 0.5592417120933533, 0.5847156643867493, 0.5420616269111633, 0.5396919846534729]
Budget: 0.6
Model:RUNG_percentile_gamma
0.6966825127601624 0.6783175468444824
0.6854265928268433 0.5426540374755859
0.7233412861824036 0.5639810562133789
0.6824644804000854 0.5550947785377502
0.6895734667778015 0.5473933815956116
Clean: 0.6954976677894592±0.014717728254538449: [0.6966825127601624, 0.6854265928268433, 0.7233412861824036, 0.6824644804000854, 0.6895734667778015]
Attacked: 0.5774881601333618±0.050930506411591484: [0.6783175468444824, 0.5426540374755859, 0.5639810562133789, 0.5550947785377502, 0.5473933815956116]
