
Detected GPU: Tesla T4 with compute capability 7.5
Using GPU: Tesla T4


Fit RUNG_parametric_gamma | lr=0.05, schedule_lr=0.01000, wd=0.0005, epochs=300
  gamma_reg_strength=0.0, patience=100, grad_clip=1.0
  Initial schedule: gamma_0=6.0000, decay_rate=0.8500, gammas=[6.000, 5.100, 4.335, 3.685, 3.132, 2.662, 2.263, 1.923, 1.635, 1.390]

  Epoch   50 | loss=0.0471 | val=0.6967 | γ₀=6.2577, r=0.8589 | gammas=[6.26, 5.37, 4.62, 3.96, 3.40, 2.92, 2.51, 2.16, 1.85, 1.59]

  Epoch  100 | loss=0.0427 | val=0.6398 | γ₀=7.0214, r=0.8715 | gammas=[7.02, 6.12, 5.33, 4.65, 4.05, 3.53, 3.08, 2.68, 2.34, 2.04]

  Epoch  150 | loss=0.1097 | val=0.6303 | γ₀=8.4733, r=0.8887 | gammas=[8.47, 7.53, 6.69, 5.95, 5.29, 4.70, 4.17, 3.71, 3.30, 2.93]

  Early stopping at epoch 153 (best val=0.7062 at epoch 52)

Training done. Best val acc: 0.7062 (epoch 52)

=================================================================
           RUNG_parametric_gamma — Schedule Parameters           
=================================================================
  γ₀ (gamma_0)          = 6.261985
  r  (decay_rate)       = 0.858969

  Layer           gamma          lam
  -----------------------------------
  0            6.261985     1.692428
  1            5.378848     1.453743
  2            4.620261     1.248719
  3            3.968659     1.072610
  4            3.408953     0.921339
  5            2.928184     0.791401
  6            2.515218     0.679789
  7            2.160493     0.583917
  8            1.855796     0.501566
  9            1.594070     0.430830
=================================================================

Acc: [0.6949052214622498]

Fit RUNG_parametric_gamma | lr=0.05, schedule_lr=0.01000, wd=0.0005, epochs=300
  gamma_reg_strength=0.0, patience=100, grad_clip=1.0
  Initial schedule: gamma_0=6.0000, decay_rate=0.8500, gammas=[6.000, 5.100, 4.335, 3.685, 3.132, 2.662, 2.263, 1.923, 1.635, 1.390]

  Epoch   50 | loss=0.0310 | val=0.6398 | γ₀=6.6831, r=0.8579 | gammas=[6.68, 5.73, 4.92, 4.22, 3.62, 3.11, 2.66, 2.29, 1.96, 1.68]

  Epoch  100 | loss=0.0741 | val=0.6303 | γ₀=7.2677, r=0.8650 | gammas=[7.27, 6.29, 5.44, 4.70, 4.07, 3.52, 3.04, 2.63, 2.28, 1.97]

  Early stopping at epoch 105 (best val=0.7014 at epoch 4)

Training done. Best val acc: 0.7014 (epoch 4)

=================================================================
           RUNG_parametric_gamma — Schedule Parameters           
=================================================================
  γ₀ (gamma_0)          = 6.126112
  r  (decay_rate)       = 0.851991

  Layer           gamma          lam
  -----------------------------------
  0            6.126112     1.655706
  1            5.219395     1.410647
  2            4.446880     1.201859
  3            3.788703     1.023974
  4            3.227943     0.872417
  5            2.750180     0.743292
  6            2.343130     0.633278
  7            1.996326     0.539548
  8            1.700853     0.459690
  9            1.449112     0.391652
=================================================================

Acc: [0.6949052214622498, 0.7547393441200256]

Fit RUNG_parametric_gamma | lr=0.05, schedule_lr=0.01000, wd=0.0005, epochs=300
  gamma_reg_strength=0.0, patience=100, grad_clip=1.0
  Initial schedule: gamma_0=6.0000, decay_rate=0.8500, gammas=[6.000, 5.100, 4.335, 3.685, 3.132, 2.662, 2.263, 1.923, 1.635, 1.390]

  Epoch   50 | loss=0.0725 | val=0.6919 | γ₀=7.0258, r=0.8652 | gammas=[7.03, 6.08, 5.26, 4.55, 3.94, 3.41, 2.95, 2.55, 2.21, 1.91]

  Epoch  100 | loss=0.0940 | val=0.7014 | γ₀=7.9468, r=0.8748 | gammas=[7.95, 6.95, 6.08, 5.32, 4.65, 4.07, 3.56, 3.12, 2.73, 2.39]

  Early stopping at epoch 107 (best val=0.7488 at epoch 6)

Training done. Best val acc: 0.7488 (epoch 6)

=================================================================
           RUNG_parametric_gamma — Schedule Parameters           
=================================================================
  γ₀ (gamma_0)          = 6.096657
  r  (decay_rate)       = 0.850459

  Layer           gamma          lam
  -----------------------------------
  0            6.096657     1.647745
  1            5.184955     1.401339
  2            4.409590     1.191781
  3            3.750174     1.013561
  4            3.189368     0.861991
  5            2.712426     0.733088
  6            2.306806     0.623461
  7            1.961843     0.530228
  8            1.668467     0.450937
  9            1.418962     0.383503
=================================================================

Acc: [0.6949052214622498, 0.7547393441200256, 0.7263033390045166]

Fit RUNG_parametric_gamma | lr=0.05, schedule_lr=0.01000, wd=0.0005, epochs=300
  gamma_reg_strength=0.0, patience=100, grad_clip=1.0
  Initial schedule: gamma_0=6.0000, decay_rate=0.8500, gammas=[6.000, 5.100, 4.335, 3.685, 3.132, 2.662, 2.263, 1.923, 1.635, 1.390]

  Epoch   50 | loss=0.0453 | val=0.7109 | γ₀=6.8957, r=0.8639 | gammas=[6.90, 5.96, 5.15, 4.45, 3.84, 3.32, 2.87, 2.48, 2.14, 1.85]

  Epoch  100 | loss=0.0539 | val=0.7014 | γ₀=9.0243, r=0.8892 | gammas=[9.02, 8.02, 7.14, 6.34, 5.64, 5.02, 4.46, 3.97, 3.53, 3.14]

  Early stopping at epoch 107 (best val=0.7346 at epoch 6)

Training done. Best val acc: 0.7346 (epoch 6)

=================================================================
           RUNG_parametric_gamma — Schedule Parameters           
=================================================================
  γ₀ (gamma_0)          = 5.964847
  r  (decay_rate)       = 0.849500

  Layer           gamma          lam
  -----------------------------------
  0            5.964847     1.612121
  1            5.067135     1.369496
  2            4.304528     1.163386
  3            3.656695     0.988296
  4            3.106361     0.839557
  5            2.638852     0.713203
  6            2.241703     0.605866
  7            1.904326     0.514683
  8            1.617724     0.437223
  9            1.374256     0.371420
=================================================================

Acc: [0.6949052214622498, 0.7547393441200256, 0.7263033390045166, 0.7174170613288879]

Fit RUNG_parametric_gamma | lr=0.05, schedule_lr=0.01000, wd=0.0005, epochs=300
  gamma_reg_strength=0.0, patience=100, grad_clip=1.0
  Initial schedule: gamma_0=6.0000, decay_rate=0.8500, gammas=[6.000, 5.100, 4.335, 3.685, 3.132, 2.662, 2.263, 1.923, 1.635, 1.390]

  Epoch   50 | loss=0.0440 | val=0.7109 | γ₀=6.7257, r=0.8576 | gammas=[6.73, 5.77, 4.95, 4.24, 3.64, 3.12, 2.67, 2.29, 1.97, 1.69]

  Epoch  100 | loss=0.0677 | val=0.7156 | γ₀=8.2145, r=0.8727 | gammas=[8.21, 7.17, 6.26, 5.46, 4.77, 4.16, 3.63, 3.17, 2.76, 2.41]

  Epoch  150 | loss=0.1044 | val=0.6588 | γ₀=9.6893, r=0.8841 | gammas=[9.69, 8.57, 7.57, 6.70, 5.92, 5.23, 4.63, 4.09, 3.62, 3.20]

  Early stopping at epoch 164 (best val=0.7536 at epoch 63)

Training done. Best val acc: 0.7536 (epoch 63)

=================================================================
           RUNG_parametric_gamma — Schedule Parameters           
=================================================================
  γ₀ (gamma_0)          = 6.832770
  r  (decay_rate)       = 0.858017

  Layer           gamma          lam
  -----------------------------------
  0            6.832770     1.846695
  1            5.862632     1.584495
  2            5.030238     1.359524
  3            4.316029     1.166494
  4            3.703226     1.000872
  5            3.177430     0.858765
  6            2.726289     0.736835
  7            2.339202     0.632217
  8            2.007075     0.542453
  9            1.722104     0.465434
=================================================================

Acc: [0.6949052214622498, 0.7547393441200256, 0.7263033390045166, 0.7174170613288879, 0.6854265928268433]
model RUNG_parametric_gamma done, clean acc: 0.7157583117485047±0.02444722676288414
