Budget: 0.05
Model:RUNG_parametric_gamma

Detected GPU: Tesla T4 with compute capability 7.5
Using GPU: Tesla T4

0.701421856880188 0.6996445655822754
0.7535545229911804 0.7482227683067322
0.7251185178756714 0.7073460221290588
0.7180095314979553 0.6919431686401367
0.7476303577423096 0.7452607154846191
Clean: 0.7291469573974609±0.019216228172356055: [0.701421856880188, 0.7535545229911804, 0.7251185178756714, 0.7180095314979553, 0.7476303577423096]
Attacked: 0.7184834480285645±0.023599921188548076: [0.6996445655822754, 0.7482227683067322, 0.7073460221290588, 0.6919431686401367, 0.7452607154846191]
Budget: 0.1
Model:RUNG_parametric_gamma

Detected GPU: Tesla T4 with compute capability 7.5
Using GPU: Tesla T4

0.701421856880188 0.700236976146698
0.7535545229911804 0.7440758347511292
0.7251185178756714 0.6818720698356628
0.7180095314979553 0.6883886456489563
0.7476303577423096 0.7357820272445679
Clean: 0.7291469573974609±0.019216228172356055: [0.701421856880188, 0.7535545229911804, 0.7251185178756714, 0.7180095314979553, 0.7476303577423096]
Attacked: 0.7100711107254029±0.025216652775996704: [0.700236976146698, 0.7440758347511292, 0.6818720698356628, 0.6883886456489563, 0.7357820272445679]
Budget: 0.15
Model:RUNG_parametric_gamma

Detected GPU: Tesla T4 with compute capability 7.5
Using GPU: Tesla T4

0.701421856880188 0.700236976146698
0.7535545229911804 0.7393364906311035
0.7251185178756714 0.6534360647201538
0.7180095314979553 0.6795023679733276
0.7476303577423096 0.7340047955513
Clean: 0.7291469573974609±0.019216228172356055: [0.701421856880188, 0.7535545229911804, 0.7251185178756714, 0.7180095314979553, 0.7476303577423096]
Attacked: 0.7013033390045166±0.03250723395797868: [0.700236976146698, 0.7393364906311035, 0.6534360647201538, 0.6795023679733276, 0.7340047955513]
Budget: 0.2
Model:RUNG_parametric_gamma

Detected GPU: Tesla T4 with compute capability 7.5
Using GPU: Tesla T4

0.701421856880188 0.6990521550178528
0.7535545229911804 0.7393364906311035
0.7251185178756714 0.6427725553512573
0.7180095314979553 0.6854265928268433
0.7476303577423096 0.7428910136222839
Clean: 0.7291469573974609±0.019216228172356055: [0.701421856880188, 0.7535545229911804, 0.7251185178756714, 0.7180095314979553, 0.7476303577423096]
Attacked: 0.7018957614898682±0.03703320675921871: [0.6990521550178528, 0.7393364906311035, 0.6427725553512573, 0.6854265928268433, 0.7428910136222839]
Budget: 0.3
Model:RUNG_parametric_gamma

Detected GPU: Tesla T4 with compute capability 7.5
Using GPU: Tesla T4

0.701421856880188 0.6990521550178528
0.7535545229911804 0.7310426831245422
0.7251185178756714 0.6208531260490417
0.7180095314979553 0.675947904586792
0.7476303577423096 0.7345972061157227
Clean: 0.7291469573974609±0.019216228172356055: [0.701421856880188, 0.7535545229911804, 0.7251185178756714, 0.7180095314979553, 0.7476303577423096]
Attacked: 0.6922986149787903±0.041731732651413084: [0.6990521550178528, 0.7310426831245422, 0.6208531260490417, 0.675947904586792, 0.7345972061157227]
Budget: 0.4
Model:RUNG_parametric_gamma

Detected GPU: Tesla T4 with compute capability 7.5
Using GPU: Tesla T4

0.701421856880188 0.6996445655822754
0.7535545229911804 0.7280805706977844
0.7251185178756714 0.6084123253822327
0.7180095314979553 0.6741706132888794
0.7476303577423096 0.7340047955513
Clean: 0.7291469573974609±0.019216228172356055: [0.701421856880188, 0.7535545229911804, 0.7251185178756714, 0.7180095314979553, 0.7476303577423096]
Attacked: 0.6888625741004943±0.04556362361852277: [0.6996445655822754, 0.7280805706977844, 0.6084123253822327, 0.6741706132888794, 0.7340047955513]
Budget: 0.6
Model:RUNG_parametric_gamma

Detected GPU: Tesla T4 with compute capability 7.5
Using GPU: Tesla T4

0.701421856880188 0.6978673338890076
0.7535545229911804 0.7162322402000427
0.7251185178756714 0.5995261073112488
0.7180095314979553 0.6658768057823181
0.7476303577423096 0.475710928440094
Clean: 0.7291469573974609±0.019216228172356055: [0.701421856880188, 0.7535545229911804, 0.7251185178756714, 0.7180095314979553, 0.7476303577423096]
Attacked: 0.6310426831245423±0.08724386425439255: [0.6978673338890076, 0.7162322402000427, 0.5995261073112488, 0.6658768057823181, 0.475710928440094]
Budget: 0.8
Model:RUNG_parametric_gamma

Detected GPU: Tesla T4 with compute capability 7.5
Using GPU: Tesla T4

0.701421856880188 0.6960901021957397
0.7535545229911804 0.7037914991378784
0.7251185178756714 0.5847156643867493
0.7180095314979553 0.6646919846534729
0.7476303577423096 0.6824644804000854
Clean: 0.7291469573974609±0.019216228172356055: [0.701421856880188, 0.7535545229911804, 0.7251185178756714, 0.7180095314979553, 0.7476303577423096]
Attacked: 0.6663507461547852±0.04292535329613951: [0.6960901021957397, 0.7037914991378784, 0.5847156643867493, 0.6646919846534729, 0.6824644804000854]
Budget: 1.0
Model:RUNG_parametric_gamma

Detected GPU: Tesla T4 with compute capability 7.5
Using GPU: Tesla T4

0.701421856880188 0.6949052214622498
0.7535545229911804 0.7020142674446106
0.7251185178756714 0.5811611413955688
0.7180095314979553 0.6558057069778442
0.7476303577423096 0.7328199148178101
Clean: 0.7291469573974609±0.019216228172356055: [0.701421856880188, 0.7535545229911804, 0.7251185178756714, 0.7180095314979553, 0.7476303577423096]
Attacked: 0.6733412504196167±0.05221020217260159: [0.6949052214622498, 0.7020142674446106, 0.5811611413955688, 0.6558057069778442, 0.7328199148178101]
