Budget: 0.05
Model:RUNG_percentile_gamma

Detected GPU: Tesla T4 with compute capability 7.5
Using GPU: Tesla T4

0.6907583475112915 0.6889810562133789
0.7340047955513 0.6895734667778015
0.6913507580757141 0.6392180323600769
0.6978673338890076 0.6931279897689819
0.6954976320266724 0.6492891311645508
Clean: 0.7018957734107971±0.016268948614187626: [0.6907583475112915, 0.7340047955513, 0.6913507580757141, 0.6978673338890076, 0.6954976320266724]
Attacked: 0.672037935256958±0.022952162105466117: [0.6889810562133789, 0.6895734667778015, 0.6392180323600769, 0.6931279897689819, 0.6492891311645508]
Budget: 0.1
Model:RUNG_percentile_gamma

Detected GPU: Tesla T4 with compute capability 7.5
Using GPU: Tesla T4

0.6907583475112915 0.6889810562133789
0.7340047955513 0.6676540374755859
0.6913507580757141 0.6119668483734131
0.6978673338890076 0.6907583475112915
0.6954976320266724 0.6178910136222839
Clean: 0.7018957734107971±0.016268948614187626: [0.6907583475112915, 0.7340047955513, 0.6913507580757141, 0.6978673338890076, 0.6954976320266724]
Attacked: 0.6554502606391907±0.03412158143530558: [0.6889810562133789, 0.6676540374755859, 0.6119668483734131, 0.6907583475112915, 0.6178910136222839]
Budget: 0.15
Model:RUNG_percentile_gamma

Detected GPU: Tesla T4 with compute capability 7.5
Using GPU: Tesla T4

0.6907583475112915 0.6877962350845337
0.7340047955513 0.6498815417289734
0.6913507580757141 0.5930094718933105
0.6978673338890076 0.6866114139556885
0.6954976320266724 0.6013033390045166
Clean: 0.7018957734107971±0.016268948614187626: [0.6907583475112915, 0.7340047955513, 0.6913507580757141, 0.6978673338890076, 0.6954976320266724]
Attacked: 0.6437204003334045±0.040474889195368915: [0.6877962350845337, 0.6498815417289734, 0.5930094718933105, 0.6866114139556885, 0.6013033390045166]
Budget: 0.2
Model:RUNG_percentile_gamma

Detected GPU: Tesla T4 with compute capability 7.5
Using GPU: Tesla T4

0.6907583475112915 0.6883886456489563
0.7340047955513 0.6374408006668091
0.6913507580757141 0.5740521550178528
0.6978673338890076 0.6830568909645081
0.6954976320266724 0.5864928960800171
Clean: 0.7018957734107971±0.016268948614187626: [0.6907583475112915, 0.7340047955513, 0.6913507580757141, 0.6978673338890076, 0.6954976320266724]
Attacked: 0.6338862776756287±0.04738596166142961: [0.6883886456489563, 0.6374408006668091, 0.5740521550178528, 0.6830568909645081, 0.5864928960800171]
Budget: 0.3
Model:RUNG_percentile_gamma

Detected GPU: Tesla T4 with compute capability 7.5
Using GPU: Tesla T4

0.6907583475112915 0.6883886456489563
0.7340047955513 0.622037947177887
0.6913507580757141 0.5473933815956116
0.6978673338890076 0.6812796592712402
0.6954976320266724 0.5776066780090332
Clean: 0.7018957734107971±0.016268948614187626: [0.6907583475112915, 0.7340047955513, 0.6913507580757141, 0.6978673338890076, 0.6954976320266724]
Attacked: 0.6233412623405457±0.05558678141106245: [0.6883886456489563, 0.622037947177887, 0.5473933815956116, 0.6812796592712402, 0.5776066780090332]
Budget: 0.4
Model:RUNG_percentile_gamma

Detected GPU: Tesla T4 with compute capability 7.5
Using GPU: Tesla T4

0.6907583475112915 0.6883886456489563
0.7340047955513 0.6090047359466553
0.6913507580757141 0.5331753492355347
0.6978673338890076 0.6664692163467407
0.6954976320266724 0.5681279897689819
Clean: 0.7018957734107971±0.016268948614187626: [0.6907583475112915, 0.7340047955513, 0.6913507580757141, 0.6978673338890076, 0.6954976320266724]
Attacked: 0.6130331873893737±0.058213114998601115: [0.6883886456489563, 0.6090047359466553, 0.5331753492355347, 0.6664692163467407, 0.5681279897689819]
Budget: 0.6
Model:RUNG_percentile_gamma

Detected GPU: Tesla T4 with compute capability 7.5
Using GPU: Tesla T4

0.6907583475112915 0.6824644804000854
0.7340047955513 0.5918246507644653
0.6913507580757141 0.5148104429244995
0.6978673338890076 0.6155213713645935
0.6954976320266724 0.5622038245201111
Clean: 0.7018957734107971±0.016268948614187626: [0.6907583475112915, 0.7340047955513, 0.6913507580757141, 0.6978673338890076, 0.6954976320266724]
Attacked: 0.593364953994751±0.05581009258186966: [0.6824644804000854, 0.5918246507644653, 0.5148104429244995, 0.6155213713645935, 0.5622038245201111]
Budget: 0.8
Model:RUNG_percentile_gamma

Detected GPU: Tesla T4 with compute capability 7.5
Using GPU: Tesla T4

0.6907583475112915 0.6824644804000854
0.7340047955513 0.5675355792045593
0.6913507580757141 0.5
0.6978673338890076 0.5841232538223267
0.6954976320266724 0.5479857921600342
Clean: 0.7018957734107971±0.016268948614187626: [0.6907583475112915, 0.7340047955513, 0.6913507580757141, 0.6978673338890076, 0.6954976320266724]
Attacked: 0.5764218211174011±0.060053685040220114: [0.6824644804000854, 0.5675355792045593, 0.5, 0.5841232538223267, 0.5479857921600342]
Budget: 1.0
Model:RUNG_percentile_gamma

Detected GPU: Tesla T4 with compute capability 7.5
Using GPU: Tesla T4

0.6907583475112915 0.6824644804000854
0.7340047955513 0.5503554940223694
0.6913507580757141 0.4887440800666809
0.6978673338890076 0.5699052214622498
0.6954976320266724 0.5438388586044312
Clean: 0.7018957734107971±0.016268948614187626: [0.6907583475112915, 0.7340047955513, 0.6913507580757141, 0.6978673338890076, 0.6954976320266724]
Attacked: 0.5670616269111634±0.06368349018547978: [0.6824644804000854, 0.5503554940223694, 0.4887440800666809, 0.5699052214622498, 0.5438388586044312]
