Budget: 0.05
Model:RUNG_new
0.6925355792045593 0.6409952640533447
0.6777251362800598 0.6303317546844482
0.7026066780090332 0.6860190033912659
0.6712085604667664 0.6143364906311035
0.6664692163467407 0.6552132964134216
Clean: 0.6821090340614319±0.013501918630465808: [0.6925355792045593, 0.6777251362800598, 0.7026066780090332, 0.6712085604667664, 0.6664692163467407]
Attacked: 0.6453791618347168±0.02432117341664503: [0.6409952640533447, 0.6303317546844482, 0.6860190033912659, 0.6143364906311035, 0.6552132964134216]
Budget: 0.1
Model:RUNG_new
0.6925355792045593 0.6131516695022583
0.6777251362800598 0.6042654514312744
0.7026066780090332 0.622037947177887
0.6712085604667664 0.5894550085067749
0.6664692163467407 0.646327018737793
Clean: 0.6821090340614319±0.013501918630465808: [0.6925355792045593, 0.6777251362800598, 0.7026066780090332, 0.6712085604667664, 0.6664692163467407]
Attacked: 0.6150474190711975±0.01898471495507555: [0.6131516695022583, 0.6042654514312744, 0.622037947177887, 0.5894550085067749, 0.646327018737793]
Budget: 0.2
Model:RUNG_new
0.6925355792045593 0.5799763202667236
0.6777251362800598 0.5693128108978271
0.7026066780090332 0.5900474190711975
0.6712085604667664 0.553909957408905
0.6664692163467407 0.5776066780090332
Clean: 0.6821090340614319±0.013501918630465808: [0.6925355792045593, 0.6777251362800598, 0.7026066780090332, 0.6712085604667664, 0.6664692163467407]
Attacked: 0.5741706371307373±0.012096926526002673: [0.5799763202667236, 0.5693128108978271, 0.5900474190711975, 0.553909957408905, 0.5776066780090332]
Budget: 0.3
Model:RUNG_new
0.6925355792045593 0.553909957408905
0.6777251362800598 0.5515403151512146
0.7026066780090332 0.5645734667778015
0.6712085604667664 0.5343602299690247
0.6664692163467407 0.6184834241867065
Clean: 0.6821090340614319±0.013501918630465808: [0.6925355792045593, 0.6777251362800598, 0.7026066780090332, 0.6712085604667664, 0.6664692163467407]
Attacked: 0.5645734786987304±0.028645057722666997: [0.553909957408905, 0.5515403151512146, 0.5645734667778015, 0.5343602299690247, 0.6184834241867065]
Budget: 0.4
Model:RUNG_new
0.6925355792045593 0.5390995740890503
0.6777251362800598 0.5361374616622925
0.7026066780090332 0.5473933815956116
0.6712085604667664 0.5177725553512573
0.6664692163467407 0.6125592589378357
Clean: 0.6821090340614319±0.013501918630465808: [0.6925355792045593, 0.6777251362800598, 0.7026066780090332, 0.6712085604667664, 0.6664692163467407]
Attacked: 0.5505924463272095±0.03246012266734813: [0.5390995740890503, 0.5361374616622925, 0.5473933815956116, 0.5177725553512573, 0.6125592589378357]
Budget: 0.6
Model:RUNG_new
0.6925355792045593 0.5142180323600769
0.6777251362800598 0.5148104429244995
0.7026066780090332 0.525473952293396
0.6712085604667664 0.49763035774230957
0.6664692163467407 0.5799763202667236
Clean: 0.6821090340614319±0.013501918630465808: [0.6925355792045593, 0.6777251362800598, 0.7026066780090332, 0.6712085604667664, 0.6664692163467407]
Attacked: 0.5264218211174011±0.02821945343656935: [0.5142180323600769, 0.5148104429244995, 0.525473952293396, 0.49763035774230957, 0.5799763202667236]
