/home/ttt/miniconda3/lib/python3.13/site-packages/numpy/lib/_format_impl.py:838: VisibleDeprecationWarning: dtype(): align should be passed as Python or NumPy boolean but got `align=0`. Did you mean to pass a tuple to create a subarray type? (Deprecated NumPy 2.4)
  array = pickle.load(fp, **pickle_kwargs)
/home/ttt/miniconda3/lib/python3.13/site-packages/torch/cuda/__init__.py:435: UserWarning: 
    Found GPU0 NVIDIA GeForce MX130 which is of cuda capability 5.0.
    Minimum and Maximum cuda capability supported by this version of PyTorch is
    (7.0) - (12.0)
    
  queued_call()
/home/ttt/miniconda3/lib/python3.13/site-packages/torch/cuda/__init__.py:435: UserWarning: 
    Please install PyTorch with a following CUDA
    configurations:  12.6 following instructions at
    https://pytorch.org/get-started/locally/
    
  queued_call()
/home/ttt/miniconda3/lib/python3.13/site-packages/torch/cuda/__init__.py:435: UserWarning: 
NVIDIA GeForce MX130 with CUDA capability sm_50 is not compatible with the current PyTorch installation.
The current PyTorch install supports CUDA capabilities sm_70 sm_75 sm_80 sm_86 sm_90 sm_100 sm_120.
If you want to use the NVIDIA GeForce MX130 GPU with PyTorch, please check the instructions at https://pytorch.org/get-started/locally/

  queued_call()
/home/ttt/miniconda3/lib/python3.13/site-packages/numpy/lib/_format_impl.py:838: VisibleDeprecationWarning: dtype(): align should be passed as Python or NumPy boolean but got `align=0`. Did you mean to pass a tuple to create a subarray type? (Deprecated NumPy 2.4)
  array = pickle.load(fp, **pickle_kwargs)

================================================================================
                         RUNG_COMBINED: Train + Attack                          
================================================================================


################################################################################
# DATASET: CORA                                                                 
################################################################################


Detected GPU: NVIDIA GeForce MX130 with compute capability 5.0
Using GPU: NVIDIA GeForce MX130

Model: RUNG_combined(
  distance=cosine,
  use_layerwise_q=False,
  percentile_q=0.75,
  num_layers=10,
  lam_hat=0.9,
  parameters=92231
)

Training RUNG_combined (lr=0.05, epochs=300)
Traceback (most recent call last):
  File "/home/ttt/Documents/RUNG_ML_Project/train_test_combined.py", line 425, in <module>
    main()
    ~~~~^^
  File "/home/ttt/Documents/RUNG_ML_Project/train_test_combined.py", line 353, in main
    train_results = train_clean(
        model,
    ...<5 lines>...
        device=args.device,
    )
  File "/home/ttt/Documents/RUNG_ML_Project/train_test_combined.py", line 119, in train_clean
    logits = model(A, X)
  File "/home/ttt/miniconda3/lib/python3.13/site-packages/torch/nn/modules/module.py", line 1776, in _wrapped_call_impl
    return self._call_impl(*args, **kwargs)
           ~~~~~~~~~~~~~~~^^^^^^^^^^^^^^^^^
  File "/home/ttt/miniconda3/lib/python3.13/site-packages/torch/nn/modules/module.py", line 1787, in _call_impl
    return forward_call(*args, **kwargs)
  File "/home/ttt/Documents/RUNG_ML_Project/model/rung_combined.py", line 285, in forward
    F0 = self.mlp(F)
  File "/home/ttt/miniconda3/lib/python3.13/site-packages/torch/nn/modules/module.py", line 1776, in _wrapped_call_impl
    return self._call_impl(*args, **kwargs)
           ~~~~~~~~~~~~~~~^^^^^^^^^^^^^^^^^
  File "/home/ttt/miniconda3/lib/python3.13/site-packages/torch/nn/modules/module.py", line 1787, in _call_impl
    return forward_call(*args, **kwargs)
  File "/home/ttt/Documents/RUNG_ML_Project/model/mlp.py", line 27, in forward
    X = self.dropout(nn.functional.relu(linear(X)))
                     ~~~~~~~~~~~~~~~~~~^^^^^^^^^^^
  File "/home/ttt/miniconda3/lib/python3.13/site-packages/torch/nn/functional.py", line 1721, in relu
    result = torch.relu(input)
torch.AcceleratorError: CUDA error: no kernel image is available for execution on the device
Search for `cudaErrorNoKernelImageForDevice' in https://docs.nvidia.com/cuda/cuda-runtime-api/group__CUDART__TYPES.html for more information.
CUDA kernel errors might be asynchronously reported at some other API call, so the stacktrace below might be incorrect.
For debugging consider passing CUDA_LAUNCH_BLOCKING=1
Compile with `TORCH_USE_CUDA_DSA` to enable device-side assertions.

