Budget: 0.05
Model:RUNG_combined_model

Detected GPU: Tesla T4 with compute capability 7.5
Using GPU: Tesla T4

0.4776119291782379 0.4726368188858032
0.5323383212089539 0.5273631811141968
0.4726368188858032 0.4776119291782379
0.5124378204345703 0.5074626803398132
0.46766167879104614 0.46766167879104614
Clean: 0.4925373136997223±0.025368265120486153: [0.4776119291782379, 0.5323383212089539, 0.4726368188858032, 0.5124378204345703, 0.46766167879104614]
Attacked: 0.49054725766181945±0.023036492807736425: [0.4726368188858032, 0.5273631811141968, 0.4776119291782379, 0.5074626803398132, 0.46766167879104614]
Budget: 0.2
Model:RUNG_combined_model

Detected GPU: Tesla T4 with compute capability 7.5
Using GPU: Tesla T4

0.4776119291782379 0.4726368188858032
0.5323383212089539 0.5223880410194397
0.4726368188858032 0.4925372898578644
0.5124378204345703 0.5273631811141968
0.46766167879104614 0.46766167879104614
Clean: 0.4925373136997223±0.025368265120486153: [0.4776119291782379, 0.5323383212089539, 0.4726368188858032, 0.5124378204345703, 0.46766167879104614]
Attacked: 0.49651740193367006±0.02465574317227436: [0.4726368188858032, 0.5223880410194397, 0.4925372898578644, 0.5273631811141968, 0.46766167879104614]
Budget: 0.4
Model:RUNG_combined_model

Detected GPU: Tesla T4 with compute capability 7.5
Using GPU: Tesla T4

0.4776119291782379 0.4776119291782379
0.5323383212089539 0.5323383212089539
0.4726368188858032 0.5373134016990662
0.5124378204345703 0.5323383212089539
0.46766167879104614 0.46766167879104614
Clean: 0.4925373136997223±0.025368265120486153: [0.4776119291782379, 0.5323383212089539, 0.4726368188858032, 0.5124378204345703, 0.46766167879104614]
Attacked: 0.5094527304172516±0.03027885782393506: [0.4776119291782379, 0.5323383212089539, 0.5373134016990662, 0.5323383212089539, 0.46766167879104614]
