Budget: 0.05
Model:RUNG

Detected GPU: Tesla T4 with compute capability 7.5
Using GPU: Tesla T4

0.6119402647018433 0.5671641826629639
0.5920397639274597 0.5422885417938232
0.3781094551086426 0.35323381423950195
0.5273631811141968 0.4776119291782379
0.5074626803398132 0.46766167879104614
Clean: 0.5233830690383912±0.08237698905583404: [0.6119402647018433, 0.5920397639274597, 0.3781094551086426, 0.5273631811141968, 0.5074626803398132]
Attacked: 0.4815920293331146±0.07442094771754264: [0.5671641826629639, 0.5422885417938232, 0.35323381423950195, 0.4776119291782379, 0.46766167879104614]
Budget: 0.2
Model:RUNG

Detected GPU: Tesla T4 with compute capability 7.5
Using GPU: Tesla T4

0.6119402647018433 0.46766167879104614
0.5920397639274597 0.4726368188858032
0.3781094551086426 0.2686567008495331
0.5273631811141968 0.4477611780166626
0.5074626803398132 0.4129353165626526
Clean: 0.5233830690383912±0.08237698905583404: [0.6119402647018433, 0.5920397639274597, 0.3781094551086426, 0.5273631811141968, 0.5074626803398132]
Attacked: 0.41393033862113954±0.07560880019682635: [0.46766167879104614, 0.4726368188858032, 0.2686567008495331, 0.4477611780166626, 0.4129353165626526]
Budget: 0.4
Model:RUNG

Detected GPU: Tesla T4 with compute capability 7.5
Using GPU: Tesla T4

0.6119402647018433 0.4029850661754608
0.5920397639274597 0.42786067724227905
0.3781094551086426 0.2537313401699066
0.5273631811141968 0.4378109276294708
0.5074626803398132 0.3731343150138855
Clean: 0.5233830690383912±0.08237698905583404: [0.6119402647018433, 0.5920397639274597, 0.3781094551086426, 0.5273631811141968, 0.5074626803398132]
Attacked: 0.37910446524620056±0.06655518495158723: [0.4029850661754608, 0.42786067724227905, 0.2537313401699066, 0.4378109276294708, 0.3731343150138855]
