/home/ttt/miniconda3/lib/python3.13/site-packages/torch/cuda/__init__.py:435: UserWarning: 
    Found GPU0 NVIDIA GeForce MX130 which is of cuda capability 5.0.
    Minimum and Maximum cuda capability supported by this version of PyTorch is
    (7.0) - (12.0)
    
  queued_call()
/home/ttt/miniconda3/lib/python3.13/site-packages/torch/cuda/__init__.py:435: UserWarning: 
    Please install PyTorch with a following CUDA
    configurations:  12.6 following instructions at
    https://pytorch.org/get-started/locally/
    
  queued_call()
/home/ttt/miniconda3/lib/python3.13/site-packages/torch/cuda/__init__.py:435: UserWarning: 
NVIDIA GeForce MX130 with CUDA capability sm_50 is not compatible with the current PyTorch installation.
The current PyTorch install supports CUDA capabilities sm_70 sm_75 sm_80 sm_86 sm_90 sm_100 sm_120.
If you want to use the NVIDIA GeForce MX130 GPU with PyTorch, please check the instructions at https://pytorch.org/get-started/locally/

  queued_call()
/home/ttt/miniconda3/lib/python3.13/site-packages/numpy/lib/_format_impl.py:838: VisibleDeprecationWarning: dtype(): align should be passed as Python or NumPy boolean but got `align=0`. Did you mean to pass a tuple to create a subarray type? (Deprecated NumPy 2.4)
  array = pickle.load(fp, **pickle_kwargs)
/home/ttt/miniconda3/lib/python3.13/site-packages/numpy/lib/_format_impl.py:838: VisibleDeprecationWarning: dtype(): align should be passed as Python or NumPy boolean but got `align=0`. Did you mean to pass a tuple to create a subarray type? (Deprecated NumPy 2.4)
  array = pickle.load(fp, **pickle_kwargs)
adversarial_train:   0%|          | 0/2 [00:00<?, ?it/s]adversarial_train:   0%|          | 0/2 [00:00<?, ?it/s]
Traceback (most recent call last):
  File "/home/ttt/Documents/RUNG_ML_Project/clean.py", line 347, in <module>
    make_clean_model_and_save(do_save_acc=True, do_save_model=True, rep_num=1, model_name_arg=None)
    ~~~~~~~~~~~~~~~~~~~~~~~~~^^^^^^^^^^^^^^^^^^^^^^^^^^^^^^^^^^^^^^^^^^^^^^^^^^^^^^^^^^^^^^^^^^^^^^
  File "/home/ttt/Documents/RUNG_ML_Project/clean.py", line 313, in make_clean_model_and_save
    a, m = clean_rep(
           ~~~~~~~~~^
        *get_model(
        ^^^^^^^^^^^
    ...<7 lines>...
        seed=seed,
        ^^^^^^^^^^
    )
    ^
  File "/home/ttt/Documents/RUNG_ML_Project/clean.py", line 246, in clean_rep
    fit_parametric_adv(
    ~~~~~~~~~~~~~~~~~~^
        cur_model, A, X, y, train_idx, val_idx, test_idx,
        ^^^^^^^^^^^^^^^^^^^^^^^^^^^^^^^^^^^^^^^^^^^^^^^^^
    ...<6 lines>...
        **train_param,
        ^^^^^^^^^^^^^^
    )
    ^
  File "/home/ttt/Documents/RUNG_ML_Project/train_eval_data/fit_parametric_adv.py", line 110, in fit_parametric_adv
    trainer.train(
    ~~~~~~~~~~~~~^
        A=A,
        ^^^^
    ...<6 lines>...
        device=device.type if hasattr(device, 'type') else str(device),
        ^^^^^^^^^^^^^^^^^^^^^^^^^^^^^^^^^^^^^^^^^^^^^^^^^^^^^^^^^^^^^^^
    )
    ^
  File "/home/ttt/Documents/RUNG_ML_Project/train_eval_data/adversarial_trainer.py", line 390, in train
    A_pert, att_time = self._generate_attack(
                       ~~~~~~~~~~~~~~~~~~~~~^
        A, X, y, test_idx, train_budget, device
        ^^^^^^^^^^^^^^^^^^^^^^^^^^^^^^^^^^^^^^^
    )
    ^
  File "/home/ttt/Documents/RUNG_ML_Project/train_eval_data/adversarial_trainer.py", line 250, in _generate_attack
    n_edges = A.count_nonzero().item() // 2
              ~~~~~~~~~~~~~~~^^
torch.AcceleratorError: CUDA error: no kernel image is available for execution on the device
Search for `cudaErrorNoKernelImageForDevice' in https://docs.nvidia.com/cuda/cuda-runtime-api/group__CUDART__TYPES.html for more information.
CUDA kernel errors might be asynchronously reported at some other API call, so the stacktrace below might be incorrect.
For debugging consider passing CUDA_LAUNCH_BLOCKING=1
Compile with `TORCH_USE_CUDA_DSA` to enable device-side assertions.

