
Detected GPU: Tesla T4 with compute capability 7.5
Using GPU: Tesla T4


Fit RUNG_parametric_gamma | lr=0.05, schedule_lr=0.01500, wd=0.0005, epochs=300
  gamma_reg_strength=0.0, patience=100, grad_clip=1.0
  Initial schedule: gamma_0=6.0000, decay_rate=0.8500, gammas=[6.000, 5.100, 4.335, 3.685, 3.132, 2.662, 2.263, 1.923, 1.635, 1.390]

  Epoch   50 | loss=0.0394 | val=0.7170 | γ₀=7.4680, r=0.8059 | gammas=[7.47, 6.02, 4.85, 3.91, 3.15, 2.54, 2.05, 1.65, 1.33, 1.07]

  Epoch  100 | loss=0.0610 | val=0.7170 | γ₀=7.1463, r=0.7708 | gammas=[7.15, 5.51, 4.25, 3.27, 2.52, 1.95, 1.50, 1.16, 0.89, 0.69]

  Epoch  150 | loss=0.0289 | val=0.6698 | γ₀=7.5808, r=0.7701 | gammas=[7.58, 5.84, 4.50, 3.46, 2.67, 2.05, 1.58, 1.22, 0.94, 0.72]

  Epoch  200 | loss=0.0283 | val=0.7075 | γ₀=7.7353, r=0.7670 | gammas=[7.74, 5.93, 4.55, 3.49, 2.68, 2.05, 1.57, 1.21, 0.93, 0.71]

  Early stopping at epoch 205 (best val=0.7547 at epoch 104)

Training done. Best val acc: 0.7547 (epoch 104)

=================================================================
           RUNG_parametric_gamma — Schedule Parameters           
=================================================================
  γ₀ (gamma_0)          = 7.036264
  r  (decay_rate)       = 0.764491

  Layer           gamma          lam
  -----------------------------------
  0            7.036264     1.901693
  1            5.379160     1.453827
  2            4.112320     1.111438
  3            3.143832     0.849684
  4            2.403431     0.649576
  5            1.837401     0.496595
  6            1.404677     0.379642
  7            1.073863     0.290233
  8            0.820959     0.221881
  9            0.627616     0.169626
=================================================================

Acc: [0.6686320900917053]

Fit RUNG_parametric_gamma | lr=0.05, schedule_lr=0.01500, wd=0.0005, epochs=300
  gamma_reg_strength=0.0, patience=100, grad_clip=1.0
  Initial schedule: gamma_0=6.0000, decay_rate=0.8500, gammas=[6.000, 5.100, 4.335, 3.685, 3.132, 2.662, 2.263, 1.923, 1.635, 1.390]

  Epoch   50 | loss=0.0389 | val=0.6604 | γ₀=8.5747, r=0.8287 | gammas=[8.57, 7.11, 5.89, 4.88, 4.04, 3.35, 2.78, 2.30, 1.91, 1.58]

  Epoch  100 | loss=0.0509 | val=0.6981 | γ₀=10.3059, r=0.8348 | gammas=[10.31, 8.60, 7.18, 6.00, 5.00, 4.18, 3.49, 2.91, 2.43, 2.03]

  Early stopping at epoch 120 (best val=0.7736 at epoch 19)

Training done. Best val acc: 0.7736 (epoch 19)

=================================================================
           RUNG_parametric_gamma — Schedule Parameters           
=================================================================
  γ₀ (gamma_0)          = 7.018729
  r  (decay_rate)       = 0.844389

  Layer           gamma          lam
  -----------------------------------
  0            7.018729     1.896954
  1            5.926536     1.601766
  2            5.004301     1.352514
  3            4.225575     1.142047
  4            3.568028     0.964332
  5            3.012803     0.814271
  6            2.543977     0.687561
  7            2.148106     0.580569
  8            1.813836     0.490226
  9            1.531583     0.413941
=================================================================

Acc: [0.6686320900917053, 0.704009473323822]

Fit RUNG_parametric_gamma | lr=0.05, schedule_lr=0.01500, wd=0.0005, epochs=300
  gamma_reg_strength=0.0, patience=100, grad_clip=1.0
  Initial schedule: gamma_0=6.0000, decay_rate=0.8500, gammas=[6.000, 5.100, 4.335, 3.685, 3.132, 2.662, 2.263, 1.923, 1.635, 1.390]

  Epoch   50 | loss=0.0569 | val=0.6887 | γ₀=8.6050, r=0.7822 | gammas=[8.61, 6.73, 5.26, 4.12, 3.22, 2.52, 1.97, 1.54, 1.21, 0.94]

  Epoch  100 | loss=0.0217 | val=0.6792 | γ₀=10.0427, r=0.7419 | gammas=[10.04, 7.45, 5.53, 4.10, 3.04, 2.26, 1.68, 1.24, 0.92, 0.68]

  Epoch  150 | loss=0.0350 | val=0.6887 | γ₀=10.6167, r=0.6911 | gammas=[10.62, 7.34, 5.07, 3.50, 2.42, 1.67, 1.16, 0.80, 0.55, 0.38]

  Early stopping at epoch 160 (best val=0.7642 at epoch 59)

Training done. Best val acc: 0.7642 (epoch 59)

=================================================================
           RUNG_parametric_gamma — Schedule Parameters           
=================================================================
  γ₀ (gamma_0)          = 8.721147
  r  (decay_rate)       = 0.772389

  Layer           gamma          lam
  -----------------------------------
  0            8.721147     2.357067
  1            6.736120     1.820573
  2            5.202906     1.406191
  3            4.018669     1.086127
  4            3.103976     0.838913
  5            2.397478     0.647967
  6            1.851786     0.500483
  7            1.430300     0.386567
  8            1.104748     0.298581
  9            0.853296     0.230620
=================================================================

Acc: [0.6686320900917053, 0.704009473323822, 0.6627358794212341]

Fit RUNG_parametric_gamma | lr=0.05, schedule_lr=0.01500, wd=0.0005, epochs=300
  gamma_reg_strength=0.0, patience=100, grad_clip=1.0
  Initial schedule: gamma_0=6.0000, decay_rate=0.8500, gammas=[6.000, 5.100, 4.335, 3.685, 3.132, 2.662, 2.263, 1.923, 1.635, 1.390]

  Epoch   50 | loss=0.0891 | val=0.7170 | γ₀=8.3190, r=0.8037 | gammas=[8.32, 6.69, 5.37, 4.32, 3.47, 2.79, 2.24, 1.80, 1.45, 1.16]

  Epoch  100 | loss=0.0362 | val=0.7830 | γ₀=9.0668, r=0.6965 | gammas=[9.07, 6.31, 4.40, 3.06, 2.13, 1.49, 1.03, 0.72, 0.50, 0.35]

  Epoch  150 | loss=0.0343 | val=0.7547 | γ₀=8.9560, r=0.5904 | gammas=[8.96, 5.29, 3.12, 1.84, 1.09, 0.64, 0.38, 0.22, 0.13, 0.08]

  Epoch  200 | loss=0.0369 | val=0.7830 | γ₀=9.1736, r=0.5546 | gammas=[9.17, 5.09, 2.82, 1.56, 0.87, 0.48, 0.27, 0.15, 0.08, 0.05]

  Epoch  250 | loss=0.0320 | val=0.7547 | γ₀=9.1200, r=0.5419 | gammas=[9.12, 4.94, 2.68, 1.45, 0.79, 0.43, 0.23, 0.13, 0.07, 0.04]

  Early stopping at epoch 263 (best val=0.8113 at epoch 162)

Training done. Best val acc: 0.8113 (epoch 162)

=================================================================
           RUNG_parametric_gamma — Schedule Parameters           
=================================================================
  γ₀ (gamma_0)          = 8.326049
  r  (decay_rate)       = 0.557333

  Layer           gamma          lam
  -----------------------------------
  0            8.326049     2.250283
  1            4.640382     1.254157
  2            2.586238     0.698983
  3            1.441396     0.389567
  4            0.803338     0.217118
  5            0.447727     0.121007
  6            0.249533     0.067441
  7            0.139073     0.037587
  8            0.077510     0.020949
  9            0.043199     0.011675
=================================================================

Acc: [0.6686320900917053, 0.704009473323822, 0.6627358794212341, 0.7181603908538818]

Fit RUNG_parametric_gamma | lr=0.05, schedule_lr=0.01500, wd=0.0005, epochs=300
  gamma_reg_strength=0.0, patience=100, grad_clip=1.0
  Initial schedule: gamma_0=6.0000, decay_rate=0.8500, gammas=[6.000, 5.100, 4.335, 3.685, 3.132, 2.662, 2.263, 1.923, 1.635, 1.390]

  Epoch   50 | loss=0.0508 | val=0.7925 | γ₀=6.8889, r=0.7988 | gammas=[6.89, 5.50, 4.40, 3.51, 2.81, 2.24, 1.79, 1.43, 1.14, 0.91]

  Epoch  100 | loss=0.0378 | val=0.6698 | γ₀=6.7887, r=0.7638 | gammas=[6.79, 5.19, 3.96, 3.03, 2.31, 1.77, 1.35, 1.03, 0.79, 0.60]

  Epoch  150 | loss=0.0297 | val=0.7453 | γ₀=6.8661, r=0.7035 | gammas=[6.87, 4.83, 3.40, 2.39, 1.68, 1.18, 0.83, 0.59, 0.41, 0.29]

  Early stopping at epoch 151 (best val=0.7925 at epoch 50)

Training done. Best val acc: 0.7925 (epoch 50)

=================================================================
           RUNG_parametric_gamma — Schedule Parameters           
=================================================================
  γ₀ (gamma_0)          = 6.888936
  r  (decay_rate)       = 0.798821

  Layer           gamma          lam
  -----------------------------------
  0            6.888936     1.861875
  1            5.503029     1.487305
  2            4.395937     1.188091
  3            3.511569     0.949073
  4            2.805116     0.758140
  5            2.240787     0.605618
  6            1.789989     0.483781
  7            1.429881     0.386454
  8            1.142220     0.308708
  9            0.912430     0.246603
=================================================================

Acc: [0.6686320900917053, 0.704009473323822, 0.6627358794212341, 0.7181603908538818, 0.7205188870429993]
model RUNG_parametric_gamma done, clean acc: 0.6948113441467285±0.02451468990009382
