
Detected GPU: Tesla T4 with compute capability 7.5
Using GPU: Tesla T4


Fit RUNG_percentile_gamma | lr=0.05, wd=0.0005, epochs=300
  percentile_q=0.75, use_layerwise_q=False
  Parameters: 32259 (no gamma params)
  patience=100, grad_clip=1.0

  Epoch   50 | loss=0.0507 | val=0.6604 | gammas=[3.52, 3.48, 3.49, 3.35, 3.40, 3.40, 3.36, 3.23, 3.36, 3.42]

  Epoch  100 | loss=0.0619 | val=0.7264 | gammas=[3.75, 3.55, 3.34, 3.32, 3.35, 3.41, 3.44, 3.43, 3.44, 3.42]

  Early stopping at epoch 133 (best val=0.7453 at epoch 32)

Training done. Best val acc: 0.7453 (epoch 32)

======================================================
   RUNG_percentile_gamma — Gamma Values (last fwd)    
======================================================
  Layer      gamma        lam   q used
------------------------------------------------------
      0       3.7047     1.0013     0.75
      1       3.3707     0.9110     0.75
      2       3.0492     0.8241     0.75
      3       3.1161     0.8422     0.75
      4       3.1434     0.8496     0.75
      5       3.1889     0.8619     0.75
      6       3.1993     0.8647     0.75
      7       3.2087     0.8672     0.75
      8       3.2082     0.8671     0.75
      9       3.2135     0.8685     0.75
======================================================

Acc: [0.6627358794212341]

Fit RUNG_percentile_gamma | lr=0.05, wd=0.0005, epochs=300
  percentile_q=0.75, use_layerwise_q=False
  Parameters: 32259 (no gamma params)
  patience=100, grad_clip=1.0

  Epoch   50 | loss=0.0313 | val=0.6792 | gammas=[3.91, 3.82, 3.66, 3.57, 3.54, 3.60, 3.57, 3.46, 3.59, 3.65]

  Epoch  100 | loss=0.0321 | val=0.7547 | gammas=[3.97, 3.65, 3.76, 3.63, 3.56, 3.45, 3.32, 3.40, 3.49, 3.48]

  Early stopping at epoch 119 (best val=0.8019 at epoch 18)

Training done. Best val acc: 0.8019 (epoch 18)

======================================================
   RUNG_percentile_gamma — Gamma Values (last fwd)    
======================================================
  Layer      gamma        lam   q used
------------------------------------------------------
      0       4.2792     1.1565     0.75
      1       4.0128     1.0845     0.75
      2       3.9947     1.0796     0.75
      3       3.7537     1.0145     0.75
      4       3.9431     1.0657     0.75
      5       3.8967     1.0531     0.75
      6       3.8819     1.0492     0.75
      7       3.8383     1.0374     0.75
      8       3.8418     1.0383     0.75
      9       3.8111     1.0300     0.75
======================================================

Acc: [0.6627358794212341, 0.7110849022865295]

Fit RUNG_percentile_gamma | lr=0.05, wd=0.0005, epochs=300
  percentile_q=0.75, use_layerwise_q=False
  Parameters: 32259 (no gamma params)
  patience=100, grad_clip=1.0

  Epoch   50 | loss=0.0591 | val=0.6981 | gammas=[3.85, 3.54, 3.49, 3.50, 3.55, 3.52, 3.53, 3.52, 3.53, 3.52]

  Epoch  100 | loss=0.0345 | val=0.6792 | gammas=[3.65, 3.30, 3.19, 3.28, 3.34, 3.27, 3.27, 3.34, 3.40, 3.40]

  Early stopping at epoch 110 (best val=0.7736 at epoch 9)

Training done. Best val acc: 0.7736 (epoch 9)

======================================================
   RUNG_percentile_gamma — Gamma Values (last fwd)    
======================================================
  Layer      gamma        lam   q used
------------------------------------------------------
      0       1.8887     0.5105     0.75
      1       1.7454     0.4717     0.75
      2       1.5650     0.4230     0.75
      3       1.5213     0.4112     0.75
      4       1.3423     0.3628     0.75
      5       1.5737     0.4253     0.75
      6       1.5567     0.4207     0.75
      7       1.5990     0.4322     0.75
      8       1.5415     0.4166     0.75
      9       1.5845     0.4283     0.75
======================================================

Acc: [0.6627358794212341, 0.7110849022865295, 0.7051886916160583]

Fit RUNG_percentile_gamma | lr=0.05, wd=0.0005, epochs=300
  percentile_q=0.75, use_layerwise_q=False
  Parameters: 32259 (no gamma params)
  patience=100, grad_clip=1.0

  Epoch   50 | loss=0.0931 | val=0.7453 | gammas=[3.58, 3.46, 3.31, 3.32, 3.37, 3.38, 3.39, 3.39, 3.39, 3.39]

  Epoch  100 | loss=0.0340 | val=0.7264 | gammas=[3.73, 3.50, 3.52, 3.33, 3.20, 3.45, 3.49, 3.50, 3.52, 3.52]

  Early stopping at epoch 112 (best val=0.7925 at epoch 11)

Training done. Best val acc: 0.7925 (epoch 11)

======================================================
   RUNG_percentile_gamma — Gamma Values (last fwd)    
======================================================
  Layer      gamma        lam   q used
------------------------------------------------------
      0       2.4023     0.6493     0.75
      1       2.0684     0.5590     0.75
      2       1.9728     0.5332     0.75
      3       1.9532     0.5279     0.75
      4       2.0263     0.5476     0.75
      5       1.9906     0.5380     0.75
      6       1.9775     0.5345     0.75
      7       1.8568     0.5018     0.75
      8       1.7221     0.4654     0.75
      9       1.5580     0.4211     0.75
======================================================

Acc: [0.6627358794212341, 0.7110849022865295, 0.7051886916160583, 0.7264150977134705]

Fit RUNG_percentile_gamma | lr=0.05, wd=0.0005, epochs=300
  percentile_q=0.75, use_layerwise_q=False
  Parameters: 32259 (no gamma params)
  patience=100, grad_clip=1.0

  Epoch   50 | loss=0.0422 | val=0.7642 | gammas=[4.17, 3.74, 3.76, 3.72, 3.69, 3.68, 3.65, 3.63, 3.62, 3.63]

  Epoch  100 | loss=0.0381 | val=0.6981 | gammas=[3.95, 3.68, 3.64, 3.48, 3.51, 3.52, 3.51, 3.48, 3.47, 3.48]

  Epoch  150 | loss=0.0284 | val=0.7170 | gammas=[4.12, 4.08, 3.97, 3.94, 3.90, 3.74, 3.70, 3.65, 3.74, 3.76]

  Early stopping at epoch 183 (best val=0.7925 at epoch 82)

Training done. Best val acc: 0.7925 (epoch 82)

======================================================
   RUNG_percentile_gamma — Gamma Values (last fwd)    
======================================================
  Layer      gamma        lam   q used
------------------------------------------------------
      0       3.9239     1.0605     0.75
      1       3.7904     1.0244     0.75
      2       3.5742     0.9660     0.75
      3       3.5255     0.9528     0.75
      4       3.5355     0.9555     0.75
      5       3.4140     0.9227     0.75
      6       3.3069     0.8938     0.75
      7       3.3200     0.8973     0.75
      8       3.3607     0.9083     0.75
      9       3.3700     0.9108     0.75
======================================================

Acc: [0.6627358794212341, 0.7110849022865295, 0.7051886916160583, 0.7264150977134705, 0.7275943756103516]
model RUNG_percentile_gamma done, clean acc: 0.7066037893295288±0.0235778245259847
