
Detected GPU: Tesla T4 with compute capability 7.5
Using GPU: Tesla T4


Fit RUNG_learnable_distance
  distance_mode=cosine
  lr=0.05, dist_lr_factor=0.5, wd=0.0005
  percentile_q=0.75
  Parameters: 32259
    MLP: 32259
    Distance: 0
  patience=100, grad_clip=1.0
  Epoch   50 | loss=0.0847 | val_acc=0.6698 | gammas=[1.47, 1.46, 1.47, 1.46, 1.47, 1.46, 1.47, 1.46, 1.47, 1.46]
    Layer 0: y_mean=0.827, y_std=0.654, y_max=1.932
    Layer K: y_mean=0.816, y_std=0.653, y_max=1.927
  Epoch  100 | loss=0.0777 | val_acc=0.7547 | gammas=[1.49, 1.37, 1.13, 1.10, 1.04, 1.05, 1.05, 1.06, 1.07, 1.06]
    Layer 0: y_mean=0.822, y_std=0.661, y_max=1.957
    Layer K: y_mean=0.808, y_std=0.660, y_max=1.956

  Early stopping at epoch 124 (best val=0.7830 at epoch 23)

Training done. Best val acc: 0.7830 (epoch 23)

======================================================================
         RUNG_learnable_distance — Statistics (last fwd pass)         
======================================================================
  distance_mode: cosine
  percentile_q:  0.75
  distance_params: 0

   Layer      gamma     y_mean      y_std      y_max
  ────────────────────────────────────────────────────────────
       0     1.3876     0.7245     0.5928     1.8767
       1     1.1135     0.7140     0.5893     1.8767
       2     1.0086     0.7125     0.5896     1.8767
       3     0.9815     0.7114     0.5896     1.8767
       4     1.0894     0.7118     0.5903     1.8767
       5     1.0116     0.7107     0.5898     1.8767
       6     1.1032     0.7114     0.5904     1.8767
       7     1.0193     0.7106     0.5897     1.8767
       8     1.1129     0.7113     0.5903     1.8767
       9     1.0254     0.7105     0.5897     1.8767
======================================================================

Acc: [0.6816037893295288]

Fit RUNG_learnable_distance
  distance_mode=cosine
  lr=0.05, dist_lr_factor=0.5, wd=0.0005
  percentile_q=0.75
  Parameters: 32259
    MLP: 32259
    Distance: 0
  patience=100, grad_clip=1.0
  Epoch   50 | loss=0.0396 | val_acc=0.6698 | gammas=[1.46, 1.19, 1.26, 1.17, 1.04, 1.19, 1.34, 1.19, 1.33, 1.19]
    Layer 0: y_mean=0.805, y_std=0.647, y_max=1.963
    Layer K: y_mean=0.795, y_std=0.647, y_max=1.963
  Epoch  100 | loss=0.0767 | val_acc=0.7358 | gammas=[1.45, 1.26, 1.16, 1.37, 1.36, 1.39, 1.38, 1.40, 1.39, 1.41]
    Layer 0: y_mean=0.802, y_std=0.668, y_max=1.985
    Layer K: y_mean=0.793, y_std=0.668, y_max=1.985

  Early stopping at epoch 112 (best val=0.7736 at epoch 11)

Training done. Best val acc: 0.7736 (epoch 11)

======================================================================
         RUNG_learnable_distance — Statistics (last fwd pass)         
======================================================================
  distance_mode: cosine
  percentile_q:  0.75
  distance_params: 0

   Layer      gamma     y_mean      y_std      y_max
  ────────────────────────────────────────────────────────────
       0     1.4411     0.8032     0.6339     1.9612
       1     1.1851     0.7956     0.6319     1.9612
       2     1.1150     0.7949     0.6313     1.9612
       3     1.0767     0.7953     0.6317     1.9612
       4     1.2379     0.7934     0.6307     1.9612
       5     1.1510     0.7937     0.6314     1.9612
       6     1.2266     0.7928     0.6306     1.9612
       7     1.1576     0.7936     0.6312     1.9612
       8     1.2314     0.7929     0.6306     1.9612
       9     1.1632     0.7935     0.6312     1.9612
======================================================================

Acc: [0.6816037893295288, 0.739386796951294]

Fit RUNG_learnable_distance
  distance_mode=cosine
  lr=0.05, dist_lr_factor=0.5, wd=0.0005
  percentile_q=0.75
  Parameters: 32259
    MLP: 32259
    Distance: 0
  patience=100, grad_clip=1.0
  Epoch   50 | loss=0.0520 | val_acc=0.6981 | gammas=[1.20, 0.79, 0.99, 0.79, 0.96, 0.82, 0.96, 0.82, 0.96, 0.82]
    Layer 0: y_mean=0.695, y_std=0.633, y_max=1.955
    Layer K: y_mean=0.683, y_std=0.632, y_max=1.955
  Epoch  100 | loss=0.0242 | val_acc=0.6132 | gammas=[1.36, 0.90, 1.10, 0.78, 1.02, 0.74, 0.84, 0.52, 0.39, 0.28]
    Layer 0: y_mean=0.744, y_std=0.647, y_max=1.969
    Layer K: y_mean=0.735, y_std=0.646, y_max=1.969

  Early stopping at epoch 110 (best val=0.7736 at epoch 9)

Training done. Best val acc: 0.7736 (epoch 9)

======================================================================
         RUNG_learnable_distance — Statistics (last fwd pass)         
======================================================================
  distance_mode: cosine
  percentile_q:  0.75
  distance_params: 0

   Layer      gamma     y_mean      y_std      y_max
  ────────────────────────────────────────────────────────────
       0     1.2861     0.7058     0.6421     1.9712
       1     1.0765     0.6930     0.6410     1.9712
       2     1.1515     0.6917     0.6412     1.9712
       3     1.0712     0.6909     0.6411     1.9712
       4     1.1559     0.6910     0.6415     1.9712
       5     1.0761     0.6905     0.6412     1.9712
       6     1.1566     0.6905     0.6415     1.9712
       7     1.0842     0.6901     0.6412     1.9712
       8     1.1572     0.6903     0.6415     1.9712
       9     1.0905     0.6900     0.6411     1.9712
======================================================================

Acc: [0.6816037893295288, 0.739386796951294, 0.6922169923782349]

Fit RUNG_learnable_distance
  distance_mode=cosine
  lr=0.05, dist_lr_factor=0.5, wd=0.0005
  percentile_q=0.75
  Parameters: 32259
    MLP: 32259
    Distance: 0
  patience=100, grad_clip=1.0
  Epoch   50 | loss=0.0771 | val_acc=0.7642 | gammas=[1.30, 1.12, 1.12, 1.17, 1.15, 1.22, 1.18, 1.25, 1.19, 1.26]
    Layer 0: y_mean=0.712, y_std=0.647, y_max=1.956
    Layer K: y_mean=0.700, y_std=0.648, y_max=1.956
  Epoch  100 | loss=0.0394 | val_acc=0.7547 | gammas=[1.48, 1.34, 1.09, 1.02, 0.93, 0.76, 0.65, 0.59, 0.49, 0.38]
    Layer 0: y_mean=0.806, y_std=0.651, y_max=1.967
    Layer K: y_mean=0.797, y_std=0.649, y_max=1.964

  Early stopping at epoch 112 (best val=0.7736 at epoch 11)

Training done. Best val acc: 0.7736 (epoch 11)

======================================================================
         RUNG_learnable_distance — Statistics (last fwd pass)         
======================================================================
  distance_mode: cosine
  percentile_q:  0.75
  distance_params: 0

   Layer      gamma     y_mean      y_std      y_max
  ────────────────────────────────────────────────────────────
       0     1.4134     0.7706     0.6298     1.9393
       1     1.3476     0.7610     0.6298     1.9393
       2     1.4033     0.7584     0.6307     1.9393
       3     1.3677     0.7571     0.6306     1.9393
       4     1.4033     0.7570     0.6308     1.9393
       5     1.3780     0.7564     0.6307     1.9393
       6     1.4033     0.7567     0.6309     1.9393
       7     1.3854     0.7562     0.6308     1.9393
       8     1.4033     0.7565     0.6309     1.9393
       9     1.3911     0.7561     0.6309     1.9393
======================================================================

Acc: [0.6816037893295288, 0.739386796951294, 0.6922169923782349, 0.7323113083839417]

Fit RUNG_learnable_distance
  distance_mode=cosine
  lr=0.05, dist_lr_factor=0.5, wd=0.0005
  percentile_q=0.75
  Parameters: 32259
    MLP: 32259
    Distance: 0
  patience=100, grad_clip=1.0
  Epoch   50 | loss=0.0663 | val_acc=0.7642 | gammas=[1.48, 1.00, 1.17, 1.06, 1.14, 1.08, 1.14, 1.09, 1.14, 1.10]
    Layer 0: y_mean=0.794, y_std=0.643, y_max=1.962
    Layer K: y_mean=0.781, y_std=0.641, y_max=1.962
  Epoch  100 | loss=0.0426 | val_acc=0.7075 | gammas=[1.30, 0.85, 0.88, 0.80, 0.85, 0.77, 0.81, 0.74, 0.77, 0.68]
    Layer 0: y_mean=0.762, y_std=0.660, y_max=1.987
    Layer K: y_mean=0.753, y_std=0.659, y_max=1.987
  Epoch  150 | loss=0.0440 | val_acc=0.6604 | gammas=[1.41, 0.79, 0.94, 0.74, 0.87, 0.67, 0.74, 0.51, 0.44, 0.27]
    Layer 0: y_mean=0.821, y_std=0.678, y_max=1.993
    Layer K: y_mean=0.810, y_std=0.675, y_max=1.993

  Early stopping at epoch 151 (best val=0.7642 at epoch 50)

Training done. Best val acc: 0.7642 (epoch 50)

======================================================================
         RUNG_learnable_distance — Statistics (last fwd pass)         
======================================================================
  distance_mode: cosine
  percentile_q:  0.75
  distance_params: 0

   Layer      gamma     y_mean      y_std      y_max
  ────────────────────────────────────────────────────────────
       0     1.4795     0.7940     0.6430     1.9623
       1     0.9998     0.7847     0.6412     1.9623
       2     1.1696     0.7834     0.6414     1.9623
       3     1.0595     0.7821     0.6413     1.9623
       4     1.1439     0.7825     0.6412     1.9623
       5     1.0818     0.7819     0.6412     1.9623
       6     1.1365     0.7823     0.6411     1.9623
       7     1.0889     0.7817     0.6412     1.9623
       8     1.1383     0.7819     0.6410     1.9623
       9     1.0987     0.7812     0.6411     1.9623
======================================================================

Acc: [0.6816037893295288, 0.739386796951294, 0.6922169923782349, 0.7323113083839417, 0.7181603908538818]
model RUNG_learnable_distance done, clean acc: 0.7127358555793762±0.02241930376933932
