Budget: 0.05
Model:RUNG_percentile_gamma

Detected GPU: Tesla T4 with compute capability 7.5
Using GPU: Tesla T4

0.6119402647018433 0.5920397639274597
0.5522388219833374 0.5422885417938232
0.6318407654762268 0.606965184211731
0.6169154047966003 0.5820895433425903
0.5373134016990662 0.5323383212089539
Clean: 0.5900497317314148±0.0378371133298853: [0.6119402647018433, 0.5522388219833374, 0.6318407654762268, 0.6169154047966003, 0.5373134016990662]
Attacked: 0.5711442708969117±0.028907138501978187: [0.5920397639274597, 0.5422885417938232, 0.606965184211731, 0.5820895433425903, 0.5323383212089539]
Budget: 0.1
Model:RUNG_percentile_gamma

Detected GPU: Tesla T4 with compute capability 7.5
Using GPU: Tesla T4

0.6119402647018433 0.5721392631530762
0.5522388219833374 0.49751242995262146
0.6318407654762268 0.6119402647018433
0.6169154047966003 0.5820895433425903
0.5373134016990662 0.5223880410194397
Clean: 0.5900497317314148±0.0378371133298853: [0.6119402647018433, 0.5522388219833374, 0.6318407654762268, 0.6169154047966003, 0.5373134016990662]
Attacked: 0.5572139084339142±0.04150577085174945: [0.5721392631530762, 0.49751242995262146, 0.6119402647018433, 0.5820895433425903, 0.5223880410194397]
Budget: 0.15
Model:RUNG_percentile_gamma

Detected GPU: Tesla T4 with compute capability 7.5
Using GPU: Tesla T4

0.6119402647018433 0.5472636818885803
0.5522388219833374 0.5024875402450562
0.6318407654762268 0.5920397639274597
0.6169154047966003 0.5671641826629639
0.5373134016990662 0.5273631811141968
Clean: 0.5900497317314148±0.0378371133298853: [0.6119402647018433, 0.5522388219833374, 0.6318407654762268, 0.6169154047966003, 0.5373134016990662]
Attacked: 0.5472636699676514±0.030989870104197494: [0.5472636818885803, 0.5024875402450562, 0.5920397639274597, 0.5671641826629639, 0.5273631811141968]
Budget: 0.2
Model:RUNG_percentile_gamma

Detected GPU: Tesla T4 with compute capability 7.5
Using GPU: Tesla T4

0.6119402647018433 0.5771144032478333
0.5522388219833374 0.5124378204345703
0.6318407654762268 0.5920397639274597
0.6169154047966003 0.5671641826629639
0.5373134016990662 0.5074626803398132
Clean: 0.5900497317314148±0.0378371133298853: [0.6119402647018433, 0.5522388219833374, 0.6318407654762268, 0.6169154047966003, 0.5373134016990662]
Attacked: 0.5512437701225281±0.03466914437375191: [0.5771144032478333, 0.5124378204345703, 0.5920397639274597, 0.5671641826629639, 0.5074626803398132]
Budget: 0.3
Model:RUNG_percentile_gamma

Detected GPU: Tesla T4 with compute capability 7.5
Using GPU: Tesla T4

0.6119402647018433 0.5472636818885803
0.5522388219833374 0.4726368188858032
0.6318407654762268 0.5671641826629639
0.6169154047966003 0.5472636818885803
0.5373134016990662 0.49751242995262146
Clean: 0.5900497317314148±0.0378371133298853: [0.6119402647018433, 0.5522388219833374, 0.6318407654762268, 0.6169154047966003, 0.5373134016990662]
Attacked: 0.5263681590557099±0.035375899450350926: [0.5472636818885803, 0.4726368188858032, 0.5671641826629639, 0.5472636818885803, 0.49751242995262146]
Budget: 0.4
Model:RUNG_percentile_gamma

Detected GPU: Tesla T4 with compute capability 7.5
Using GPU: Tesla T4

0.6119402647018433 0.5373134016990662
0.5522388219833374 0.4825870394706726
0.6318407654762268 0.5621890425682068
0.6169154047966003 0.5273631811141968
0.5373134016990662 0.4825870394706726
Clean: 0.5900497317314148±0.0378371133298853: [0.6119402647018433, 0.5522388219833374, 0.6318407654762268, 0.6169154047966003, 0.5373134016990662]
Attacked: 0.518407940864563±0.03137091518276135: [0.5373134016990662, 0.4825870394706726, 0.5621890425682068, 0.5273631811141968, 0.4825870394706726]
Budget: 0.6
Model:RUNG_percentile_gamma

Detected GPU: Tesla T4 with compute capability 7.5
Using GPU: Tesla T4

0.6119402647018433 0.5621890425682068
0.5522388219833374 0.4925372898578644
0.6318407654762268 0.5422885417938232
0.6169154047966003 0.5422885417938232
0.5373134016990662 0.4726368188858032
Clean: 0.5900497317314148±0.0378371133298853: [0.6119402647018433, 0.5522388219833374, 0.6318407654762268, 0.6169154047966003, 0.5373134016990662]
Attacked: 0.5223880469799042±0.033889322905977314: [0.5621890425682068, 0.4925372898578644, 0.5422885417938232, 0.5422885417938232, 0.4726368188858032]
Budget: 0.8
Model:RUNG_percentile_gamma

Detected GPU: Tesla T4 with compute capability 7.5
Using GPU: Tesla T4

0.6119402647018433 0.5223880410194397
0.5522388219833374 0.4726368188858032
0.6318407654762268 0.5870646834373474
0.6169154047966003 0.5174129009246826
0.5373134016990662 0.46766167879104614
Clean: 0.5900497317314148±0.0378371133298853: [0.6119402647018433, 0.5522388219833374, 0.6318407654762268, 0.6169154047966003, 0.5373134016990662]
Attacked: 0.5134328246116638±0.043074352961848764: [0.5223880410194397, 0.4726368188858032, 0.5870646834373474, 0.5174129009246826, 0.46766167879104614]
Budget: 1.0
Model:RUNG_percentile_gamma

Detected GPU: Tesla T4 with compute capability 7.5
Using GPU: Tesla T4

0.6119402647018433 0.5323383212089539
0.5522388219833374 0.46766167879104614
0.6318407654762268 0.5472636818885803
0.6169154047966003 0.5024875402450562
0.5373134016990662 0.4477611780166626
Clean: 0.5900497317314148±0.0378371133298853: [0.6119402647018433, 0.5522388219833374, 0.6318407654762268, 0.6169154047966003, 0.5373134016990662]
Attacked: 0.4995024800300598±0.03757455099124142: [0.5323383212089539, 0.46766167879104614, 0.5472636818885803, 0.5024875402450562, 0.4477611780166626]
