Budget: 0.05
Model:RUNG_parametric_gamma

Detected GPU: Tesla T4 with compute capability 7.5
Using GPU: Tesla T4

0.7064676284790039 0.7064676284790039
0.746268630027771 0.746268630027771
0.7263681292533875 0.7213929891586304
0.7263681292533875 0.711442768573761
0.6169154047966003 0.6019900441169739
Clean: 0.70447758436203±0.045554316974252114: [0.7064676284790039, 0.746268630027771, 0.7263681292533875, 0.7263681292533875, 0.6169154047966003]
Attacked: 0.697512412071228±0.04969149678614837: [0.7064676284790039, 0.746268630027771, 0.7213929891586304, 0.711442768573761, 0.6019900441169739]
Budget: 0.1
Model:RUNG_parametric_gamma

Detected GPU: Tesla T4 with compute capability 7.5
Using GPU: Tesla T4

0.7064676284790039 0.7064676284790039
0.746268630027771 0.7213929891586304
0.7263681292533875 0.711442768573761
0.7263681292533875 0.711442768573761
0.6169154047966003 0.5920397639274597
Clean: 0.70447758436203±0.045554316974252114: [0.7064676284790039, 0.746268630027771, 0.7263681292533875, 0.7263681292533875, 0.6169154047966003]
Attacked: 0.6885571837425232±0.04850172463299785: [0.7064676284790039, 0.7213929891586304, 0.711442768573761, 0.711442768573761, 0.5920397639274597]
Budget: 0.15
Model:RUNG_parametric_gamma

Detected GPU: Tesla T4 with compute capability 7.5
Using GPU: Tesla T4

0.7064676284790039 0.7064676284790039
0.746268630027771 0.7412934899330139
0.7263681292533875 0.7164179086685181
0.7263681292533875 0.711442768573761
0.6169154047966003 0.5920397639274597
Clean: 0.70447758436203±0.045554316974252114: [0.7064676284790039, 0.746268630027771, 0.7263681292533875, 0.7263681292533875, 0.6169154047966003]
Attacked: 0.6935323119163513±0.05214158577138323: [0.7064676284790039, 0.7412934899330139, 0.7164179086685181, 0.711442768573761, 0.5920397639274597]
Budget: 0.2
Model:RUNG_parametric_gamma

Detected GPU: Tesla T4 with compute capability 7.5
Using GPU: Tesla T4

0.7064676284790039 0.7064676284790039
0.746268630027771 0.7313432693481445
0.7263681292533875 0.7014925479888916
0.7263681292533875 0.711442768573761
0.6169154047966003 0.5870646834373474
Clean: 0.70447758436203±0.045554316974252114: [0.7064676284790039, 0.746268630027771, 0.7263681292533875, 0.7263681292533875, 0.6169154047966003]
Attacked: 0.6875621795654296±0.05126067546374713: [0.7064676284790039, 0.7313432693481445, 0.7014925479888916, 0.711442768573761, 0.5870646834373474]
Budget: 0.3
Model:RUNG_parametric_gamma

Detected GPU: Tesla T4 with compute capability 7.5
Using GPU: Tesla T4

0.7064676284790039 0.7014925479888916
0.746268630027771 0.7313432693481445
0.7263681292533875 0.711442768573761
0.7263681292533875 0.711442768573761
0.6169154047966003 0.5920397639274597
Clean: 0.70447758436203±0.045554316974252114: [0.7064676284790039, 0.746268630027771, 0.7263681292533875, 0.7263681292533875, 0.6169154047966003]
Attacked: 0.6895522236824035±0.04971143643291907: [0.7014925479888916, 0.7313432693481445, 0.711442768573761, 0.711442768573761, 0.5920397639274597]
Budget: 0.4
Model:RUNG_parametric_gamma

Detected GPU: Tesla T4 with compute capability 7.5
Using GPU: Tesla T4

0.7064676284790039 0.7064676284790039
0.746268630027771 0.7213929891586304
0.7263681292533875 0.711442768573761
0.7263681292533875 0.7064676284790039
0.6169154047966003 0.5820895433425903
Clean: 0.70447758436203±0.045554316974252114: [0.7064676284790039, 0.746268630027771, 0.7263681292533875, 0.7263681292533875, 0.6169154047966003]
Attacked: 0.6855721116065979±0.05202751838355414: [0.7064676284790039, 0.7213929891586304, 0.711442768573761, 0.7064676284790039, 0.5820895433425903]
Budget: 0.6
Model:RUNG_parametric_gamma

Detected GPU: Tesla T4 with compute capability 7.5
Using GPU: Tesla T4

0.7064676284790039 0.7014925479888916
0.746268630027771 0.711442768573761
0.7263681292533875 0.7213929891586304
0.7263681292533875 0.7064676284790039
0.6169154047966003 0.5671641826629639
Clean: 0.70447758436203±0.045554316974252114: [0.7064676284790039, 0.746268630027771, 0.7263681292533875, 0.7263681292533875, 0.6169154047966003]
Attacked: 0.6815920233726501±0.057591216700897424: [0.7014925479888916, 0.711442768573761, 0.7213929891586304, 0.7064676284790039, 0.5671641826629639]
Budget: 0.8
Model:RUNG_parametric_gamma

Detected GPU: Tesla T4 with compute capability 7.5
Using GPU: Tesla T4

0.7064676284790039 0.7014925479888916
0.746268630027771 0.7213929891586304
0.7263681292533875 0.7164179086685181
0.7263681292533875 0.6965174078941345
0.6169154047966003 0.5820895433425903
Clean: 0.70447758436203±0.045554316974252114: [0.7064676284790039, 0.746268630027771, 0.7263681292533875, 0.7263681292533875, 0.6169154047966003]
Attacked: 0.6835820794105529±0.0515687871957757: [0.7014925479888916, 0.7213929891586304, 0.7164179086685181, 0.6965174078941345, 0.5820895433425903]
Budget: 1.0
Model:RUNG_parametric_gamma

Detected GPU: Tesla T4 with compute capability 7.5
Using GPU: Tesla T4

0.7064676284790039 0.7014925479888916
0.746268630027771 0.6666666269302368
0.7263681292533875 0.7064676284790039
0.7263681292533875 0.6965174078941345
0.6169154047966003 0.5621890425682068
Clean: 0.70447758436203±0.045554316974252114: [0.7064676284790039, 0.746268630027771, 0.7263681292533875, 0.7263681292533875, 0.6169154047966003]
Attacked: 0.6666666507720947±0.05404368466369678: [0.7014925479888916, 0.6666666269302368, 0.7064676284790039, 0.6965174078941345, 0.5621890425682068]
