Budget: 0.05
Model:RUNG_learnable_distance

Detected GPU: Tesla T4 with compute capability 7.5
Using GPU: Tesla T4

0.5970149040222168 0.5273631811141968
0.6169154047966003 0.6218905448913574
0.5870646834373474 0.5870646834373474
0.6467661261558533 0.6318407654762268
0.5124378204345703 0.5174129009246826
Clean: 0.5920397877693176±0.04472078953706357: [0.5970149040222168, 0.6169154047966003, 0.5870646834373474, 0.6467661261558533, 0.5124378204345703]
Attacked: 0.5771144151687622±0.04719817611415723: [0.5273631811141968, 0.6218905448913574, 0.5870646834373474, 0.6318407654762268, 0.5174129009246826]
Budget: 0.1
Model:RUNG_learnable_distance

Detected GPU: Tesla T4 with compute capability 7.5
Using GPU: Tesla T4

0.5970149040222168 0.5373134016990662
0.6169154047966003 0.6218905448913574
0.5870646834373474 0.606965184211731
0.6467661261558533 0.6318407654762268
0.5124378204345703 0.5223880410194397
Clean: 0.5920397877693176±0.04472078953706357: [0.5970149040222168, 0.6169154047966003, 0.5870646834373474, 0.6467661261558533, 0.5124378204345703]
Attacked: 0.5840795874595642±0.04522714273289979: [0.5373134016990662, 0.6218905448913574, 0.606965184211731, 0.6318407654762268, 0.5223880410194397]
Budget: 0.15
Model:RUNG_learnable_distance

Detected GPU: Tesla T4 with compute capability 7.5
Using GPU: Tesla T4

0.5970149040222168 0.5323383212089539
0.6169154047966003 0.6268656849861145
0.5870646834373474 0.6019900441169739
0.6467661261558533 0.641791045665741
0.5124378204345703 0.5124378204345703
Clean: 0.5920397877693176±0.04472078953706357: [0.5970149040222168, 0.6169154047966003, 0.5870646834373474, 0.6467661261558533, 0.5124378204345703]
Attacked: 0.5830845832824707±0.05154958439527829: [0.5323383212089539, 0.6268656849861145, 0.6019900441169739, 0.641791045665741, 0.5124378204345703]
Budget: 0.2
Model:RUNG_learnable_distance

Detected GPU: Tesla T4 with compute capability 7.5
Using GPU: Tesla T4

0.5970149040222168 0.5273631811141968
0.6169154047966003 0.6169154047966003
0.5870646834373474 0.5870646834373474
0.6467661261558533 0.6119402647018433
0.5124378204345703 0.5273631811141968
Clean: 0.5920397877693176±0.04472078953706357: [0.5970149040222168, 0.6169154047966003, 0.5870646834373474, 0.6467661261558533, 0.5124378204345703]
Attacked: 0.5741293430328369±0.03950135114472367: [0.5273631811141968, 0.6169154047966003, 0.5870646834373474, 0.6119402647018433, 0.5273631811141968]
Budget: 0.3
Model:RUNG_learnable_distance

Detected GPU: Tesla T4 with compute capability 7.5
Using GPU: Tesla T4

0.5970149040222168 0.5273631811141968
0.6169154047966003 0.6268656849861145
0.5870646834373474 0.6019900441169739
0.6467661261558533 0.606965184211731
0.5124378204345703 0.5373134016990662
Clean: 0.5920397877693176±0.04472078953706357: [0.5970149040222168, 0.6169154047966003, 0.5870646834373474, 0.6467661261558533, 0.5124378204345703]
Attacked: 0.5800994992256164±0.03999951626082347: [0.5273631811141968, 0.6268656849861145, 0.6019900441169739, 0.606965184211731, 0.5373134016990662]
Budget: 0.4
Model:RUNG_learnable_distance

Detected GPU: Tesla T4 with compute capability 7.5
Using GPU: Tesla T4

0.5970149040222168 0.5422885417938232
0.6169154047966003 0.6318407654762268
0.5870646834373474 0.5970149040222168
0.6467661261558533 0.641791045665741
0.5124378204345703 0.5522388219833374
Clean: 0.5920397877693176±0.04472078953706357: [0.5970149040222168, 0.6169154047966003, 0.5870646834373474, 0.6467661261558533, 0.5124378204345703]
Attacked: 0.593034815788269±0.04034454168843808: [0.5422885417938232, 0.6318407654762268, 0.5970149040222168, 0.641791045665741, 0.5522388219833374]
Budget: 0.6
Model:RUNG_learnable_distance

Detected GPU: Tesla T4 with compute capability 7.5
Using GPU: Tesla T4

0.5970149040222168 0.5721392631530762
0.6169154047966003 0.6318407654762268
0.5870646834373474 0.6517412662506104
0.6467661261558533 0.6119402647018433
0.5124378204345703 0.5572139024734497
Clean: 0.5920397877693176±0.04472078953706357: [0.5970149040222168, 0.6169154047966003, 0.5870646834373474, 0.6467661261558533, 0.5124378204345703]
Attacked: 0.6049750924110413±0.03554342689497376: [0.5721392631530762, 0.6318407654762268, 0.6517412662506104, 0.6119402647018433, 0.5572139024734497]
Budget: 0.8
Model:RUNG_learnable_distance

Detected GPU: Tesla T4 with compute capability 7.5
Using GPU: Tesla T4

0.5970149040222168 0.5373134016990662
0.6169154047966003 0.6318407654762268
0.5870646834373474 0.6517412662506104
0.6467661261558533 0.6567164063453674
0.5124378204345703 0.5472636818885803
Clean: 0.5920397877693176±0.04472078953706357: [0.5970149040222168, 0.6169154047966003, 0.5870646834373474, 0.6467661261558533, 0.5124378204345703]
Attacked: 0.6049751043319702±0.051951350833222824: [0.5373134016990662, 0.6318407654762268, 0.6517412662506104, 0.6567164063453674, 0.5472636818885803]
Budget: 1.0
Model:RUNG_learnable_distance

Detected GPU: Tesla T4 with compute capability 7.5
Using GPU: Tesla T4

0.5970149040222168 0.5621890425682068
0.6169154047966003 0.641791045665741
0.5870646834373474 0.6268656849861145
0.6467661261558533 0.6467661261558533
0.5124378204345703 0.5820895433425903
Clean: 0.5920397877693176±0.04472078953706357: [0.5970149040222168, 0.6169154047966003, 0.5870646834373474, 0.6467661261558533, 0.5124378204345703]
Attacked: 0.6119402885437012±0.03374293286092953: [0.5621890425682068, 0.641791045665741, 0.6268656849861145, 0.6467661261558533, 0.5820895433425903]
