Budget: 0.05
Model:RUNG

Detected GPU: Tesla T4 with compute capability 7.5
Using GPU: Tesla T4

0.6169154047966003 0.5522388219833374
0.5920397639274597 0.5174129009246826
0.4029850661754608 0.35820895433425903
0.5373134016990662 0.4825870394706726
0.5074626803398132 0.46766167879104614
Clean: 0.53134326338768±0.0749511949908977: [0.6169154047966003, 0.5920397639274597, 0.4029850661754608, 0.5373134016990662, 0.5074626803398132]
Attacked: 0.47562187910079956±0.06559621725668804: [0.5522388219833374, 0.5174129009246826, 0.35820895433425903, 0.4825870394706726, 0.46766167879104614]
Budget: 0.1
Model:RUNG

Detected GPU: Tesla T4 with compute capability 7.5
Using GPU: Tesla T4

0.6169154047966003 0.49751242995262146
0.5920397639274597 0.4925372898578644
0.4029850661754608 0.32338306307792664
0.5373134016990662 0.4726368188858032
0.5074626803398132 0.4527363181114197
Clean: 0.53134326338768±0.0749511949908977: [0.6169154047966003, 0.5920397639274597, 0.4029850661754608, 0.5373134016990662, 0.5074626803398132]
Attacked: 0.44776118397712705±0.06417718015640328: [0.49751242995262146, 0.4925372898578644, 0.32338306307792664, 0.4726368188858032, 0.4527363181114197]
Budget: 0.15
Model:RUNG

Detected GPU: Tesla T4 with compute capability 7.5
Using GPU: Tesla T4

0.6169154047966003 0.46766167879104614
0.5920397639274597 0.4776119291782379
0.4029850661754608 0.30845770239830017
0.5373134016990662 0.45771142840385437
0.5074626803398132 0.4129353165626526
Clean: 0.53134326338768±0.0749511949908977: [0.6169154047966003, 0.5920397639274597, 0.4029850661754608, 0.5373134016990662, 0.5074626803398132]
Attacked: 0.42487561106681826±0.062266616787874214: [0.46766167879104614, 0.4776119291782379, 0.30845770239830017, 0.45771142840385437, 0.4129353165626526]
Budget: 0.2
Model:RUNG

Detected GPU: Tesla T4 with compute capability 7.5
Using GPU: Tesla T4

0.6169154047966003 0.45771142840385437
0.5920397639274597 0.4726368188858032
0.4029850661754608 0.2935323417186737
0.5373134016990662 0.4378109276294708
0.5074626803398132 0.3781094551086426
Clean: 0.53134326338768±0.0749511949908977: [0.6169154047966003, 0.5920397639274597, 0.4029850661754608, 0.5373134016990662, 0.5074626803398132]
Attacked: 0.40796019434928893±0.06562639319606223: [0.45771142840385437, 0.4726368188858032, 0.2935323417186737, 0.4378109276294708, 0.3781094551086426]
Budget: 0.3
Model:RUNG

Detected GPU: Tesla T4 with compute capability 7.5
Using GPU: Tesla T4

0.6169154047966003 0.4079601764678955
0.5920397639274597 0.4477611780166626
0.4029850661754608 0.2636815905570984
0.5373134016990662 0.4378109276294708
0.5074626803398132 0.3681592047214508
Clean: 0.53134326338768±0.0749511949908977: [0.6169154047966003, 0.5920397639274597, 0.4029850661754608, 0.5373134016990662, 0.5074626803398132]
Attacked: 0.3850746154785156±0.06671861848776947: [0.4079601764678955, 0.4477611780166626, 0.2636815905570984, 0.4378109276294708, 0.3681592047214508]
Budget: 0.4
Model:RUNG

Detected GPU: Tesla T4 with compute capability 7.5
Using GPU: Tesla T4

0.6169154047966003 0.4129353165626526
0.5920397639274597 0.42288556694984436
0.4029850661754608 0.2636815905570984
0.5373134016990662 0.43283581733703613
0.5074626803398132 0.3631840646266937
Clean: 0.53134326338768±0.0749511949908977: [0.6169154047966003, 0.5920397639274597, 0.4029850661754608, 0.5373134016990662, 0.5074626803398132]
Attacked: 0.379104471206665±0.06248882895697698: [0.4129353165626526, 0.42288556694984436, 0.2636815905570984, 0.43283581733703613, 0.3631840646266937]
Budget: 0.6
Model:RUNG

Detected GPU: Tesla T4 with compute capability 7.5
Using GPU: Tesla T4

0.6169154047966003 0.3731343150138855
0.5920397639274597 0.4029850661754608
0.4029850661754608 0.23383083939552307
0.5373134016990662 0.43283581733703613
0.5074626803398132 0.34825870394706726
Clean: 0.53134326338768±0.0749511949908977: [0.6169154047966003, 0.5920397639274597, 0.4029850661754608, 0.5373134016990662, 0.5074626803398132]
Attacked: 0.3582089483737946±0.06836045380649408: [0.3731343150138855, 0.4029850661754608, 0.23383083939552307, 0.43283581733703613, 0.34825870394706726]
Budget: 0.8
Model:RUNG

Detected GPU: Tesla T4 with compute capability 7.5
Using GPU: Tesla T4

0.6169154047966003 0.35820895433425903
0.5920397639274597 0.39303481578826904
0.4029850661754608 0.23383083939552307
0.5373134016990662 0.42786067724227905
0.5074626803398132 0.3283582031726837
Clean: 0.53134326338768±0.0749511949908977: [0.6169154047966003, 0.5920397639274597, 0.4029850661754608, 0.5373134016990662, 0.5074626803398132]
Attacked: 0.3482586979866028±0.0662271061481216: [0.35820895433425903, 0.39303481578826904, 0.23383083939552307, 0.42786067724227905, 0.3283582031726837]
Budget: 1.0
Model:RUNG

Detected GPU: Tesla T4 with compute capability 7.5
Using GPU: Tesla T4

0.6169154047966003 0.34825870394706726
0.5920397639274597 0.38308456540107727
0.4029850661754608 0.23383083939552307
0.5373134016990662 0.42786067724227905
0.5074626803398132 0.31840795278549194
Clean: 0.53134326338768±0.0749511949908977: [0.6169154047966003, 0.5920397639274597, 0.4029850661754608, 0.5373134016990662, 0.5074626803398132]
Attacked: 0.34228854775428774±0.0653542722159943: [0.34825870394706726, 0.38308456540107727, 0.23383083939552307, 0.42786067724227905, 0.31840795278549194]
