Budget: 0.05
Model:RUNG_combined_model

Detected GPU: Tesla T4 with compute capability 7.5
Using GPU: Tesla T4

0.4776119291782379 0.4776119291782379
0.5323383212089539 0.5273631811141968
0.46766167879104614 0.46766167879104614
0.4925372898578644 0.46766167879104614
0.3980099558830261 0.38805970549583435
Clean: 0.47363183498382566±0.04375847406478887: [0.4776119291782379, 0.5323383212089539, 0.46766167879104614, 0.4925372898578644, 0.3980099558830261]
Attacked: 0.46567163467407224±0.04467650307927663: [0.4776119291782379, 0.5273631811141968, 0.46766167879104614, 0.46766167879104614, 0.38805970549583435]
Budget: 0.1
Model:RUNG_combined_model

Detected GPU: Tesla T4 with compute capability 7.5
Using GPU: Tesla T4

0.4776119291782379 0.4776119291782379
0.5323383212089539 0.5323383212089539
0.46766167879104614 0.4925372898578644
0.4925372898578644 0.4925372898578644
0.3980099558830261 0.3731343150138855
Clean: 0.47363183498382566±0.04375847406478887: [0.4776119291782379, 0.5323383212089539, 0.46766167879104614, 0.4925372898578644, 0.3980099558830261]
Attacked: 0.4736318290233612±0.05343571210865358: [0.4776119291782379, 0.5323383212089539, 0.4925372898578644, 0.4925372898578644, 0.3731343150138855]
Budget: 0.15
Model:RUNG_combined_model

Detected GPU: Tesla T4 with compute capability 7.5
Using GPU: Tesla T4

0.4776119291782379 0.4776119291782379
0.5323383212089539 0.5273631811141968
0.46766167879104614 0.49751242995262146
0.4925372898578644 0.5024875402450562
0.3980099558830261 0.3781094551086426
Clean: 0.47363183498382566±0.04375847406478887: [0.4776119291782379, 0.5323383212089539, 0.46766167879104614, 0.4925372898578644, 0.3980099558830261]
Attacked: 0.47661690711975097±0.051741289175474194: [0.4776119291782379, 0.5273631811141968, 0.49751242995262146, 0.5024875402450562, 0.3781094551086426]
Budget: 0.2
Model:RUNG_combined_model

Detected GPU: Tesla T4 with compute capability 7.5
Using GPU: Tesla T4

0.4776119291782379 0.4776119291782379
0.5323383212089539 0.5273631811141968
0.46766167879104614 0.5074626803398132
0.4925372898578644 0.49751242995262146
0.3980099558830261 0.35820895433425903
Clean: 0.47363183498382566±0.04375847406478887: [0.4776119291782379, 0.5323383212089539, 0.46766167879104614, 0.4925372898578644, 0.3980099558830261]
Attacked: 0.47363183498382566±0.05990016527153605: [0.4776119291782379, 0.5273631811141968, 0.5074626803398132, 0.49751242995262146, 0.35820895433425903]
Budget: 0.3
Model:RUNG_combined_model

Detected GPU: Tesla T4 with compute capability 7.5
Using GPU: Tesla T4

0.4776119291782379 0.4776119291782379
0.5323383212089539 0.5323383212089539
0.46766167879104614 0.5124378204345703
0.4925372898578644 0.4825870394706726
0.3980099558830261 0.38805970549583435
Clean: 0.47363183498382566±0.04375847406478887: [0.4776119291782379, 0.5323383212089539, 0.46766167879104614, 0.4925372898578644, 0.3980099558830261]
Attacked: 0.47860696315765383±0.049491863396485015: [0.4776119291782379, 0.5323383212089539, 0.5124378204345703, 0.4825870394706726, 0.38805970549583435]
Budget: 0.4
Model:RUNG_combined_model

Detected GPU: Tesla T4 with compute capability 7.5
Using GPU: Tesla T4

0.4776119291782379 0.4726368188858032
0.5323383212089539 0.5721392631530762
0.46766167879104614 0.5174129009246826
0.4925372898578644 0.49751242995262146
0.3980099558830261 0.4079601764678955
Clean: 0.47363183498382566±0.04375847406478887: [0.4776119291782379, 0.5323383212089539, 0.46766167879104614, 0.4925372898578644, 0.3980099558830261]
Attacked: 0.4935323178768158±0.05389691762596204: [0.4726368188858032, 0.5721392631530762, 0.5174129009246826, 0.49751242995262146, 0.4079601764678955]
Budget: 0.6
Model:RUNG_combined_model

Detected GPU: Tesla T4 with compute capability 7.5
Using GPU: Tesla T4

0.4776119291782379 0.4776119291782379
0.5323383212089539 0.5373134016990662
0.46766167879104614 0.5323383212089539
0.4925372898578644 0.5472636818885803
0.3980099558830261 0.38805970549583435
Clean: 0.47363183498382566±0.04375847406478887: [0.4776119291782379, 0.5323383212089539, 0.46766167879104614, 0.4925372898578644, 0.3980099558830261]
Attacked: 0.4965174078941345±0.059402231608845564: [0.4776119291782379, 0.5373134016990662, 0.5323383212089539, 0.5472636818885803, 0.38805970549583435]
Budget: 0.8
Model:RUNG_combined_model

Detected GPU: Tesla T4 with compute capability 7.5
Using GPU: Tesla T4

0.4776119291782379 0.4726368188858032
0.5323383212089539 0.5273631811141968
0.46766167879104614 0.5323383212089539
0.4925372898578644 0.5124378204345703
0.3980099558830261 0.38805970549583435
Clean: 0.47363183498382566±0.04375847406478887: [0.4776119291782379, 0.5323383212089539, 0.46766167879104614, 0.4925372898578644, 0.3980099558830261]
Attacked: 0.4865671694278717±0.0535282702969834: [0.4726368188858032, 0.5273631811141968, 0.5323383212089539, 0.5124378204345703, 0.38805970549583435]
Budget: 1.0
Model:RUNG_combined_model

Detected GPU: Tesla T4 with compute capability 7.5
Using GPU: Tesla T4

0.4776119291782379 0.46766167879104614
0.5323383212089539 0.5422885417938232
0.46766167879104614 0.5373134016990662
0.4925372898578644 0.5422885417938232
0.3980099558830261 0.38308456540107727
Clean: 0.47363183498382566±0.04375847406478887: [0.4776119291782379, 0.5323383212089539, 0.46766167879104614, 0.4925372898578644, 0.3980099558830261]
Attacked: 0.4945273458957672±0.06250466803655118: [0.46766167879104614, 0.5422885417938232, 0.5373134016990662, 0.5422885417938232, 0.38308456540107727]
