Budget: 0.05
Model:RUNG_homophily_adaptive

Detected GPU: Tesla T4 with compute capability 7.5
Using GPU: Tesla T4

0.6169154047966003 0.6218905448913574
0.6268656849861145 0.6218905448913574
0.5721392631530762 0.5721392631530762
0.5572139024734497 0.5721392631530762
0.5323383212089539 0.5174129009246826
Clean: 0.5810945153236389±0.03579324732681595: [0.6169154047966003, 0.6268656849861145, 0.5721392631530762, 0.5572139024734497, 0.5323383212089539]
Attacked: 0.58109450340271±0.03884423548562569: [0.6218905448913574, 0.6218905448913574, 0.5721392631530762, 0.5721392631530762, 0.5174129009246826]
Budget: 0.2
Model:RUNG_homophily_adaptive

Detected GPU: Tesla T4 with compute capability 7.5
Using GPU: Tesla T4

0.6169154047966003 0.6268656849861145
0.6268656849861145 0.6368159055709839
0.5721392631530762 0.5970149040222168
0.5572139024734497 0.5572139024734497
0.5323383212089539 0.5273631811141968
Clean: 0.5810945153236389±0.03579324732681595: [0.6169154047966003, 0.6268656849861145, 0.5721392631530762, 0.5572139024734497, 0.5323383212089539]
Attacked: 0.5890547156333923±0.04145804645868457: [0.6268656849861145, 0.6368159055709839, 0.5970149040222168, 0.5572139024734497, 0.5273631811141968]
Budget: 0.4
Model:RUNG_homophily_adaptive

Detected GPU: Tesla T4 with compute capability 7.5
Using GPU: Tesla T4

0.6169154047966003 0.6019900441169739
0.6268656849861145 0.6268656849861145
0.5721392631530762 0.5870646834373474
0.5572139024734497 0.5820895433425903
0.5323383212089539 0.42288556694984436
Clean: 0.5810945153236389±0.03579324732681595: [0.6169154047966003, 0.6268656849861145, 0.5721392631530762, 0.5572139024734497, 0.5323383212089539]
Attacked: 0.564179104566574±0.07234317082355393: [0.6019900441169739, 0.6268656849861145, 0.5870646834373474, 0.5820895433425903, 0.42288556694984436]
