Budget: 0.05
Model:RUNG_percentile_gamma

Detected GPU: Tesla T4 with compute capability 7.5
Using GPU: Tesla T4

0.44217684864997864 0.4285714328289032
0.44897958636283875 0.44897958636283875
0.44897958636283875 0.44897958636283875
0.45578229427337646 0.4353741407394409
0.44897958636283875 0.44897958636283875
Clean: 0.4489795804023743±0.004302419675156853: [0.44217684864997864, 0.44897958636283875, 0.44897958636283875, 0.45578229427337646, 0.44897958636283875]
Attacked: 0.44217686653137206±0.008604834638141177: [0.4285714328289032, 0.44897958636283875, 0.44897958636283875, 0.4353741407394409, 0.44897958636283875]
Budget: 0.1
Model:RUNG_percentile_gamma

Detected GPU: Tesla T4 with compute capability 7.5
Using GPU: Tesla T4

0.44217684864997864 0.39455780386924744
0.44897958636283875 0.44897958636283875
0.44897958636283875 0.44897958636283875
0.45578229427337646 0.40136054158210754
0.44897958636283875 0.44897958636283875
Clean: 0.4489795804023743±0.004302419675156853: [0.44217684864997864, 0.44897958636283875, 0.44897958636283875, 0.45578229427337646, 0.44897958636283875]
Attacked: 0.42857142090797423±0.025087198924724222: [0.39455780386924744, 0.44897958636283875, 0.44897958636283875, 0.40136054158210754, 0.44897958636283875]
Budget: 0.15
Model:RUNG_percentile_gamma

Detected GPU: Tesla T4 with compute capability 7.5
Using GPU: Tesla T4

0.44217684864997864 0.40816324949264526
0.44897958636283875 0.44897958636283875
0.44897958636283875 0.44897958636283875
0.45578229427337646 0.3809523582458496
0.44897958636283875 0.44897958636283875
Clean: 0.4489795804023743±0.004302419675156853: [0.44217684864997864, 0.44897958636283875, 0.44897958636283875, 0.45578229427337646, 0.44897958636283875]
Attacked: 0.4272108733654022±0.028015327208362868: [0.40816324949264526, 0.44897958636283875, 0.44897958636283875, 0.3809523582458496, 0.44897958636283875]
Budget: 0.2
Model:RUNG_percentile_gamma

Detected GPU: Tesla T4 with compute capability 7.5
Using GPU: Tesla T4

0.44217684864997864 0.34693875908851624
0.44897958636283875 0.44897958636283875
0.44897958636283875 0.44897958636283875
0.45578229427337646 0.3877550959587097
0.44897958636283875 0.44897958636283875
Clean: 0.4489795804023743±0.004302419675156853: [0.44217684864997864, 0.44897958636283875, 0.44897958636283875, 0.45578229427337646, 0.44897958636283875]
Attacked: 0.41632652282714844±0.04202298386536651: [0.34693875908851624, 0.44897958636283875, 0.44897958636283875, 0.3877550959587097, 0.44897958636283875]
Budget: 0.3
Model:RUNG_percentile_gamma

Detected GPU: Tesla T4 with compute capability 7.5
Using GPU: Tesla T4

0.44217684864997864 0.35374149680137634
0.44897958636283875 0.44897958636283875
0.44897958636283875 0.44897958636283875
0.45578229427337646 0.39455780386924744
0.44897958636283875 0.44897958636283875
Clean: 0.4489795804023743±0.004302419675156853: [0.44217684864997864, 0.44897958636283875, 0.44897958636283875, 0.45578229427337646, 0.44897958636283875]
Attacked: 0.419047611951828±0.03886491644758776: [0.35374149680137634, 0.44897958636283875, 0.44897958636283875, 0.39455780386924744, 0.44897958636283875]
Budget: 0.4
Model:RUNG_percentile_gamma

Detected GPU: Tesla T4 with compute capability 7.5
Using GPU: Tesla T4

0.44217684864997864 0.3401360511779785
0.44897958636283875 0.44897958636283875
0.44897958636283875 0.44897958636283875
0.45578229427337646 0.39455780386924744
0.44897958636283875 0.44897958636283875
Clean: 0.4489795804023743±0.004302419675156853: [0.44217684864997864, 0.44897958636283875, 0.44897958636283875, 0.45578229427337646, 0.44897958636283875]
Attacked: 0.41632652282714844±0.04353741556406059: [0.3401360511779785, 0.44897958636283875, 0.44897958636283875, 0.39455780386924744, 0.44897958636283875]
Budget: 0.6
Model:RUNG_percentile_gamma

Detected GPU: Tesla T4 with compute capability 7.5
Using GPU: Tesla T4

0.44217684864997864 0.3741496503353119
0.44897958636283875 0.44897958636283875
0.44897958636283875 0.44897958636283875
0.45578229427337646 0.3741496503353119
0.44897958636283875 0.44897958636283875
Clean: 0.4489795804023743±0.004302419675156853: [0.44217684864997864, 0.44897958636283875, 0.44897958636283875, 0.45578229427337646, 0.44897958636283875]
Attacked: 0.419047611951828±0.03665903215050969: [0.3741496503353119, 0.44897958636283875, 0.44897958636283875, 0.3741496503353119, 0.44897958636283875]
Budget: 0.8
Model:RUNG_percentile_gamma

Detected GPU: Tesla T4 with compute capability 7.5
Using GPU: Tesla T4

0.44217684864997864 0.35374149680137634
0.44897958636283875 0.44897958636283875
0.44897958636283875 0.44897958636283875
0.45578229427337646 0.3809523582458496
0.44897958636283875 0.44897958636283875
Clean: 0.4489795804023743±0.004302419675156853: [0.44217684864997864, 0.44897958636283875, 0.44897958636283875, 0.45578229427337646, 0.44897958636283875]
Attacked: 0.41632652282714844±0.040906930164139356: [0.35374149680137634, 0.44897958636283875, 0.44897958636283875, 0.3809523582458496, 0.44897958636283875]
Budget: 1.0
Model:RUNG_percentile_gamma

Detected GPU: Tesla T4 with compute capability 7.5
Using GPU: Tesla T4

0.44217684864997864 0.3809523582458496
0.44897958636283875 0.44897958636283875
0.44897958636283875 0.44897958636283875
0.45578229427337646 0.35374149680137634
0.44897958636283875 0.44897958636283875
Clean: 0.4489795804023743±0.004302419675156853: [0.44217684864997864, 0.44897958636283875, 0.44897958636283875, 0.45578229427337646, 0.44897958636283875]
Attacked: 0.41632652282714844±0.040906930164139356: [0.3809523582458496, 0.44897958636283875, 0.44897958636283875, 0.35374149680137634, 0.44897958636283875]
