Budget: 0.05
Model:RUNG_learnable_distance

Detected GPU: Tesla T4 with compute capability 7.5
Using GPU: Tesla T4

0.5238094925880432 0.5170068144798279
0.44897958636283875 0.44897958636283875
0.4625850319862366 0.4625850319862366
0.557823121547699 0.5102040767669678
0.5034013390541077 0.49659863114356995
Clean: 0.49931971430778505±0.03980608728886541: [0.5238094925880432, 0.44897958636283875, 0.4625850319862366, 0.557823121547699, 0.5034013390541077]
Attacked: 0.48707482814788816±0.026730455789828203: [0.5170068144798279, 0.44897958636283875, 0.4625850319862366, 0.5102040767669678, 0.49659863114356995]
Budget: 0.1
Model:RUNG_learnable_distance

Detected GPU: Tesla T4 with compute capability 7.5
Using GPU: Tesla T4

0.5238094925880432 0.5170068144798279
0.44897958636283875 0.44897958636283875
0.4625850319862366 0.4625850319862366
0.557823121547699 0.5034013390541077
0.5034013390541077 0.5034013390541077
Clean: 0.49931971430778505±0.03980608728886541: [0.5238094925880432, 0.44897958636283875, 0.4625850319862366, 0.557823121547699, 0.5034013390541077]
Attacked: 0.4870748221874237±0.026381930502590887: [0.5170068144798279, 0.44897958636283875, 0.4625850319862366, 0.5034013390541077, 0.5034013390541077]
Budget: 0.15
Model:RUNG_learnable_distance

Detected GPU: Tesla T4 with compute capability 7.5
Using GPU: Tesla T4

0.5238094925880432 0.5170068144798279
0.44897958636283875 0.44897958636283875
0.4625850319862366 0.4625850319862366
0.557823121547699 0.49659863114356995
0.5034013390541077 0.5238094925880432
Clean: 0.49931971430778505±0.03980608728886541: [0.5238094925880432, 0.44897958636283875, 0.4625850319862366, 0.557823121547699, 0.5034013390541077]
Attacked: 0.48979591131210326±0.029495892241376668: [0.5170068144798279, 0.44897958636283875, 0.4625850319862366, 0.49659863114356995, 0.5238094925880432]
Budget: 0.2
Model:RUNG_learnable_distance

Detected GPU: Tesla T4 with compute capability 7.5
Using GPU: Tesla T4

0.5238094925880432 0.5170068144798279
0.44897958636283875 0.44897958636283875
0.4625850319862366 0.4625850319862366
0.557823121547699 0.5034013390541077
0.5034013390541077 0.5306122303009033
Clean: 0.49931971430778505±0.03980608728886541: [0.5238094925880432, 0.44897958636283875, 0.4625850319862366, 0.557823121547699, 0.5034013390541077]
Attacked: 0.4925170004367828±0.03149887463694617: [0.5170068144798279, 0.44897958636283875, 0.4625850319862366, 0.5034013390541077, 0.5306122303009033]
Budget: 0.3
Model:RUNG_learnable_distance

Detected GPU: Tesla T4 with compute capability 7.5
Using GPU: Tesla T4

0.5238094925880432 0.5170068144798279
0.44897958636283875 0.44897958636283875
0.4625850319862366 0.4693877398967743
0.557823121547699 0.5170068144798279
0.5034013390541077 0.5442177057266235
Clean: 0.49931971430778505±0.03980608728886541: [0.5238094925880432, 0.44897958636283875, 0.4625850319862366, 0.557823121547699, 0.5034013390541077]
Attacked: 0.49931973218917847±0.034846946012789176: [0.5170068144798279, 0.44897958636283875, 0.4693877398967743, 0.5170068144798279, 0.5442177057266235]
Budget: 0.4
Model:RUNG_learnable_distance

Detected GPU: Tesla T4 with compute capability 7.5
Using GPU: Tesla T4

0.5238094925880432 0.5102040767669678
0.44897958636283875 0.44897958636283875
0.4625850319862366 0.45578229427337646
0.557823121547699 0.5102040767669678
0.5034013390541077 0.5034013390541077
Clean: 0.49931971430778505±0.03980608728886541: [0.5238094925880432, 0.44897958636283875, 0.4625850319862366, 0.557823121547699, 0.5034013390541077]
Attacked: 0.4857142746448517±0.027414207395119083: [0.5102040767669678, 0.44897958636283875, 0.45578229427337646, 0.5102040767669678, 0.5034013390541077]
Budget: 0.6
Model:RUNG_learnable_distance

Detected GPU: Tesla T4 with compute capability 7.5
Using GPU: Tesla T4

0.5238094925880432 0.5102040767669678
0.44897958636283875 0.44897958636283875
0.4625850319862366 0.44897958636283875
0.557823121547699 0.5034013390541077
0.5034013390541077 0.5374149680137634
Clean: 0.49931971430778505±0.03980608728886541: [0.5238094925880432, 0.44897958636283875, 0.4625850319862366, 0.557823121547699, 0.5034013390541077]
Attacked: 0.48979591131210326±0.03521681475420473: [0.5102040767669678, 0.44897958636283875, 0.44897958636283875, 0.5034013390541077, 0.5374149680137634]
Budget: 0.8
Model:RUNG_learnable_distance

Detected GPU: Tesla T4 with compute capability 7.5
Using GPU: Tesla T4

0.5238094925880432 0.49659863114356995
0.44897958636283875 0.44897958636283875
0.4625850319862366 0.44897958636283875
0.557823121547699 0.5102040767669678
0.5034013390541077 0.5102040767669678
Clean: 0.49931971430778505±0.03980608728886541: [0.5238094925880432, 0.44897958636283875, 0.4625850319862366, 0.557823121547699, 0.5034013390541077]
Attacked: 0.4829931914806366±0.028212845339569838: [0.49659863114356995, 0.44897958636283875, 0.44897958636283875, 0.5102040767669678, 0.5102040767669678]
Budget: 1.0
Model:RUNG_learnable_distance

Detected GPU: Tesla T4 with compute capability 7.5
Using GPU: Tesla T4

0.5238094925880432 0.5034013390541077
0.44897958636283875 0.44897958636283875
0.4625850319862366 0.44897958636283875
0.557823121547699 0.5034013390541077
0.5034013390541077 0.4761904776096344
Clean: 0.49931971430778505±0.03980608728886541: [0.5238094925880432, 0.44897958636283875, 0.4625850319862366, 0.557823121547699, 0.5034013390541077]
Attacked: 0.47619046568870543±0.024338147694472616: [0.5034013390541077, 0.44897958636283875, 0.44897958636283875, 0.5034013390541077, 0.4761904776096344]
