Budget: 0.05
Model:RUNG_parametric_gamma

Detected GPU: Tesla T4 with compute capability 7.5
Using GPU: Tesla T4

0.5306122303009033 0.4761904776096344
0.44897958636283875 0.44897958636283875
0.5442177057266235 0.5306122303009033
0.4761904776096344 0.3741496503353119
0.4353741407394409 0.4353741407394409
Clean: 0.48707482814788816±0.04336701847261036: [0.5306122303009033, 0.44897958636283875, 0.5442177057266235, 0.4761904776096344, 0.4353741407394409]
Attacked: 0.4530612170696259±0.05119697274082879: [0.4761904776096344, 0.44897958636283875, 0.5306122303009033, 0.3741496503353119, 0.4353741407394409]
Budget: 0.1
Model:RUNG_parametric_gamma

Detected GPU: Tesla T4 with compute capability 7.5
Using GPU: Tesla T4

0.5306122303009033 0.4829931855201721
0.44897958636283875 0.44897958636283875
0.5442177057266235 0.5170068144798279
0.4761904776096344 0.36734694242477417
0.4353741407394409 0.4353741407394409
Clean: 0.48707482814788816±0.04336701847261036: [0.5306122303009033, 0.44897958636283875, 0.5442177057266235, 0.4761904776096344, 0.4353741407394409]
Attacked: 0.4503401339054108±0.05024812424711732: [0.4829931855201721, 0.44897958636283875, 0.5170068144798279, 0.36734694242477417, 0.4353741407394409]
Budget: 0.15
Model:RUNG_parametric_gamma

Detected GPU: Tesla T4 with compute capability 7.5
Using GPU: Tesla T4

0.5306122303009033 0.4829931855201721
0.44897958636283875 0.44897958636283875
0.5442177057266235 0.5170068144798279
0.4761904776096344 0.36734694242477417
0.4353741407394409 0.4285714328289032
Clean: 0.48707482814788816±0.04336701847261036: [0.5306122303009033, 0.44897958636283875, 0.5442177057266235, 0.4761904776096344, 0.4353741407394409]
Attacked: 0.4489795923233032±0.05072476708650315: [0.4829931855201721, 0.44897958636283875, 0.5170068144798279, 0.36734694242477417, 0.4285714328289032]
Budget: 0.2
Model:RUNG_parametric_gamma

Detected GPU: Tesla T4 with compute capability 7.5
Using GPU: Tesla T4

0.5306122303009033 0.45578229427337646
0.44897958636283875 0.44897958636283875
0.5442177057266235 0.5102040767669678
0.4761904776096344 0.35374149680137634
0.4353741407394409 0.4353741407394409
Clean: 0.48707482814788816±0.04336701847261036: [0.5306122303009033, 0.44897958636283875, 0.5442177057266235, 0.4761904776096344, 0.4353741407394409]
Attacked: 0.4408163189888±0.05043197843231916: [0.45578229427337646, 0.44897958636283875, 0.5102040767669678, 0.35374149680137634, 0.4353741407394409]
Budget: 0.3
Model:RUNG_parametric_gamma

Detected GPU: Tesla T4 with compute capability 7.5
Using GPU: Tesla T4

0.5306122303009033 0.44897958636283875
0.44897958636283875 0.44897958636283875
0.5442177057266235 0.5034013390541077
0.4761904776096344 0.35374149680137634
0.4353741407394409 0.4353741407394409
Clean: 0.48707482814788816±0.04336701847261036: [0.5306122303009033, 0.44897958636283875, 0.5442177057266235, 0.4761904776096344, 0.4353741407394409]
Attacked: 0.4380952298641205±0.048217803637167156: [0.44897958636283875, 0.44897958636283875, 0.5034013390541077, 0.35374149680137634, 0.4353741407394409]
Budget: 0.4
Model:RUNG_parametric_gamma

Detected GPU: Tesla T4 with compute capability 7.5
Using GPU: Tesla T4

0.5306122303009033 0.4693877398967743
0.44897958636283875 0.44897958636283875
0.5442177057266235 0.5034013390541077
0.4761904776096344 0.34693875908851624
0.4353741407394409 0.4285714328289032
Clean: 0.48707482814788816±0.04336701847261036: [0.5306122303009033, 0.44897958636283875, 0.5442177057266235, 0.4761904776096344, 0.4353741407394409]
Attacked: 0.43945577144622805±0.052447169237848944: [0.4693877398967743, 0.44897958636283875, 0.5034013390541077, 0.34693875908851624, 0.4285714328289032]
Budget: 0.6
Model:RUNG_parametric_gamma

Detected GPU: Tesla T4 with compute capability 7.5
Using GPU: Tesla T4

0.5306122303009033 0.45578229427337646
0.44897958636283875 0.44897958636283875
0.5442177057266235 0.4829931855201721
0.4761904776096344 0.31972789764404297
0.4353741407394409 0.4217686951160431
Clean: 0.48707482814788816±0.04336701847261036: [0.5306122303009033, 0.44897958636283875, 0.5442177057266235, 0.4761904776096344, 0.4353741407394409]
Attacked: 0.4258503317832947±0.05652401492220888: [0.45578229427337646, 0.44897958636283875, 0.4829931855201721, 0.31972789764404297, 0.4217686951160431]
Budget: 0.8
Model:RUNG_parametric_gamma

Detected GPU: Tesla T4 with compute capability 7.5
Using GPU: Tesla T4

0.5306122303009033 0.44217684864997864
0.44897958636283875 0.44897958636283875
0.5442177057266235 0.4761904776096344
0.4761904776096344 0.31292515993118286
0.4353741407394409 0.4217686951160431
Clean: 0.48707482814788816±0.04336701847261036: [0.5306122303009033, 0.44897958636283875, 0.5442177057266235, 0.4761904776096344, 0.4353741407394409]
Attacked: 0.42040815353393557±0.05649126574514697: [0.44217684864997864, 0.44897958636283875, 0.4761904776096344, 0.31292515993118286, 0.4217686951160431]
Budget: 1.0
Model:RUNG_parametric_gamma

Detected GPU: Tesla T4 with compute capability 7.5
Using GPU: Tesla T4

0.5306122303009033 0.41496598720550537
0.44897958636283875 0.44897958636283875
0.5442177057266235 0.4761904776096344
0.4761904776096344 0.2789115607738495
0.4353741407394409 0.41496598720550537
Clean: 0.48707482814788816±0.04336701847261036: [0.5306122303009033, 0.44897958636283875, 0.5442177057266235, 0.4761904776096344, 0.4353741407394409]
Attacked: 0.40680271983146665±0.0679455302921799: [0.41496598720550537, 0.44897958636283875, 0.4761904776096344, 0.2789115607738495, 0.41496598720550537]
