Budget: 0.05
Model:RUNG_combined_model

Detected GPU: Tesla T4 with compute capability 7.5
Using GPU: Tesla T4

0.4285714328289032 0.36734694242477417
0.44897958636283875 0.44897958636283875
0.44897958636283875 0.44897958636283875
0.4285714328289032 0.4285714328289032
0.44897958636283875 0.44897958636283875
Clean: 0.44081632494926454±0.009997912550103879: [0.4285714328289032, 0.44897958636283875, 0.44897958636283875, 0.4285714328289032, 0.44897958636283875]
Attacked: 0.42857142686843874±0.031616187047900535: [0.36734694242477417, 0.44897958636283875, 0.44897958636283875, 0.4285714328289032, 0.44897958636283875]
Budget: 0.1
Model:RUNG_combined_model

Detected GPU: Tesla T4 with compute capability 7.5
Using GPU: Tesla T4

0.4285714328289032 0.31972789764404297
0.44897958636283875 0.44897958636283875
0.44897958636283875 0.44897958636283875
0.4285714328289032 0.4285714328289032
0.44897958636283875 0.44897958636283875
Clean: 0.44081632494926454±0.009997912550103879: [0.4285714328289032, 0.44897958636283875, 0.44897958636283875, 0.4285714328289032, 0.44897958636283875]
Attacked: 0.4190476179122925±0.0502849442491541: [0.31972789764404297, 0.44897958636283875, 0.44897958636283875, 0.4285714328289032, 0.44897958636283875]
Budget: 0.15
Model:RUNG_combined_model

Detected GPU: Tesla T4 with compute capability 7.5
Using GPU: Tesla T4

0.4285714328289032 0.3401360511779785
0.44897958636283875 0.44897958636283875
0.44897958636283875 0.44897958636283875
0.4285714328289032 0.4285714328289032
0.44897958636283875 0.44897958636283875
Clean: 0.44081632494926454±0.009997912550103879: [0.4285714328289032, 0.44897958636283875, 0.44897958636283875, 0.4285714328289032, 0.44897958636283875]
Attacked: 0.4231292486190796±0.04224265160917458: [0.3401360511779785, 0.44897958636283875, 0.44897958636283875, 0.4285714328289032, 0.44897958636283875]
Budget: 0.2
Model:RUNG_combined_model

Detected GPU: Tesla T4 with compute capability 7.5
Using GPU: Tesla T4

0.4285714328289032 0.31972789764404297
0.44897958636283875 0.44897958636283875
0.44897958636283875 0.44897958636283875
0.4285714328289032 0.4285714328289032
0.44897958636283875 0.44897958636283875
Clean: 0.44081632494926454±0.009997912550103879: [0.4285714328289032, 0.44897958636283875, 0.44897958636283875, 0.4285714328289032, 0.44897958636283875]
Attacked: 0.4190476179122925±0.0502849442491541: [0.31972789764404297, 0.44897958636283875, 0.44897958636283875, 0.4285714328289032, 0.44897958636283875]
Budget: 0.3
Model:RUNG_combined_model

Detected GPU: Tesla T4 with compute capability 7.5
Using GPU: Tesla T4

0.4285714328289032 0.2789115607738495
0.44897958636283875 0.44897958636283875
0.44897958636283875 0.44897958636283875
0.4285714328289032 0.4285714328289032
0.44897958636283875 0.44897958636283875
Clean: 0.44081632494926454±0.009997912550103879: [0.4285714328289032, 0.44897958636283875, 0.44897958636283875, 0.4285714328289032, 0.44897958636283875]
Attacked: 0.4108843505382538±0.06645809370685873: [0.2789115607738495, 0.44897958636283875, 0.44897958636283875, 0.4285714328289032, 0.44897958636283875]
Budget: 0.4
Model:RUNG_combined_model

Detected GPU: Tesla T4 with compute capability 7.5
Using GPU: Tesla T4

0.4285714328289032 0.2925170063972473
0.44897958636283875 0.44897958636283875
0.44897958636283875 0.44897958636283875
0.4285714328289032 0.4285714328289032
0.44897958636283875 0.44897958636283875
Clean: 0.44081632494926454±0.009997912550103879: [0.4285714328289032, 0.44897958636283875, 0.44897958636283875, 0.4285714328289032, 0.44897958636283875]
Attacked: 0.41360543966293334±0.0610579730852927: [0.2925170063972473, 0.44897958636283875, 0.44897958636283875, 0.4285714328289032, 0.44897958636283875]
Budget: 0.6
Model:RUNG_combined_model

Detected GPU: Tesla T4 with compute capability 7.5
Using GPU: Tesla T4

0.4285714328289032 0.34693875908851624
0.44897958636283875 0.44897958636283875
0.44897958636283875 0.44897958636283875
0.4285714328289032 0.4285714328289032
0.44897958636283875 0.44897958636283875
Clean: 0.44081632494926454±0.009997912550103879: [0.4285714328289032, 0.44897958636283875, 0.44897958636283875, 0.4285714328289032, 0.44897958636283875]
Attacked: 0.42448979020118716±0.03957290128685683: [0.34693875908851624, 0.44897958636283875, 0.44897958636283875, 0.4285714328289032, 0.44897958636283875]
Budget: 0.8
Model:RUNG_combined_model

Detected GPU: Tesla T4 with compute capability 7.5
Using GPU: Tesla T4

0.4285714328289032 0.3265306055545807
0.44897958636283875 0.44897958636283875
0.44897958636283875 0.44897958636283875
0.4285714328289032 0.4285714328289032
0.44897958636283875 0.44897958636283875
Clean: 0.44081632494926454±0.009997912550103879: [0.4285714328289032, 0.44897958636283875, 0.44897958636283875, 0.4285714328289032, 0.44897958636283875]
Attacked: 0.4204081594944±0.04759960811845645: [0.3265306055545807, 0.44897958636283875, 0.44897958636283875, 0.4285714328289032, 0.44897958636283875]
Budget: 1.0
Model:RUNG_combined_model

Detected GPU: Tesla T4 with compute capability 7.5
Using GPU: Tesla T4

0.4285714328289032 0.31292515993118286
0.44897958636283875 0.44897958636283875
0.44897958636283875 0.44897958636283875
0.4285714328289032 0.4285714328289032
0.44897958636283875 0.44897958636283875
Clean: 0.44081632494926454±0.009997912550103879: [0.4285714328289032, 0.44897958636283875, 0.44897958636283875, 0.4285714328289032, 0.44897958636283875]
Attacked: 0.41768707036972047±0.05297394056781831: [0.31292515993118286, 0.44897958636283875, 0.44897958636283875, 0.4285714328289032, 0.44897958636283875]
