Budget: 0.05
Model:RUNG

Detected GPU: Tesla T4 with compute capability 7.5
Using GPU: Tesla T4

0.34693875908851624 0.2857142686843872
0.49659863114356995 0.44217684864997864
0.4625850319862366 0.4285714328289032
0.5102040767669678 0.44217684864997864
0.44217684864997864 0.41496598720550537
Clean: 0.45170066952705384±0.05765883454418936: [0.34693875908851624, 0.49659863114356995, 0.4625850319862366, 0.5102040767669678, 0.44217684864997864]
Attacked: 0.4027210772037506±0.05936714200232123: [0.2857142686843872, 0.44217684864997864, 0.4285714328289032, 0.44217684864997864, 0.41496598720550537]
Budget: 0.1
Model:RUNG

Detected GPU: Tesla T4 with compute capability 7.5
Using GPU: Tesla T4

0.34693875908851624 0.25170066952705383
0.49659863114356995 0.4217686951160431
0.4625850319862366 0.40136054158210754
0.5102040767669678 0.4217686951160431
0.44217684864997864 0.40816324949264526
Clean: 0.45170066952705384±0.05765883454418936: [0.34693875908851624, 0.49659863114356995, 0.4625850319862366, 0.5102040767669678, 0.44217684864997864]
Attacked: 0.3809523701667786±0.06510740710117897: [0.25170066952705383, 0.4217686951160431, 0.40136054158210754, 0.4217686951160431, 0.40816324949264526]
Budget: 0.15
Model:RUNG

Detected GPU: Tesla T4 with compute capability 7.5
Using GPU: Tesla T4

0.34693875908851624 0.2448979616165161
0.49659863114356995 0.40136054158210754
0.4625850319862366 0.39455780386924744
0.5102040767669678 0.39455780386924744
0.44217684864997864 0.40136054158210754
Clean: 0.45170066952705384±0.05765883454418936: [0.34693875908851624, 0.49659863114356995, 0.4625850319862366, 0.5102040767669678, 0.44217684864997864]
Attacked: 0.3673469305038452±0.061300024008727076: [0.2448979616165161, 0.40136054158210754, 0.39455780386924744, 0.39455780386924744, 0.40136054158210754]
Budget: 0.2
Model:RUNG

Detected GPU: Tesla T4 with compute capability 7.5
Using GPU: Tesla T4

0.34693875908851624 0.2380952388048172
0.49659863114356995 0.39455780386924744
0.4625850319862366 0.3877550959587097
0.5102040767669678 0.3809523582458496
0.44217684864997864 0.39455780386924744
Clean: 0.45170066952705384±0.05765883454418936: [0.34693875908851624, 0.49659863114356995, 0.4625850319862366, 0.5102040767669678, 0.44217684864997864]
Attacked: 0.35918366014957426±0.06075404354043924: [0.2380952388048172, 0.39455780386924744, 0.3877550959587097, 0.3809523582458496, 0.39455780386924744]
Budget: 0.3
Model:RUNG

Detected GPU: Tesla T4 with compute capability 7.5
Using GPU: Tesla T4

0.34693875908851624 0.20408162474632263
0.49659863114356995 0.3741496503353119
0.4625850319862366 0.3741496503353119
0.5102040767669678 0.35374149680137634
0.44217684864997864 0.39455780386924744
Clean: 0.45170066952705384±0.05765883454418936: [0.34693875908851624, 0.49659863114356995, 0.4625850319862366, 0.5102040767669678, 0.44217684864997864]
Attacked: 0.34013604521751406±0.06924087250102941: [0.20408162474632263, 0.3741496503353119, 0.3741496503353119, 0.35374149680137634, 0.39455780386924744]
Budget: 0.4
Model:RUNG

Detected GPU: Tesla T4 with compute capability 7.5
Using GPU: Tesla T4

0.34693875908851624 0.21088434755802155
0.49659863114356995 0.36734694242477417
0.4625850319862366 0.3741496503353119
0.5102040767669678 0.3333333134651184
0.44217684864997864 0.39455780386924744
Clean: 0.45170066952705384±0.05765883454418936: [0.34693875908851624, 0.49659863114356995, 0.4625850319862366, 0.5102040767669678, 0.44217684864997864]
Attacked: 0.3360544115304947±0.0656171714020986: [0.21088434755802155, 0.36734694242477417, 0.3741496503353119, 0.3333333134651184, 0.39455780386924744]
Budget: 0.6
Model:RUNG

Detected GPU: Tesla T4 with compute capability 7.5
Using GPU: Tesla T4

0.34693875908851624 0.17006802558898926
0.49659863114356995 0.36734694242477417
0.4625850319862366 0.34693875908851624
0.5102040767669678 0.31972789764404297
0.44217684864997864 0.3809523582458496
Clean: 0.45170066952705384±0.05765883454418936: [0.34693875908851624, 0.49659863114356995, 0.4625850319862366, 0.5102040767669678, 0.44217684864997864]
Attacked: 0.31700679659843445±0.07631185272471737: [0.17006802558898926, 0.36734694242477417, 0.34693875908851624, 0.31972789764404297, 0.3809523582458496]
Budget: 0.8
Model:RUNG

Detected GPU: Tesla T4 with compute capability 7.5
Using GPU: Tesla T4

0.34693875908851624 0.17006802558898926
0.49659863114356995 0.36054420471191406
0.4625850319862366 0.34693875908851624
0.5102040767669678 0.30612245202064514
0.44217684864997864 0.3809523582458496
Clean: 0.45170066952705384±0.05765883454418936: [0.34693875908851624, 0.49659863114356995, 0.4625850319862366, 0.5102040767669678, 0.44217684864997864]
Attacked: 0.31292515993118286±0.07550713308209718: [0.17006802558898926, 0.36054420471191406, 0.34693875908851624, 0.30612245202064514, 0.3809523582458496]
Budget: 1.0
Model:RUNG

Detected GPU: Tesla T4 with compute capability 7.5
Using GPU: Tesla T4

0.34693875908851624 0.17006802558898926
0.49659863114356995 0.34693875908851624
0.4625850319862366 0.31972789764404297
0.5102040767669678 0.29931971430778503
0.44217684864997864 0.3809523582458496
Clean: 0.45170066952705384±0.05765883454418936: [0.34693875908851624, 0.49659863114356995, 0.4625850319862366, 0.5102040767669678, 0.44217684864997864]
Attacked: 0.3034013509750366±0.0720703214596378: [0.17006802558898926, 0.34693875908851624, 0.31972789764404297, 0.29931971430778503, 0.3809523582458496]
