Budget: 0.05
Model:RUNG_combined_model

Detected GPU: Tesla T4 with compute capability 7.5
Using GPU: Tesla T4

0.650943398475647 0.6450471878051758
0.7016509771347046 0.6969339847564697
0.6957547068595886 0.6933962106704712
0.7087264060974121 0.7075471878051758
0.698113203048706 0.6933962106704712
Clean: 0.6910377383232117±0.020520223618482897: [0.650943398475647, 0.7016509771347046, 0.6957547068595886, 0.7087264060974121, 0.698113203048706]
Attacked: 0.6872641563415527±0.021736529437402445: [0.6450471878051758, 0.6969339847564697, 0.6933962106704712, 0.7075471878051758, 0.6933962106704712]
Budget: 0.1
Model:RUNG_combined_model

Detected GPU: Tesla T4 with compute capability 7.5
Using GPU: Tesla T4

0.650943398475647 0.6450471878051758
0.7016509771347046 0.6945754885673523
0.6957547068595886 0.6910377740859985
0.7087264060974121 0.7051886916160583
0.698113203048706 0.6886792778968811
Clean: 0.6910377383232117±0.020520223618482897: [0.650943398475647, 0.7016509771347046, 0.6957547068595886, 0.7087264060974121, 0.698113203048706]
Attacked: 0.6849056839942932±0.020714476951919712: [0.6450471878051758, 0.6945754885673523, 0.6910377740859985, 0.7051886916160583, 0.6886792778968811]
Budget: 0.15
Model:RUNG_combined_model

Detected GPU: Tesla T4 with compute capability 7.5
Using GPU: Tesla T4

0.650943398475647 0.6391509771347046
0.7016509771347046 0.6910377740859985
0.6957547068595886 0.6898584961891174
0.7087264060974121 0.7028301954269409
0.698113203048706 0.6898584961891174
Clean: 0.6910377383232117±0.020520223618482897: [0.650943398475647, 0.7016509771347046, 0.6957547068595886, 0.7087264060974121, 0.698113203048706]
Attacked: 0.6825471878051758±0.022242445974769893: [0.6391509771347046, 0.6910377740859985, 0.6898584961891174, 0.7028301954269409, 0.6898584961891174]
Budget: 0.2
Model:RUNG_combined_model

Detected GPU: Tesla T4 with compute capability 7.5
Using GPU: Tesla T4

0.650943398475647 0.6391509771347046
0.7016509771347046 0.6922169923782349
0.6957547068595886 0.6875
0.7087264060974121 0.6992924809455872
0.698113203048706 0.6875
Clean: 0.6910377383232117±0.020520223618482897: [0.650943398475647, 0.7016509771347046, 0.6957547068595886, 0.7087264060974121, 0.698113203048706]
Attacked: 0.6811320900917053±0.021429835524223853: [0.6391509771347046, 0.6922169923782349, 0.6875, 0.6992924809455872, 0.6875]
Budget: 0.3
Model:RUNG_combined_model

Detected GPU: Tesla T4 with compute capability 7.5
Using GPU: Tesla T4

0.650943398475647 0.6379716992378235
0.7016509771347046 0.6910377740859985
0.6957547068595886 0.6863207817077637
0.7087264060974121 0.7028301954269409
0.698113203048706 0.6886792778968811
Clean: 0.6910377383232117±0.020520223618482897: [0.650943398475647, 0.7016509771347046, 0.6957547068595886, 0.7087264060974121, 0.698113203048706]
Attacked: 0.6813679456710815±0.02242924035439077: [0.6379716992378235, 0.6910377740859985, 0.6863207817077637, 0.7028301954269409, 0.6886792778968811]
Budget: 0.4
Model:RUNG_combined_model

Detected GPU: Tesla T4 with compute capability 7.5
Using GPU: Tesla T4

0.650943398475647 0.6320754885673523
0.7016509771347046 0.6875
0.6957547068595886 0.6863207817077637
0.7087264060974121 0.7016509771347046
0.698113203048706 0.6898584961891174
Clean: 0.6910377383232117±0.020520223618482897: [0.650943398475647, 0.7016509771347046, 0.6957547068595886, 0.7087264060974121, 0.698113203048706]
Attacked: 0.6794811487197876±0.024321060018834023: [0.6320754885673523, 0.6875, 0.6863207817077637, 0.7016509771347046, 0.6898584961891174]
Budget: 0.6
Model:RUNG_combined_model

Detected GPU: Tesla T4 with compute capability 7.5
Using GPU: Tesla T4

0.650943398475647 0.625
0.7016509771347046 0.6757075786590576
0.6957547068595886 0.678066074848175
0.7087264060974121 0.7004716992378235
0.698113203048706 0.6827830076217651
Clean: 0.6910377383232117±0.020520223618482897: [0.650943398475647, 0.7016509771347046, 0.6957547068595886, 0.7087264060974121, 0.698113203048706]
Attacked: 0.6724056720733642±0.02524136076078842: [0.625, 0.6757075786590576, 0.678066074848175, 0.7004716992378235, 0.6827830076217651]
Budget: 0.8
Model:RUNG_combined_model

Detected GPU: Tesla T4 with compute capability 7.5
Using GPU: Tesla T4

0.650943398475647 0.6273584961891174
0.7016509771347046 0.678066074848175
0.6957547068595886 0.678066074848175
0.7087264060974121 0.7004716992378235
0.698113203048706 0.6745283007621765
Clean: 0.6910377383232117±0.020520223618482897: [0.650943398475647, 0.7016509771347046, 0.6957547068595886, 0.7087264060974121, 0.698113203048706]
Attacked: 0.6716981291770935±0.02401263302051175: [0.6273584961891174, 0.678066074848175, 0.678066074848175, 0.7004716992378235, 0.6745283007621765]
Budget: 1.0
Model:RUNG_combined_model

Detected GPU: Tesla T4 with compute capability 7.5
Using GPU: Tesla T4

0.650943398475647 0.6167452931404114
0.7016509771347046 0.6733490824699402
0.6957547068595886 0.6804245114326477
0.7087264060974121 0.6933962106704712
0.698113203048706 0.6733490824699402
Clean: 0.6910377383232117±0.020520223618482897: [0.650943398475647, 0.7016509771347046, 0.6957547068595886, 0.7087264060974121, 0.698113203048706]
Attacked: 0.6674528360366822±0.02638980636741385: [0.6167452931404114, 0.6733490824699402, 0.6804245114326477, 0.6933962106704712, 0.6733490824699402]
