Budget: 0.05
Model:RUNG_learnable_distance

Detected GPU: Tesla T4 with compute capability 7.5
Using GPU: Tesla T4

0.6816037893295288 0.676886796951294
0.739386796951294 0.7370283007621765
0.6922169923782349 0.6922169923782349
0.7323113083839417 0.7311320900917053
0.7181603908538818 0.7181603908538818
Clean: 0.7127358555793762±0.02241930376933932: [0.6816037893295288, 0.739386796951294, 0.6922169923782349, 0.7323113083839417, 0.7181603908538818]
Attacked: 0.7110849142074585±0.023023990247807206: [0.676886796951294, 0.7370283007621765, 0.6922169923782349, 0.7311320900917053, 0.7181603908538818]
Budget: 0.1
Model:RUNG_learnable_distance

Detected GPU: Tesla T4 with compute capability 7.5
Using GPU: Tesla T4

0.6816037893295288 0.6757075786590576
0.739386796951294 0.7346698045730591
0.6922169923782349 0.6898584961891174
0.7323113083839417 0.7287735939025879
0.7181603908538818 0.7146226763725281
Clean: 0.7127358555793762±0.02241930376933932: [0.6816037893295288, 0.739386796951294, 0.6922169923782349, 0.7323113083839417, 0.7181603908538818]
Attacked: 0.70872642993927±0.02260954071284032: [0.6757075786590576, 0.7346698045730591, 0.6898584961891174, 0.7287735939025879, 0.7146226763725281]
Budget: 0.15
Model:RUNG_learnable_distance

Detected GPU: Tesla T4 with compute capability 7.5
Using GPU: Tesla T4

0.6816037893295288 0.678066074848175
0.739386796951294 0.7370283007621765
0.6922169923782349 0.6933962106704712
0.7323113083839417 0.7275943756103516
0.7181603908538818 0.7181603908538818
Clean: 0.7127358555793762±0.02241930376933932: [0.6816037893295288, 0.739386796951294, 0.6922169923782349, 0.7323113083839417, 0.7181603908538818]
Attacked: 0.7108490705490113±0.021902236715973397: [0.678066074848175, 0.7370283007621765, 0.6933962106704712, 0.7275943756103516, 0.7181603908538818]
Budget: 0.2
Model:RUNG_learnable_distance

Detected GPU: Tesla T4 with compute capability 7.5
Using GPU: Tesla T4

0.6816037893295288 0.678066074848175
0.739386796951294 0.7311320900917053
0.6922169923782349 0.6945754885673523
0.7323113083839417 0.7228773832321167
0.7181603908538818 0.7205188870429993
Clean: 0.7127358555793762±0.02241930376933932: [0.6816037893295288, 0.739386796951294, 0.6922169923782349, 0.7323113083839417, 0.7181603908538818]
Attacked: 0.7094339847564697±0.01989536869441139: [0.678066074848175, 0.7311320900917053, 0.6945754885673523, 0.7228773832321167, 0.7205188870429993]
Budget: 0.3
Model:RUNG_learnable_distance

Detected GPU: Tesla T4 with compute capability 7.5
Using GPU: Tesla T4

0.6816037893295288 0.6709905862808228
0.739386796951294 0.7346698045730591
0.6922169923782349 0.6863207817077637
0.7323113083839417 0.7275943756103516
0.7181603908538818 0.7193396091461182
Clean: 0.7127358555793762±0.02241930376933932: [0.6816037893295288, 0.739386796951294, 0.6922169923782349, 0.7323113083839417, 0.7181603908538818]
Attacked: 0.7077830314636231±0.02475178619809973: [0.6709905862808228, 0.7346698045730591, 0.6863207817077637, 0.7275943756103516, 0.7193396091461182]
Budget: 0.4
Model:RUNG_learnable_distance

Detected GPU: Tesla T4 with compute capability 7.5
Using GPU: Tesla T4

0.6816037893295288 0.6733490824699402
0.739386796951294 0.7370283007621765
0.6922169923782349 0.6922169923782349
0.7323113083839417 0.7287735939025879
0.7181603908538818 0.7158018946647644
Clean: 0.7127358555793762±0.02241930376933932: [0.6816037893295288, 0.739386796951294, 0.6922169923782349, 0.7323113083839417, 0.7181603908538818]
Attacked: 0.7094339728355408±0.023556578842979098: [0.6733490824699402, 0.7370283007621765, 0.6922169923782349, 0.7287735939025879, 0.7158018946647644]
Budget: 0.6
Model:RUNG_learnable_distance

Detected GPU: Tesla T4 with compute capability 7.5
Using GPU: Tesla T4

0.6816037893295288 0.6757075786590576
0.739386796951294 0.7287735939025879
0.6922169923782349 0.6898584961891174
0.7323113083839417 0.7287735939025879
0.7181603908538818 0.7122641801834106
Clean: 0.7127358555793762±0.02241930376933932: [0.6816037893295288, 0.739386796951294, 0.6922169923782349, 0.7323113083839417, 0.7181603908538818]
Attacked: 0.7070754885673523±0.021208058230453828: [0.6757075786590576, 0.7287735939025879, 0.6898584961891174, 0.7287735939025879, 0.7122641801834106]
Budget: 0.8
Model:RUNG_learnable_distance

Detected GPU: Tesla T4 with compute capability 7.5
Using GPU: Tesla T4

0.6816037893295288 0.6733490824699402
0.739386796951294 0.7264150977134705
0.6922169923782349 0.6933962106704712
0.7323113083839417 0.7205188870429993
0.7181603908538818 0.7169811725616455
Clean: 0.7127358555793762±0.02241930376933932: [0.6816037893295288, 0.739386796951294, 0.6922169923782349, 0.7323113083839417, 0.7181603908538818]
Attacked: 0.7061320900917053±0.019864597295202503: [0.6733490824699402, 0.7264150977134705, 0.6933962106704712, 0.7205188870429993, 0.7169811725616455]
Budget: 1.0
Model:RUNG_learnable_distance

Detected GPU: Tesla T4 with compute capability 7.5
Using GPU: Tesla T4

0.6816037893295288 0.6627358794212341
0.739386796951294 0.7346698045730591
0.6922169923782349 0.6910377740859985
0.7323113083839417 0.7169811725616455
0.7181603908538818 0.7075471878051758
Clean: 0.7127358555793762±0.02241930376933932: [0.6816037893295288, 0.739386796951294, 0.6922169923782349, 0.7323113083839417, 0.7181603908538818]
Attacked: 0.7025943636894226±0.024423751454461348: [0.6627358794212341, 0.7346698045730591, 0.6910377740859985, 0.7169811725616455, 0.7075471878051758]
