Budget: 0.05
Model:RUNG_percentile_gamma

Detected GPU: Tesla T4 with compute capability 7.5
Using GPU: Tesla T4

0.6627358794212341 0.6627358794212341
0.7110849022865295 0.7099056839942932
0.7051886916160583 0.704009473323822
0.7264150977134705 0.724056601524353
0.7275943756103516 0.7252358794212341
Clean: 0.7066037893295288±0.0235778245259847: [0.6627358794212341, 0.7110849022865295, 0.7051886916160583, 0.7264150977134705, 0.7275943756103516]
Attacked: 0.7051887035369873±0.02273222206177341: [0.6627358794212341, 0.7099056839942932, 0.704009473323822, 0.724056601524353, 0.7252358794212341]
Budget: 0.1
Model:RUNG_percentile_gamma

Detected GPU: Tesla T4 with compute capability 7.5
Using GPU: Tesla T4

0.6627358794212341 0.6639150977134705
0.7110849022865295 0.7075471878051758
0.7051886916160583 0.7004716992378235
0.7264150977134705 0.724056601524353
0.7275943756103516 0.7252358794212341
Clean: 0.7066037893295288±0.0235778245259847: [0.6627358794212341, 0.7110849022865295, 0.7051886916160583, 0.7264150977134705, 0.7275943756103516]
Attacked: 0.7042452931404114±0.022292419495381813: [0.6639150977134705, 0.7075471878051758, 0.7004716992378235, 0.724056601524353, 0.7252358794212341]
Budget: 0.15
Model:RUNG_percentile_gamma

Detected GPU: Tesla T4 with compute capability 7.5
Using GPU: Tesla T4

0.6627358794212341 0.6580188870429993
0.7110849022865295 0.7051886916160583
0.7051886916160583 0.698113203048706
0.7264150977134705 0.724056601524353
0.7275943756103516 0.7216981053352356
Clean: 0.7066037893295288±0.0235778245259847: [0.6627358794212341, 0.7110849022865295, 0.7051886916160583, 0.7264150977134705, 0.7275943756103516]
Attacked: 0.7014150977134704±0.0238008895332824: [0.6580188870429993, 0.7051886916160583, 0.698113203048706, 0.724056601524353, 0.7216981053352356]
Budget: 0.2
Model:RUNG_percentile_gamma

Detected GPU: Tesla T4 with compute capability 7.5
Using GPU: Tesla T4

0.6627358794212341 0.6568396091461182
0.7110849022865295 0.6957547068595886
0.7051886916160583 0.6933962106704712
0.7264150977134705 0.7181603908538818
0.7275943756103516 0.7146226763725281
Clean: 0.7066037893295288±0.0235778245259847: [0.6627358794212341, 0.7110849022865295, 0.7051886916160583, 0.7264150977134705, 0.7275943756103516]
Attacked: 0.6957547187805175±0.021808082369230288: [0.6568396091461182, 0.6957547068595886, 0.6933962106704712, 0.7181603908538818, 0.7146226763725281]
Budget: 0.3
Model:RUNG_percentile_gamma

Detected GPU: Tesla T4 with compute capability 7.5
Using GPU: Tesla T4

0.6627358794212341 0.6521226763725281
0.7110849022865295 0.6957547068595886
0.7051886916160583 0.6933962106704712
0.7264150977134705 0.7216981053352356
0.7275943756103516 0.7110849022865295
Clean: 0.7066037893295288±0.0235778245259847: [0.6627358794212341, 0.7110849022865295, 0.7051886916160583, 0.7264150977134705, 0.7275943756103516]
Attacked: 0.6948113203048706±0.023718943964831783: [0.6521226763725281, 0.6957547068595886, 0.6933962106704712, 0.7216981053352356, 0.7110849022865295]
Budget: 0.4
Model:RUNG_percentile_gamma

Detected GPU: Tesla T4 with compute capability 7.5
Using GPU: Tesla T4

0.6627358794212341 0.6497641801834106
0.7110849022865295 0.6933962106704712
0.7051886916160583 0.6827830076217651
0.7264150977134705 0.7110849022865295
0.7275943756103516 0.7075471878051758
Clean: 0.7066037893295288±0.0235778245259847: [0.6627358794212341, 0.7110849022865295, 0.7051886916160583, 0.7264150977134705, 0.7275943756103516]
Attacked: 0.6889150977134705±0.022041471192571473: [0.6497641801834106, 0.6933962106704712, 0.6827830076217651, 0.7110849022865295, 0.7075471878051758]
Budget: 0.6
Model:RUNG_percentile_gamma

Detected GPU: Tesla T4 with compute capability 7.5
Using GPU: Tesla T4

0.6627358794212341 0.6426886916160583
0.7110849022865295 0.6875
0.7051886916160583 0.6792452931404114
0.7264150977134705 0.6992924809455872
0.7275943756103516 0.6992924809455872
Clean: 0.7066037893295288±0.0235778245259847: [0.6627358794212341, 0.7110849022865295, 0.7051886916160583, 0.7264150977134705, 0.7275943756103516]
Attacked: 0.6816037893295288±0.020882970367117986: [0.6426886916160583, 0.6875, 0.6792452931404114, 0.6992924809455872, 0.6992924809455872]
Budget: 0.8
Model:RUNG_percentile_gamma

Detected GPU: Tesla T4 with compute capability 7.5
Using GPU: Tesla T4

0.6627358794212341 0.6426886916160583
0.7110849022865295 0.6674528121948242
0.7051886916160583 0.676886796951294
0.7264150977134705 0.6910377740859985
0.7275943756103516 0.6886792778968811
Clean: 0.7066037893295288±0.0235778245259847: [0.6627358794212341, 0.7110849022865295, 0.7051886916160583, 0.7264150977134705, 0.7275943756103516]
Attacked: 0.6733490705490113±0.017522817679454978: [0.6426886916160583, 0.6674528121948242, 0.676886796951294, 0.6910377740859985, 0.6886792778968811]
Budget: 1.0
Model:RUNG_percentile_gamma

Detected GPU: Tesla T4 with compute capability 7.5
Using GPU: Tesla T4

0.6627358794212341 0.6273584961891174
0.7110849022865295 0.6650943756103516
0.7051886916160583 0.6698113083839417
0.7264150977134705 0.6969339847564697
0.7275943756103516 0.676886796951294
Clean: 0.7066037893295288±0.0235778245259847: [0.6627358794212341, 0.7110849022865295, 0.7051886916160583, 0.7264150977134705, 0.7275943756103516]
Attacked: 0.6672169923782348±0.02270039846534804: [0.6273584961891174, 0.6650943756103516, 0.6698113083839417, 0.6969339847564697, 0.676886796951294]
