Budget: 0.05
Model:RUNG

Detected GPU: Tesla T4 with compute capability 7.5
Using GPU: Tesla T4

0.661556601524353 0.6544811129570007
0.6721698045730591 0.6650943756103516
0.6462264060974121 0.6391509771347046
0.7122641801834106 0.7051886916160583
0.6898584961891174 0.6839622855186462
Clean: 0.6764150977134704±0.022873723793257247: [0.661556601524353, 0.6721698045730591, 0.6462264060974121, 0.7122641801834106, 0.6898584961891174]
Attacked: 0.6695754885673523±0.023016740004706198: [0.6544811129570007, 0.6650943756103516, 0.6391509771347046, 0.7051886916160583, 0.6839622855186462]
Budget: 0.1
Model:RUNG

Detected GPU: Tesla T4 with compute capability 7.5
Using GPU: Tesla T4

0.661556601524353 0.6474056839942932
0.6721698045730591 0.6568396091461182
0.6462264060974121 0.6320754885673523
0.7122641801834106 0.6992924809455872
0.6898584961891174 0.678066074848175
Clean: 0.6764150977134704±0.022873723793257247: [0.661556601524353, 0.6721698045730591, 0.6462264060974121, 0.7122641801834106, 0.6898584961891174]
Attacked: 0.6627358675003052±0.023584912419324505: [0.6474056839942932, 0.6568396091461182, 0.6320754885673523, 0.6992924809455872, 0.678066074848175]
Budget: 0.15
Model:RUNG

Detected GPU: Tesla T4 with compute capability 7.5
Using GPU: Tesla T4

0.661556601524353 0.6391509771347046
0.6721698045730591 0.6497641801834106
0.6462264060974121 0.6261792778968811
0.7122641801834106 0.6898584961891174
0.6898584961891174 0.6733490824699402
Clean: 0.6764150977134704±0.022873723793257247: [0.661556601524353, 0.6721698045730591, 0.6462264060974121, 0.7122641801834106, 0.6898584961891174]
Attacked: 0.6556604027748107±0.023060192030476: [0.6391509771347046, 0.6497641801834106, 0.6261792778968811, 0.6898584961891174, 0.6733490824699402]
Budget: 0.2
Model:RUNG

Detected GPU: Tesla T4 with compute capability 7.5
Using GPU: Tesla T4

0.661556601524353 0.6344339847564697
0.6721698045730591 0.6438679099082947
0.6462264060974121 0.6191037893295288
0.7122641801834106 0.6863207817077637
0.6898584961891174 0.661556601524353
Clean: 0.6764150977134704±0.022873723793257247: [0.661556601524353, 0.6721698045730591, 0.6462264060974121, 0.7122641801834106, 0.6898584961891174]
Attacked: 0.649056613445282±0.023163693681908033: [0.6344339847564697, 0.6438679099082947, 0.6191037893295288, 0.6863207817077637, 0.661556601524353]
Budget: 0.3
Model:RUNG

Detected GPU: Tesla T4 with compute capability 7.5
Using GPU: Tesla T4

0.661556601524353 0.6214622855186462
0.6721698045730591 0.6308962106704712
0.6462264060974121 0.6084905862808228
0.7122641801834106 0.6757075786590576
0.6898584961891174 0.6568396091461182
Clean: 0.6764150977134704±0.022873723793257247: [0.661556601524353, 0.6721698045730591, 0.6462264060974121, 0.7122641801834106, 0.6898584961891174]
Attacked: 0.6386792540550232±0.024369040817832206: [0.6214622855186462, 0.6308962106704712, 0.6084905862808228, 0.6757075786590576, 0.6568396091461182]
Budget: 0.4
Model:RUNG

Detected GPU: Tesla T4 with compute capability 7.5
Using GPU: Tesla T4

0.661556601524353 0.6096698045730591
0.6721698045730591 0.6226415038108826
0.6462264060974121 0.5978773832321167
0.7122641801834106 0.6627358794212341
0.6898584961891174 0.6438679099082947
Clean: 0.6764150977134704±0.022873723793257247: [0.661556601524353, 0.6721698045730591, 0.6462264060974121, 0.7122641801834106, 0.6898584961891174]
Attacked: 0.6273584961891174±0.02335977669016031: [0.6096698045730591, 0.6226415038108826, 0.5978773832321167, 0.6627358794212341, 0.6438679099082947]
Budget: 0.6
Model:RUNG

Detected GPU: Tesla T4 with compute capability 7.5
Using GPU: Tesla T4

0.661556601524353 0.5872641801834106
0.6721698045730591 0.599056601524353
0.6462264060974121 0.5790094137191772
0.7122641801834106 0.6379716992378235
0.6898584961891174 0.614386796951294
Clean: 0.6764150977134704±0.022873723793257247: [0.661556601524353, 0.6721698045730591, 0.6462264060974121, 0.7122641801834106, 0.6898584961891174]
Attacked: 0.6035377383232117±0.020928199763978892: [0.5872641801834106, 0.599056601524353, 0.5790094137191772, 0.6379716992378235, 0.614386796951294]
Budget: 0.8
Model:RUNG

Detected GPU: Tesla T4 with compute capability 7.5
Using GPU: Tesla T4

0.661556601524353 0.5613207817077637
0.6721698045730591 0.5766509771347046
0.6462264060974121 0.5589622855186462
0.7122641801834106 0.6179245114326477
0.6898584961891174 0.6037735939025879
Clean: 0.6764150977134704±0.022873723793257247: [0.661556601524353, 0.6721698045730591, 0.6462264060974121, 0.7122641801834106, 0.6898584961891174]
Attacked: 0.58372642993927±0.023395450475462105: [0.5613207817077637, 0.5766509771347046, 0.5589622855186462, 0.6179245114326477, 0.6037735939025879]
Budget: 1.0
Model:RUNG

Detected GPU: Tesla T4 with compute capability 7.5
Using GPU: Tesla T4

0.661556601524353 0.551886796951294
0.6721698045730591 0.5648584961891174
0.6462264060974121 0.5424528121948242
0.7122641801834106 0.6002358794212341
0.6898584961891174 0.5872641801834106
Clean: 0.6764150977134704±0.022873723793257247: [0.661556601524353, 0.6721698045730591, 0.6462264060974121, 0.7122641801834106, 0.6898584961891174]
Attacked: 0.5693396329879761±0.021556672474769528: [0.551886796951294, 0.5648584961891174, 0.5424528121948242, 0.6002358794212341, 0.5872641801834106]
