Budget: 0.05
Model:RUNG_parametric_gamma

Detected GPU: Tesla T4 with compute capability 7.5
Using GPU: Tesla T4

0.6686320900917053 0.6650943756103516
0.704009473323822 0.7004716992378235
0.6627358794212341 0.6580188870429993
0.7181603908538818 0.7158018946647644
0.7205188870429993 0.7158018946647644
Clean: 0.6948113441467285±0.02451468990009382: [0.6686320900917053, 0.704009473323822, 0.6627358794212341, 0.7181603908538818, 0.7205188870429993]
Attacked: 0.6910377502441406±0.024814629176641952: [0.6650943756103516, 0.7004716992378235, 0.6580188870429993, 0.7158018946647644, 0.7158018946647644]
Budget: 0.1
Model:RUNG_parametric_gamma

Detected GPU: Tesla T4 with compute capability 7.5
Using GPU: Tesla T4

0.6686320900917053 0.6591981053352356
0.704009473323822 0.6910377740859985
0.6627358794212341 0.6544811129570007
0.7181603908538818 0.7146226763725281
0.7205188870429993 0.7087264060974121
Clean: 0.6948113441467285±0.02451468990009382: [0.6686320900917053, 0.704009473323822, 0.6627358794212341, 0.7181603908538818, 0.7205188870429993]
Attacked: 0.685613214969635±0.024787739264904442: [0.6591981053352356, 0.6910377740859985, 0.6544811129570007, 0.7146226763725281, 0.7087264060974121]
Budget: 0.15
Model:RUNG_parametric_gamma

Detected GPU: Tesla T4 with compute capability 7.5
Using GPU: Tesla T4

0.6686320900917053 0.6603773832321167
0.704009473323822 0.6875
0.6627358794212341 0.650943398475647
0.7181603908538818 0.713443398475647
0.7205188870429993 0.7063679099082947
Clean: 0.6948113441467285±0.02451468990009382: [0.6686320900917053, 0.704009473323822, 0.6627358794212341, 0.7181603908538818, 0.7205188870429993]
Attacked: 0.6837264180183411±0.024616578963211014: [0.6603773832321167, 0.6875, 0.650943398475647, 0.713443398475647, 0.7063679099082947]
Budget: 0.2
Model:RUNG_parametric_gamma

Detected GPU: Tesla T4 with compute capability 7.5
Using GPU: Tesla T4

0.6686320900917053 0.6521226763725281
0.704009473323822 0.6839622855186462
0.6627358794212341 0.650943398475647
0.7181603908538818 0.713443398475647
0.7205188870429993 0.704009473323822
Clean: 0.6948113441467285±0.02451468990009382: [0.6686320900917053, 0.704009473323822, 0.6627358794212341, 0.7181603908538818, 0.7205188870429993]
Attacked: 0.6808962464332581±0.025799342603445158: [0.6521226763725281, 0.6839622855186462, 0.650943398475647, 0.713443398475647, 0.704009473323822]
Budget: 0.3
Model:RUNG_parametric_gamma

Detected GPU: Tesla T4 with compute capability 7.5
Using GPU: Tesla T4

0.6686320900917053 0.6497641801834106
0.704009473323822 0.6816037893295288
0.6627358794212341 0.6426886916160583
0.7181603908538818 0.713443398475647
0.7205188870429993 0.7051886916160583
Clean: 0.6948113441467285±0.02451468990009382: [0.6686320900917053, 0.704009473323822, 0.6627358794212341, 0.7181603908538818, 0.7205188870429993]
Attacked: 0.6785377502441406±0.028464542464981243: [0.6497641801834106, 0.6816037893295288, 0.6426886916160583, 0.713443398475647, 0.7051886916160583]
Budget: 0.4
Model:RUNG_parametric_gamma

Detected GPU: Tesla T4 with compute capability 7.5
Using GPU: Tesla T4

0.6686320900917053 0.6438679099082947
0.704009473323822 0.6721698045730591
0.6627358794212341 0.6426886916160583
0.7181603908538818 0.7099056839942932
0.7205188870429993 0.7004716992378235
Clean: 0.6948113441467285±0.02451468990009382: [0.6686320900917053, 0.704009473323822, 0.6627358794212341, 0.7181603908538818, 0.7205188870429993]
Attacked: 0.6738207578659058±0.027862156651028976: [0.6438679099082947, 0.6721698045730591, 0.6426886916160583, 0.7099056839942932, 0.7004716992378235]
Budget: 0.6
Model:RUNG_parametric_gamma

Detected GPU: Tesla T4 with compute capability 7.5
Using GPU: Tesla T4

0.6686320900917053 0.6438679099082947
0.704009473323822 0.661556601524353
0.6627358794212341 0.6391509771347046
0.7181603908538818 0.7087264060974121
0.7205188870429993 0.6851415038108826
Clean: 0.6948113441467285±0.02451468990009382: [0.6686320900917053, 0.704009473323822, 0.6627358794212341, 0.7181603908538818, 0.7205188870429993]
Attacked: 0.6676886796951294±0.02610796040000518: [0.6438679099082947, 0.661556601524353, 0.6391509771347046, 0.7087264060974121, 0.6851415038108826]
Budget: 0.8
Model:RUNG_parametric_gamma

Detected GPU: Tesla T4 with compute capability 7.5
Using GPU: Tesla T4

0.6686320900917053 0.6297169923782349
0.704009473323822 0.6533018946647644
0.6627358794212341 0.6379716992378235
0.7181603908538818 0.7028301954269409
0.7205188870429993 0.6827830076217651
Clean: 0.6948113441467285±0.02451468990009382: [0.6686320900917053, 0.704009473323822, 0.6627358794212341, 0.7181603908538818, 0.7205188870429993]
Attacked: 0.6613207578659057±0.027538846272392396: [0.6297169923782349, 0.6533018946647644, 0.6379716992378235, 0.7028301954269409, 0.6827830076217651]
Budget: 1.0
Model:RUNG_parametric_gamma

Detected GPU: Tesla T4 with compute capability 7.5
Using GPU: Tesla T4

0.6686320900917053 0.6273584961891174
0.704009473323822 0.6450471878051758
0.6627358794212341 0.635613203048706
0.7181603908538818 0.704009473323822
0.7205188870429993 0.6757075786590576
Clean: 0.6948113441467285±0.02451468990009382: [0.6686320900917053, 0.704009473323822, 0.6627358794212341, 0.7181603908538818, 0.7205188870429993]
Attacked: 0.6575471878051757±0.028415666666008303: [0.6273584961891174, 0.6450471878051758, 0.635613203048706, 0.704009473323822, 0.6757075786590576]
