Budget: 0.05
Model:RUNG

Detected GPU: Tesla T4 with compute capability 7.5
Using GPU: Tesla T4

0.4281010031700134 0.2694840729236603
0.4215148091316223 0.3007683753967285
0.4198682904243469 0.27332600951194763
0.40834248065948486 0.294731080532074
0.3984632194042206 0.2738748788833618
Clean: 0.4152579605579376±0.010537876747551963: [0.4281010031700134, 0.4215148091316223, 0.4198682904243469, 0.40834248065948486, 0.3984632194042206]
Attacked: 0.2824368834495544±0.012737991407842295: [0.2694840729236603, 0.3007683753967285, 0.27332600951194763, 0.294731080532074, 0.2738748788833618]
Budget: 0.1
Model:RUNG

Detected GPU: Tesla T4 with compute capability 7.5
Using GPU: Tesla T4

0.4281010031700134 0.22886937856674194
0.4215148091316223 0.2661910057067871
0.4198682904243469 0.21789242327213287
0.40834248065948486 0.26454445719718933
0.3984632194042206 0.23984631896018982
Clean: 0.4152579605579376±0.010537876747551963: [0.4281010031700134, 0.4215148091316223, 0.4198682904243469, 0.40834248065948486, 0.3984632194042206]
Attacked: 0.24346871674060822±0.019188009172583634: [0.22886937856674194, 0.2661910057067871, 0.21789242327213287, 0.26454445719718933, 0.23984631896018982]
Budget: 0.15
Model:RUNG

Detected GPU: Tesla T4 with compute capability 7.5
Using GPU: Tesla T4

0.4281010031700134 0.206915482878685
0.4215148091316223 0.24753019213676453
0.4198682904243469 0.189901202917099
0.40834248065948486 0.24862788617610931
0.3984632194042206 0.22063666582107544
Clean: 0.4152579605579376±0.010537876747551963: [0.4281010031700134, 0.4215148091316223, 0.4198682904243469, 0.40834248065948486, 0.3984632194042206]
Attacked: 0.22272228598594665±0.022882135645766962: [0.206915482878685, 0.24753019213676453, 0.189901202917099, 0.24862788617610931, 0.22063666582107544]
Budget: 0.2
Model:RUNG

Detected GPU: Tesla T4 with compute capability 7.5
Using GPU: Tesla T4

0.4281010031700134 0.18770581483840942
0.4215148091316223 0.2244786024093628
0.4198682904243469 0.1800219565629959
0.40834248065948486 0.23710209131240845
0.3984632194042206 0.2140505015850067
Clean: 0.4152579605579376±0.010537876747551963: [0.4281010031700134, 0.4215148091316223, 0.4198682904243469, 0.40834248065948486, 0.3984632194042206]
Attacked: 0.20867179334163666±0.021667731584170315: [0.18770581483840942, 0.2244786024093628, 0.1800219565629959, 0.23710209131240845, 0.2140505015850067]
Budget: 0.3
Model:RUNG

Detected GPU: Tesla T4 with compute capability 7.5
Using GPU: Tesla T4

0.4281010031700134 0.16026344895362854
0.4215148091316223 0.20856201648712158
0.4198682904243469 0.16575191915035248
0.40834248065948486 0.2239297479391098
0.3984632194042206 0.18660812079906464
Clean: 0.4152579605579376±0.010537876747551963: [0.4281010031700134, 0.4215148091316223, 0.4198682904243469, 0.40834248065948486, 0.3984632194042206]
Attacked: 0.1890230506658554±0.024391559354869086: [0.16026344895362854, 0.20856201648712158, 0.16575191915035248, 0.2239297479391098, 0.18660812079906464]
Budget: 0.4
Model:RUNG

Detected GPU: Tesla T4 with compute capability 7.5
Using GPU: Tesla T4

0.4281010031700134 0.15203073620796204
0.4215148091316223 0.20526893436908722
0.4198682904243469 0.15697036683559418
0.40834248065948486 0.20032930374145508
0.3984632194042206 0.17453348636627197
Clean: 0.4152579605579376±0.010537876747551963: [0.4281010031700134, 0.4215148091316223, 0.4198682904243469, 0.40834248065948486, 0.3984632194042206]
Attacked: 0.1778265655040741±0.021774788353895035: [0.15203073620796204, 0.20526893436908722, 0.15697036683559418, 0.20032930374145508, 0.17453348636627197]
Budget: 0.6
Model:RUNG

Detected GPU: Tesla T4 with compute capability 7.5
Using GPU: Tesla T4

0.4281010031700134 0.1372118592262268
0.4215148091316223 0.19648738205432892
0.4198682904243469 0.14160263538360596
0.40834248065948486 0.18551042675971985
0.3984632194042206 0.15148189663887024
Clean: 0.4152579605579376±0.010537876747551963: [0.4281010031700134, 0.4215148091316223, 0.4198682904243469, 0.40834248065948486, 0.3984632194042206]
Attacked: 0.16245884001255034±0.024009172918823103: [0.1372118592262268, 0.19648738205432892, 0.14160263538360596, 0.18551042675971985, 0.15148189663887024]
Budget: 0.8
Model:RUNG

Detected GPU: Tesla T4 with compute capability 7.5
Using GPU: Tesla T4

0.4281010031700134 0.12239297479391098
0.4215148091316223 0.18825466930866241
0.4198682904243469 0.13336992263793945
0.40834248065948486 0.16959385573863983
0.3984632194042206 0.1383095532655716
Clean: 0.4152579605579376±0.010537876747551963: [0.4281010031700134, 0.4215148091316223, 0.4198682904243469, 0.40834248065948486, 0.3984632194042206]
Attacked: 0.15038419514894485±0.02458444522745081: [0.12239297479391098, 0.18825466930866241, 0.13336992263793945, 0.16959385573863983, 0.1383095532655716]
Budget: 1.0
Model:RUNG

Detected GPU: Tesla T4 with compute capability 7.5
Using GPU: Tesla T4

0.4281010031700134 0.11909989267587662
0.4215148091316223 0.18605928122997284
0.4198682904243469 0.1300768405199051
0.40834248065948486 0.1630076915025711
0.3984632194042206 0.12788145244121552
Clean: 0.4152579605579376±0.010537876747551963: [0.4281010031700134, 0.4215148091316223, 0.4198682904243469, 0.40834248065948486, 0.3984632194042206]
Attacked: 0.14522503167390824±0.02528418181746953: [0.11909989267587662, 0.18605928122997284, 0.1300768405199051, 0.1630076915025711, 0.12788145244121552]
