Budget: 0.05
Model:RUNG_percentile_gamma

Detected GPU: Tesla T4 with compute capability 7.5
Using GPU: Tesla T4

0.3902305066585541 0.396267831325531
0.38364434242248535 0.40230515599250793
0.40010976791381836 0.396267831325531
0.39407244324684143 0.41108670830726624
0.4039517045021057 0.40010976791381836
Clean: 0.394401752948761±0.007169555512536595: [0.3902305066585541, 0.38364434242248535, 0.40010976791381836, 0.39407244324684143, 0.4039517045021057]
Attacked: 0.4012074589729309±0.005455442684291054: [0.396267831325531, 0.40230515599250793, 0.396267831325531, 0.41108670830726624, 0.40010976791381836]
Budget: 0.1
Model:RUNG_percentile_gamma

Detected GPU: Tesla T4 with compute capability 7.5
Using GPU: Tesla T4

0.3902305066585541 0.39132821559906006
0.38364434242248535 0.3946213126182556
0.40010976791381836 0.39901208877563477
0.39407244324684143 0.41053786873817444
0.4039517045021057 0.40120747685432434
Clean: 0.394401752948761±0.007169555512536595: [0.3902305066585541, 0.38364434242248535, 0.40010976791381836, 0.39407244324684143, 0.4039517045021057]
Attacked: 0.39934139251708983±0.006564174739419194: [0.39132821559906006, 0.3946213126182556, 0.39901208877563477, 0.41053786873817444, 0.40120747685432434]
Budget: 0.15
Model:RUNG_percentile_gamma

Detected GPU: Tesla T4 with compute capability 7.5
Using GPU: Tesla T4

0.3902305066585541 0.3891328275203705
0.38364434242248535 0.3902305066585541
0.40010976791381836 0.3633370101451874
0.39407244324684143 0.41053786873817444
0.4039517045021057 0.40010976791381836
Clean: 0.394401752948761±0.007169555512536595: [0.3902305066585541, 0.38364434242248535, 0.40010976791381836, 0.39407244324684143, 0.4039517045021057]
Attacked: 0.39066959619522096±0.015706621620713904: [0.3891328275203705, 0.3902305066585541, 0.3633370101451874, 0.41053786873817444, 0.40010976791381836]
Budget: 0.2
Model:RUNG_percentile_gamma

Detected GPU: Tesla T4 with compute capability 7.5
Using GPU: Tesla T4

0.3902305066585541 0.3128430247306824
0.38364434242248535 0.39352360367774963
0.40010976791381836 0.3627881407737732
0.39407244324684143 0.40944018959999084
0.4039517045021057 0.39187705516815186
Clean: 0.394401752948761±0.007169555512536595: [0.3902305066585541, 0.38364434242248535, 0.40010976791381836, 0.39407244324684143, 0.4039517045021057]
Attacked: 0.37409440279006956±0.03412507609632856: [0.3128430247306824, 0.39352360367774963, 0.3627881407737732, 0.40944018959999084, 0.39187705516815186]
Budget: 0.3
Model:RUNG_percentile_gamma

Detected GPU: Tesla T4 with compute capability 7.5
Using GPU: Tesla T4

0.3902305066585541 0.3040614724159241
0.38364434242248535 0.38419321179389954
0.40010976791381836 0.3199780583381653
0.39407244324684143 0.4034028649330139
0.4039517045021057 0.38529089093208313
Clean: 0.394401752948761±0.007169555512536595: [0.3902305066585541, 0.38364434242248535, 0.40010976791381836, 0.39407244324684143, 0.4039517045021057]
Attacked: 0.3593852996826172±0.039592258702158496: [0.3040614724159241, 0.38419321179389954, 0.3199780583381653, 0.4034028649330139, 0.38529089093208313]
Budget: 0.4
Model:RUNG_percentile_gamma

Detected GPU: Tesla T4 with compute capability 7.5
Using GPU: Tesla T4

0.3902305066585541 0.2859494984149933
0.38364434242248535 0.3880351185798645
0.40010976791381836 0.28759604692459106
0.39407244324684143 0.4045005440711975
0.4039517045021057 0.3946213126182556
Clean: 0.394401752948761±0.007169555512536595: [0.3902305066585541, 0.38364434242248535, 0.40010976791381836, 0.39407244324684143, 0.4039517045021057]
Attacked: 0.3521405041217804±0.05363180476633056: [0.2859494984149933, 0.3880351185798645, 0.28759604692459106, 0.4045005440711975, 0.3946213126182556]
Budget: 0.6
Model:RUNG_percentile_gamma

Detected GPU: Tesla T4 with compute capability 7.5
Using GPU: Tesla T4

0.3902305066585541 0.2832052707672119
0.38364434242248535 0.37376511096954346
0.40010976791381836 0.30680570006370544
0.39407244324684143 0.3710208535194397
0.4039517045021057 0.38364434242248535
Clean: 0.394401752948761±0.007169555512536595: [0.3902305066585541, 0.38364434242248535, 0.40010976791381836, 0.39407244324684143, 0.4039517045021057]
Attacked: 0.34368825554847715±0.040661262570862965: [0.2832052707672119, 0.37376511096954346, 0.30680570006370544, 0.3710208535194397, 0.38364434242248535]
Budget: 0.8
Model:RUNG_percentile_gamma

Detected GPU: Tesla T4 with compute capability 7.5
Using GPU: Tesla T4

0.3902305066585541 0.27167949080467224
0.38364434242248535 0.3787047266960144
0.40010976791381836 0.26289790868759155
0.39407244324684143 0.40120747685432434
0.4039517045021057 0.3863885998725891
Clean: 0.394401752948761±0.007169555512536595: [0.3902305066585541, 0.38364434242248535, 0.40010976791381836, 0.39407244324684143, 0.4039517045021057]
Attacked: 0.34017564058303834±0.06001430413327939: [0.27167949080467224, 0.3787047266960144, 0.26289790868759155, 0.40120747685432434, 0.3863885998725891]
Budget: 1.0
Model:RUNG_percentile_gamma

Detected GPU: Tesla T4 with compute capability 7.5
Using GPU: Tesla T4

0.3902305066585541 0.2859494984149933
0.38364434242248535 0.3040614724159241
0.40010976791381836 0.2519209682941437
0.39407244324684143 0.39352360367774963
0.4039517045021057 0.3792535662651062
Clean: 0.394401752948761±0.007169555512536595: [0.3902305066585541, 0.38364434242248535, 0.40010976791381836, 0.39407244324684143, 0.4039517045021057]
Attacked: 0.3229418218135834±0.054629043031573676: [0.2859494984149933, 0.3040614724159241, 0.2519209682941437, 0.39352360367774963, 0.3792535662651062]
