Budget: 0.05
Model:RUNG_combined_model

Detected GPU: Tesla T4 with compute capability 7.5
Using GPU: Tesla T4

0.43578484654426575 0.43578484654426575
0.4143798053264618 0.37650933861732483
0.4407244920730591 0.4374313950538635
0.3880351185798645 0.36498352885246277
0.4462129473686218 0.4489572048187256
Clean: 0.4250274419784546±0.021413775612911416: [0.43578484654426575, 0.4143798053264618, 0.4407244920730591, 0.3880351185798645, 0.4462129473686218]
Attacked: 0.41273326277732847±0.03477285435674504: [0.43578484654426575, 0.37650933861732483, 0.4374313950538635, 0.36498352885246277, 0.4489572048187256]
Budget: 0.1
Model:RUNG_combined_model

Detected GPU: Tesla T4 with compute capability 7.5
Using GPU: Tesla T4

0.43578484654426575 0.43413832783699036
0.4143798053264618 0.3704720139503479
0.4407244920730591 0.4418221712112427
0.3880351185798645 0.3633370101451874
0.4462129473686218 0.4495060443878174
Clean: 0.4250274419784546±0.021413775612911416: [0.43578484654426575, 0.4143798053264618, 0.4407244920730591, 0.3880351185798645, 0.4462129473686218]
Attacked: 0.41185511350631715±0.03709103953048795: [0.43413832783699036, 0.3704720139503479, 0.4418221712112427, 0.3633370101451874, 0.4495060443878174]
Budget: 0.15
Model:RUNG_combined_model

Detected GPU: Tesla T4 with compute capability 7.5
Using GPU: Tesla T4

0.43578484654426575 0.43413832783699036
0.4143798053264618 0.3545554280281067
0.4407244920730591 0.44401755928993225
0.3880351185798645 0.3622393012046814
0.4462129473686218 0.4500548839569092
Clean: 0.4250274419784546±0.021413775612911416: [0.43578484654426575, 0.4143798053264618, 0.4407244920730591, 0.3880351185798645, 0.4462129473686218]
Attacked: 0.40900110006332396±0.041699982841142: [0.43413832783699036, 0.3545554280281067, 0.44401755928993225, 0.3622393012046814, 0.4500548839569092]
Budget: 0.2
Model:RUNG_combined_model

Detected GPU: Tesla T4 with compute capability 7.5
Using GPU: Tesla T4

0.43578484654426575 0.43468716740608215
0.4143798053264618 0.3523600399494171
0.4407244920730591 0.4385291039943695
0.3880351185798645 0.3611415922641754
0.4462129473686218 0.4478594958782196
Clean: 0.4250274419784546±0.021413775612911416: [0.43578484654426575, 0.4143798053264618, 0.4407244920730591, 0.3880351185798645, 0.4462129473686218]
Attacked: 0.4069154798984528±0.04127625253638957: [0.43468716740608215, 0.3523600399494171, 0.4385291039943695, 0.3611415922641754, 0.4478594958782196]
Budget: 0.3
Model:RUNG_combined_model

Detected GPU: Tesla T4 with compute capability 7.5
Using GPU: Tesla T4

0.43578484654426575 0.43413832783699036
0.4143798053264618 0.3424808084964752
0.4407244920730591 0.4390779435634613
0.3880351185798645 0.36663007736206055
0.4462129473686218 0.4495060443878174
Clean: 0.4250274419784546±0.021413775612911416: [0.43578484654426575, 0.4143798053264618, 0.4407244920730591, 0.3880351185798645, 0.4462129473686218]
Attacked: 0.406366640329361±0.04327285087499421: [0.43413832783699036, 0.3424808084964752, 0.4390779435634613, 0.36663007736206055, 0.4495060443878174]
Budget: 0.4
Model:RUNG_combined_model

Detected GPU: Tesla T4 with compute capability 7.5
Using GPU: Tesla T4

0.43578484654426575 0.43358945846557617
0.4143798053264618 0.3347969353199005
0.4407244920730591 0.4297475218772888
0.3880351185798645 0.36608123779296875
0.4462129473686218 0.4473106563091278
Clean: 0.4250274419784546±0.021413775612911416: [0.43578484654426575, 0.4143798053264618, 0.4407244920730591, 0.3880351185798645, 0.4462129473686218]
Attacked: 0.4023051619529724±0.04387896578871947: [0.43358945846557617, 0.3347969353199005, 0.4297475218772888, 0.36608123779296875, 0.4473106563091278]
Budget: 0.6
Model:RUNG_combined_model

Detected GPU: Tesla T4 with compute capability 7.5
Using GPU: Tesla T4

0.43578484654426575 0.43358945846557617
0.4143798053264618 0.3122941851615906
0.4407244920730591 0.429198682308197
0.3880351185798645 0.36443468928337097
0.4462129473686218 0.4473106563091278
Clean: 0.4250274419784546±0.021413775612911416: [0.43578484654426575, 0.4143798053264618, 0.4407244920730591, 0.3880351185798645, 0.4462129473686218]
Attacked: 0.39736553430557253±0.051267167279478686: [0.43358945846557617, 0.3122941851615906, 0.429198682308197, 0.36443468928337097, 0.4473106563091278]
Budget: 0.8
Model:RUNG_combined_model

Detected GPU: Tesla T4 with compute capability 7.5
Using GPU: Tesla T4

0.43578484654426575 0.43358945846557617
0.4143798053264618 0.33315038681030273
0.4407244920730591 0.4281010031700134
0.3880351185798645 0.36498352885246277
0.4462129473686218 0.44291988015174866
Clean: 0.4250274419784546±0.021413775612911416: [0.43578484654426575, 0.4143798053264618, 0.4407244920730591, 0.3880351185798645, 0.4462129473686218]
Attacked: 0.40054885149002073±0.04348229997794552: [0.43358945846557617, 0.33315038681030273, 0.4281010031700134, 0.36498352885246277, 0.44291988015174866]
Budget: 1.0
Model:RUNG_combined_model

Detected GPU: Tesla T4 with compute capability 7.5
Using GPU: Tesla T4

0.43578484654426575 0.4324917793273926
0.4143798053264618 0.3260153830051422
0.4407244920730591 0.4231613576412201
0.3880351185798645 0.3682766258716583
0.4462129473686218 0.44237104058265686
Clean: 0.4250274419784546±0.021413775612911416: [0.43578484654426575, 0.4143798053264618, 0.4407244920730591, 0.3880351185798645, 0.4462129473686218]
Attacked: 0.398463237285614±0.04439765108981001: [0.4324917793273926, 0.3260153830051422, 0.4231613576412201, 0.3682766258716583, 0.44237104058265686]
