Budget: 0.05
Model:RUNG_learnable_distance

Detected GPU: Tesla T4 with compute capability 7.5
Using GPU: Tesla T4

0.4577387571334839 0.4237102270126343
0.45170143246650696 0.43523600697517395
0.43358945846557617 0.4330406188964844
0.42535674571990967 0.4297475218772888
0.44511526823043823 0.4489572048187256
Clean: 0.44270033240318296±0.011805201893367485: [0.4577387571334839, 0.45170143246650696, 0.43358945846557617, 0.42535674571990967, 0.44511526823043823]
Attacked: 0.4341383159160614±0.008366999978322558: [0.4237102270126343, 0.43523600697517395, 0.4330406188964844, 0.4297475218772888, 0.4489572048187256]
Budget: 0.1
Model:RUNG_learnable_distance

Detected GPU: Tesla T4 with compute capability 7.5
Using GPU: Tesla T4

0.4577387571334839 0.4149286448955536
0.45170143246650696 0.4286498427391052
0.43358945846557617 0.430296391248703
0.42535674571990967 0.4286498427391052
0.44511526823043823 0.450603723526001
Clean: 0.44270033240318296±0.011805201893367485: [0.4577387571334839, 0.45170143246650696, 0.43358945846557617, 0.42535674571990967, 0.44511526823043823]
Attacked: 0.4306256890296936±0.011431845266984817: [0.4149286448955536, 0.4286498427391052, 0.430296391248703, 0.4286498427391052, 0.450603723526001]
Budget: 0.15
Model:RUNG_learnable_distance

Detected GPU: Tesla T4 with compute capability 7.5
Using GPU: Tesla T4

0.4577387571334839 0.4034028649330139
0.45170143246650696 0.4297475218772888
0.43358945846557617 0.4286498427391052
0.42535674571990967 0.4308452308177948
0.44511526823043823 0.44456642866134644
Clean: 0.44270033240318296±0.011805201893367485: [0.4577387571334839, 0.45170143246650696, 0.43358945846557617, 0.42535674571990967, 0.44511526823043823]
Attacked: 0.4274423778057098±0.013337783670767135: [0.4034028649330139, 0.4297475218772888, 0.4286498427391052, 0.4308452308177948, 0.44456642866134644]
Budget: 0.2
Model:RUNG_learnable_distance

Detected GPU: Tesla T4 with compute capability 7.5
Using GPU: Tesla T4

0.4577387571334839 0.37541162967681885
0.45170143246650696 0.4308452308177948
0.43358945846557617 0.4281010031700134
0.42535674571990967 0.4308452308177948
0.44511526823043823 0.44291988015174866
Clean: 0.44270033240318296±0.011805201893367485: [0.4577387571334839, 0.45170143246650696, 0.43358945846557617, 0.42535674571990967, 0.44511526823043823]
Attacked: 0.42162459492683413±0.023669015383869473: [0.37541162967681885, 0.4308452308177948, 0.4281010031700134, 0.4308452308177948, 0.44291988015174866]
Budget: 0.3
Model:RUNG_learnable_distance

Detected GPU: Tesla T4 with compute capability 7.5
Using GPU: Tesla T4

0.4577387571334839 0.40120747685432434
0.45170143246650696 0.430296391248703
0.43358945846557617 0.42755213379859924
0.42535674571990967 0.4297475218772888
0.44511526823043823 0.44237104058265686
Clean: 0.44270033240318296±0.011805201893367485: [0.4577387571334839, 0.45170143246650696, 0.43358945846557617, 0.42535674571990967, 0.44511526823043823]
Attacked: 0.42623491287231446±0.01354486080187914: [0.40120747685432434, 0.430296391248703, 0.42755213379859924, 0.4297475218772888, 0.44237104058265686]
Budget: 0.4
Model:RUNG_learnable_distance

Detected GPU: Tesla T4 with compute capability 7.5
Using GPU: Tesla T4

0.4577387571334839 0.3534577488899231
0.45170143246650696 0.429198682308197
0.43358945846557617 0.430296391248703
0.42535674571990967 0.4286498427391052
0.44511526823043823 0.44237104058265686
Clean: 0.44270033240318296±0.011805201893367485: [0.4577387571334839, 0.45170143246650696, 0.43358945846557617, 0.42535674571990967, 0.44511526823043823]
Attacked: 0.41679474115371706±0.03206997794372111: [0.3534577488899231, 0.429198682308197, 0.430296391248703, 0.4286498427391052, 0.44237104058265686]
Budget: 0.6
Model:RUNG_learnable_distance

Detected GPU: Tesla T4 with compute capability 7.5
Using GPU: Tesla T4

0.4577387571334839 0.32327112555503845
0.45170143246650696 0.4281010031700134
0.43358945846557617 0.4286498427391052
0.42535674571990967 0.4297475218772888
0.44511526823043823 0.4412733316421509
Clean: 0.44270033240318296±0.011805201893367485: [0.4577387571334839, 0.45170143246650696, 0.43358945846557617, 0.42535674571990967, 0.44511526823043823]
Attacked: 0.41020856499671937±0.043738150413452026: [0.32327112555503845, 0.4281010031700134, 0.4286498427391052, 0.4297475218772888, 0.4412733316421509]
Budget: 0.8
Model:RUNG_learnable_distance

Detected GPU: Tesla T4 with compute capability 7.5
Using GPU: Tesla T4

0.4577387571334839 0.37541162967681885
0.45170143246650696 0.42535674571990967
0.43358945846557617 0.4231613576412201
0.42535674571990967 0.4286498427391052
0.44511526823043823 0.43633371591567993
Clean: 0.44270033240318296±0.011805201893367485: [0.4577387571334839, 0.45170143246650696, 0.43358945846557617, 0.42535674571990967, 0.44511526823043823]
Attacked: 0.4177826583385468±0.021651044823416347: [0.37541162967681885, 0.42535674571990967, 0.4231613576412201, 0.4286498427391052, 0.43633371591567993]
Budget: 1.0
Model:RUNG_learnable_distance

Detected GPU: Tesla T4 with compute capability 7.5
Using GPU: Tesla T4

0.4577387571334839 0.3166849613189697
0.45170143246650696 0.41931942105293274
0.43358945846557617 0.42480790615081787
0.42535674571990967 0.42645445466041565
0.44511526823043823 0.43688255548477173
Clean: 0.44270033240318296±0.011805201893367485: [0.4577387571334839, 0.45170143246650696, 0.43358945846557617, 0.42535674571990967, 0.44511526823043823]
Attacked: 0.40482985973358154±0.0444378020452559: [0.3166849613189697, 0.41931942105293274, 0.42480790615081787, 0.42645445466041565, 0.43688255548477173]
