Budget: 0.05
Model:RUNG_parametric_gamma

Detected GPU: Tesla T4 with compute capability 7.5
Using GPU: Tesla T4

0.4061470925807953 0.3869374394416809
0.3880351185798645 0.31503841280937195
0.40120747685432434 0.3874862790107727
0.35784852504730225 0.3353457748889923
0.4149286448955536 0.39242592453956604
Clean: 0.39363337159156797±0.019896455099332033: [0.4061470925807953, 0.3880351185798645, 0.40120747685432434, 0.35784852504730225, 0.4149286448955536]
Attacked: 0.3634467661380768±0.031945378114054714: [0.3869374394416809, 0.31503841280937195, 0.3874862790107727, 0.3353457748889923, 0.39242592453956604]
Budget: 0.1
Model:RUNG_parametric_gamma

Detected GPU: Tesla T4 with compute capability 7.5
Using GPU: Tesla T4

0.4061470925807953 0.3452250361442566
0.3880351185798645 0.3079034090042114
0.40120747685432434 0.3891328275203705
0.35784852504730225 0.33150383830070496
0.4149286448955536 0.3704720139503479
Clean: 0.39363337159156797±0.019896455099332033: [0.4061470925807953, 0.3880351185798645, 0.40120747685432434, 0.35784852504730225, 0.4149286448955536]
Attacked: 0.34884742498397825±0.028568761436160824: [0.3452250361442566, 0.3079034090042114, 0.3891328275203705, 0.33150383830070496, 0.3704720139503479]
Budget: 0.15
Model:RUNG_parametric_gamma

Detected GPU: Tesla T4 with compute capability 7.5
Using GPU: Tesla T4

0.4061470925807953 0.3452250361442566
0.3880351185798645 0.2925356924533844
0.40120747685432434 0.3776070177555084
0.35784852504730225 0.2854006588459015
0.4149286448955536 0.36443468928337097
Clean: 0.39363337159156797±0.019896455099332033: [0.4061470925807953, 0.3880351185798645, 0.40120747685432434, 0.35784852504730225, 0.4149286448955536]
Attacked: 0.3330406188964844±0.03749780379213773: [0.3452250361442566, 0.2925356924533844, 0.3776070177555084, 0.2854006588459015, 0.36443468928337097]
Budget: 0.2
Model:RUNG_parametric_gamma

Detected GPU: Tesla T4 with compute capability 7.5
Using GPU: Tesla T4

0.4061470925807953 0.3287596106529236
0.3880351185798645 0.2991218566894531
0.40120747685432434 0.38419321179389954
0.35784852504730225 0.2568605840206146
0.4149286448955536 0.3441273272037506
Clean: 0.39363337159156797±0.019896455099332033: [0.4061470925807953, 0.3880351185798645, 0.40120747685432434, 0.35784852504730225, 0.4149286448955536]
Attacked: 0.3226125180721283±0.042820517517030816: [0.3287596106529236, 0.2991218566894531, 0.38419321179389954, 0.2568605840206146, 0.3441273272037506]
Budget: 0.3
Model:RUNG_parametric_gamma

Detected GPU: Tesla T4 with compute capability 7.5
Using GPU: Tesla T4

0.4061470925807953 0.32491767406463623
0.3880351185798645 0.3002195358276367
0.40120747685432434 0.3726674020290375
0.35784852504730225 0.25466519594192505
0.4149286448955536 0.3523600399494171
Clean: 0.39363337159156797±0.019896455099332033: [0.4061470925807953, 0.3880351185798645, 0.40120747685432434, 0.35784852504730225, 0.4149286448955536]
Attacked: 0.32096596956253054±0.041232144834884944: [0.32491767406463623, 0.3002195358276367, 0.3726674020290375, 0.25466519594192505, 0.3523600399494171]
Budget: 0.4
Model:RUNG_parametric_gamma

Detected GPU: Tesla T4 with compute capability 7.5
Using GPU: Tesla T4

0.4061470925807953 0.33095499873161316
0.3880351185798645 0.3002195358276367
0.40120747685432434 0.36717891693115234
0.35784852504730225 0.26234906911849976
0.4149286448955536 0.343029648065567
Clean: 0.39363337159156797±0.019896455099332033: [0.4061470925807953, 0.3880351185798645, 0.40120747685432434, 0.35784852504730225, 0.4149286448955536]
Attacked: 0.3207464337348938±0.036299690543597815: [0.33095499873161316, 0.3002195358276367, 0.36717891693115234, 0.26234906911849976, 0.343029648065567]
Budget: 0.6
Model:RUNG_parametric_gamma

Detected GPU: Tesla T4 with compute capability 7.5
Using GPU: Tesla T4

0.4061470925807953 0.3271130621433258
0.3880351185798645 0.2991218566894531
0.40120747685432434 0.3627881407737732
0.35784852504730225 0.2508232593536377
0.4149286448955536 0.33863887190818787
Clean: 0.39363337159156797±0.019896455099332033: [0.4061470925807953, 0.3880351185798645, 0.40120747685432434, 0.35784852504730225, 0.4149286448955536]
Attacked: 0.31569703817367556±0.03836031569759733: [0.3271130621433258, 0.2991218566894531, 0.3627881407737732, 0.2508232593536377, 0.33863887190818787]
Budget: 0.8
Model:RUNG_parametric_gamma

Detected GPU: Tesla T4 with compute capability 7.5
Using GPU: Tesla T4

0.4061470925807953 0.3342480957508087
0.3880351185798645 0.2925356924533844
0.40120747685432434 0.34193193912506104
0.35784852504730225 0.190450057387352
0.4149286448955536 0.33863887190818787
Clean: 0.39363337159156797±0.019896455099332033: [0.4061470925807953, 0.3880351185798645, 0.40120747685432434, 0.35784852504730225, 0.4149286448955536]
Attacked: 0.2995609313249588±0.05741101620901629: [0.3342480957508087, 0.2925356924533844, 0.34193193912506104, 0.190450057387352, 0.33863887190818787]
Budget: 1.0
Model:RUNG_parametric_gamma

Detected GPU: Tesla T4 with compute capability 7.5
Using GPU: Tesla T4

0.4061470925807953 0.3353457748889923
0.3880351185798645 0.29582875967025757
0.40120747685432434 0.3424808084964752
0.35784852504730225 0.189901202917099
0.4149286448955536 0.33973655104637146
Clean: 0.39363337159156797±0.019896455099332033: [0.4061470925807953, 0.3880351185798645, 0.40120747685432434, 0.35784852504730225, 0.4149286448955536]
Attacked: 0.3006586194038391±0.05791357673201185: [0.3353457748889923, 0.29582875967025757, 0.3424808084964752, 0.189901202917099, 0.33973655104637146]
