
Detected GPU: Tesla T4 with compute capability 7.5
Using GPU: Tesla T4


Fit RUNG_learnable_distance
  distance_mode=cosine
  lr=0.05, dist_lr_factor=0.5, wd=0.0005
  percentile_q=0.75
  Parameters: 149189
    MLP: 149189
    Distance: 0
  patience=100, grad_clip=1.0
  Epoch   50 | loss=0.8916 | val_acc=0.4254 | gammas=[0.81, 0.72, 0.74, 0.75, 0.77, 0.77, 0.77, 0.77, 0.77, 0.77]
    Layer 0: y_mean=0.823, y_std=0.511, y_max=1.970
    Layer K: y_mean=0.839, y_std=0.622, y_max=1.935
  Epoch  100 | loss=0.8263 | val_acc=0.3904 | gammas=[0.91, 0.76, 0.69, 0.68, 0.68, 0.68, 0.68, 0.68, 0.68, 0.68]
    Layer 0: y_mean=0.820, y_std=0.481, y_max=1.976
    Layer K: y_mean=0.826, y_std=0.549, y_max=1.960
  Epoch  150 | loss=0.8203 | val_acc=0.3728 | gammas=[1.02, 0.92, 0.93, 0.98, 1.00, 1.02, 1.04, 1.03, 1.04, 1.03]
    Layer 0: y_mean=0.844, y_std=0.551, y_max=1.990
    Layer K: y_mean=0.823, y_std=0.648, y_max=1.979

  Early stopping at epoch 179 (best val=0.4781 at epoch 78)

Training done. Best val acc: 0.4781 (epoch 78)

======================================================================
         RUNG_learnable_distance — Statistics (last fwd pass)         
======================================================================
  distance_mode: cosine
  percentile_q:  0.75
  distance_params: 0

   Layer      gamma     y_mean      y_std      y_max
  ────────────────────────────────────────────────────────────
       0     0.8948     0.8521     0.5190     1.9701
       1     0.7529     0.8454     0.5593     1.9687
       2     0.7174     0.8431     0.5855     1.9565
       3     0.7157     0.8491     0.5981     1.9511
       4     0.7187     0.8511     0.6052     1.9511
       5     0.7192     0.8530     0.6075     1.9511
       6     0.7199     0.8526     0.6086     1.9511
       7     0.7194     0.8531     0.6090     1.9511
       8     0.7203     0.8527     0.6096     1.9511
       9     0.7200     0.8531     0.6099     1.9511
======================================================================

Acc: [0.4577387571334839]

Fit RUNG_learnable_distance
  distance_mode=cosine
  lr=0.05, dist_lr_factor=0.5, wd=0.0005
  percentile_q=0.75
  Parameters: 149189
    MLP: 149189
    Distance: 0
  patience=100, grad_clip=1.0
  Epoch   50 | loss=0.8825 | val_acc=0.4298 | gammas=[0.77, 0.71, 0.69, 0.68, 0.68, 0.68, 0.68, 0.67, 0.68, 0.67]
    Layer 0: y_mean=0.856, y_std=0.586, y_max=1.987
    Layer K: y_mean=0.884, y_std=0.722, y_max=1.975
  Epoch  100 | loss=0.8291 | val_acc=0.4211 | gammas=[0.84, 0.72, 0.69, 0.69, 0.68, 0.69, 0.69, 0.69, 0.69, 0.69]
    Layer 0: y_mean=0.884, y_std=0.558, y_max=1.993
    Layer K: y_mean=0.897, y_std=0.677, y_max=1.983
  Epoch  150 | loss=0.7969 | val_acc=0.4123 | gammas=[0.98, 0.87, 0.87, 0.88, 0.89, 0.89, 0.89, 0.89, 0.89, 0.89]
    Layer 0: y_mean=0.903, y_std=0.546, y_max=1.996
    Layer K: y_mean=0.899, y_std=0.642, y_max=1.992
  Epoch  200 | loss=0.7793 | val_acc=0.4430 | gammas=[0.84, 0.74, 0.68, 0.65, 0.64, 0.64, 0.63, 0.63, 0.62, 0.62]
    Layer 0: y_mean=0.885, y_std=0.580, y_max=1.998
    Layer K: y_mean=0.901, y_std=0.692, y_max=1.995
  Epoch  250 | loss=0.8360 | val_acc=0.4430 | gammas=[0.97, 0.82, 0.83, 0.84, 0.84, 0.85, 0.85, 0.85, 0.87, 0.87]
    Layer 0: y_mean=0.889, y_std=0.581, y_max=1.999
    Layer K: y_mean=0.884, y_std=0.688, y_max=1.999

  Early stopping at epoch 297 (best val=0.4868 at epoch 196)

Training done. Best val acc: 0.4868 (epoch 196)

======================================================================
         RUNG_learnable_distance — Statistics (last fwd pass)         
======================================================================
  distance_mode: cosine
  percentile_q:  0.75
  distance_params: 0

   Layer      gamma     y_mean      y_std      y_max
  ────────────────────────────────────────────────────────────
       0     0.9352     0.9730     0.5934     1.9969
       1     0.7571     0.9706     0.6444     1.9955
       2     0.7040     0.9718     0.6739     1.9960
       3     0.7037     0.9721     0.6847     1.9957
       4     0.7137     0.9726     0.6893     1.9952
       5     0.7103     0.9725     0.6902     1.9956
       6     0.7142     0.9727     0.6910     1.9941
       7     0.7133     0.9725     0.6913     1.9937
       8     0.7148     0.9726     0.6918     1.9929
       9     0.7110     0.9725     0.6919     1.9929
======================================================================

Acc: [0.4577387571334839, 0.45170143246650696]

Fit RUNG_learnable_distance
  distance_mode=cosine
  lr=0.05, dist_lr_factor=0.5, wd=0.0005
  percentile_q=0.75
  Parameters: 149189
    MLP: 149189
    Distance: 0
  patience=100, grad_clip=1.0
  Epoch   50 | loss=0.9368 | val_acc=0.4167 | gammas=[0.72, 0.56, 0.54, 0.53, 0.53, 0.53, 0.53, 0.53, 0.53, 0.54]
    Layer 0: y_mean=0.819, y_std=0.551, y_max=1.980
    Layer K: y_mean=0.830, y_std=0.620, y_max=1.967
  Epoch  100 | loss=0.8390 | val_acc=0.3421 | gammas=[1.02, 0.93, 0.93, 0.94, 0.94, 0.94, 0.94, 0.94, 0.94, 0.94]
    Layer 0: y_mean=0.871, y_std=0.570, y_max=1.991
    Layer K: y_mean=0.884, y_std=0.653, y_max=1.979
  Epoch  150 | loss=0.9468 | val_acc=0.3991 | gammas=[0.93, 0.76, 0.73, 0.73, 0.72, 0.73, 0.73, 0.73, 0.73, 0.73]
    Layer 0: y_mean=0.903, y_std=0.574, y_max=1.995
    Layer K: y_mean=0.902, y_std=0.648, y_max=1.988

  Early stopping at epoch 187 (best val=0.4386 at epoch 86)

Training done. Best val acc: 0.4386 (epoch 86)

======================================================================
         RUNG_learnable_distance — Statistics (last fwd pass)         
======================================================================
  distance_mode: cosine
  percentile_q:  0.75
  distance_params: 0

   Layer      gamma     y_mean      y_std      y_max
  ────────────────────────────────────────────────────────────
       0     0.8745     0.9173     0.5516     1.9816
       1     0.6567     0.9215     0.6028     1.9764
       2     0.5627     0.9266     0.6328     1.9750
       3     0.5366     0.9290     0.6418     1.9714
       4     0.5379     0.9302     0.6466     1.9700
       5     0.5405     0.9303     0.6480     1.9700
       6     0.5381     0.9315     0.6499     1.9699
       7     0.5409     0.9312     0.6504     1.9698
       8     0.5377     0.9320     0.6514     1.9698
       9     0.5389     0.9315     0.6516     1.9698
======================================================================

Acc: [0.4577387571334839, 0.45170143246650696, 0.43358945846557617]

Fit RUNG_learnable_distance
  distance_mode=cosine
  lr=0.05, dist_lr_factor=0.5, wd=0.0005
  percentile_q=0.75
  Parameters: 149189
    MLP: 149189
    Distance: 0
  patience=100, grad_clip=1.0
  Epoch   50 | loss=1.0421 | val_acc=0.3991 | gammas=[0.84, 0.65, 0.60, 0.58, 0.57, 0.57, 0.57, 0.57, 0.57, 0.57]
    Layer 0: y_mean=0.801, y_std=0.492, y_max=1.948
    Layer K: y_mean=0.819, y_std=0.562, y_max=1.934
  Epoch  100 | loss=0.9492 | val_acc=0.3684 | gammas=[0.97, 0.80, 0.75, 0.74, 0.73, 0.73, 0.73, 0.73, 0.73, 0.73]
    Layer 0: y_mean=0.883, y_std=0.500, y_max=1.980
    Layer K: y_mean=0.902, y_std=0.589, y_max=1.962
  Epoch  150 | loss=0.8517 | val_acc=0.3772 | gammas=[1.00, 0.90, 0.87, 0.85, 0.86, 0.85, 0.85, 0.84, 0.84, 0.84]
    Layer 0: y_mean=0.874, y_std=0.570, y_max=1.987
    Layer K: y_mean=0.869, y_std=0.651, y_max=1.977

  Early stopping at epoch 155 (best val=0.4474 at epoch 54)

Training done. Best val acc: 0.4474 (epoch 54)

======================================================================
         RUNG_learnable_distance — Statistics (last fwd pass)         
======================================================================
  distance_mode: cosine
  percentile_q:  0.75
  distance_params: 0

   Layer      gamma     y_mean      y_std      y_max
  ────────────────────────────────────────────────────────────
       0     0.8929     0.8304     0.5286     1.9543
       1     0.7321     0.8211     0.5638     1.9371
       2     0.6686     0.8214     0.5864     1.9240
       3     0.6701     0.8284     0.5955     1.9186
       4     0.6714     0.8285     0.5981     1.9181
       5     0.6770     0.8308     0.6008     1.9181
       6     0.6639     0.8298     0.6011     1.9181
       7     0.6617     0.8310     0.6026     1.9181
       8     0.6608     0.8301     0.6023     1.9181
       9     0.6542     0.8310     0.6033     1.9181
======================================================================

Acc: [0.4577387571334839, 0.45170143246650696, 0.43358945846557617, 0.42535674571990967]

Fit RUNG_learnable_distance
  distance_mode=cosine
  lr=0.05, dist_lr_factor=0.5, wd=0.0005
  percentile_q=0.75
  Parameters: 149189
    MLP: 149189
    Distance: 0
  patience=100, grad_clip=1.0
  Epoch   50 | loss=0.9983 | val_acc=0.3640 | gammas=[0.78, 0.65, 0.63, 0.63, 0.63, 0.62, 0.62, 0.62, 0.63, 0.62]
    Layer 0: y_mean=0.703, y_std=0.473, y_max=1.967
    Layer K: y_mean=0.705, y_std=0.547, y_max=1.955
  Epoch  100 | loss=0.8739 | val_acc=0.4298 | gammas=[0.95, 0.77, 0.72, 0.70, 0.69, 0.70, 0.71, 0.71, 0.71, 0.71]
    Layer 0: y_mean=0.885, y_std=0.517, y_max=1.980
    Layer K: y_mean=0.900, y_std=0.630, y_max=1.958
  Epoch  150 | loss=0.7710 | val_acc=0.3509 | gammas=[0.99, 0.84, 0.81, 0.81, 0.82, 0.82, 0.82, 0.83, 0.83, 0.83]
    Layer 0: y_mean=0.845, y_std=0.514, y_max=1.991
    Layer K: y_mean=0.816, y_std=0.569, y_max=1.985
  Epoch  200 | loss=0.9216 | val_acc=0.3728 | gammas=[0.92, 0.76, 0.72, 0.71, 0.71, 0.71, 0.71, 0.71, 0.71, 0.71]
    Layer 0: y_mean=0.845, y_std=0.511, y_max=1.997
    Layer K: y_mean=0.811, y_std=0.552, y_max=1.993
  Epoch  250 | loss=0.6896 | val_acc=0.4211 | gammas=[1.01, 0.82, 0.76, 0.73, 0.73, 0.73, 0.73, 0.73, 0.73, 0.73]
    Layer 0: y_mean=0.958, y_std=0.539, y_max=1.998
    Layer K: y_mean=0.957, y_std=0.607, y_max=1.998

  Early stopping at epoch 286 (best val=0.4868 at epoch 185)

Training done. Best val acc: 0.4868 (epoch 185)

======================================================================
         RUNG_learnable_distance — Statistics (last fwd pass)         
======================================================================
  distance_mode: cosine
  percentile_q:  0.75
  distance_params: 0

   Layer      gamma     y_mean      y_std      y_max
  ────────────────────────────────────────────────────────────
       0     0.9819     0.9334     0.5483     1.9962
       1     0.7981     0.9219     0.5879     1.9959
       2     0.6984     0.9226     0.6118     1.9950
       3     0.6855     0.9265     0.6230     1.9949
       4     0.6651     0.9286     0.6260     1.9949
       5     0.6741     0.9303     0.6289     1.9947
       6     0.6699     0.9317     0.6305     1.9949
       7     0.6681     0.9322     0.6314     1.9947
       8     0.6685     0.9324     0.6321     1.9950
       9     0.6673     0.9323     0.6323     1.9947
======================================================================

Acc: [0.4577387571334839, 0.45170143246650696, 0.43358945846557617, 0.42535674571990967, 0.44511526823043823]
model RUNG_learnable_distance done, clean acc: 0.44270033240318296±0.011805201893367485
