
Detected GPU: Tesla T4 with compute capability 7.5
Using GPU: Tesla T4

[get_dataset] Downloading heterophilic dataset 'chameleon' via torch_geometric ...
  Nodes: 2277, Edges: 31371, Features: 2325, Classes: 5, Homophily: 0.2299
  Cached to /kaggle/working/RUNG_ML_Project/train_eval_data/../data/heter_data/chameleon
tensor(0.2939, device='cuda:0')
tensor(0.3860, device='cuda:0')
tensor(0.3728, device='cuda:0')
tensor(0.3904, device='cuda:0')
tensor(0.3904, device='cuda:0')
tensor(0.3553, device='cuda:0')
tensor(0.4079, device='cuda:0')
tensor(0.4342, device='cuda:0')
tensor(0.4298, device='cuda:0')
tensor(0.4035, device='cuda:0')
tensor(0.4386, device='cuda:0')
tensor(0.4167, device='cuda:0')
tensor(0.3991, device='cuda:0')
tensor(0.4386, device='cuda:0')
tensor(0.3991, device='cuda:0')
tensor(0.4035, device='cuda:0')
tensor(0.3991, device='cuda:0')
tensor(0.4342, device='cuda:0')
tensor(0.3816, device='cuda:0')
tensor(0.4079, device='cuda:0')
tensor(0.4386, device='cuda:0')
tensor(0.4430, device='cuda:0')
tensor(0.4342, device='cuda:0')
tensor(0.4298, device='cuda:0')
tensor(0.3904, device='cuda:0')
tensor(0.3991, device='cuda:0')
tensor(0.3947, device='cuda:0')
tensor(0.4167, device='cuda:0')
tensor(0.3640, device='cuda:0')
tensor(0.3991, device='cuda:0')
Acc: [0.4281010031700134]
tensor(0.2018, device='cuda:0')
tensor(0.2939, device='cuda:0')
tensor(0.3333, device='cuda:0')
tensor(0.3860, device='cuda:0')
tensor(0.3991, device='cuda:0')
tensor(0.4254, device='cuda:0')
tensor(0.4123, device='cuda:0')
tensor(0.4123, device='cuda:0')
tensor(0.4123, device='cuda:0')
tensor(0.4298, device='cuda:0')
tensor(0.4167, device='cuda:0')
tensor(0.4254, device='cuda:0')
tensor(0.4561, device='cuda:0')
tensor(0.4386, device='cuda:0')
tensor(0.4298, device='cuda:0')
tensor(0.4211, device='cuda:0')
tensor(0.4254, device='cuda:0')
tensor(0.4605, device='cuda:0')
tensor(0.4298, device='cuda:0')
tensor(0.4474, device='cuda:0')
tensor(0.4254, device='cuda:0')
tensor(0.4167, device='cuda:0')
tensor(0.4298, device='cuda:0')
tensor(0.4474, device='cuda:0')
tensor(0.4254, device='cuda:0')
tensor(0.4342, device='cuda:0')
tensor(0.4167, device='cuda:0')
tensor(0.4298, device='cuda:0')
tensor(0.4123, device='cuda:0')
tensor(0.4342, device='cuda:0')
Acc: [0.4281010031700134, 0.4215148091316223]
tensor(0.2061, device='cuda:0')
tensor(0.3026, device='cuda:0')
tensor(0.3333, device='cuda:0')
tensor(0.3333, device='cuda:0')
tensor(0.4035, device='cuda:0')
tensor(0.4167, device='cuda:0')
tensor(0.3860, device='cuda:0')
tensor(0.4167, device='cuda:0')
tensor(0.4167, device='cuda:0')
tensor(0.4298, device='cuda:0')
tensor(0.4254, device='cuda:0')
tensor(0.4342, device='cuda:0')
tensor(0.4430, device='cuda:0')
tensor(0.3640, device='cuda:0')
tensor(0.4474, device='cuda:0')
tensor(0.4518, device='cuda:0')
tensor(0.3991, device='cuda:0')
tensor(0.4342, device='cuda:0')
tensor(0.4342, device='cuda:0')
tensor(0.4474, device='cuda:0')
tensor(0.4430, device='cuda:0')
tensor(0.4474, device='cuda:0')
tensor(0.4123, device='cuda:0')
tensor(0.4035, device='cuda:0')
tensor(0.3947, device='cuda:0')
tensor(0.4167, device='cuda:0')
tensor(0.4123, device='cuda:0')
tensor(0.4298, device='cuda:0')
tensor(0.4167, device='cuda:0')
tensor(0.4298, device='cuda:0')
Acc: [0.4281010031700134, 0.4215148091316223, 0.4198682904243469]
tensor(0.2018, device='cuda:0')
tensor(0.3465, device='cuda:0')
tensor(0.3421, device='cuda:0')
tensor(0.3684, device='cuda:0')
tensor(0.3772, device='cuda:0')
tensor(0.3640, device='cuda:0')
tensor(0.4123, device='cuda:0')
tensor(0.4035, device='cuda:0')
tensor(0.4079, device='cuda:0')
tensor(0.3904, device='cuda:0')
tensor(0.3947, device='cuda:0')
tensor(0.3860, device='cuda:0')
tensor(0.3816, device='cuda:0')
tensor(0.3728, device='cuda:0')
tensor(0.4167, device='cuda:0')
tensor(0.4035, device='cuda:0')
tensor(0.3904, device='cuda:0')
tensor(0.4123, device='cuda:0')
tensor(0.4211, device='cuda:0')
tensor(0.4298, device='cuda:0')
tensor(0.3947, device='cuda:0')
tensor(0.4254, device='cuda:0')
tensor(0.3947, device='cuda:0')
tensor(0.4079, device='cuda:0')
tensor(0.4079, device='cuda:0')
tensor(0.4254, device='cuda:0')
tensor(0.4167, device='cuda:0')
tensor(0.4123, device='cuda:0')
tensor(0.3947, device='cuda:0')
tensor(0.4254, device='cuda:0')
Acc: [0.4281010031700134, 0.4215148091316223, 0.4198682904243469, 0.40834248065948486]
tensor(0.2018, device='cuda:0')
tensor(0.3026, device='cuda:0')
tensor(0.3816, device='cuda:0')
tensor(0.3465, device='cuda:0')
tensor(0.3816, device='cuda:0')
tensor(0.3816, device='cuda:0')
tensor(0.3904, device='cuda:0')
tensor(0.3816, device='cuda:0')
tensor(0.4123, device='cuda:0')
tensor(0.3816, device='cuda:0')
tensor(0.3684, device='cuda:0')
tensor(0.3947, device='cuda:0')
tensor(0.3860, device='cuda:0')
tensor(0.3860, device='cuda:0')
tensor(0.4123, device='cuda:0')
tensor(0.4079, device='cuda:0')
tensor(0.4211, device='cuda:0')
tensor(0.3991, device='cuda:0')
tensor(0.3816, device='cuda:0')
tensor(0.3816, device='cuda:0')
tensor(0.3772, device='cuda:0')
tensor(0.4123, device='cuda:0')
tensor(0.3991, device='cuda:0')
tensor(0.3904, device='cuda:0')
tensor(0.4123, device='cuda:0')
tensor(0.4035, device='cuda:0')
tensor(0.3860, device='cuda:0')
tensor(0.3640, device='cuda:0')
tensor(0.3640, device='cuda:0')
tensor(0.3947, device='cuda:0')
Acc: [0.4281010031700134, 0.4215148091316223, 0.4198682904243469, 0.40834248065948486, 0.3984632194042206]
model RUNG done, clean acc: 0.4152579605579376±0.010537876747551963
