
Detected GPU: Tesla T4 with compute capability 7.5
Using GPU: Tesla T4


Fit RUNG_percentile_gamma | lr=0.05, wd=0.0005, epochs=300
  percentile_q=0.75, use_layerwise_q=False
  Parameters: 149189 (no gamma params)
  patience=100, grad_clip=1.0

  Epoch   50 | loss=0.6907 | val=0.4035 | gammas=[0.70, 0.56, 0.54, 0.54, 0.55, 0.55, 0.56, 0.58, 0.60, 0.61]

  Epoch  100 | loss=0.6753 | val=0.3947 | gammas=[0.72, 0.58, 0.53, 0.53, 0.54, 0.56, 0.58, 0.59, 0.60, 0.61]

  Early stopping at epoch 136 (best val=0.4386 at epoch 35)

Training done. Best val acc: 0.4386 (epoch 35)

======================================================
   RUNG_percentile_gamma — Gamma Values (last fwd)    
======================================================
  Layer      gamma        lam   q used
------------------------------------------------------
      0       0.6178     0.1670     0.75
      1       0.4683     0.1266     0.75
      2       0.4344     0.1174     0.75
      3       0.4277     0.1156     0.75
      4       0.4287     0.1159     0.75
      5       0.4411     0.1192     0.75
      6       0.4467     0.1207     0.75
      7       0.4504     0.1217     0.75
      8       0.4484     0.1212     0.75
      9       0.4503     0.1217     0.75
======================================================

Acc: [0.3902305066585541]

Fit RUNG_percentile_gamma | lr=0.05, wd=0.0005, epochs=300
  percentile_q=0.75, use_layerwise_q=False
  Parameters: 149189 (no gamma params)
  patience=100, grad_clip=1.0

  Epoch   50 | loss=0.6718 | val=0.3772 | gammas=[0.68, 0.53, 0.48, 0.47, 0.46, 0.47, 0.47, 0.47, 0.48, 0.48]

  Epoch  100 | loss=0.6118 | val=0.3553 | gammas=[0.73, 0.56, 0.52, 0.52, 0.54, 0.56, 0.58, 0.59, 0.59, 0.60]

  Epoch  150 | loss=0.6367 | val=0.3860 | gammas=[0.75, 0.58, 0.53, 0.50, 0.49, 0.50, 0.49, 0.50, 0.51, 0.51]

  Early stopping at epoch 183 (best val=0.4167 at epoch 82)

Training done. Best val acc: 0.4167 (epoch 82)

======================================================
   RUNG_percentile_gamma — Gamma Values (last fwd)    
======================================================
  Layer      gamma        lam   q used
------------------------------------------------------
      0       0.7445     0.2012     0.75
      1       0.5878     0.1589     0.75
      2       0.5712     0.1544     0.75
      3       0.5829     0.1576     0.75
      4       0.6041     0.1633     0.75
      5       0.6152     0.1663     0.75
      6       0.6252     0.1690     0.75
      7       0.6386     0.1726     0.75
      8       0.6479     0.1751     0.75
      9       0.6547     0.1770     0.75
======================================================

Acc: [0.3902305066585541, 0.38364434242248535]

Fit RUNG_percentile_gamma | lr=0.05, wd=0.0005, epochs=300
  percentile_q=0.75, use_layerwise_q=False
  Parameters: 149189 (no gamma params)
  patience=100, grad_clip=1.0

  Epoch   50 | loss=0.6442 | val=0.3728 | gammas=[0.68, 0.50, 0.46, 0.45, 0.44, 0.45, 0.46, 0.46, 0.46, 0.46]

  Epoch  100 | loss=0.5943 | val=0.3904 | gammas=[0.70, 0.52, 0.49, 0.48, 0.49, 0.49, 0.50, 0.50, 0.50, 0.50]

  Epoch  150 | loss=0.6202 | val=0.3421 | gammas=[0.68, 0.51, 0.48, 0.48, 0.49, 0.50, 0.51, 0.51, 0.53, 0.53]

  Early stopping at epoch 196 (best val=0.4298 at epoch 95)

Training done. Best val acc: 0.4298 (epoch 95)

======================================================
   RUNG_percentile_gamma — Gamma Values (last fwd)    
======================================================
  Layer      gamma        lam   q used
------------------------------------------------------
      0       0.7021     0.1898     0.75
      1       0.5243     0.1417     0.75
      2       0.4948     0.1337     0.75
      3       0.4990     0.1349     0.75
      4       0.5192     0.1403     0.75
      5       0.5243     0.1417     0.75
      6       0.5354     0.1447     0.75
      7       0.5333     0.1441     0.75
      8       0.5444     0.1471     0.75
      9       0.5441     0.1471     0.75
======================================================

Acc: [0.3902305066585541, 0.38364434242248535, 0.40010976791381836]

Fit RUNG_percentile_gamma | lr=0.05, wd=0.0005, epochs=300
  percentile_q=0.75, use_layerwise_q=False
  Parameters: 149189 (no gamma params)
  patience=100, grad_clip=1.0

  Epoch   50 | loss=0.6900 | val=0.3728 | gammas=[0.70, 0.50, 0.46, 0.45, 0.44, 0.43, 0.43, 0.42, 0.41, 0.41]

  Epoch  100 | loss=0.6548 | val=0.3684 | gammas=[0.74, 0.57, 0.50, 0.47, 0.47, 0.48, 0.48, 0.49, 0.49, 0.49]

  Early stopping at epoch 145 (best val=0.4342 at epoch 44)

Training done. Best val acc: 0.4342 (epoch 44)

======================================================
   RUNG_percentile_gamma — Gamma Values (last fwd)    
======================================================
  Layer      gamma        lam   q used
------------------------------------------------------
      0       0.6990     0.1889     0.75
      1       0.4897     0.1324     0.75
      2       0.4599     0.1243     0.75
      3       0.4333     0.1171     0.75
      4       0.4307     0.1164     0.75
      5       0.4185     0.1131     0.75
      6       0.4148     0.1121     0.75
      7       0.4086     0.1104     0.75
      8       0.4088     0.1105     0.75
      9       0.4069     0.1100     0.75
======================================================

Acc: [0.3902305066585541, 0.38364434242248535, 0.40010976791381836, 0.39407244324684143]

Fit RUNG_percentile_gamma | lr=0.05, wd=0.0005, epochs=300
  percentile_q=0.75, use_layerwise_q=False
  Parameters: 149189 (no gamma params)
  patience=100, grad_clip=1.0

  Epoch   50 | loss=0.6283 | val=0.3289 | gammas=[0.78, 0.66, 0.64, 0.64, 0.65, 0.66, 0.66, 0.67, 0.67, 0.68]

  Epoch  100 | loss=0.6510 | val=0.3421 | gammas=[0.78, 0.66, 0.64, 0.65, 0.66, 0.68, 0.69, 0.70, 0.70, 0.70]

  Epoch  150 | loss=0.6766 | val=0.4079 | gammas=[0.77, 0.63, 0.61, 0.61, 0.61, 0.60, 0.61, 0.61, 0.62, 0.62]

  Epoch  200 | loss=0.6408 | val=0.3728 | gammas=[0.73, 0.60, 0.59, 0.58, 0.59, 0.60, 0.61, 0.62, 0.63, 0.63]

  Early stopping at epoch 210 (best val=0.4167 at epoch 109)

Training done. Best val acc: 0.4167 (epoch 109)

======================================================
   RUNG_percentile_gamma — Gamma Values (last fwd)    
======================================================
  Layer      gamma        lam   q used
------------------------------------------------------
      0       0.8009     0.2165     0.75
      1       0.6615     0.1788     0.75
      2       0.6459     0.1746     0.75
      3       0.6508     0.1759     0.75
      4       0.6694     0.1809     0.75
      5       0.6935     0.1874     0.75
      6       0.7083     0.1914     0.75
      7       0.7186     0.1942     0.75
      8       0.7297     0.1972     0.75
      9       0.7336     0.1983     0.75
======================================================

Acc: [0.3902305066585541, 0.38364434242248535, 0.40010976791381836, 0.39407244324684143, 0.4039517045021057]
model RUNG_percentile_gamma done, clean acc: 0.394401752948761±0.007169555512536595
