
Detected GPU: Tesla T4 with compute capability 7.5
Using GPU: Tesla T4


Fit RUNG_parametric_gamma | lr=0.05, schedule_lr=0.01500, wd=0.0005, epochs=300
  gamma_reg_strength=0.0, patience=100, grad_clip=1.0
  Initial schedule: gamma_0=6.0000, decay_rate=0.8500, gammas=[6.000, 5.100, 4.335, 3.685, 3.132, 2.662, 2.263, 1.923, 1.635, 1.390]

  Epoch   50 | loss=1.1326 | val=0.3596 | γ₀=6.9576, r=0.8460 | gammas=[6.96, 5.89, 4.98, 4.21, 3.56, 3.02, 2.55, 2.16, 1.83, 1.54]

  Epoch  100 | loss=0.9935 | val=0.3640 | γ₀=4.1274, r=0.7233 | gammas=[4.13, 2.99, 2.16, 1.56, 1.13, 0.82, 0.59, 0.43, 0.31, 0.22]

  Epoch  150 | loss=0.6183 | val=0.3640 | γ₀=2.1701, r=0.5056 | gammas=[2.17, 1.10, 0.55, 0.28, 0.14, 0.07, 0.04, 0.02, 0.01, 0.00]

  Epoch  200 | loss=0.5564 | val=0.3816 | γ₀=1.4799, r=0.4072 | gammas=[1.48, 0.60, 0.25, 0.10, 0.04, 0.02, 0.01, 0.00, 0.00, 0.00]

  Early stopping at epoch 208 (best val=0.4298 at epoch 107)

Training done. Best val acc: 0.4298 (epoch 107)

=================================================================
           RUNG_parametric_gamma — Schedule Parameters           
=================================================================
  γ₀ (gamma_0)          = 3.721191
  r  (decay_rate)       = 0.694805

  Layer           gamma          lam
  -----------------------------------
  0            3.721191     1.005727
  1            2.585502     0.698784
  2            1.796419     0.485519
  3            1.248160     0.337341
  4            0.867228     0.234386
  5            0.602554     0.162852
  6            0.418657     0.113151
  7            0.290885     0.078618
  8            0.202108     0.054624
  9            0.140426     0.037953
=================================================================

Acc: [0.4061470925807953]

Fit RUNG_parametric_gamma | lr=0.05, schedule_lr=0.01500, wd=0.0005, epochs=300
  gamma_reg_strength=0.0, patience=100, grad_clip=1.0
  Initial schedule: gamma_0=6.0000, decay_rate=0.8500, gammas=[6.000, 5.100, 4.335, 3.685, 3.132, 2.662, 2.263, 1.923, 1.635, 1.390]

  Epoch   50 | loss=1.0758 | val=0.4254 | γ₀=6.5602, r=0.8307 | gammas=[6.56, 5.45, 4.53, 3.76, 3.12, 2.59, 2.16, 1.79, 1.49, 1.24]

  Epoch  100 | loss=0.8734 | val=0.4167 | γ₀=3.1165, r=0.6352 | gammas=[3.12, 1.98, 1.26, 0.80, 0.51, 0.32, 0.20, 0.13, 0.08, 0.05]

  Epoch  150 | loss=0.5662 | val=0.3596 | γ₀=1.8070, r=0.4582 | gammas=[1.81, 0.83, 0.38, 0.17, 0.08, 0.04, 0.02, 0.01, 0.00, 0.00]

  Early stopping at epoch 187 (best val=0.4474 at epoch 86)

Training done. Best val acc: 0.4474 (epoch 86)

=================================================================
           RUNG_parametric_gamma — Schedule Parameters           
=================================================================
  γ₀ (gamma_0)          = 3.718452
  r  (decay_rate)       = 0.696385

  Layer           gamma          lam
  -----------------------------------
  0            3.718452     1.004987
  1            2.589475     0.699858
  2            1.803271     0.487371
  3            1.255771     0.339398
  4            0.874500     0.236351
  5            0.608989     0.164592
  6            0.424091     0.114619
  7            0.295330     0.079819
  8            0.205664     0.055585
  9            0.143221     0.038708
=================================================================

Acc: [0.4061470925807953, 0.3880351185798645]

Fit RUNG_parametric_gamma | lr=0.05, schedule_lr=0.01500, wd=0.0005, epochs=300
  gamma_reg_strength=0.0, patience=100, grad_clip=1.0
  Initial schedule: gamma_0=6.0000, decay_rate=0.8500, gammas=[6.000, 5.100, 4.335, 3.685, 3.132, 2.662, 2.263, 1.923, 1.635, 1.390]

  Epoch   50 | loss=1.1562 | val=0.3640 | γ₀=6.4719, r=0.8441 | gammas=[6.47, 5.46, 4.61, 3.89, 3.28, 2.77, 2.34, 1.98, 1.67, 1.41]

  Epoch  100 | loss=1.1049 | val=0.3377 | γ₀=4.7384, r=0.7787 | gammas=[4.74, 3.69, 2.87, 2.24, 1.74, 1.36, 1.06, 0.82, 0.64, 0.50]

  Epoch  150 | loss=0.9614 | val=0.4079 | γ₀=3.2864, r=0.6602 | gammas=[3.29, 2.17, 1.43, 0.95, 0.62, 0.41, 0.27, 0.18, 0.12, 0.08]

  Epoch  200 | loss=0.7515 | val=0.3728 | γ₀=2.3908, r=0.5533 | gammas=[2.39, 1.32, 0.73, 0.40, 0.22, 0.12, 0.07, 0.04, 0.02, 0.01]

  Early stopping at epoch 242 (best val=0.4386 at epoch 141)

Training done. Best val acc: 0.4386 (epoch 141)

=================================================================
           RUNG_parametric_gamma — Schedule Parameters           
=================================================================
  γ₀ (gamma_0)          = 3.329427
  r  (decay_rate)       = 0.665289

  Layer           gamma          lam
  -----------------------------------
  0            3.329427     0.899845
  1            2.215031     0.598657
  2            1.473636     0.398280
  3            0.980393     0.264971
  4            0.652245     0.176282
  5            0.433931     0.117279
  6            0.288690     0.078024
  7            0.192062     0.051909
  8            0.127777     0.034534
  9            0.085008     0.022975
=================================================================

Acc: [0.4061470925807953, 0.3880351185798645, 0.40120747685432434]

Fit RUNG_parametric_gamma | lr=0.05, schedule_lr=0.01500, wd=0.0005, epochs=300
  gamma_reg_strength=0.0, patience=100, grad_clip=1.0
  Initial schedule: gamma_0=6.0000, decay_rate=0.8500, gammas=[6.000, 5.100, 4.335, 3.685, 3.132, 2.662, 2.263, 1.923, 1.635, 1.390]

  Epoch   50 | loss=1.0818 | val=0.3816 | γ₀=6.9972, r=0.8174 | gammas=[7.00, 5.72, 4.67, 3.82, 3.12, 2.55, 2.09, 1.71, 1.39, 1.14]

  Epoch  100 | loss=0.8578 | val=0.3728 | γ₀=3.1468, r=0.6189 | gammas=[3.15, 1.95, 1.21, 0.75, 0.46, 0.29, 0.18, 0.11, 0.07, 0.04]

  Epoch  150 | loss=0.5950 | val=0.3114 | γ₀=2.2918, r=0.5025 | gammas=[2.29, 1.15, 0.58, 0.29, 0.15, 0.07, 0.04, 0.02, 0.01, 0.00]

  Early stopping at epoch 166 (best val=0.4254 at epoch 65)

Training done. Best val acc: 0.4254 (epoch 65)

=================================================================
           RUNG_parametric_gamma — Schedule Parameters           
=================================================================
  γ₀ (gamma_0)          = 5.566822
  r  (decay_rate)       = 0.768997

  Layer           gamma          lam
  -----------------------------------
  0            5.566822     1.504546
  1            4.280868     1.156991
  2            3.291973     0.889722
  3            2.531516     0.684193
  4            1.946728     0.526143
  5            1.497027     0.404602
  6            1.151209     0.311137
  7            0.885276     0.239264
  8            0.680774     0.183993
  9            0.523513     0.141490
=================================================================

Acc: [0.4061470925807953, 0.3880351185798645, 0.40120747685432434, 0.35784852504730225]

Fit RUNG_parametric_gamma | lr=0.05, schedule_lr=0.01500, wd=0.0005, epochs=300
  gamma_reg_strength=0.0, patience=100, grad_clip=1.0
  Initial schedule: gamma_0=6.0000, decay_rate=0.8500, gammas=[6.000, 5.100, 4.335, 3.685, 3.132, 2.662, 2.263, 1.923, 1.635, 1.390]

  Epoch   50 | loss=1.0549 | val=0.3860 | γ₀=4.5097, r=0.7606 | gammas=[4.51, 3.43, 2.61, 1.98, 1.51, 1.15, 0.87, 0.66, 0.50, 0.38]

  Epoch  100 | loss=0.6383 | val=0.3465 | γ₀=1.9146, r=0.5471 | gammas=[1.91, 1.05, 0.57, 0.31, 0.17, 0.09, 0.05, 0.03, 0.02, 0.01]

  Epoch  150 | loss=0.5245 | val=0.3684 | γ₀=1.4114, r=0.4733 | gammas=[1.41, 0.67, 0.32, 0.15, 0.07, 0.03, 0.02, 0.01, 0.00, 0.00]

  Early stopping at epoch 179 (best val=0.4167 at epoch 78)

Training done. Best val acc: 0.4167 (epoch 78)

=================================================================
           RUNG_parametric_gamma — Schedule Parameters           
=================================================================
  γ₀ (gamma_0)          = 2.597107
  r  (decay_rate)       = 0.624188

  Layer           gamma          lam
  -----------------------------------
  0            2.597107     0.701921
  1            1.621082     0.438130
  2            1.011859     0.273475
  3            0.631590     0.170700
  4            0.394231     0.106549
  5            0.246074     0.066506
  6            0.153596     0.041513
  7            0.095873     0.025912
  8            0.059843     0.016174
  9            0.037353     0.010095
=================================================================

Acc: [0.4061470925807953, 0.3880351185798645, 0.40120747685432434, 0.35784852504730225, 0.4149286448955536]
model RUNG_parametric_gamma done, clean acc: 0.39363337159156797±0.019896455099332033
