
Detected GPU: Tesla T4 with compute capability 7.5
Using GPU: Tesla T4


Fit RUNG_percentile_gamma | lr=0.05, wd=0.0005, epochs=300
  percentile_q=0.75, use_layerwise_q=False
  Parameters: 109381 (no gamma params)
  patience=100, grad_clip=1.0

  Epoch   50 | loss=0.6381 | val=0.4800 | gammas=[2.53, 2.22, 2.25, 2.11, 2.05, 2.06, 2.16, 2.18, 2.22, 2.19]

  Epoch  100 | loss=0.4787 | val=0.3600 | gammas=[3.19, 2.87, 2.78, 2.75, 2.78, 2.75, 2.78, 2.66, 2.65, 2.64]

  Early stopping at epoch 137 (best val=0.6400 at epoch 36)

Training done. Best val acc: 0.6400 (epoch 36)

======================================================
   RUNG_percentile_gamma — Gamma Values (last fwd)    
======================================================
  Layer      gamma        lam   q used
------------------------------------------------------
      0       2.2740     0.6146     0.75
      1       1.9752     0.5338     0.75
      2       1.9870     0.5370     0.75
      3       1.9884     0.5374     0.75
      4       2.0607     0.5569     0.75
      5       2.0045     0.5418     0.75
      6       1.8648     0.5040     0.75
      7       1.7821     0.4816     0.75
      8       1.9494     0.5269     0.75
      9       1.9476     0.5264     0.75
======================================================

Acc: [0.6119402647018433]

Fit RUNG_percentile_gamma | lr=0.05, wd=0.0005, epochs=300
  percentile_q=0.75, use_layerwise_q=False
  Parameters: 109381 (no gamma params)
  patience=100, grad_clip=1.0

  Epoch   50 | loss=0.6608 | val=0.5200 | gammas=[2.18, 1.81, 1.63, 1.66, 1.61, 1.60, 1.58, 1.57, 1.59, 1.58]

  Epoch  100 | loss=0.4502 | val=0.5200 | gammas=[2.66, 2.27, 2.22, 2.15, 2.14, 2.12, 2.10, 2.11, 2.12, 2.14]

  Early stopping at epoch 117 (best val=0.6000 at epoch 16)

Training done. Best val acc: 0.6000 (epoch 16)

======================================================
   RUNG_percentile_gamma — Gamma Values (last fwd)    
======================================================
  Layer      gamma        lam   q used
------------------------------------------------------
      0       1.1204     0.3028     0.75
      1       0.7073     0.1912     0.75
      2       0.5833     0.1577     0.75
      3       0.5522     0.1492     0.75
      4       0.5117     0.1383     0.75
      5       0.4867     0.1315     0.75
      6       0.4733     0.1279     0.75
      7       0.4665     0.1261     0.75
      8       0.4418     0.1194     0.75
      9       0.4441     0.1200     0.75
======================================================

Acc: [0.6119402647018433, 0.5522388219833374]

Fit RUNG_percentile_gamma | lr=0.05, wd=0.0005, epochs=300
  percentile_q=0.75, use_layerwise_q=False
  Parameters: 109381 (no gamma params)
  patience=100, grad_clip=1.0

  Epoch   50 | loss=0.7295 | val=0.4000 | gammas=[1.74, 1.46, 1.29, 1.30, 1.32, 1.31, 1.26, 1.22, 1.23, 1.20]

  Epoch  100 | loss=0.5777 | val=0.6000 | gammas=[2.32, 1.96, 1.85, 1.72, 1.71, 1.79, 1.78, 1.78, 1.76, 1.76]

  Early stopping at epoch 141 (best val=0.6800 at epoch 40)

Training done. Best val acc: 0.6800 (epoch 40)

======================================================
   RUNG_percentile_gamma — Gamma Values (last fwd)    
======================================================
  Layer      gamma        lam   q used
------------------------------------------------------
      0       1.8092     0.4890     0.75
      1       1.3900     0.3757     0.75
      2       1.2482     0.3374     0.75
      3       1.2248     0.3310     0.75
      4       1.1912     0.3220     0.75
      5       1.1947     0.3229     0.75
      6       1.1935     0.3226     0.75
      7       1.1952     0.3230     0.75
      8       1.1950     0.3230     0.75
      9       1.1962     0.3233     0.75
======================================================

Acc: [0.6119402647018433, 0.5522388219833374, 0.6318407654762268]

Fit RUNG_percentile_gamma | lr=0.05, wd=0.0005, epochs=300
  percentile_q=0.75, use_layerwise_q=False
  Parameters: 109381 (no gamma params)
  patience=100, grad_clip=1.0

  Epoch   50 | loss=0.8662 | val=0.5200 | gammas=[1.80, 1.39, 1.46, 1.36, 1.40, 1.37, 1.36, 1.35, 1.33, 1.33]

  Epoch  100 | loss=0.6387 | val=0.6800 | gammas=[2.54, 2.07, 2.11, 1.98, 1.98, 1.90, 1.87, 1.84, 1.87, 1.89]

  Epoch  150 | loss=0.4742 | val=0.6000 | gammas=[2.81, 2.45, 2.40, 2.31, 2.35, 2.34, 2.38, 2.40, 2.40, 2.38]

  Early stopping at epoch 163 (best val=0.6800 at epoch 62)

Training done. Best val acc: 0.6800 (epoch 62)

======================================================
   RUNG_percentile_gamma — Gamma Values (last fwd)    
======================================================
  Layer      gamma        lam   q used
------------------------------------------------------
      0       2.1261     0.5746     0.75
      1       1.7183     0.4644     0.75
      2       1.5044     0.4066     0.75
      3       1.5938     0.4308     0.75
      4       1.5282     0.4130     0.75
      5       1.4663     0.3963     0.75
      6       1.4223     0.3844     0.75
      7       1.4121     0.3816     0.75
      8       1.4332     0.3874     0.75
      9       1.4641     0.3957     0.75
======================================================

Acc: [0.6119402647018433, 0.5522388219833374, 0.6318407654762268, 0.6169154047966003]

Fit RUNG_percentile_gamma | lr=0.05, wd=0.0005, epochs=300
  percentile_q=0.75, use_layerwise_q=False
  Parameters: 109381 (no gamma params)
  patience=100, grad_clip=1.0

  Epoch   50 | loss=0.7974 | val=0.5600 | gammas=[1.82, 1.44, 1.42, 1.37, 1.32, 1.28, 1.26, 1.24, 1.22, 1.21]

  Epoch  100 | loss=0.5154 | val=0.4800 | gammas=[1.80, 1.48, 1.32, 1.29, 1.32, 1.32, 1.31, 1.29, 1.28, 1.27]

  Early stopping at epoch 135 (best val=0.6000 at epoch 34)

Training done. Best val acc: 0.6000 (epoch 34)

======================================================
   RUNG_percentile_gamma — Gamma Values (last fwd)    
======================================================
  Layer      gamma        lam   q used
------------------------------------------------------
      0       1.5855     0.4285     0.75
      1       1.2224     0.3304     0.75
      2       1.1877     0.3210     0.75
      3       1.1907     0.3218     0.75
      4       1.1790     0.3187     0.75
      5       1.1826     0.3196     0.75
      6       1.1710     0.3165     0.75
      7       1.1738     0.3172     0.75
      8       1.1687     0.3159     0.75
      9       1.1704     0.3163     0.75
======================================================

Acc: [0.6119402647018433, 0.5522388219833374, 0.6318407654762268, 0.6169154047966003, 0.5373134016990662]
model RUNG_percentile_gamma done, clean acc: 0.5900497317314148±0.0378371133298853
