
Detected GPU: Tesla T4 with compute capability 7.5
Using GPU: Tesla T4


Fit RUNG_combined_model | lr=0.05, schedule_lr=0.01500, wd=0.0005, epochs=300
  gamma_reg_strength=0.0, patience=100, grad_clip=1.0
  Initial schedule: gamma_0=6.0000, decay_rate=0.8500, alpha_blend=0.5000

  Epoch   50 | loss=0.8077 | val=0.4400 | γ₀=6.0731, r=0.8318, α=0.5025

  Epoch  100 | loss=0.8281 | val=0.4400 | γ₀=8.1812, r=0.8178, α=0.5736

  Epoch  150 | loss=0.6273 | val=0.4800 | γ₀=6.6351, r=0.7142, α=0.5229

  Early stopping at epoch 171 (best val=0.5600 at epoch 70)

Training done. Best val acc: 0.5600 (epoch 70)

=======================================================
              RUNG_combined_model — Stats              
=======================================================
  gamma_0:     7.0837
  decay_rate:  0.8258
  alpha_blend: 0.5397  (parametric dominant)
  percentile_q: 0.75
  parameters:  109384

  Layer     gamma
  ────────────────────
      0    3.0089
      1    1.8569
      2    1.1842
      3    0.7664
      4    0.5005
      5    0.3250
      6    0.2152
      7    0.1440
      8    0.0986
      9    0.0688
=======================================================

Acc: [0.4776119291782379]

Fit RUNG_combined_model | lr=0.05, schedule_lr=0.01500, wd=0.0005, epochs=300
  gamma_reg_strength=0.0, patience=100, grad_clip=1.0
  Initial schedule: gamma_0=6.0000, decay_rate=0.8500, alpha_blend=0.5000

  Epoch   50 | loss=0.8607 | val=0.4400 | γ₀=5.4059, r=0.7966, α=0.4724

  Epoch  100 | loss=0.8411 | val=0.4000 | γ₀=6.1575, r=0.5998, α=0.4997

  Early stopping at epoch 123 (best val=0.5200 at epoch 22)

Training done. Best val acc: 0.5200 (epoch 22)

=======================================================
              RUNG_combined_model — Stats              
=======================================================
  gamma_0:     6.0000
  decay_rate:  0.8500
  alpha_blend: 0.5000  (percentile dominant)
  percentile_q: 0.75
  parameters:  109384

  Layer     gamma
  ────────────────────
      0    2.9412
      1    1.4793
      2    0.7603
      3    0.3981
      4    0.2101
      5    0.1135
      6    0.0632
      7    0.0375
      8    0.0240
      9    0.0171
=======================================================

Acc: [0.4776119291782379, 0.5323383212089539]

Fit RUNG_combined_model | lr=0.05, schedule_lr=0.01500, wd=0.0005, epochs=300
  gamma_reg_strength=0.0, patience=100, grad_clip=1.0
  Initial schedule: gamma_0=6.0000, decay_rate=0.8500, alpha_blend=0.5000

  Epoch   50 | loss=1.1392 | val=0.4800 | γ₀=4.9981, r=0.8275, α=0.4544

  Epoch  100 | loss=1.0962 | val=0.4000 | γ₀=4.2813, r=0.7415, α=0.4137

  Early stopping at epoch 111 (best val=0.5200 at epoch 10)

Training done. Best val acc: 0.5200 (epoch 10)

=======================================================
              RUNG_combined_model — Stats              
=======================================================
  gamma_0:     6.0000
  decay_rate:  0.8500
  alpha_blend: 0.5000  (percentile dominant)
  percentile_q: 0.75
  parameters:  109384

  Layer     gamma
  ────────────────────
      0    1.8176
      1    1.2058
      2    0.8531
      3    0.6119
      4    0.4387
      5    0.3172
      6    0.2271
      7    0.1640
      8    0.1192
      9    0.0863
=======================================================

Acc: [0.4776119291782379, 0.5323383212089539, 0.4726368188858032]

Fit RUNG_combined_model | lr=0.05, schedule_lr=0.01500, wd=0.0005, epochs=300
  gamma_reg_strength=0.0, patience=100, grad_clip=1.0
  Initial schedule: gamma_0=6.0000, decay_rate=0.8500, alpha_blend=0.5000

  Epoch   50 | loss=1.2265 | val=0.4400 | γ₀=5.7024, r=0.8435, α=0.4873

  Epoch  100 | loss=0.9668 | val=0.4000 | γ₀=4.6856, r=0.7797, α=0.4320

  Early stopping at epoch 138 (best val=0.5600 at epoch 37)

Training done. Best val acc: 0.5600 (epoch 37)

=======================================================
              RUNG_combined_model — Stats              
=======================================================
  gamma_0:     6.0000
  decay_rate:  0.8500
  alpha_blend: 0.5000  (percentile dominant)
  percentile_q: 0.75
  parameters:  109384

  Layer     gamma
  ────────────────────
      0    1.9960
      1    1.3154
      2    0.8916
      3    0.6130
      4    0.4230
      5    0.2919
      6    0.2045
      7    0.1433
      8    0.1015
      9    0.0729
=======================================================

Acc: [0.4776119291782379, 0.5323383212089539, 0.4726368188858032, 0.5124378204345703]

Fit RUNG_combined_model | lr=0.05, schedule_lr=0.01500, wd=0.0005, epochs=300
  gamma_reg_strength=0.0, patience=100, grad_clip=1.0
  Initial schedule: gamma_0=6.0000, decay_rate=0.8500, alpha_blend=0.5000

  Epoch   50 | loss=1.2157 | val=0.3600 | γ₀=6.0000, r=0.8500, α=0.5000

  Epoch  100 | loss=0.8735 | val=0.3600 | γ₀=6.4624, r=0.7487, α=0.5124

  Early stopping at epoch 102 (best val=0.4800 at epoch 1)

Training done. Best val acc: 0.4800 (epoch 1)

=======================================================
              RUNG_combined_model — Stats              
=======================================================
  gamma_0:     6.0000
  decay_rate:  0.8500
  alpha_blend: 0.5000  (percentile dominant)
  percentile_q: 0.75
  parameters:  109384

  Layer     gamma
  ────────────────────
      0    3.4945
      1    2.4845
      2    1.8353
      3    1.3565
      4    1.0064
      5    0.7465
      6    0.5546
      7    0.4119
      8    0.3068
      9    0.2282
=======================================================

Acc: [0.4776119291782379, 0.5323383212089539, 0.4726368188858032, 0.5124378204345703, 0.46766167879104614]
model RUNG_combined_model done, clean acc: 0.4925373136997223±0.025368265120486153
