
Detected GPU: Tesla T4 with compute capability 7.5
Using GPU: Tesla T4


Fit RUNG_learnable_distance
  distance_mode=cosine
  lr=0.05, dist_lr_factor=0.5, wd=0.0005
  percentile_q=0.75
  Parameters: 109381
    MLP: 109381
    Distance: 0
  patience=100, grad_clip=1.0
  Epoch   50 | loss=0.6510 | val_acc=0.6000 | gammas=[0.82, 0.63, 0.50, 0.49, 0.47, 0.49, 0.46, 0.49, 0.46, 0.49]
    Layer 0: y_mean=0.538, y_std=0.472, y_max=1.614
    Layer K: y_mean=0.472, y_std=0.436, y_max=1.558
  Epoch  100 | loss=0.6034 | val_acc=0.6000 | gammas=[0.84, 0.71, 0.74, 0.76, 0.74, 0.77, 0.76, 0.77, 0.77, 0.79]
    Layer 0: y_mean=0.567, y_std=0.512, y_max=1.893
    Layer K: y_mean=0.549, y_std=0.540, y_max=1.833
  Epoch  150 | loss=0.7088 | val_acc=0.5600 | gammas=[0.80, 0.59, 0.63, 0.66, 0.66, 0.66, 0.66, 0.65, 0.66, 0.67]
    Layer 0: y_mean=0.582, y_std=0.512, y_max=1.875
    Layer K: y_mean=0.562, y_std=0.536, y_max=1.813

  Early stopping at epoch 154 (best val=0.6800 at epoch 53)

Training done. Best val acc: 0.6800 (epoch 53)

======================================================================
         RUNG_learnable_distance — Statistics (last fwd pass)         
======================================================================
  distance_mode: cosine
  percentile_q:  0.75
  distance_params: 0

   Layer      gamma     y_mean      y_std      y_max
  ────────────────────────────────────────────────────────────
       0     0.6691     0.4663     0.4308     1.6150
       1     0.4406     0.3641     0.3670     1.4584
       2     0.4425     0.3865     0.3941     1.4584
       3     0.4901     0.3894     0.3987     1.4584
       4     0.5095     0.3948     0.4057     1.4584
       5     0.5113     0.3942     0.4059     1.4584
       6     0.5217     0.3962     0.4084     1.4584
       7     0.5396     0.3951     0.4081     1.4584
       8     0.5240     0.3968     0.4102     1.4584
       9     0.5384     0.3954     0.4097     1.4584
======================================================================

Acc: [0.5970149040222168]

Fit RUNG_learnable_distance
  distance_mode=cosine
  lr=0.05, dist_lr_factor=0.5, wd=0.0005
  percentile_q=0.75
  Parameters: 109381
    MLP: 109381
    Distance: 0
  patience=100, grad_clip=1.0
  Epoch   50 | loss=0.6424 | val_acc=0.5200 | gammas=[0.21, 0.11, 0.11, 0.11, 0.10, 0.10, 0.10, 0.10, 0.10, 0.10]
    Layer 0: y_mean=0.234, y_std=0.293, y_max=1.851
    Layer K: y_mean=0.199, y_std=0.281, y_max=1.842
  Epoch  100 | loss=0.7796 | val_acc=0.5200 | gammas=[0.27, 0.14, 0.12, 0.14, 0.12, 0.12, 0.12, 0.12, 0.11, 0.12]
    Layer 0: y_mean=0.248, y_std=0.286, y_max=1.803
    Layer K: y_mean=0.211, y_std=0.283, y_max=1.774

  Early stopping at epoch 130 (best val=0.6000 at epoch 29)

Training done. Best val acc: 0.6000 (epoch 29)

======================================================================
         RUNG_learnable_distance — Statistics (last fwd pass)         
======================================================================
  distance_mode: cosine
  percentile_q:  0.75
  distance_params: 0

   Layer      gamma     y_mean      y_std      y_max
  ────────────────────────────────────────────────────────────
       0     0.1595     0.1688     0.2172     1.6735
       1     0.0666     0.1406     0.2018     1.6717
       2     0.0571     0.1348     0.2008     1.6699
       3     0.0591     0.1347     0.2010     1.6681
       4     0.0595     0.1348     0.2014     1.6637
       5     0.0596     0.1346     0.2013     1.6637
       6     0.0596     0.1347     0.2014     1.6625
       7     0.0600     0.1347     0.2015     1.6625
       8     0.0598     0.1346     0.2013     1.6621
       9     0.0601     0.1345     0.2013     1.6621
======================================================================

Acc: [0.5970149040222168, 0.6169154047966003]

Fit RUNG_learnable_distance
  distance_mode=cosine
  lr=0.05, dist_lr_factor=0.5, wd=0.0005
  percentile_q=0.75
  Parameters: 109381
    MLP: 109381
    Distance: 0
  patience=100, grad_clip=1.0
  Epoch   50 | loss=1.1222 | val_acc=0.6000 | gammas=[0.31, 0.21, 0.19, 0.19, 0.17, 0.17, 0.15, 0.16, 0.16, 0.16]
    Layer 0: y_mean=0.345, y_std=0.347, y_max=1.771
    Layer K: y_mean=0.364, y_std=0.379, y_max=1.405
  Epoch  100 | loss=0.7756 | val_acc=0.4400 | gammas=[0.25, 0.11, 0.13, 0.12, 0.12, 0.12, 0.12, 0.12, 0.12, 0.12]
    Layer 0: y_mean=0.289, y_std=0.383, y_max=1.912
    Layer K: y_mean=0.271, y_std=0.418, y_max=1.908

  Early stopping at epoch 115 (best val=0.6800 at epoch 14)

Training done. Best val acc: 0.6800 (epoch 14)

======================================================================
         RUNG_learnable_distance — Statistics (last fwd pass)         
======================================================================
  distance_mode: cosine
  percentile_q:  0.75
  distance_params: 0

   Layer      gamma     y_mean      y_std      y_max
  ────────────────────────────────────────────────────────────
       0     0.0047     0.0051     0.0067     0.0832
       1     0.0022     0.0035     0.0053     0.0832
       2     0.0021     0.0035     0.0054     0.0832
       3     0.0021     0.0034     0.0052     0.0832
       4     0.0021     0.0034     0.0053     0.0832
       5     0.0021     0.0034     0.0052     0.0832
       6     0.0021     0.0034     0.0053     0.0832
       7     0.0021     0.0034     0.0052     0.0832
       8     0.0021     0.0034     0.0053     0.0832
       9     0.0021     0.0033     0.0052     0.0832
======================================================================

Acc: [0.5970149040222168, 0.6169154047966003, 0.5870646834373474]

Fit RUNG_learnable_distance
  distance_mode=cosine
  lr=0.05, dist_lr_factor=0.5, wd=0.0005
  percentile_q=0.75
  Parameters: 109381
    MLP: 109381
    Distance: 0
  patience=100, grad_clip=1.0
  Epoch   50 | loss=0.9266 | val_acc=0.5600 | gammas=[0.40, 0.24, 0.22, 0.22, 0.22, 0.21, 0.23, 0.23, 0.23, 0.23]
    Layer 0: y_mean=0.291, y_std=0.304, y_max=1.553
    Layer K: y_mean=0.221, y_std=0.251, y_max=1.430
  Epoch  100 | loss=0.7381 | val_acc=0.4800 | gammas=[0.38, 0.20, 0.17, 0.17, 0.16, 0.17, 0.15, 0.17, 0.16, 0.17]
    Layer 0: y_mean=0.264, y_std=0.242, y_max=1.830
    Layer K: y_mean=0.219, y_std=0.228, y_max=1.764

  Early stopping at epoch 135 (best val=0.6400 at epoch 34)

Training done. Best val acc: 0.6400 (epoch 34)

======================================================================
         RUNG_learnable_distance — Statistics (last fwd pass)         
======================================================================
  distance_mode: cosine
  percentile_q:  0.75
  distance_params: 0

   Layer      gamma     y_mean      y_std      y_max
  ────────────────────────────────────────────────────────────
       0     0.2676     0.2147     0.2383     1.1003
       1     0.1148     0.1505     0.1754     1.1003
       2     0.1028     0.1483     0.1768     1.1003
       3     0.0940     0.1473     0.1756     1.1003
       4     0.0949     0.1458     0.1746     1.1003
       5     0.0941     0.1460     0.1749     1.1003
       6     0.0959     0.1454     0.1743     1.1003
       7     0.0943     0.1455     0.1745     1.1003
       8     0.0974     0.1451     0.1741     1.1003
       9     0.0942     0.1451     0.1743     1.1003
======================================================================

Acc: [0.5970149040222168, 0.6169154047966003, 0.5870646834373474, 0.6467661261558533]

Fit RUNG_learnable_distance
  distance_mode=cosine
  lr=0.05, dist_lr_factor=0.5, wd=0.0005
  percentile_q=0.75
  Parameters: 109381
    MLP: 109381
    Distance: 0
  patience=100, grad_clip=1.0
  Epoch   50 | loss=0.9917 | val_acc=0.6000 | gammas=[0.42, 0.25, 0.16, 0.17, 0.14, 0.15, 0.14, 0.15, 0.14, 0.15]
    Layer 0: y_mean=0.257, y_std=0.264, y_max=1.086
    Layer K: y_mean=0.210, y_std=0.227, y_max=1.015
  Epoch  100 | loss=1.2778 | val_acc=0.5200 | gammas=[0.44, 0.27, 0.15, 0.15, 0.13, 0.13, 0.14, 0.13, 0.14, 0.13]
    Layer 0: y_mean=0.283, y_std=0.340, y_max=1.979
    Layer K: y_mean=0.215, y_std=0.331, y_max=1.944

  Early stopping at epoch 132 (best val=0.6400 at epoch 31)

Training done. Best val acc: 0.6400 (epoch 31)

======================================================================
         RUNG_learnable_distance — Statistics (last fwd pass)         
======================================================================
  distance_mode: cosine
  percentile_q:  0.75
  distance_params: 0

   Layer      gamma     y_mean      y_std      y_max
  ────────────────────────────────────────────────────────────
       0     0.2010     0.1340     0.1509     0.7034
       1     0.0880     0.1124     0.1396     0.6325
       2     0.0735     0.1148     0.1454     0.6217
       3     0.0701     0.1149     0.1458     0.6214
       4     0.0748     0.1147     0.1457     0.5969
       5     0.0673     0.1148     0.1458     0.5964
       6     0.0766     0.1148     0.1459     0.5963
       7     0.0707     0.1149     0.1460     0.5960
       8     0.0744     0.1149     0.1460     0.5958
       9     0.0734     0.1149     0.1461     0.5955
======================================================================

Acc: [0.5970149040222168, 0.6169154047966003, 0.5870646834373474, 0.6467661261558533, 0.5124378204345703]
model RUNG_learnable_distance done, clean acc: 0.5920397877693176±0.04472078953706357
