
Detected GPU: Tesla T4 with compute capability 7.5
Using GPU: Tesla T4


Fit RUNG_parametric_gamma | lr=0.05, schedule_lr=0.01500, wd=0.0005, epochs=300
  gamma_reg_strength=0.0, patience=100, grad_clip=1.0
  Initial schedule: gamma_0=6.0000, decay_rate=0.8500, gammas=[6.000, 5.100, 4.335, 3.685, 3.132, 2.662, 2.263, 1.923, 1.635, 1.390]

  Epoch   50 | loss=0.7148 | val=0.5200 | γ₀=6.5230, r=0.7841 | gammas=[6.52, 5.11, 4.01, 3.14, 2.47, 1.93, 1.52, 1.19, 0.93, 0.73]

  Epoch  100 | loss=0.1712 | val=0.4800 | γ₀=3.5812, r=0.6743 | gammas=[3.58, 2.41, 1.63, 1.10, 0.74, 0.50, 0.34, 0.23, 0.15, 0.10]

  Epoch  150 | loss=0.1650 | val=0.7600 | γ₀=2.5402, r=0.6087 | gammas=[2.54, 1.55, 0.94, 0.57, 0.35, 0.21, 0.13, 0.08, 0.05, 0.03]

  Epoch  200 | loss=0.1428 | val=0.6800 | γ₀=2.1788, r=0.5828 | gammas=[2.18, 1.27, 0.74, 0.43, 0.25, 0.15, 0.09, 0.05, 0.03, 0.02]

  Early stopping at epoch 240 (best val=0.7600 at epoch 139)

Training done. Best val acc: 0.7600 (epoch 139)

=================================================================
           RUNG_parametric_gamma — Schedule Parameters           
=================================================================
  γ₀ (gamma_0)          = 2.624696
  r  (decay_rate)       = 0.615175

  Layer           gamma          lam
  -----------------------------------
  0            2.624696     0.709377
  1            1.614648     0.436391
  2            0.993292     0.268457
  3            0.611049     0.165148
  4            0.375902     0.101595
  5            0.231246     0.062499
  6            0.142257     0.038448
  7            0.087513     0.023652
  8            0.053836     0.014550
  9            0.033118     0.008951
=================================================================

Acc: [0.7064676284790039]

Fit RUNG_parametric_gamma | lr=0.05, schedule_lr=0.01500, wd=0.0005, epochs=300
  gamma_reg_strength=0.0, patience=100, grad_clip=1.0
  Initial schedule: gamma_0=6.0000, decay_rate=0.8500, gammas=[6.000, 5.100, 4.335, 3.685, 3.132, 2.662, 2.263, 1.923, 1.635, 1.390]

  Epoch   50 | loss=0.6677 | val=0.4400 | γ₀=5.1292, r=0.7519 | gammas=[5.13, 3.86, 2.90, 2.18, 1.64, 1.23, 0.93, 0.70, 0.52, 0.39]

  Epoch  100 | loss=0.1689 | val=0.6800 | γ₀=2.3900, r=0.5693 | gammas=[2.39, 1.36, 0.77, 0.44, 0.25, 0.14, 0.08, 0.05, 0.03, 0.02]

  Epoch  150 | loss=0.0777 | val=0.6800 | γ₀=1.9767, r=0.5434 | gammas=[1.98, 1.07, 0.58, 0.32, 0.17, 0.09, 0.05, 0.03, 0.02, 0.01]

  Early stopping at epoch 197 (best val=0.7200 at epoch 96)

Training done. Best val acc: 0.7200 (epoch 96)

=================================================================
           RUNG_parametric_gamma — Schedule Parameters           
=================================================================
  γ₀ (gamma_0)          = 2.467168
  r  (decay_rate)       = 0.578916

  Layer           gamma          lam
  -----------------------------------
  0            2.467168     0.666802
  1            1.428283     0.386022
  2            0.826856     0.223475
  3            0.478680     0.129373
  4            0.277116     0.074896
  5            0.160427     0.043359
  6            0.092874     0.025101
  7            0.053766     0.014531
  8            0.031126     0.008412
  9            0.018019     0.004870
=================================================================

Acc: [0.7064676284790039, 0.746268630027771]

Fit RUNG_parametric_gamma | lr=0.05, schedule_lr=0.01500, wd=0.0005, epochs=300
  gamma_reg_strength=0.0, patience=100, grad_clip=1.0
  Initial schedule: gamma_0=6.0000, decay_rate=0.8500, gammas=[6.000, 5.100, 4.335, 3.685, 3.132, 2.662, 2.263, 1.923, 1.635, 1.390]

  Epoch   50 | loss=1.1603 | val=0.5600 | γ₀=3.6762, r=0.7574 | gammas=[3.68, 2.78, 2.11, 1.60, 1.21, 0.92, 0.69, 0.53, 0.40, 0.30]

  Epoch  100 | loss=0.1511 | val=0.7200 | γ₀=2.0035, r=0.5637 | gammas=[2.00, 1.13, 0.64, 0.36, 0.20, 0.11, 0.06, 0.04, 0.02, 0.01]

  Epoch  150 | loss=0.1632 | val=0.7200 | γ₀=1.5815, r=0.5267 | gammas=[1.58, 0.83, 0.44, 0.23, 0.12, 0.06, 0.03, 0.02, 0.01, 0.00]

  Epoch  200 | loss=0.2350 | val=0.7200 | γ₀=1.5394, r=0.5235 | gammas=[1.54, 0.81, 0.42, 0.22, 0.12, 0.06, 0.03, 0.02, 0.01, 0.00]

  Early stopping at epoch 209 (best val=0.8000 at epoch 108)

Training done. Best val acc: 0.8000 (epoch 108)

=================================================================
           RUNG_parametric_gamma — Schedule Parameters           
=================================================================
  γ₀ (gamma_0)          = 1.891736
  r  (decay_rate)       = 0.552632

  Layer           gamma          lam
  -----------------------------------
  0            1.891736     0.511280
  1            1.045434     0.282550
  2            0.577740     0.156146
  3            0.319277     0.086291
  4            0.176443     0.047687
  5            0.097508     0.026353
  6            0.053886     0.014564
  7            0.029779     0.008048
  8            0.016457     0.004448
  9            0.009095     0.002458
=================================================================

Acc: [0.7064676284790039, 0.746268630027771, 0.7263681292533875]

Fit RUNG_parametric_gamma | lr=0.05, schedule_lr=0.01500, wd=0.0005, epochs=300
  gamma_reg_strength=0.0, patience=100, grad_clip=1.0
  Initial schedule: gamma_0=6.0000, decay_rate=0.8500, gammas=[6.000, 5.100, 4.335, 3.685, 3.132, 2.662, 2.263, 1.923, 1.635, 1.390]

  Epoch   50 | loss=0.9820 | val=0.6000 | γ₀=4.3250, r=0.7451 | gammas=[4.33, 3.22, 2.40, 1.79, 1.33, 0.99, 0.74, 0.55, 0.41, 0.31]

  Epoch  100 | loss=0.1658 | val=0.7200 | γ₀=1.9449, r=0.5802 | gammas=[1.94, 1.13, 0.65, 0.38, 0.22, 0.13, 0.07, 0.04, 0.02, 0.01]

  Epoch  150 | loss=0.1300 | val=0.7200 | γ₀=1.7151, r=0.5685 | gammas=[1.72, 0.98, 0.55, 0.32, 0.18, 0.10, 0.06, 0.03, 0.02, 0.01]

  Epoch  200 | loss=0.2106 | val=0.8000 | γ₀=1.5736, r=0.5616 | gammas=[1.57, 0.88, 0.50, 0.28, 0.16, 0.09, 0.05, 0.03, 0.02, 0.01]

  Epoch  250 | loss=0.1246 | val=0.7200 | γ₀=1.4900, r=0.5537 | gammas=[1.49, 0.83, 0.46, 0.25, 0.14, 0.08, 0.04, 0.02, 0.01, 0.01]

  Epoch  300 | loss=0.0558 | val=0.7200 | γ₀=1.4824, r=0.5526 | gammas=[1.48, 0.82, 0.45, 0.25, 0.14, 0.08, 0.04, 0.02, 0.01, 0.01]

Training done. Best val acc: 0.8800 (epoch 256)

=================================================================
           RUNG_parametric_gamma — Schedule Parameters           
=================================================================
  γ₀ (gamma_0)          = 1.486093
  r  (decay_rate)       = 0.553492

  Layer           gamma          lam
  -----------------------------------
  0            1.486093     0.401647
  1            0.822540     0.222308
  2            0.455269     0.123046
  3            0.251988     0.068105
  4            0.139473     0.037695
  5            0.077197     0.020864
  6            0.042728     0.011548
  7            0.023650     0.006392
  8            0.013090     0.003538
  9            0.007245     0.001958
=================================================================

Acc: [0.7064676284790039, 0.746268630027771, 0.7263681292533875, 0.7263681292533875]

Fit RUNG_parametric_gamma | lr=0.05, schedule_lr=0.01500, wd=0.0005, epochs=300
  gamma_reg_strength=0.0, patience=100, grad_clip=1.0
  Initial schedule: gamma_0=6.0000, decay_rate=0.8500, gammas=[6.000, 5.100, 4.335, 3.685, 3.132, 2.662, 2.263, 1.923, 1.635, 1.390]

  Epoch   50 | loss=1.0511 | val=0.5200 | γ₀=4.8973, r=0.7799 | gammas=[4.90, 3.82, 2.98, 2.32, 1.81, 1.41, 1.10, 0.86, 0.67, 0.52]

  Epoch  100 | loss=0.2730 | val=0.6000 | γ₀=2.3864, r=0.6281 | gammas=[2.39, 1.50, 0.94, 0.59, 0.37, 0.23, 0.15, 0.09, 0.06, 0.04]

  Epoch  150 | loss=0.1943 | val=0.7200 | γ₀=1.7704, r=0.5568 | gammas=[1.77, 0.99, 0.55, 0.31, 0.17, 0.09, 0.05, 0.03, 0.02, 0.01]

  Epoch  200 | loss=0.1982 | val=0.7200 | γ₀=1.7993, r=0.5574 | gammas=[1.80, 1.00, 0.56, 0.31, 0.17, 0.10, 0.05, 0.03, 0.02, 0.01]

  Early stopping at epoch 222 (best val=0.7600 at epoch 121)

Training done. Best val acc: 0.7600 (epoch 121)

=================================================================
           RUNG_parametric_gamma — Schedule Parameters           
=================================================================
  γ₀ (gamma_0)          = 1.823327
  r  (decay_rate)       = 0.565754

  Layer           gamma          lam
  -----------------------------------
  0            1.823327     0.492791
  1            1.031554     0.278798
  2            0.583605     0.157731
  3            0.330177     0.089237
  4            0.186799     0.050486
  5            0.105682     0.028563
  6            0.059790     0.016159
  7            0.033826     0.009142
  8            0.019137     0.005172
  9            0.010827     0.002926
=================================================================

Acc: [0.7064676284790039, 0.746268630027771, 0.7263681292533875, 0.7263681292533875, 0.6169154047966003]
model RUNG_parametric_gamma done, clean acc: 0.70447758436203±0.045554316974252114
