
Detected GPU: Tesla T4 with compute capability 7.5
Using GPU: Tesla T4

[get_dataset] Downloading heterophilic dataset 'wisconsin' via torch_geometric ...
  Nodes: 251, Edges: 450, Features: 1703, Classes: 5, Homophily: 0.1778
  Cached to /kaggle/working/RUNG_ML_Project/train_eval_data/../data/heter_data/wisconsin
tensor(0.4800, device='cuda:0')
tensor(0.4800, device='cuda:0')
tensor(0.5200, device='cuda:0')
tensor(0.4400, device='cuda:0')
tensor(0.5200, device='cuda:0')
tensor(0.5600, device='cuda:0')
tensor(0.5600, device='cuda:0')
tensor(0.5600, device='cuda:0')
tensor(0.5600, device='cuda:0')
tensor(0.5600, device='cuda:0')
tensor(0.5600, device='cuda:0')
tensor(0.5600, device='cuda:0')
tensor(0.5600, device='cuda:0')
tensor(0.5600, device='cuda:0')
tensor(0.6000, device='cuda:0')
tensor(0.5200, device='cuda:0')
tensor(0.5600, device='cuda:0')
tensor(0.5600, device='cuda:0')
tensor(0.5600, device='cuda:0')
tensor(0.6000, device='cuda:0')
tensor(0.5200, device='cuda:0')
tensor(0.5600, device='cuda:0')
tensor(0.6000, device='cuda:0')
tensor(0.5600, device='cuda:0')
tensor(0.5600, device='cuda:0')
tensor(0.4800, device='cuda:0')
tensor(0.6000, device='cuda:0')
tensor(0.6000, device='cuda:0')
tensor(0.5600, device='cuda:0')
tensor(0.5200, device='cuda:0')
Acc: [0.6169154047966003]
tensor(0.4800, device='cuda:0')
tensor(0.4800, device='cuda:0')
tensor(0.5200, device='cuda:0')
tensor(0.4400, device='cuda:0')
tensor(0.4800, device='cuda:0')
tensor(0.5600, device='cuda:0')
tensor(0.5200, device='cuda:0')
tensor(0.6000, device='cuda:0')
tensor(0.5200, device='cuda:0')
tensor(0.5200, device='cuda:0')
tensor(0.5200, device='cuda:0')
tensor(0.4400, device='cuda:0')
tensor(0.5200, device='cuda:0')
tensor(0.4800, device='cuda:0')
tensor(0.5200, device='cuda:0')
tensor(0.6000, device='cuda:0')
tensor(0.5200, device='cuda:0')
tensor(0.5200, device='cuda:0')
tensor(0.4800, device='cuda:0')
tensor(0.5200, device='cuda:0')
tensor(0.4800, device='cuda:0')
tensor(0.6000, device='cuda:0')
tensor(0.4800, device='cuda:0')
tensor(0.5200, device='cuda:0')
tensor(0.5200, device='cuda:0')
tensor(0.5600, device='cuda:0')
tensor(0.4400, device='cuda:0')
tensor(0.4800, device='cuda:0')
tensor(0.4800, device='cuda:0')
tensor(0.5200, device='cuda:0')
Acc: [0.6169154047966003, 0.5920397639274597]
tensor(0.4800, device='cuda:0')
tensor(0.2800, device='cuda:0')
tensor(0.3200, device='cuda:0')
tensor(0.3200, device='cuda:0')
tensor(0.5600, device='cuda:0')
tensor(0.3600, device='cuda:0')
tensor(0.5200, device='cuda:0')
tensor(0.5200, device='cuda:0')
tensor(0.5600, device='cuda:0')
tensor(0.3200, device='cuda:0')
tensor(0.3600, device='cuda:0')
tensor(0.2800, device='cuda:0')
tensor(0.3600, device='cuda:0')
tensor(0.2800, device='cuda:0')
tensor(0.3600, device='cuda:0')
tensor(0.4800, device='cuda:0')
tensor(0.4800, device='cuda:0')
tensor(0.5600, device='cuda:0')
tensor(0.4800, device='cuda:0')
tensor(0.4800, device='cuda:0')
tensor(0.6000, device='cuda:0')
tensor(0.4800, device='cuda:0')
tensor(0.2800, device='cuda:0')
tensor(0.4000, device='cuda:0')
tensor(0.4400, device='cuda:0')
tensor(0.2800, device='cuda:0')
tensor(0.4800, device='cuda:0')
tensor(0.5200, device='cuda:0')
tensor(0.6000, device='cuda:0')
tensor(0.4800, device='cuda:0')
Acc: [0.6169154047966003, 0.5920397639274597, 0.4029850661754608]
tensor(0.4800, device='cuda:0')
tensor(0.4800, device='cuda:0')
tensor(0.4800, device='cuda:0')
tensor(0.4800, device='cuda:0')
tensor(0.6400, device='cuda:0')
tensor(0.6400, device='cuda:0')
tensor(0.6000, device='cuda:0')
tensor(0.6400, device='cuda:0')
tensor(0.6400, device='cuda:0')
tensor(0.6800, device='cuda:0')
tensor(0.6800, device='cuda:0')
tensor(0.6000, device='cuda:0')
tensor(0.6400, device='cuda:0')
tensor(0.4400, device='cuda:0')
tensor(0.6800, device='cuda:0')
tensor(0.6000, device='cuda:0')
tensor(0.6400, device='cuda:0')
tensor(0.6400, device='cuda:0')
tensor(0.6400, device='cuda:0')
tensor(0.6800, device='cuda:0')
tensor(0.6400, device='cuda:0')
tensor(0.6000, device='cuda:0')
tensor(0.6400, device='cuda:0')
tensor(0.5600, device='cuda:0')
tensor(0.6400, device='cuda:0')
tensor(0.6400, device='cuda:0')
tensor(0.6800, device='cuda:0')
tensor(0.6400, device='cuda:0')
tensor(0.6000, device='cuda:0')
tensor(0.5200, device='cuda:0')
Acc: [0.6169154047966003, 0.5920397639274597, 0.4029850661754608, 0.5373134016990662]
tensor(0.4800, device='cuda:0')
tensor(0.5200, device='cuda:0')
tensor(0.4000, device='cuda:0')
tensor(0.4000, device='cuda:0')
tensor(0.5600, device='cuda:0')
tensor(0.4400, device='cuda:0')
tensor(0.5600, device='cuda:0')
tensor(0.6000, device='cuda:0')
tensor(0.5600, device='cuda:0')
tensor(0.4400, device='cuda:0')
tensor(0.5200, device='cuda:0')
tensor(0.6000, device='cuda:0')
tensor(0.5600, device='cuda:0')
tensor(0.5600, device='cuda:0')
tensor(0.6000, device='cuda:0')
tensor(0.6000, device='cuda:0')
tensor(0.5600, device='cuda:0')
tensor(0.6000, device='cuda:0')
tensor(0.6000, device='cuda:0')
tensor(0.6400, device='cuda:0')
tensor(0.5600, device='cuda:0')
tensor(0.4400, device='cuda:0')
tensor(0.6000, device='cuda:0')
tensor(0.5600, device='cuda:0')
tensor(0.4000, device='cuda:0')
tensor(0.6000, device='cuda:0')
tensor(0.4400, device='cuda:0')
tensor(0.5600, device='cuda:0')
tensor(0.5600, device='cuda:0')
tensor(0.4400, device='cuda:0')
Acc: [0.6169154047966003, 0.5920397639274597, 0.4029850661754608, 0.5373134016990662, 0.5074626803398132]
model RUNG done, clean acc: 0.53134326338768±0.0749511949908977
