
Fit RUNG_confidence_lambda | lr=0.05, gamma_lr=0.01000, alpha_lr=0.00500, wd=0.0005, epochs=300
  mode=protect_uncertain, normalize=True, warmup_epochs=200
  gamma_reg=0.0, alpha_reg=0.001, patience=100, grad_clip=1.0
  Initial gammas: ['6.000', '6.000', '6.000', '6.000', '6.000', '6.000', '6.000', '6.000', '6.000', '6.000']
  Initial alpha:  1.0000

Phase 1: MLP warmup for 200 epochs (gamma + alpha frozen)

  Epoch   50 | loss=0.1041 | val=0.6114 | α=1.000 | λ_std=0.1818 | λ-conf_corr=-1.000 | gammas=[6.00, 6.00, 6.00, 6.00, 6.00, 6.00, 6.00, 6.00, 6.00, 6.00]

  Epoch  100 | loss=0.1341 | val=0.6351 | α=1.000 | λ_std=0.1824 | λ-conf_corr=-1.000 | gammas=[6.00, 6.00, 6.00, 6.00, 6.00, 6.00, 6.00, 6.00, 6.00, 6.00]

  Early stopping at epoch 106 (best val=0.7062 at epoch 5)

Training done. Best val acc: 0.7062 (epoch 5)

==========================================================
       RUNG_confidence_lambda — Gamma + Alpha Stats       
==========================================================
  confidence_mode:  protect_uncertain
  normalize_lambda: True
  alpha:            1.0000
  lambda_base:      0.1111

    Layer       lam   gamma(=a*lam)    log_lam
  ------------------------------------------------
        0      1.6216            6.0000       0.4834
        1      1.6216            6.0000       0.4834
        2      1.6216            6.0000       0.4834
        3      1.6216            6.0000       0.4834
        4      1.6216            6.0000       0.4834
        5      1.6216            6.0000       0.4834
        6      1.6216            6.0000       0.4834
        7      1.6216            6.0000       0.4834
        8      1.6216            6.0000       0.4834
        9      1.6216            6.0000       0.4834
==========================================================

Acc: [0.7411137819290161]

Fit RUNG_confidence_lambda | lr=0.05, gamma_lr=0.01000, alpha_lr=0.00500, wd=0.0005, epochs=300
  mode=protect_uncertain, normalize=True, warmup_epochs=200
  gamma_reg=0.0, alpha_reg=0.001, patience=100, grad_clip=1.0
  Initial gammas: ['6.000', '6.000', '6.000', '6.000', '6.000', '6.000', '6.000', '6.000', '6.000', '6.000']
  Initial alpha:  1.0000

Phase 1: MLP warmup for 200 epochs (gamma + alpha frozen)

  Epoch   50 | loss=0.1109 | val=0.6540 | α=1.000 | λ_std=0.1764 | λ-conf_corr=-1.000 | gammas=[6.00, 6.00, 6.00, 6.00, 6.00, 6.00, 6.00, 6.00, 6.00, 6.00]

  Epoch  100 | loss=0.1193 | val=0.6066 | α=1.000 | λ_std=0.1805 | λ-conf_corr=-1.000 | gammas=[6.00, 6.00, 6.00, 6.00, 6.00, 6.00, 6.00, 6.00, 6.00, 6.00]

  Early stopping at epoch 105 (best val=0.6967 at epoch 4)

Training done. Best val acc: 0.6967 (epoch 4)

==========================================================
       RUNG_confidence_lambda — Gamma + Alpha Stats       
==========================================================
  confidence_mode:  protect_uncertain
  normalize_lambda: True
  alpha:            1.0000
  lambda_base:      0.1111

    Layer       lam   gamma(=a*lam)    log_lam
  ------------------------------------------------
        0      1.6216            6.0000       0.4834
        1      1.6216            6.0000       0.4834
        2      1.6216            6.0000       0.4834
        3      1.6216            6.0000       0.4834
        4      1.6216            6.0000       0.4834
        5      1.6216            6.0000       0.4834
        6      1.6216            6.0000       0.4834
        7      1.6216            6.0000       0.4834
        8      1.6216            6.0000       0.4834
        9      1.6216            6.0000       0.4834
==========================================================

Acc: [0.7411137819290161, 0.7517772912979126]

Fit RUNG_confidence_lambda | lr=0.05, gamma_lr=0.01000, alpha_lr=0.00500, wd=0.0005, epochs=300
  mode=protect_uncertain, normalize=True, warmup_epochs=200
  gamma_reg=0.0, alpha_reg=0.001, patience=100, grad_clip=1.0
  Initial gammas: ['6.000', '6.000', '6.000', '6.000', '6.000', '6.000', '6.000', '6.000', '6.000', '6.000']
  Initial alpha:  1.0000

Phase 1: MLP warmup for 200 epochs (gamma + alpha frozen)

  Epoch   50 | loss=0.1236 | val=0.6967 | α=1.000 | λ_std=0.1830 | λ-conf_corr=-1.000 | gammas=[6.00, 6.00, 6.00, 6.00, 6.00, 6.00, 6.00, 6.00, 6.00, 6.00]

  Epoch  100 | loss=0.0835 | val=0.6872 | α=1.000 | λ_std=0.1792 | λ-conf_corr=-1.000 | gammas=[6.00, 6.00, 6.00, 6.00, 6.00, 6.00, 6.00, 6.00, 6.00, 6.00]

  Early stopping at epoch 107 (best val=0.7536 at epoch 6)

Training done. Best val acc: 0.7536 (epoch 6)

==========================================================
       RUNG_confidence_lambda — Gamma + Alpha Stats       
==========================================================
  confidence_mode:  protect_uncertain
  normalize_lambda: True
  alpha:            1.0000
  lambda_base:      0.1111

    Layer       lam   gamma(=a*lam)    log_lam
  ------------------------------------------------
        0      1.6216            6.0000       0.4834
        1      1.6216            6.0000       0.4834
        2      1.6216            6.0000       0.4834
        3      1.6216            6.0000       0.4834
        4      1.6216            6.0000       0.4834
        5      1.6216            6.0000       0.4834
        6      1.6216            6.0000       0.4834
        7      1.6216            6.0000       0.4834
        8      1.6216            6.0000       0.4834
        9      1.6216            6.0000       0.4834
==========================================================

Acc: [0.7411137819290161, 0.7517772912979126, 0.7233412861824036]

Fit RUNG_confidence_lambda | lr=0.05, gamma_lr=0.01000, alpha_lr=0.00500, wd=0.0005, epochs=300
  mode=protect_uncertain, normalize=True, warmup_epochs=200
  gamma_reg=0.0, alpha_reg=0.001, patience=100, grad_clip=1.0
  Initial gammas: ['6.000', '6.000', '6.000', '6.000', '6.000', '6.000', '6.000', '6.000', '6.000', '6.000']
  Initial alpha:  1.0000

Phase 1: MLP warmup for 200 epochs (gamma + alpha frozen)

  Epoch   50 | loss=0.0752 | val=0.6303 | α=1.000 | λ_std=0.1825 | λ-conf_corr=-1.000 | gammas=[6.00, 6.00, 6.00, 6.00, 6.00, 6.00, 6.00, 6.00, 6.00, 6.00]

  Epoch  100 | loss=0.0752 | val=0.6588 | α=1.000 | λ_std=0.1924 | λ-conf_corr=-1.000 | gammas=[6.00, 6.00, 6.00, 6.00, 6.00, 6.00, 6.00, 6.00, 6.00, 6.00]

  Early stopping at epoch 104 (best val=0.7109 at epoch 3)

Training done. Best val acc: 0.7109 (epoch 3)

==========================================================
       RUNG_confidence_lambda — Gamma + Alpha Stats       
==========================================================
  confidence_mode:  protect_uncertain
  normalize_lambda: True
  alpha:            1.0000
  lambda_base:      0.1111

    Layer       lam   gamma(=a*lam)    log_lam
  ------------------------------------------------
        0      1.6216            6.0000       0.4834
        1      1.6216            6.0000       0.4834
        2      1.6216            6.0000       0.4834
        3      1.6216            6.0000       0.4834
        4      1.6216            6.0000       0.4834
        5      1.6216            6.0000       0.4834
        6      1.6216            6.0000       0.4834
        7      1.6216            6.0000       0.4834
        8      1.6216            6.0000       0.4834
        9      1.6216            6.0000       0.4834
==========================================================

Acc: [0.7411137819290161, 0.7517772912979126, 0.7233412861824036, 0.7422986030578613]

Fit RUNG_confidence_lambda | lr=0.05, gamma_lr=0.01000, alpha_lr=0.00500, wd=0.0005, epochs=300
  mode=protect_uncertain, normalize=True, warmup_epochs=200
  gamma_reg=0.0, alpha_reg=0.001, patience=100, grad_clip=1.0
  Initial gammas: ['6.000', '6.000', '6.000', '6.000', '6.000', '6.000', '6.000', '6.000', '6.000', '6.000']
  Initial alpha:  1.0000

Phase 1: MLP warmup for 200 epochs (gamma + alpha frozen)

  Epoch   50 | loss=0.0774 | val=0.6825 | α=1.000 | λ_std=0.1720 | λ-conf_corr=-1.000 | gammas=[6.00, 6.00, 6.00, 6.00, 6.00, 6.00, 6.00, 6.00, 6.00, 6.00]

  Epoch  100 | loss=0.1601 | val=0.6919 | α=1.000 | λ_std=0.1932 | λ-conf_corr=-1.000 | gammas=[6.00, 6.00, 6.00, 6.00, 6.00, 6.00, 6.00, 6.00, 6.00, 6.00]

  Epoch  150 | loss=0.1602 | val=0.6588 | α=1.000 | λ_std=0.1736 | λ-conf_corr=-1.000 | gammas=[6.00, 6.00, 6.00, 6.00, 6.00, 6.00, 6.00, 6.00, 6.00, 6.00]

  Early stopping at epoch 186 (best val=0.7536 at epoch 85)

Training done. Best val acc: 0.7536 (epoch 85)

==========================================================
       RUNG_confidence_lambda — Gamma + Alpha Stats       
==========================================================
  confidence_mode:  protect_uncertain
  normalize_lambda: True
  alpha:            1.0000
  lambda_base:      0.1111

    Layer       lam   gamma(=a*lam)    log_lam
  ------------------------------------------------
        0      1.6216            6.0000       0.4834
        1      1.6216            6.0000       0.4834
        2      1.6216            6.0000       0.4834
        3      1.6216            6.0000       0.4834
        4      1.6216            6.0000       0.4834
        5      1.6216            6.0000       0.4834
        6      1.6216            6.0000       0.4834
        7      1.6216            6.0000       0.4834
        8      1.6216            6.0000       0.4834
        9      1.6216            6.0000       0.4834
==========================================================

Acc: [0.7411137819290161, 0.7517772912979126, 0.7233412861824036, 0.7422986030578613, 0.701421856880188]
model RUNG_confidence_lambda done, clean acc: 0.7319905638694764±0.017834008038035008
