tensor(0.4360)
tensor(0.6398)
tensor(0.6872)
tensor(0.6825)
tensor(0.6777)
tensor(0.6398)
tensor(0.6540)
tensor(0.6588)
tensor(0.6777)
tensor(0.6825)
tensor(0.6777)
tensor(0.6635)
tensor(0.6730)
tensor(0.6588)
tensor(0.6493)
tensor(0.6351)
tensor(0.6588)
tensor(0.6825)
tensor(0.7014)
tensor(0.6635)
tensor(0.6398)
tensor(0.6540)
tensor(0.6682)
tensor(0.6493)
tensor(0.6398)
tensor(0.6588)
tensor(0.6445)
tensor(0.6398)
tensor(0.6777)
tensor(0.6445)
Acc: [0.7085307836532593]
tensor(0.4360)
tensor(0.6540)
tensor(0.6825)
tensor(0.6919)
tensor(0.6730)
tensor(0.6777)
tensor(0.7109)
tensor(0.6351)
tensor(0.6777)
tensor(0.6445)
tensor(0.6825)
tensor(0.6588)
tensor(0.7014)
tensor(0.6588)
tensor(0.6635)
tensor(0.6777)
tensor(0.6730)
tensor(0.6635)
tensor(0.6493)
tensor(0.6493)
tensor(0.6635)
tensor(0.6540)
tensor(0.6825)
tensor(0.6777)
tensor(0.6540)
tensor(0.6493)
tensor(0.6256)
tensor(0.6398)
tensor(0.6635)
tensor(0.6588)
Acc: [0.7085307836532593, 0.6913506984710693]
tensor(0.4502)
tensor(0.7441)
tensor(0.7441)
tensor(0.7251)
tensor(0.7251)
tensor(0.7393)
tensor(0.7299)
tensor(0.7204)
tensor(0.7156)
tensor(0.7062)
tensor(0.7251)
tensor(0.7109)
tensor(0.7156)
tensor(0.7014)
tensor(0.7062)
tensor(0.7204)
tensor(0.6730)
tensor(0.6777)
tensor(0.7062)
tensor(0.7109)
tensor(0.7251)
tensor(0.7299)
tensor(0.7204)
tensor(0.6919)
tensor(0.7109)
tensor(0.7014)
tensor(0.6825)
tensor(0.6872)
tensor(0.7062)
tensor(0.7156)
Acc: [0.7085307836532593, 0.6913506984710693, 0.7037914395332336]
tensor(0.4882)
tensor(0.7062)
tensor(0.7204)
tensor(0.6825)
tensor(0.7062)
tensor(0.7251)
tensor(0.7109)
tensor(0.7156)
tensor(0.7014)
tensor(0.7346)
tensor(0.7156)
tensor(0.7251)
tensor(0.7014)
tensor(0.7346)
tensor(0.6872)
tensor(0.6825)
tensor(0.7156)
tensor(0.7156)
tensor(0.7393)
tensor(0.7156)
tensor(0.7109)
tensor(0.7109)
tensor(0.7014)
tensor(0.6825)
tensor(0.6777)
tensor(0.6967)
tensor(0.7156)
tensor(0.6967)
tensor(0.6967)
tensor(0.7156)
Acc: [0.7085307836532593, 0.6913506984710693, 0.7037914395332336, 0.7085307836532593]
tensor(0.4360)
tensor(0.7204)
tensor(0.7299)
tensor(0.7109)
tensor(0.7204)
tensor(0.7062)
tensor(0.7299)
tensor(0.7109)
tensor(0.7299)
tensor(0.7014)
tensor(0.7441)
tensor(0.7014)
tensor(0.7062)
tensor(0.7109)
tensor(0.6967)
tensor(0.6825)
tensor(0.6872)
tensor(0.7014)
tensor(0.7109)
tensor(0.7156)
tensor(0.6919)
tensor(0.6967)
tensor(0.7062)
tensor(0.6919)
tensor(0.7109)
tensor(0.7109)
tensor(0.7062)
tensor(0.7062)
tensor(0.6919)
tensor(0.7109)
Acc: [0.7085307836532593, 0.6913506984710693, 0.7037914395332336, 0.7085307836532593, 0.6954976320266724]
model RUNG done, clean acc: 0.7015402674674988±0.006973423379661263
