Budget: 0.05
Model:RUNG_parametric_gamma

Detected GPU: Tesla T4 with compute capability 7.5
Using GPU: Tesla T4

0.6949052214622498 0.6913507580757141
0.7547393441200256 0.7476303577423096
0.7263033390045166 0.7055687308311462
0.7174170613288879 0.6907583475112915
0.6854265928268433 0.6676540374755859
Clean: 0.7157583117485047±0.02444722676288414: [0.6949052214622498, 0.7547393441200256, 0.7263033390045166, 0.7174170613288879, 0.6854265928268433]
Attacked: 0.7005924463272095±0.026474083918786327: [0.6913507580757141, 0.7476303577423096, 0.7055687308311462, 0.6907583475112915, 0.6676540374755859]
Budget: 0.1
Model:RUNG_parametric_gamma

Detected GPU: Tesla T4 with compute capability 7.5
Using GPU: Tesla T4

0.6949052214622498 0.6913507580757141
0.7547393441200256 0.7411137819290161
0.7263033390045166 0.6575829386711121
0.7174170613288879 0.6824644804000854
0.6854265928268433 0.6273697018623352
Clean: 0.7157583117485047±0.02444722676288414: [0.6949052214622498, 0.7547393441200256, 0.7263033390045166, 0.7174170613288879, 0.6854265928268433]
Attacked: 0.6799763321876526±0.037794914562832474: [0.6913507580757141, 0.7411137819290161, 0.6575829386711121, 0.6824644804000854, 0.6273697018623352]
Budget: 0.2
Model:RUNG_parametric_gamma

Detected GPU: Tesla T4 with compute capability 7.5
Using GPU: Tesla T4

0.6949052214622498 0.6895734667778015
0.7547393441200256 0.7340047955513
0.7263033390045166 0.633293867111206
0.7174170613288879 0.6741706132888794
0.6854265928268433 0.6042654514312744
Clean: 0.7157583117485047±0.02444722676288414: [0.6949052214622498, 0.7547393441200256, 0.7263033390045166, 0.7174170613288879, 0.6854265928268433]
Attacked: 0.6670616388320922±0.04499406562178927: [0.6895734667778015, 0.7340047955513, 0.633293867111206, 0.6741706132888794, 0.6042654514312744]
Budget: 0.3
Model:RUNG_parametric_gamma

Detected GPU: Tesla T4 with compute capability 7.5
Using GPU: Tesla T4

0.6949052214622498 0.6895734667778015
0.7547393441200256 0.7286730408668518
0.7263033390045166 0.6131516695022583
0.7174170613288879 0.6723933815956116
0.6854265928268433 0.5959715843200684
Clean: 0.7157583117485047±0.02444722676288414: [0.6949052214622498, 0.7547393441200256, 0.7263033390045166, 0.7174170613288879, 0.6854265928268433]
Attacked: 0.6599526286125184±0.04906845269865041: [0.6895734667778015, 0.7286730408668518, 0.6131516695022583, 0.6723933815956116, 0.5959715843200684]
Budget: 0.4
Model:RUNG_parametric_gamma

Detected GPU: Tesla T4 with compute capability 7.5
Using GPU: Tesla T4

0.6949052214622498 0.6872038245201111
0.7547393441200256 0.7120853066444397
0.7263033390045166 0.6018957495689392
0.7174170613288879 0.6729857921600342
0.6854265928268433 0.5770142674446106
Clean: 0.7157583117485047±0.02444722676288414: [0.6949052214622498, 0.7547393441200256, 0.7263033390045166, 0.7174170613288879, 0.6854265928268433]
Attacked: 0.650236988067627±0.051783610825707524: [0.6872038245201111, 0.7120853066444397, 0.6018957495689392, 0.6729857921600342, 0.5770142674446106]
Budget: 0.6
Model:RUNG_parametric_gamma

Detected GPU: Tesla T4 with compute capability 7.5
Using GPU: Tesla T4

0.6949052214622498 0.6842417120933533
0.7547393441200256 0.7055687308311462
0.7263033390045166 0.5829384326934814
0.7174170613288879 0.6492891311645508
0.6854265928268433 0.5657582879066467
Clean: 0.7157583117485047±0.02444722676288414: [0.6949052214622498, 0.7547393441200256, 0.7263033390045166, 0.7174170613288879, 0.6854265928268433]
Attacked: 0.6375592589378357±0.05491983922576017: [0.6842417120933533, 0.7055687308311462, 0.5829384326934814, 0.6492891311645508, 0.5657582879066467]
