
Detected GPU: Tesla T4 with compute capability 7.5
Using GPU: Tesla T4


Fit RUNG_learnable_distance
  distance_mode=cosine
  lr=0.05, dist_lr_factor=0.5, wd=0.0005
  percentile_q=0.75
  Parameters: 237446
    MLP: 237446
    Distance: 0
  patience=100, grad_clip=1.0
  Epoch   50 | loss=0.1472 | val_acc=0.6114 | gammas=[0.46, 0.26, 0.23, 0.22, 0.22, 0.21, 0.21, 0.21, 0.21, 0.20]
    Layer 0: y_mean=0.811, y_std=0.407, y_max=1.864
    Layer K: y_mean=0.790, y_std=0.409, y_max=1.808
  Epoch  100 | loss=0.2512 | val_acc=0.5877 | gammas=[0.52, 0.32, 0.28, 0.28, 0.28, 0.27, 0.27, 0.27, 0.27, 0.27]
    Layer 0: y_mean=0.879, y_std=0.446, y_max=1.920
    Layer K: y_mean=0.868, y_std=0.456, y_max=1.889

  Early stopping at epoch 105 (best val=0.6588 at epoch 4)

Training done. Best val acc: 0.6588 (epoch 4)

======================================================================
         RUNG_learnable_distance — Statistics (last fwd pass)         
======================================================================
  distance_mode: cosine
  percentile_q:  0.75
  distance_params: 0

   Layer      gamma     y_mean      y_std      y_max
  ────────────────────────────────────────────────────────────
       0     0.2372     0.9563     0.5501     1.9932
       1     0.1224     0.9555     0.5622     1.9902
       2     0.1248     0.9559     0.5658     1.9903
       3     0.1164     0.9563     0.5666     1.9885
       4     0.1206     0.9562     0.5669     1.9891
       5     0.1215     0.9563     0.5671     1.9890
       6     0.1226     0.9562     0.5672     1.9897
       7     0.1222     0.9563     0.5673     1.9896
       8     0.1243     0.9563     0.5674     1.9901
       9     0.1207     0.9564     0.5675     1.9900
======================================================================

Acc: [0.7393364906311035]

Fit RUNG_learnable_distance
  distance_mode=cosine
  lr=0.05, dist_lr_factor=0.5, wd=0.0005
  percentile_q=0.75
  Parameters: 237446
    MLP: 237446
    Distance: 0
  patience=100, grad_clip=1.0
  Epoch   50 | loss=0.1690 | val_acc=0.6161 | gammas=[0.47, 0.26, 0.24, 0.23, 0.22, 0.21, 0.23, 0.21, 0.22, 0.21]
    Layer 0: y_mean=0.768, y_std=0.392, y_max=1.902
    Layer K: y_mean=0.754, y_std=0.399, y_max=1.818
  Epoch  100 | loss=0.1986 | val_acc=0.5687 | gammas=[0.48, 0.28, 0.24, 0.23, 0.23, 0.22, 0.22, 0.23, 0.22, 0.23]
    Layer 0: y_mean=0.837, y_std=0.429, y_max=1.938
    Layer K: y_mean=0.817, y_std=0.437, y_max=1.903

  Early stopping at epoch 104 (best val=0.6730 at epoch 3)

Training done. Best val acc: 0.6730 (epoch 3)

======================================================================
         RUNG_learnable_distance — Statistics (last fwd pass)         
======================================================================
  distance_mode: cosine
  percentile_q:  0.75
  distance_params: 0

   Layer      gamma     y_mean      y_std      y_max
  ────────────────────────────────────────────────────────────
       0     0.1887     0.7964     0.5295     1.9933
       1     0.0937     0.8018     0.5398     1.9895
       2     0.0838     0.8029     0.5435     1.9855
       3     0.0755     0.8039     0.5448     1.9855
       4     0.0788     0.8042     0.5450     1.9855
       5     0.0750     0.8044     0.5452     1.9855
       6     0.0751     0.8047     0.5453     1.9855
       7     0.0709     0.8048     0.5453     1.9855
       8     0.0735     0.8051     0.5454     1.9855
       9     0.0710     0.8051     0.5454     1.9855
======================================================================

Acc: [0.7393364906311035, 0.7186019420623779]

Fit RUNG_learnable_distance
  distance_mode=cosine
  lr=0.05, dist_lr_factor=0.5, wd=0.0005
  percentile_q=0.75
  Parameters: 237446
    MLP: 237446
    Distance: 0
  patience=100, grad_clip=1.0
  Epoch   50 | loss=0.1564 | val_acc=0.6872 | gammas=[0.43, 0.22, 0.18, 0.17, 0.19, 0.18, 0.18, 0.18, 0.18, 0.18]
    Layer 0: y_mean=0.824, y_std=0.436, y_max=1.872
    Layer K: y_mean=0.818, y_std=0.451, y_max=1.858
  Epoch  100 | loss=0.2833 | val_acc=0.6919 | gammas=[0.46, 0.25, 0.20, 0.18, 0.19, 0.18, 0.18, 0.18, 0.18, 0.17]
    Layer 0: y_mean=0.836, y_std=0.445, y_max=1.913
    Layer K: y_mean=0.828, y_std=0.463, y_max=1.888

  Early stopping at epoch 105 (best val=0.7441 at epoch 4)

Training done. Best val acc: 0.7441 (epoch 4)

======================================================================
         RUNG_learnable_distance — Statistics (last fwd pass)         
======================================================================
  distance_mode: cosine
  percentile_q:  0.75
  distance_params: 0

   Layer      gamma     y_mean      y_std      y_max
  ────────────────────────────────────────────────────────────
       0     0.2120     0.9344     0.5881     1.9904
       1     0.0910     0.9362     0.5989     1.9792
       2     0.0846     0.9374     0.6032     1.9799
       3     0.0800     0.9380     0.6035     1.9787
       4     0.0801     0.9379     0.6044     1.9787
       5     0.0799     0.9381     0.6042     1.9785
       6     0.0809     0.9380     0.6046     1.9785
       7     0.0799     0.9381     0.6044     1.9782
       8     0.0802     0.9381     0.6046     1.9783
       9     0.0800     0.9382     0.6045     1.9780
======================================================================

Acc: [0.7393364906311035, 0.7186019420623779, 0.7209715843200684]

Fit RUNG_learnable_distance
  distance_mode=cosine
  lr=0.05, dist_lr_factor=0.5, wd=0.0005
  percentile_q=0.75
  Parameters: 237446
    MLP: 237446
    Distance: 0
  patience=100, grad_clip=1.0
  Epoch   50 | loss=0.1342 | val_acc=0.6540 | gammas=[0.38, 0.22, 0.20, 0.20, 0.20, 0.20, 0.20, 0.20, 0.20, 0.20]
    Layer 0: y_mean=0.822, y_std=0.437, y_max=1.908
    Layer K: y_mean=0.817, y_std=0.452, y_max=1.826
  Epoch  100 | loss=0.2677 | val_acc=0.6588 | gammas=[0.38, 0.22, 0.20, 0.19, 0.19, 0.17, 0.18, 0.18, 0.18, 0.18]
    Layer 0: y_mean=0.841, y_std=0.451, y_max=1.918
    Layer K: y_mean=0.830, y_std=0.466, y_max=1.867
  Epoch  150 | loss=0.1652 | val_acc=0.6730 | gammas=[0.43, 0.23, 0.21, 0.19, 0.19, 0.18, 0.18, 0.18, 0.18, 0.18]
    Layer 0: y_mean=0.872, y_std=0.459, y_max=1.956
    Layer K: y_mean=0.859, y_std=0.468, y_max=1.938

  Early stopping at epoch 192 (best val=0.7109 at epoch 91)

Training done. Best val acc: 0.7109 (epoch 91)

======================================================================
         RUNG_learnable_distance — Statistics (last fwd pass)         
======================================================================
  distance_mode: cosine
  percentile_q:  0.75
  distance_params: 0

   Layer      gamma     y_mean      y_std      y_max
  ────────────────────────────────────────────────────────────
       0     0.3960     0.8290     0.4553     1.9344
       1     0.2052     0.8196     0.4665     1.9141
       2     0.1698     0.8159     0.4690     1.9008
       3     0.1524     0.8161     0.4699     1.9008
       4     0.1507     0.8159     0.4705     1.9008
       5     0.1475     0.8159     0.4707     1.9008
       6     0.1532     0.8160     0.4711     1.9008
       7     0.1460     0.8158     0.4710     1.9008
       8     0.1516     0.8160     0.4713     1.9008
       9     0.1466     0.8158     0.4712     1.9008
======================================================================

Acc: [0.7393364906311035, 0.7186019420623779, 0.7209715843200684, 0.6937204003334045]

Fit RUNG_learnable_distance
  distance_mode=cosine
  lr=0.05, dist_lr_factor=0.5, wd=0.0005
  percentile_q=0.75
  Parameters: 237446
    MLP: 237446
    Distance: 0
  patience=100, grad_clip=1.0
  Epoch   50 | loss=0.1592 | val_acc=0.6777 | gammas=[0.45, 0.23, 0.19, 0.19, 0.19, 0.19, 0.19, 0.18, 0.17, 0.17]
    Layer 0: y_mean=0.796, y_std=0.414, y_max=1.882
    Layer K: y_mean=0.790, y_std=0.430, y_max=1.817
  Epoch  100 | loss=0.1229 | val_acc=0.6967 | gammas=[0.52, 0.30, 0.25, 0.23, 0.24, 0.22, 0.24, 0.22, 0.23, 0.22]
    Layer 0: y_mean=0.845, y_std=0.432, y_max=1.912
    Layer K: y_mean=0.838, y_std=0.446, y_max=1.848

  Early stopping at epoch 126 (best val=0.7488 at epoch 25)

Training done. Best val acc: 0.7488 (epoch 25)

======================================================================
         RUNG_learnable_distance — Statistics (last fwd pass)         
======================================================================
  distance_mode: cosine
  percentile_q:  0.75
  distance_params: 0

   Layer      gamma     y_mean      y_std      y_max
  ────────────────────────────────────────────────────────────
       0     0.4164     0.8145     0.4498     1.8700
       1     0.2235     0.8090     0.4650     1.8310
       2     0.1851     0.8078     0.4696     1.8163
       3     0.1800     0.8085     0.4715     1.7939
       4     0.1763     0.8083     0.4720     1.7841
       5     0.1727     0.8086     0.4728     1.7836
       6     0.1706     0.8084     0.4729     1.7841
       7     0.1682     0.8087     0.4734     1.7839
       8     0.1698     0.8086     0.4734     1.7831
       9     0.1646     0.8088     0.4738     1.7830
======================================================================

Acc: [0.7393364906311035, 0.7186019420623779, 0.7209715843200684, 0.6937204003334045, 0.6943128108978271]
model RUNG_learnable_distance done, clean acc: 0.7133886456489563±0.01737065009057919
