
Detected GPU: Tesla T4 with compute capability 7.5
Using GPU: Tesla T4


Fit RUNG_learnable_distance
  distance_mode=cosine
  lr=0.05, dist_lr_factor=0.5, wd=0.0005
  percentile_q=0.75
  Parameters: 237446
    MLP: 237446
    Distance: 0
  patience=100, grad_clip=1.0
  Epoch   50 | loss=0.1439 | val_acc=0.5687 | gammas=[0.42, 0.24, 0.24, 0.24, 0.24, 0.24, 0.24, 0.23, 0.23, 0.24]
    Layer 0: y_mean=0.786, y_std=0.427, y_max=1.892
    Layer K: y_mean=0.771, y_std=0.438, y_max=1.848
  Epoch  100 | loss=0.1046 | val_acc=0.6635 | gammas=[0.42, 0.23, 0.20, 0.20, 0.20, 0.20, 0.20, 0.20, 0.20, 0.19]
    Layer 0: y_mean=0.794, y_std=0.439, y_max=1.913
    Layer K: y_mean=0.776, y_std=0.453, y_max=1.888
  Epoch  150 | loss=0.1693 | val_acc=0.5735 | gammas=[0.49, 0.27, 0.23, 0.20, 0.19, 0.19, 0.19, 0.18, 0.19, 0.18]
    Layer 0: y_mean=0.862, y_std=0.435, y_max=1.935
    Layer K: y_mean=0.847, y_std=0.446, y_max=1.885
  Epoch  200 | loss=0.1309 | val_acc=0.5924 | gammas=[0.50, 0.29, 0.27, 0.27, 0.26, 0.27, 0.27, 0.26, 0.26, 0.26]
    Layer 0: y_mean=0.858, y_std=0.443, y_max=1.946
    Layer K: y_mean=0.838, y_std=0.452, y_max=1.922

  Early stopping at epoch 201 (best val=0.6635 at epoch 100)

Training done. Best val acc: 0.6635 (epoch 100)

======================================================================
         RUNG_learnable_distance — Statistics (last fwd pass)         
======================================================================
  distance_mode: cosine
  percentile_q:  0.75
  distance_params: 0

   Layer      gamma     y_mean      y_std      y_max
  ────────────────────────────────────────────────────────────
       0     0.4218     0.7945     0.4393     1.9135
       1     0.2284     0.7821     0.4484     1.9135
       2     0.1981     0.7782     0.4517     1.9135
       3     0.1975     0.7782     0.4529     1.8887
       4     0.1982     0.7778     0.4535     1.8892
       5     0.1985     0.7775     0.4535     1.8886
       6     0.2011     0.7773     0.4538     1.8890
       7     0.1991     0.7769     0.4536     1.8890
       8     0.1965     0.7768     0.4537     1.8881
       9     0.1932     0.7764     0.4534     1.8881
======================================================================

Acc: [0.6777251362800598]

Fit RUNG_learnable_distance
  distance_mode=cosine
  lr=0.05, dist_lr_factor=0.5, wd=0.0005
  percentile_q=0.75
  Parameters: 237446
    MLP: 237446
    Distance: 0
  patience=100, grad_clip=1.0
  Epoch   50 | loss=0.1446 | val_acc=0.6019 | gammas=[0.44, 0.24, 0.22, 0.20, 0.21, 0.20, 0.20, 0.20, 0.20, 0.19]
    Layer 0: y_mean=0.759, y_std=0.398, y_max=1.808
    Layer K: y_mean=0.740, y_std=0.403, y_max=1.777
  Epoch  100 | loss=0.1899 | val_acc=0.6493 | gammas=[0.47, 0.25, 0.21, 0.21, 0.20, 0.21, 0.20, 0.20, 0.20, 0.20]
    Layer 0: y_mean=0.824, y_std=0.440, y_max=1.926
    Layer K: y_mean=0.818, y_std=0.456, y_max=1.888

  Early stopping at epoch 104 (best val=0.6682 at epoch 3)

Training done. Best val acc: 0.6682 (epoch 3)

======================================================================
         RUNG_learnable_distance — Statistics (last fwd pass)         
======================================================================
  distance_mode: cosine
  percentile_q:  0.75
  distance_params: 0

   Layer      gamma     y_mean      y_std      y_max
  ────────────────────────────────────────────────────────────
       0     0.1869     0.7977     0.5289     1.9933
       1     0.0956     0.8035     0.5392     1.9891
       2     0.0834     0.8044     0.5428     1.9854
       3     0.0784     0.8055     0.5443     1.9854
       4     0.0749     0.8059     0.5444     1.9854
       5     0.0751     0.8061     0.5448     1.9854
       6     0.0764     0.8064     0.5448     1.9854
       7     0.0727     0.8064     0.5449     1.9854
       8     0.0740     0.8068     0.5449     1.9854
       9     0.0734     0.8066     0.5449     1.9854
======================================================================

Acc: [0.6777251362800598, 0.7144550085067749]

Fit RUNG_learnable_distance
  distance_mode=cosine
  lr=0.05, dist_lr_factor=0.5, wd=0.0005
  percentile_q=0.75
  Parameters: 237446
    MLP: 237446
    Distance: 0
  patience=100, grad_clip=1.0
  Epoch   50 | loss=0.1703 | val_acc=0.6730 | gammas=[0.46, 0.24, 0.20, 0.20, 0.20, 0.20, 0.20, 0.20, 0.20, 0.20]
    Layer 0: y_mean=0.855, y_std=0.452, y_max=1.861
    Layer K: y_mean=0.852, y_std=0.474, y_max=1.813
  Epoch  100 | loss=0.1526 | val_acc=0.6730 | gammas=[0.48, 0.25, 0.23, 0.21, 0.21, 0.22, 0.21, 0.21, 0.21, 0.21]
    Layer 0: y_mean=0.867, y_std=0.448, y_max=1.954
    Layer K: y_mean=0.861, y_std=0.466, y_max=1.900

  Early stopping at epoch 108 (best val=0.7488 at epoch 7)

Training done. Best val acc: 0.7488 (epoch 7)

======================================================================
         RUNG_learnable_distance — Statistics (last fwd pass)         
======================================================================
  distance_mode: cosine
  percentile_q:  0.75
  distance_params: 0

   Layer      gamma     y_mean      y_std      y_max
  ────────────────────────────────────────────────────────────
       0     0.2182     0.7870     0.4884     1.9032
       1     0.0968     0.7950     0.4986     1.8623
       2     0.0847     0.7981     0.5036     1.8555
       3     0.0802     0.7998     0.5040     1.8531
       4     0.0844     0.8002     0.5050     1.8502
       5     0.0824     0.8009     0.5050     1.8480
       6     0.0839     0.8011     0.5056     1.8469
       7     0.0812     0.8016     0.5055     1.8472
       8     0.0820     0.8016     0.5058     1.8465
       9     0.0806     0.8019     0.5057     1.8472
======================================================================

Acc: [0.6777251362800598, 0.7144550085067749, 0.6830568909645081]

Fit RUNG_learnable_distance
  distance_mode=cosine
  lr=0.05, dist_lr_factor=0.5, wd=0.0005
  percentile_q=0.75
  Parameters: 237446
    MLP: 237446
    Distance: 0
  patience=100, grad_clip=1.0
  Epoch   50 | loss=0.1773 | val_acc=0.6540 | gammas=[0.42, 0.23, 0.19, 0.18, 0.18, 0.17, 0.17, 0.18, 0.18, 0.18]
    Layer 0: y_mean=0.865, y_std=0.453, y_max=1.917
    Layer K: y_mean=0.864, y_std=0.476, y_max=1.870
  Epoch  100 | loss=0.0989 | val_acc=0.6493 | gammas=[0.43, 0.23, 0.20, 0.20, 0.20, 0.19, 0.20, 0.19, 0.20, 0.19]
    Layer 0: y_mean=0.847, y_std=0.450, y_max=1.978
    Layer K: y_mean=0.836, y_std=0.466, y_max=1.933

  Early stopping at epoch 133 (best val=0.7156 at epoch 32)

Training done. Best val acc: 0.7156 (epoch 32)

======================================================================
         RUNG_learnable_distance — Statistics (last fwd pass)         
======================================================================
  distance_mode: cosine
  percentile_q:  0.75
  distance_params: 0

   Layer      gamma     y_mean      y_std      y_max
  ────────────────────────────────────────────────────────────
       0     0.3563     0.8336     0.4658     1.8965
       1     0.1695     0.8285     0.4788     1.8965
       2     0.1338     0.8284     0.4843     1.8766
       3     0.1316     0.8292     0.4856     1.8780
       4     0.1235     0.8291     0.4863     1.8673
       5     0.1220     0.8293     0.4865     1.8673
       6     0.1202     0.8293     0.4868     1.8673
       7     0.1203     0.8295     0.4868     1.8673
       8     0.1183     0.8294     0.4871     1.8673
       9     0.1196     0.8295     0.4870     1.8673
======================================================================

Acc: [0.6777251362800598, 0.7144550085067749, 0.6830568909645081, 0.6913507580757141]

Fit RUNG_learnable_distance
  distance_mode=cosine
  lr=0.05, dist_lr_factor=0.5, wd=0.0005
  percentile_q=0.75
  Parameters: 237446
    MLP: 237446
    Distance: 0
  patience=100, grad_clip=1.0
  Epoch   50 | loss=0.0979 | val_acc=0.6825 | gammas=[0.47, 0.26, 0.20, 0.19, 0.18, 0.17, 0.18, 0.16, 0.17, 0.16]
    Layer 0: y_mean=0.864, y_std=0.444, y_max=1.939
    Layer K: y_mean=0.859, y_std=0.465, y_max=1.845
  Epoch  100 | loss=0.1143 | val_acc=0.6777 | gammas=[0.45, 0.23, 0.21, 0.20, 0.21, 0.19, 0.20, 0.19, 0.20, 0.19]
    Layer 0: y_mean=0.824, y_std=0.424, y_max=1.918
    Layer K: y_mean=0.812, y_std=0.433, y_max=1.873

  Early stopping at epoch 105 (best val=0.7441 at epoch 4)

Training done. Best val acc: 0.7441 (epoch 4)

======================================================================
         RUNG_learnable_distance — Statistics (last fwd pass)         
======================================================================
  distance_mode: cosine
  percentile_q:  0.75
  distance_params: 0

   Layer      gamma     y_mean      y_std      y_max
  ────────────────────────────────────────────────────────────
       0     0.2494     0.9455     0.5304     1.9961
       1     0.1287     0.9478     0.5418     1.9851
       2     0.1013     0.9492     0.5443     1.9841
       3     0.0993     0.9502     0.5450     1.9841
       4     0.1018     0.9503     0.5450     1.9841
       5     0.0982     0.9506     0.5451     1.9841
       6     0.0999     0.9506     0.5451     1.9841
       7     0.0982     0.9508     0.5451     1.9841
       8     0.0999     0.9508     0.5451     1.9841
       9     0.0999     0.9510     0.5451     1.9841
======================================================================

Acc: [0.6777251362800598, 0.7144550085067749, 0.6830568909645081, 0.6913507580757141, 0.721563994884491]
model RUNG_learnable_distance done, clean acc: 0.6976303577423095±0.017343154312623912
