
Fit RUNG_learnable_gamma | lr=0.05, gamma_lr=0.01000, wd=0.0005, epochs=300
  gamma_reg_strength=0.0, patience=100, grad_clip=1.0
  Initial gammas: ['6.000', '6.000', '6.000', '6.000', '6.000', '6.000', '6.000', '6.000', '6.000', '6.000']

  Epoch   50 | loss=0.0315 | val=0.6967 | gammas=[6.68, 5.88, 5.64, 5.95, 5.36, 6.47, 5.08, 6.96, 4.71, 7.62]

  Epoch  100 | loss=0.0595 | val=0.6635 | gammas=[7.26, 6.01, 5.46, 6.15, 4.93, 7.07, 4.31, 7.95, 3.55, 10.21]

  Early stopping at epoch 125 (best val=0.7251 at epoch 24)

Training done. Best val acc: 0.7251 (epoch 24)

==================================================
       RUNG_learnable_gamma — Gamma Values        
==================================================
  Layer       lam   gamma(=a*lam)    log_lam
--------------------------------------------------
      0      1.7285            6.3955       0.5473
      1      1.5109            5.5902       0.4127
      2      1.5801            5.8465       0.4575
      3      1.5763            5.8323       0.4551
      4      1.5502            5.7358       0.4384
      5      1.6704            6.1805       0.5131
      6      1.5280            5.6538       0.4240
      7      1.7900            6.6231       0.5822
      8      1.5135            5.6001       0.4145
      9      1.8223            6.7425       0.6001
==================================================

Acc: [0.7405213713645935]

Fit RUNG_learnable_gamma | lr=0.05, gamma_lr=0.01000, wd=0.0005, epochs=300
  gamma_reg_strength=0.0, patience=100, grad_clip=1.0
  Initial gammas: ['6.000', '6.000', '6.000', '6.000', '6.000', '6.000', '6.000', '6.000', '6.000', '6.000']

  Epoch   50 | loss=0.0273 | val=0.6825 | gammas=[6.98, 5.74, 6.39, 5.73, 6.24, 6.35, 6.14, 7.51, 6.10, 7.91]

  Epoch  100 | loss=0.0189 | val=0.6777 | gammas=[7.78, 6.29, 7.36, 6.33, 6.92, 7.56, 6.44, 9.35, 5.54, 11.98]

  Early stopping at epoch 121 (best val=0.7062 at epoch 20)

Training done. Best val acc: 0.7062 (epoch 20)

==================================================
       RUNG_learnable_gamma — Gamma Values        
==================================================
  Layer       lam   gamma(=a*lam)    log_lam
--------------------------------------------------
      0      1.7802            6.5868       0.5767
      1      1.5389            5.6938       0.4311
      2      1.6472            6.0947       0.4991
      3      1.5699            5.8086       0.4510
      4      1.6337            6.0447       0.4908
      5      1.6836            6.2294       0.5209
      6      1.6331            6.0426       0.4905
      7      1.8236            6.7475       0.6008
      8      1.6761            6.2017       0.5165
      9      1.8576            6.8733       0.6193
==================================================

Acc: [0.7405213713645935, 0.7120853066444397]

Fit RUNG_learnable_gamma | lr=0.05, gamma_lr=0.01000, wd=0.0005, epochs=300
  gamma_reg_strength=0.0, patience=100, grad_clip=1.0
  Initial gammas: ['6.000', '6.000', '6.000', '6.000', '6.000', '6.000', '6.000', '6.000', '6.000', '6.000']

  Epoch   50 | loss=0.0435 | val=0.7299 | gammas=[7.06, 6.04, 7.16, 6.45, 6.53, 7.08, 6.33, 7.37, 5.69, 8.00]

  Epoch  100 | loss=0.0767 | val=0.7204 | gammas=[7.50, 6.80, 8.82, 7.98, 7.81, 8.70, 7.18, 8.63, 5.57, 10.61]

  Early stopping at epoch 107 (best val=0.7725 at epoch 6)

Training done. Best val acc: 0.7725 (epoch 6)

==================================================
       RUNG_learnable_gamma — Gamma Values        
==================================================
  Layer       lam   gamma(=a*lam)    log_lam
--------------------------------------------------
      0      1.6872            6.2427       0.5231
      1      1.6387            6.0631       0.4939
      2      1.6447            6.0854       0.4976
      3      1.5959            5.9050       0.4675
      4      1.6112            5.9614       0.4770
      5      1.6461            6.0906       0.4984
      6      1.6162            5.9801       0.4801
      7      1.6069            5.9454       0.4743
      8      1.6118            5.9638       0.4774
      9      1.6212            5.9986       0.4832
==================================================

Acc: [0.7405213713645935, 0.7120853066444397, 0.7245261073112488]

Fit RUNG_learnable_gamma | lr=0.05, gamma_lr=0.01000, wd=0.0005, epochs=300
  gamma_reg_strength=0.0, patience=100, grad_clip=1.0
  Initial gammas: ['6.000', '6.000', '6.000', '6.000', '6.000', '6.000', '6.000', '6.000', '6.000', '6.000']

  Epoch   50 | loss=0.0318 | val=0.7062 | gammas=[6.43, 6.20, 6.07, 6.22, 6.04, 6.40, 5.90, 7.05, 5.69, 7.80]

  Epoch  100 | loss=0.0269 | val=0.6872 | gammas=[7.29, 6.54, 6.85, 6.54, 6.49, 6.66, 6.08, 7.75, 5.37, 10.89]

  Early stopping at epoch 122 (best val=0.7488 at epoch 21)

Training done. Best val acc: 0.7488 (epoch 21)

==================================================
       RUNG_learnable_gamma — Gamma Values        
==================================================
  Layer       lam   gamma(=a*lam)    log_lam
--------------------------------------------------
      0      1.6729            6.1899       0.5146
      1      1.6112            5.9615       0.4770
      2      1.6052            5.9393       0.4733
      3      1.5887            5.8782       0.4629
      4      1.6045            5.9368       0.4728
      5      1.6168            5.9820       0.4804
      6      1.5860            5.8681       0.4612
      7      1.7218            6.3706       0.5434
      8      1.5854            5.8662       0.4609
      9      1.7989            6.6560       0.5872
==================================================

Acc: [0.7405213713645935, 0.7120853066444397, 0.7245261073112488, 0.7369668483734131]

Fit RUNG_learnable_gamma | lr=0.05, gamma_lr=0.01000, wd=0.0005, epochs=300
  gamma_reg_strength=0.0, patience=100, grad_clip=1.0
  Initial gammas: ['6.000', '6.000', '6.000', '6.000', '6.000', '6.000', '6.000', '6.000', '6.000', '6.000']

  Epoch   50 | loss=0.0190 | val=0.7251 | gammas=[6.69, 5.70, 7.20, 6.13, 6.90, 6.16, 6.87, 6.38, 6.41, 7.77]

  Epoch  100 | loss=0.0364 | val=0.7251 | gammas=[7.23, 6.13, 8.90, 6.19, 8.11, 5.77, 7.67, 6.09, 5.86, 11.28]

  Early stopping at epoch 129 (best val=0.7441 at epoch 28)

Training done. Best val acc: 0.7441 (epoch 28)

==================================================
       RUNG_learnable_gamma — Gamma Values        
==================================================
  Layer       lam   gamma(=a*lam)    log_lam
--------------------------------------------------
      0      1.7604            6.5134       0.5655
      1      1.4885            5.5073       0.3977
      2      1.8341            6.7862       0.6066
      3      1.5584            5.7662       0.4437
      4      1.7734            6.5617       0.5729
      5      1.5987            5.9152       0.4692
      6      1.7919            6.6299       0.5833
      7      1.6886            6.2479       0.5239
      8      1.7759            6.5707       0.5743
      9      1.8308            6.7739       0.6048
==================================================

Acc: [0.7405213713645935, 0.7120853066444397, 0.7245261073112488, 0.7369668483734131, 0.7191943526268005]
model RUNG_learnable_gamma done, clean acc: 0.7266587972640991±0.010687186789642186
