
Fit RUNG_percentile_gamma | lr=0.05, wd=0.0005, epochs=300
  percentile_q=0.9, use_layerwise_q=False
  Parameters: 237446 (no gamma params)
  patience=100, grad_clip=1.0

  Epoch   50 | loss=0.0388 | val=0.6635 | gammas=[6.84, 6.37, 6.27, 6.21, 6.23, 6.22, 6.22, 6.22, 6.21, 6.19]

  Epoch  100 | loss=0.0184 | val=0.6351 | gammas=[8.00, 7.58, 7.47, 7.46, 7.42, 7.42, 7.41, 7.41, 7.43, 7.43]

  Early stopping at epoch 125 (best val=0.7014 at epoch 24)

Training done. Best val acc: 0.7014 (epoch 24)

======================================================
   RUNG_percentile_gamma — Gamma Values (last fwd)    
======================================================
  Layer      gamma        lam   q used
------------------------------------------------------
      0       6.7124     1.8142     0.90
      1       6.1554     1.6636     0.90
      2       6.0486     1.6348     0.90
      3       5.9770     1.6154     0.90
      4       5.9649     1.6121     0.90
      5       5.9750     1.6149     0.90
      6       5.9756     1.6150     0.90
      7       5.9656     1.6123     0.90
      8       5.9476     1.6075     0.90
      9       5.9566     1.6099     0.90
======================================================

Acc: [0.7150474190711975]

Fit RUNG_percentile_gamma | lr=0.05, wd=0.0005, epochs=300
  percentile_q=0.9, use_layerwise_q=False
  Parameters: 237446 (no gamma params)
  patience=100, grad_clip=1.0

  Epoch   50 | loss=0.0197 | val=0.6635 | gammas=[7.07, 6.54, 6.44, 6.40, 6.42, 6.39, 6.38, 6.38, 6.39, 6.37]

  Epoch  100 | loss=0.0697 | val=0.6398 | gammas=[8.14, 7.56, 7.40, 7.36, 7.37, 7.37, 7.36, 7.36, 7.37, 7.39]

  Early stopping at epoch 121 (best val=0.7062 at epoch 20)

Training done. Best val acc: 0.7062 (epoch 20)

======================================================
   RUNG_percentile_gamma — Gamma Values (last fwd)    
======================================================
  Layer      gamma        lam   q used
------------------------------------------------------
      0       7.3521     1.9870     0.90
      1       6.8563     1.8530     0.90
      2       6.7301     1.8190     0.90
      3       6.7225     1.8169     0.90
      4       6.7030     1.8116     0.90
      5       6.6932     1.8090     0.90
      6       6.7144     1.8147     0.90
      7       6.6948     1.8094     0.90
      8       6.6868     1.8072     0.90
      9       6.6660     1.8016     0.90
======================================================

Acc: [0.7150474190711975, 0.6996445655822754]

Fit RUNG_percentile_gamma | lr=0.05, wd=0.0005, epochs=300
  percentile_q=0.9, use_layerwise_q=False
  Parameters: 237446 (no gamma params)
  patience=100, grad_clip=1.0

  Epoch   50 | loss=0.0275 | val=0.7109 | gammas=[7.21, 6.67, 6.55, 6.57, 6.56, 6.55, 6.56, 6.55, 6.55, 6.55]

  Epoch  100 | loss=0.0956 | val=0.7062 | gammas=[7.58, 7.12, 7.04, 7.02, 7.00, 6.99, 6.98, 6.97, 6.96, 6.99]

  Early stopping at epoch 107 (best val=0.7630 at epoch 6)

Training done. Best val acc: 0.7630 (epoch 6)

======================================================
   RUNG_percentile_gamma — Gamma Values (last fwd)    
======================================================
  Layer      gamma        lam   q used
------------------------------------------------------
      0       4.7592     1.2863     0.90
      1       4.2690     1.1538     0.90
      2       4.1982     1.1347     0.90
      3       4.2143     1.1390     0.90
      4       4.1864     1.1315     0.90
      5       4.1804     1.1298     0.90
      6       4.1590     1.1241     0.90
      7       4.1723     1.1277     0.90
      8       4.1878     1.1318     0.90
      9       4.2028     1.1359     0.90
======================================================

Acc: [0.7150474190711975, 0.6996445655822754, 0.729857861995697]

Fit RUNG_percentile_gamma | lr=0.05, wd=0.0005, epochs=300
  percentile_q=0.9, use_layerwise_q=False
  Parameters: 237446 (no gamma params)
  patience=100, grad_clip=1.0

  Epoch   50 | loss=0.0279 | val=0.6967 | gammas=[6.46, 5.93, 5.82, 5.83, 5.81, 5.81, 5.78, 5.77, 5.76, 5.75]

  Epoch  100 | loss=0.0879 | val=0.6777 | gammas=[7.88, 7.44, 7.36, 7.31, 7.27, 7.25, 7.25, 7.24, 7.24, 7.25]

  Epoch  150 | loss=0.0676 | val=0.6777 | gammas=[8.24, 7.70, 7.64, 7.63, 7.62, 7.62, 7.62, 7.60, 7.60, 7.59]

  Early stopping at epoch 162 (best val=0.7393 at epoch 61)

Training done. Best val acc: 0.7393 (epoch 61)

======================================================
   RUNG_percentile_gamma — Gamma Values (last fwd)    
======================================================
  Layer      gamma        lam   q used
------------------------------------------------------
      0       7.0964     1.9179     0.90
      1       6.5680     1.7751     0.90
      2       6.4681     1.7481     0.90
      3       6.4148     1.7337     0.90
      4       6.3856     1.7258     0.90
      5       6.4111     1.7327     0.90
      6       6.4203     1.7352     0.90
      7       6.3968     1.7289     0.90
      8       6.3983     1.7293     0.90
      9       6.4204     1.7352     0.90
======================================================

Acc: [0.7150474190711975, 0.6996445655822754, 0.729857861995697, 0.6949052214622498]

Fit RUNG_percentile_gamma | lr=0.05, wd=0.0005, epochs=300
  percentile_q=0.9, use_layerwise_q=False
  Parameters: 237446 (no gamma params)
  patience=100, grad_clip=1.0

  Epoch   50 | loss=0.0227 | val=0.6967 | gammas=[6.33, 5.83, 5.71, 5.70, 5.67, 5.65, 5.64, 5.66, 5.66, 5.65]

  Epoch  100 | loss=0.0381 | val=0.7062 | gammas=[7.13, 6.69, 6.56, 6.53, 6.50, 6.51, 6.50, 6.51, 6.52, 6.51]

  Epoch  150 | loss=0.1970 | val=0.7204 | gammas=[8.49, 7.99, 7.82, 7.80, 7.79, 7.80, 7.79, 7.78, 7.78, 7.78]

  Early stopping at epoch 191 (best val=0.7536 at epoch 90)

Training done. Best val acc: 0.7536 (epoch 90)

======================================================
   RUNG_percentile_gamma — Gamma Values (last fwd)    
======================================================
  Layer      gamma        lam   q used
------------------------------------------------------
      0       6.6674     1.8020     0.90
      1       6.1719     1.6681     0.90
      2       6.0999     1.6486     0.90
      3       6.0913     1.6463     0.90
      4       6.0539     1.6362     0.90
      5       6.0077     1.6237     0.90
      6       6.0068     1.6235     0.90
      7       6.0002     1.6217     0.90
      8       5.9895     1.6188     0.90
      9       5.9802     1.6163     0.90
======================================================

Acc: [0.7150474190711975, 0.6996445655822754, 0.729857861995697, 0.6949052214622498, 0.7109004855155945]
model RUNG_percentile_gamma done, clean acc: 0.7100711107254029±0.012293771381406247
