
Detected GPU: Tesla T4 with compute capability 7.5
Using GPU: Tesla T4


Fit RUNG_parametric_gamma | lr=0.05, schedule_lr=0.01500, wd=0.0005, epochs=300
  gamma_reg_strength=0.0, patience=100, grad_clip=1.0
  Initial schedule: gamma_0=6.0000, decay_rate=0.8500, gammas=[6.000, 5.100, 4.335, 3.685, 3.132, 2.662, 2.263, 1.923, 1.635, 1.390]

  Epoch   50 | loss=0.0437 | val=0.6872 | γ₀=6.1023, r=0.8526 | gammas=[6.10, 5.20, 4.44, 3.78, 3.22, 2.75, 2.34, 2.00, 1.70, 1.45]

  Epoch  100 | loss=0.0343 | val=0.6730 | γ₀=6.2990, r=0.8440 | gammas=[6.30, 5.32, 4.49, 3.79, 3.20, 2.70, 2.28, 1.92, 1.62, 1.37]

  Early stopping at epoch 143 (best val=0.7062 at epoch 42)

Training done. Best val acc: 0.7062 (epoch 42)

=================================================================
           RUNG_parametric_gamma — Schedule Parameters           
=================================================================
  γ₀ (gamma_0)          = 6.115579
  r  (decay_rate)       = 0.853127

  Layer           gamma          lam
  -----------------------------------
  0            6.115579     1.652859
  1            5.217364     1.410098
  2            4.451073     1.202993
  3            3.797329     1.026305
  4            3.239603     0.875568
  5            2.763792     0.746971
  6            2.357865     0.637261
  7            2.011558     0.543664
  8            1.716114     0.463815
  9            1.464063     0.395693
=================================================================

Acc: [0.701421856880188]

Fit RUNG_parametric_gamma | lr=0.05, schedule_lr=0.01500, wd=0.0005, epochs=300
  gamma_reg_strength=0.0, patience=100, grad_clip=1.0
  Initial schedule: gamma_0=6.0000, decay_rate=0.8500, gammas=[6.000, 5.100, 4.335, 3.685, 3.132, 2.662, 2.263, 1.923, 1.635, 1.390]

  Epoch   50 | loss=0.0669 | val=0.6161 | γ₀=7.3148, r=0.8680 | gammas=[7.31, 6.35, 5.51, 4.78, 4.15, 3.60, 3.13, 2.71, 2.36, 2.05]

  Epoch  100 | loss=0.0732 | val=0.6493 | γ₀=8.7865, r=0.8838 | gammas=[8.79, 7.77, 6.86, 6.07, 5.36, 4.74, 4.19, 3.70, 3.27, 2.89]

  Early stopping at epoch 105 (best val=0.7014 at epoch 4)

Training done. Best val acc: 0.7014 (epoch 4)

=================================================================
           RUNG_parametric_gamma — Schedule Parameters           
=================================================================
  γ₀ (gamma_0)          = 6.175684
  r  (decay_rate)       = 0.852463

  Layer           gamma          lam
  -----------------------------------
  0            6.175684     1.669104
  1            5.264540     1.422848
  2            4.487823     1.212925
  3            3.825701     1.033973
  4            3.261267     0.881424
  5            2.780108     0.751381
  6            2.369938     0.640524
  7            2.020284     0.546023
  8            1.722216     0.465464
  9            1.468125     0.396791
=================================================================

Acc: [0.701421856880188, 0.7535545229911804]

Fit RUNG_parametric_gamma | lr=0.05, schedule_lr=0.01500, wd=0.0005, epochs=300
  gamma_reg_strength=0.0, patience=100, grad_clip=1.0
  Initial schedule: gamma_0=6.0000, decay_rate=0.8500, gammas=[6.000, 5.100, 4.335, 3.685, 3.132, 2.662, 2.263, 1.923, 1.635, 1.390]

  Epoch   50 | loss=0.0685 | val=0.6872 | γ₀=7.7788, r=0.8758 | gammas=[7.78, 6.81, 5.97, 5.22, 4.58, 4.01, 3.51, 3.07, 2.69, 2.36]

  Epoch  100 | loss=0.0910 | val=0.7204 | γ₀=10.0949, r=0.8963 | gammas=[10.09, 9.05, 8.11, 7.27, 6.52, 5.84, 5.23, 4.69, 4.21, 3.77]

  Early stopping at epoch 107 (best val=0.7536 at epoch 6)

Training done. Best val acc: 0.7536 (epoch 6)

=================================================================
           RUNG_parametric_gamma — Schedule Parameters           
=================================================================
  γ₀ (gamma_0)          = 6.141556
  r  (decay_rate)       = 0.850391

  Layer           gamma          lam
  -----------------------------------
  0            6.141556     1.659880
  1            5.222724     1.411547
  2            4.441358     1.200367
  3            3.776891     1.020781
  4            3.211835     0.868063
  5            2.731316     0.738193
  6            2.322687     0.627753
  7            1.975192     0.533836
  8            1.679686     0.453969
  9            1.428390     0.386051
=================================================================

Acc: [0.701421856880188, 0.7535545229911804, 0.7251185178756714]

Fit RUNG_parametric_gamma | lr=0.05, schedule_lr=0.01500, wd=0.0005, epochs=300
  gamma_reg_strength=0.0, patience=100, grad_clip=1.0
  Initial schedule: gamma_0=6.0000, decay_rate=0.8500, gammas=[6.000, 5.100, 4.335, 3.685, 3.132, 2.662, 2.263, 1.923, 1.635, 1.390]

  Epoch   50 | loss=0.0249 | val=0.6730 | γ₀=7.2753, r=0.8686 | gammas=[7.28, 6.32, 5.49, 4.77, 4.14, 3.60, 3.12, 2.71, 2.36, 2.05]

  Epoch  100 | loss=0.0255 | val=0.7062 | γ₀=9.4638, r=0.8913 | gammas=[9.46, 8.43, 7.52, 6.70, 5.97, 5.32, 4.74, 4.23, 3.77, 3.36]

  Early stopping at epoch 107 (best val=0.7346 at epoch 6)

Training done. Best val acc: 0.7346 (epoch 6)

=================================================================
           RUNG_parametric_gamma — Schedule Parameters           
=================================================================
  γ₀ (gamma_0)          = 5.951773
  r  (decay_rate)       = 0.849326

  Layer           gamma          lam
  -----------------------------------
  0            5.951773     1.608587
  1            5.054994     1.366215
  2            4.293337     1.160361
  3            3.646441     0.985525
  4            3.097017     0.837032
  5            2.630376     0.710912
  6            2.234046     0.603796
  7            1.897433     0.512820
  8            1.611539     0.435551
  9            1.368721     0.369925
=================================================================

Acc: [0.701421856880188, 0.7535545229911804, 0.7251185178756714, 0.7180095314979553]

Fit RUNG_parametric_gamma | lr=0.05, schedule_lr=0.01500, wd=0.0005, epochs=300
  gamma_reg_strength=0.0, patience=100, grad_clip=1.0
  Initial schedule: gamma_0=6.0000, decay_rate=0.8500, gammas=[6.000, 5.100, 4.335, 3.685, 3.132, 2.662, 2.263, 1.923, 1.635, 1.390]

  Epoch   50 | loss=0.0229 | val=0.6872 | γ₀=6.9080, r=0.8590 | gammas=[6.91, 5.93, 5.10, 4.38, 3.76, 3.23, 2.78, 2.38, 2.05, 1.76]

  Epoch  100 | loss=0.0528 | val=0.7014 | γ₀=9.6069, r=0.8912 | gammas=[9.61, 8.56, 7.63, 6.80, 6.06, 5.40, 4.81, 4.29, 3.82, 3.41]

  Early stopping at epoch 104 (best val=0.7299 at epoch 3)

Training done. Best val acc: 0.7299 (epoch 3)

=================================================================
           RUNG_parametric_gamma — Schedule Parameters           
=================================================================
  γ₀ (gamma_0)          = 6.077683
  r  (decay_rate)       = 0.850213

  Layer           gamma          lam
  -----------------------------------
  0            6.077683     1.642617
  1            5.167327     1.396575
  2            4.393330     1.187387
  3            3.735268     1.009532
  4            3.175774     0.858317
  5            2.700085     0.729753
  6            2.295648     0.620445
  7            1.951791     0.527511
  8            1.659438     0.448497
  9            1.410877     0.381318
=================================================================

Acc: [0.701421856880188, 0.7535545229911804, 0.7251185178756714, 0.7180095314979553, 0.7476303577423096]
model RUNG_parametric_gamma done, clean acc: 0.7291469573974609±0.019216228172356055
