
Detected GPU: Tesla T4 with compute capability 7.5
Using GPU: Tesla T4


Fit RUNG_percentile_gamma | lr=0.05, wd=0.0005, epochs=300
  percentile_q=0.75, use_layerwise_q=False
  Parameters: 237446 (no gamma params)
  patience=100, grad_clip=1.0

  Epoch   50 | loss=0.0226 | val=0.6351 | gammas=[5.22, 4.83, 4.73, 4.67, 4.66, 4.64, 4.64, 4.64, 4.64, 4.62]

  Epoch  100 | loss=0.0156 | val=0.6635 | gammas=[6.10, 5.71, 5.55, 5.55, 5.51, 5.48, 5.47, 5.45, 5.44, 5.46]

  Epoch  150 | loss=0.1062 | val=0.6588 | gammas=[6.19, 5.81, 5.66, 5.65, 5.64, 5.63, 5.64, 5.62, 5.62, 5.60]

  Early stopping at epoch 159 (best val=0.6872 at epoch 58)

Training done. Best val acc: 0.6872 (epoch 58)

======================================================
   RUNG_percentile_gamma — Gamma Values (last fwd)    
======================================================
  Layer      gamma        lam   q used
------------------------------------------------------
      0       5.1030     1.3792     0.75
      1       4.7230     1.2765     0.75
      2       4.5897     1.2405     0.75
      3       4.5304     1.2244     0.75
      4       4.5381     1.2265     0.75
      5       4.5180     1.2211     0.75
      6       4.5016     1.2166     0.75
      7       4.5157     1.2205     0.75
      8       4.5091     1.2187     0.75
      9       4.5183     1.2212     0.75
======================================================

Acc: [0.6907583475112915]

Fit RUNG_percentile_gamma | lr=0.05, wd=0.0005, epochs=300
  percentile_q=0.75, use_layerwise_q=False
  Parameters: 237446 (no gamma params)
  patience=100, grad_clip=1.0

  Epoch   50 | loss=0.0585 | val=0.6398 | gammas=[5.32, 4.87, 4.81, 4.74, 4.74, 4.74, 4.72, 4.72, 4.72, 4.72]

  Epoch  100 | loss=0.0450 | val=0.6256 | gammas=[5.70, 5.29, 5.17, 5.11, 5.08, 5.11, 5.10, 5.07, 5.08, 5.09]

  Early stopping at epoch 105 (best val=0.6967 at epoch 4)

Training done. Best val acc: 0.6967 (epoch 4)

======================================================
   RUNG_percentile_gamma — Gamma Values (last fwd)    
======================================================
  Layer      gamma        lam   q used
------------------------------------------------------
      0       2.0343     0.5498     0.75
      1       1.7367     0.4694     0.75
      2       1.6516     0.4464     0.75
      3       1.5970     0.4316     0.75
      4       1.5851     0.4284     0.75
      5       1.5747     0.4256     0.75
      6       1.5733     0.4252     0.75
      7       1.5856     0.4286     0.75
      8       1.5856     0.4285     0.75
      9       1.5825     0.4277     0.75
======================================================

Acc: [0.6907583475112915, 0.7340047955513]

Fit RUNG_percentile_gamma | lr=0.05, wd=0.0005, epochs=300
  percentile_q=0.75, use_layerwise_q=False
  Parameters: 237446 (no gamma params)
  patience=100, grad_clip=1.0

  Epoch   50 | loss=0.0858 | val=0.7062 | gammas=[4.80, 4.47, 4.36, 4.33, 4.31, 4.28, 4.28, 4.30, 4.30, 4.30]

  Epoch  100 | loss=0.0383 | val=0.7204 | gammas=[5.53, 5.08, 4.99, 5.01, 4.99, 4.97, 4.97, 4.94, 4.95, 4.95]

  Epoch  150 | loss=0.0971 | val=0.7109 | gammas=[6.05, 5.65, 5.56, 5.54, 5.52, 5.50, 5.49, 5.48, 5.49, 5.49]

  Epoch  200 | loss=0.0921 | val=0.6967 | gammas=[7.03, 6.64, 6.52, 6.49, 6.45, 6.48, 6.47, 6.46, 6.45, 6.44]

  Early stopping at epoch 206 (best val=0.7441 at epoch 105)

Training done. Best val acc: 0.7441 (epoch 105)

======================================================
   RUNG_percentile_gamma — Gamma Values (last fwd)    
======================================================
  Layer      gamma        lam   q used
------------------------------------------------------
      0       5.6029     1.5143     0.75
      1       5.1869     1.4019     0.75
      2       5.1240     1.3849     0.75
      3       5.1042     1.3795     0.75
      4       5.0831     1.3738     0.75
      5       5.0898     1.3756     0.75
      6       5.0765     1.3720     0.75
      7       5.0599     1.3675     0.75
      8       5.0555     1.3664     0.75
      9       5.0526     1.3656     0.75
======================================================

Acc: [0.6907583475112915, 0.7340047955513, 0.6913507580757141]

Fit RUNG_percentile_gamma | lr=0.05, wd=0.0005, epochs=300
  percentile_q=0.75, use_layerwise_q=False
  Parameters: 237446 (no gamma params)
  patience=100, grad_clip=1.0

  Epoch   50 | loss=0.0139 | val=0.6540 | gammas=[5.03, 4.58, 4.52, 4.49, 4.44, 4.42, 4.41, 4.39, 4.41, 4.40]

  Epoch  100 | loss=0.0398 | val=0.6777 | gammas=[5.70, 5.26, 5.15, 5.14, 5.09, 5.09, 5.07, 5.08, 5.09, 5.09]

  Early stopping at epoch 121 (best val=0.7204 at epoch 20)

Training done. Best val acc: 0.7204 (epoch 20)

======================================================
   RUNG_percentile_gamma — Gamma Values (last fwd)    
======================================================
  Layer      gamma        lam   q used
------------------------------------------------------
      0       6.0438     1.6335     0.75
      1       5.5889     1.5105     0.75
      2       5.5145     1.4904     0.75
      3       5.5131     1.4900     0.75
      4       5.4847     1.4824     0.75
      5       5.4888     1.4835     0.75
      6       5.4882     1.4833     0.75
      7       5.4735     1.4793     0.75
      8       5.4656     1.4772     0.75
      9       5.4511     1.4733     0.75
======================================================

Acc: [0.6907583475112915, 0.7340047955513, 0.6913507580757141, 0.6978673338890076]

Fit RUNG_percentile_gamma | lr=0.05, wd=0.0005, epochs=300
  percentile_q=0.75, use_layerwise_q=False
  Parameters: 237446 (no gamma params)
  patience=100, grad_clip=1.0

  Epoch   50 | loss=0.0527 | val=0.6872 | gammas=[5.13, 4.70, 4.60, 4.59, 4.57, 4.55, 4.56, 4.54, 4.54, 4.53]

  Epoch  100 | loss=0.0495 | val=0.6825 | gammas=[5.65, 5.23, 5.08, 5.06, 5.08, 5.05, 5.05, 5.03, 5.03, 5.03]

  Epoch  150 | loss=0.0493 | val=0.7156 | gammas=[6.50, 6.05, 5.99, 5.92, 5.93, 5.90, 5.89, 5.88, 5.89, 5.89]

  Early stopping at epoch 170 (best val=0.7536 at epoch 69)

Training done. Best val acc: 0.7536 (epoch 69)

======================================================
   RUNG_percentile_gamma — Gamma Values (last fwd)    
======================================================
  Layer      gamma        lam   q used
------------------------------------------------------
      0       5.4234     1.4658     0.75
      1       4.9867     1.3478     0.75
      2       4.8919     1.3221     0.75
      3       4.8766     1.3180     0.75
      4       4.8634     1.3144     0.75
      5       4.8461     1.3097     0.75
      6       4.8470     1.3100     0.75
      7       4.8611     1.3138     0.75
      8       4.8509     1.3111     0.75
      9       4.8601     1.3136     0.75
======================================================

Acc: [0.6907583475112915, 0.7340047955513, 0.6913507580757141, 0.6978673338890076, 0.6954976320266724]
model RUNG_percentile_gamma done, clean acc: 0.7018957734107971±0.016268948614187626
