
Detected GPU: Tesla T4 with compute capability 7.5
Using GPU: Tesla T4


====================================================================
                        Adversarial Training                        
====================================================================
  Model:         RUNG_percentile_gamma
  alpha:         0.7 (clean=70%, adv=30%)
  attack_freq:   every 5 epochs
  train_pgd_steps: 20
  patience:      100

Curriculum schedule:
  Phase 0: epoch 0-49 → budget=5%
  Phase 1: epoch 50-99 → budget=10%
  Phase 2: epoch 100-199 → budget=20%
  Phase 3: epoch 200+ → budget=40%
====================================================================

Ep   10 | phase=0 bgt=5% | L=0.0579 (Lc=0.0475 La=0.0823) | val=0.7912
Ep   20 | phase=0 bgt=5% | L=0.0084 (Lc=0.0070 La=0.0117) | val=0.7831
Ep   30 | phase=0 bgt=5% | L=0.0363 (Lc=0.0396 La=0.0284) | val=0.7751
Ep   40 | phase=0 bgt=5% | L=0.0293 (Lc=0.0346 La=0.0167) | val=0.7871
Ep   50 | phase=0 bgt=5% | L=0.0279 (Lc=0.0238 La=0.0374) | val=0.7871
Ep   60 | phase=1 bgt=10% | L=0.0203 (Lc=0.0223 La=0.0159) | val=0.7831
Ep   70 | phase=1 bgt=10% | L=0.0145 (Lc=0.0134 La=0.0172) | val=0.7952
Ep   80 | phase=1 bgt=10% | L=0.0276 (Lc=0.0207 La=0.0436) | val=0.7791
Ep   90 | phase=1 bgt=10% | L=0.0141 (Lc=0.0124 La=0.0182) | val=0.7631
Ep  100 | phase=1 bgt=10% | L=0.0312 (Lc=0.0298 La=0.0343) | val=0.7912

Early stopping at epoch 106. Best val=0.8353 at epoch 5

====================================================================
Training complete
  Best val:  0.8353 (epoch 5)
  Test acc:  0.7912
  Total attack time: 244.5s
====================================================================

Acc: [0.7912474274635315]

====================================================================
                        Adversarial Training                        
====================================================================
  Model:         RUNG_percentile_gamma
  alpha:         0.7 (clean=70%, adv=30%)
  attack_freq:   every 5 epochs
  train_pgd_steps: 20
  patience:      100

Curriculum schedule:
  Phase 0: epoch 0-49 → budget=5%
  Phase 1: epoch 50-99 → budget=10%
  Phase 2: epoch 100-199 → budget=20%
  Phase 3: epoch 200+ → budget=40%
====================================================================

Ep   10 | phase=0 bgt=5% | L=0.0715 (Lc=0.0741 La=0.0656) | val=0.7751
Ep   20 | phase=0 bgt=5% | L=0.0057 (Lc=0.0061 La=0.0049) | val=0.7390
Ep   30 | phase=0 bgt=5% | L=0.0186 (Lc=0.0162 La=0.0244) | val=0.7671
Ep   40 | phase=0 bgt=5% | L=0.0171 (Lc=0.0159 La=0.0198) | val=0.7470
Ep   50 | phase=0 bgt=5% | L=0.0274 (Lc=0.0271 La=0.0283) | val=0.7309
Ep   60 | phase=1 bgt=10% | L=0.0234 (Lc=0.0271 La=0.0147) | val=0.7430
Ep   70 | phase=1 bgt=10% | L=0.0276 (Lc=0.0196 La=0.0461) | val=0.7631
Ep   80 | phase=1 bgt=10% | L=0.0187 (Lc=0.0127 La=0.0328) | val=0.7430
Ep   90 | phase=1 bgt=10% | L=0.0200 (Lc=0.0188 La=0.0227) | val=0.7189
Ep  100 | phase=1 bgt=10% | L=0.0195 (Lc=0.0162 La=0.0272) | val=0.7189

Early stopping at epoch 108. Best val=0.7912 at epoch 7

====================================================================
Training complete
  Best val:  0.7912 (epoch 7)
  Test acc:  0.7948
  Total attack time: 242.6s
====================================================================

Acc: [0.7912474274635315, 0.7947685718536377]

====================================================================
                        Adversarial Training                        
====================================================================
  Model:         RUNG_percentile_gamma
  alpha:         0.7 (clean=70%, adv=30%)
  attack_freq:   every 5 epochs
  train_pgd_steps: 20
  patience:      100

Curriculum schedule:
  Phase 0: epoch 0-49 → budget=5%
  Phase 1: epoch 50-99 → budget=10%
  Phase 2: epoch 100-199 → budget=20%
  Phase 3: epoch 200+ → budget=40%
====================================================================

Ep   10 | phase=0 bgt=5% | L=0.0770 (Lc=0.0720 La=0.0886) | val=0.8032
Ep   20 | phase=0 bgt=5% | L=0.0268 (Lc=0.0344 La=0.0090) | val=0.8153
Ep   30 | phase=0 bgt=5% | L=0.0282 (Lc=0.0306 La=0.0225) | val=0.7952
Ep   40 | phase=0 bgt=5% | L=0.0289 (Lc=0.0221 La=0.0448) | val=0.7871
Ep   50 | phase=0 bgt=5% | L=0.0343 (Lc=0.0310 La=0.0420) | val=0.7992
Ep   60 | phase=1 bgt=10% | L=0.0211 (Lc=0.0177 La=0.0290) | val=0.8072
Ep   70 | phase=1 bgt=10% | L=0.0265 (Lc=0.0257 La=0.0283) | val=0.8072
Ep   80 | phase=1 bgt=10% | L=0.0332 (Lc=0.0272 La=0.0471) | val=0.7952
Ep   90 | phase=1 bgt=10% | L=0.0177 (Lc=0.0163 La=0.0208) | val=0.7992
Ep  100 | phase=1 bgt=10% | L=0.0401 (Lc=0.0503 La=0.0162) | val=0.8032

Early stopping at epoch 107. Best val=0.8554 at epoch 6

====================================================================
Training complete
  Best val:  0.8554 (epoch 6)
  Test acc:  0.8099
  Total attack time: 242.7s
====================================================================

Acc: [0.7912474274635315, 0.7947685718536377, 0.8098590970039368]

====================================================================
                        Adversarial Training                        
====================================================================
  Model:         RUNG_percentile_gamma
  alpha:         0.7 (clean=70%, adv=30%)
  attack_freq:   every 5 epochs
  train_pgd_steps: 20
  patience:      100

Curriculum schedule:
  Phase 0: epoch 0-49 → budget=5%
  Phase 1: epoch 50-99 → budget=10%
  Phase 2: epoch 100-199 → budget=20%
  Phase 3: epoch 200+ → budget=40%
====================================================================

Ep   10 | phase=0 bgt=5% | L=0.0359 (Lc=0.0272 La=0.0562) | val=0.7751
Ep   20 | phase=0 bgt=5% | L=0.0222 (Lc=0.0107 La=0.0490) | val=0.7470
Ep   30 | phase=0 bgt=5% | L=0.0281 (Lc=0.0290 La=0.0260) | val=0.7470
Ep   40 | phase=0 bgt=5% | L=0.0279 (Lc=0.0350 La=0.0114) | val=0.7269
Ep   50 | phase=0 bgt=5% | L=0.0152 (Lc=0.0145 La=0.0168) | val=0.7390
Ep   60 | phase=1 bgt=10% | L=0.0254 (Lc=0.0185 La=0.0413) | val=0.7349
Ep   70 | phase=1 bgt=10% | L=0.0368 (Lc=0.0427 La=0.0229) | val=0.7510
Ep   80 | phase=1 bgt=10% | L=0.0283 (Lc=0.0231 La=0.0403) | val=0.7349
Ep   90 | phase=1 bgt=10% | L=0.0282 (Lc=0.0225 La=0.0416) | val=0.7430
Ep  100 | phase=1 bgt=10% | L=0.0195 (Lc=0.0202 La=0.0180) | val=0.7510

Early stopping at epoch 105. Best val=0.7871 at epoch 4

====================================================================
Training complete
  Best val:  0.7871 (epoch 4)
  Test acc:  0.7928
  Total attack time: 231.1s
====================================================================

Acc: [0.7912474274635315, 0.7947685718536377, 0.8098590970039368, 0.7927564978599548]

====================================================================
                        Adversarial Training                        
====================================================================
  Model:         RUNG_percentile_gamma
  alpha:         0.7 (clean=70%, adv=30%)
  attack_freq:   every 5 epochs
  train_pgd_steps: 20
  patience:      100

Curriculum schedule:
  Phase 0: epoch 0-49 → budget=5%
  Phase 1: epoch 50-99 → budget=10%
  Phase 2: epoch 100-199 → budget=20%
  Phase 3: epoch 200+ → budget=40%
====================================================================

Ep   10 | phase=0 bgt=5% | L=0.0492 (Lc=0.0390 La=0.0732) | val=0.7671
Ep   20 | phase=0 bgt=5% | L=0.0163 (Lc=0.0195 La=0.0088) | val=0.7671
Ep   30 | phase=0 bgt=5% | L=0.0513 (Lc=0.0544 La=0.0439) | val=0.7550
Ep   40 | phase=0 bgt=5% | L=0.0207 (Lc=0.0213 La=0.0192) | val=0.7269
Ep   50 | phase=0 bgt=5% | L=0.0167 (Lc=0.0105 La=0.0314) | val=0.7068
Ep   60 | phase=1 bgt=10% | L=0.0293 (Lc=0.0329 La=0.0210) | val=0.7189
Ep   70 | phase=1 bgt=10% | L=0.0291 (Lc=0.0246 La=0.0398) | val=0.7390
Ep   80 | phase=1 bgt=10% | L=0.0250 (Lc=0.0301 La=0.0130) | val=0.7309
Ep   90 | phase=1 bgt=10% | L=0.0313 (Lc=0.0234 La=0.0500) | val=0.7149
Ep  100 | phase=1 bgt=10% | L=0.0249 (Lc=0.0265 La=0.0210) | val=0.6988

Early stopping at epoch 108. Best val=0.8193 at epoch 7

====================================================================
Training complete
  Best val:  0.8193 (epoch 7)
  Test acc:  0.7918
  Total attack time: 242.5s
====================================================================

Acc: [0.7912474274635315, 0.7947685718536377, 0.8098590970039368, 0.7927564978599548, 0.7917504906654358]
model RUNG_percentile_adv done, clean acc: 0.7960764169692993±0.006996104183181073
