Budget: 0.05
Model:RUNG_combined
0.7655935287475586 0.7640844583511353
0.7484909296035767 0.7484909296035767
0.7434607148170471 0.7429577112197876
0.790744423866272 0.7897384166717529
0.7831991910934448 0.7791750431060791
Clean: 0.7662977576255798±0.018560212985356907: [0.7655935287475586, 0.7484909296035767, 0.7434607148170471, 0.790744423866272, 0.7831991910934448]
Attacked: 0.7648893117904663±0.017731948362325896: [0.7640844583511353, 0.7484909296035767, 0.7429577112197876, 0.7897384166717529, 0.7791750431060791]
Budget: 0.1
Model:RUNG_combined
0.7655935287475586 0.7635814547538757
0.7484909296035767 0.7484909296035767
0.7434607148170471 0.7434607148170471
0.790744423866272 0.7892354130744934
0.7831991910934448 0.7776659727096558
Clean: 0.7662977576255798±0.018560212985356907: [0.7655935287475586, 0.7484909296035767, 0.7434607148170471, 0.790744423866272, 0.7831991910934448]
Attacked: 0.7644868969917298±0.01723350353381185: [0.7635814547538757, 0.7484909296035767, 0.7434607148170471, 0.7892354130744934, 0.7776659727096558]
Budget: 0.2
Model:RUNG_combined
0.7655935287475586 0.7635814547538757
0.7484909296035767 0.7469818592071533
0.7434607148170471 0.7429577112197876
0.790744423866272 0.7877263426780701
0.7831991910934448 0.7781689763069153
Clean: 0.7662977576255798±0.018560212985356907: [0.7655935287475586, 0.7484909296035767, 0.7434607148170471, 0.790744423866272, 0.7831991910934448]
Attacked: 0.7638832688331604±0.01729856241954594: [0.7635814547538757, 0.7469818592071533, 0.7429577112197876, 0.7877263426780701, 0.7781689763069153]
Budget: 0.3
Model:RUNG_combined
0.7655935287475586 0.7640844583511353
0.7484909296035767 0.7479879260063171
0.7434607148170471 0.7419517040252686
0.790744423866272 0.7877263426780701
0.7831991910934448 0.7786719799041748
Clean: 0.7662977576255798±0.018560212985356907: [0.7655935287475586, 0.7484909296035767, 0.7434607148170471, 0.790744423866272, 0.7831991910934448]
Attacked: 0.7640844821929932±0.01743956219153832: [0.7640844583511353, 0.7479879260063171, 0.7419517040252686, 0.7877263426780701, 0.7786719799041748]
Budget: 0.4
Model:RUNG_combined
0.7655935287475586 0.7640844583511353
0.7484909296035767 0.7479879260063171
0.7434607148170471 0.7414486408233643
0.790744423866272 0.7872233390808105
0.7831991910934448 0.7766599059104919
Clean: 0.7662977576255798±0.018560212985356907: [0.7655935287475586, 0.7484909296035767, 0.7434607148170471, 0.790744423866272, 0.7831991910934448]
Attacked: 0.7634808540344238±0.017106762291929038: [0.7640844583511353, 0.7479879260063171, 0.7414486408233643, 0.7872233390808105, 0.7766599059104919]
Budget: 0.6
Model:RUNG_combined
0.7655935287475586 0.7635814547538757
0.7484909296035767 0.7464788556098938
0.7434607148170471 0.7414486408233643
0.790744423866272 0.7882293462753296
0.7831991910934448 0.7766599059104919
Clean: 0.7662977576255798±0.018560212985356907: [0.7655935287475586, 0.7484909296035767, 0.7434607148170471, 0.790744423866272, 0.7831991910934448]
Attacked: 0.7632796406745911±0.01766617860421124: [0.7635814547538757, 0.7464788556098938, 0.7414486408233643, 0.7882293462753296, 0.7766599059104919]
