Budget: 0.05
Model:RUNG_learnable_distance

Detected GPU: Tesla T4 with compute capability 7.5
Using GPU: Tesla T4

0.7781689763069153 0.77364182472229
0.7686116695404053 0.7630784511566162
0.7897384166717529 0.7877263426780701
0.7932595014572144 0.7806840538978577
0.772635817527771 0.7671025991439819
Clean: 0.7804828763008118±0.009557857421650235: [0.7781689763069153, 0.7686116695404053, 0.7897384166717529, 0.7932595014572144, 0.772635817527771]
Attacked: 0.7744466543197632±0.00893391534160737: [0.77364182472229, 0.7630784511566162, 0.7877263426780701, 0.7806840538978577, 0.7671025991439819]
Budget: 0.1
Model:RUNG_learnable_distance

Detected GPU: Tesla T4 with compute capability 7.5
Using GPU: Tesla T4

0.7781689763069153 0.7756538987159729
0.7686116695404053 0.7580482363700867
0.7897384166717529 0.7882293462753296
0.7932595014572144 0.7696176767349243
0.772635817527771 0.7655935287475586
Clean: 0.7804828763008118±0.009557857421650235: [0.7781689763069153, 0.7686116695404053, 0.7897384166717529, 0.7932595014572144, 0.772635817527771]
Attacked: 0.7714285373687744±0.010163462550620806: [0.7756538987159729, 0.7580482363700867, 0.7882293462753296, 0.7696176767349243, 0.7655935287475586]
Budget: 0.15
Model:RUNG_learnable_distance

Detected GPU: Tesla T4 with compute capability 7.5
Using GPU: Tesla T4

0.7781689763069153 0.7761569023132324
0.7686116695404053 0.7580482363700867
0.7897384166717529 0.7887323498725891
0.7932595014572144 0.7696176767349243
0.772635817527771 0.7635814547538757
Clean: 0.7804828763008118±0.009557857421650235: [0.7781689763069153, 0.7686116695404053, 0.7897384166717529, 0.7932595014572144, 0.772635817527771]
Attacked: 0.7712273240089417±0.010634522130777995: [0.7761569023132324, 0.7580482363700867, 0.7887323498725891, 0.7696176767349243, 0.7635814547538757]
Budget: 0.2
Model:RUNG_learnable_distance

Detected GPU: Tesla T4 with compute capability 7.5
Using GPU: Tesla T4

0.7781689763069153 0.7746478319168091
0.7686116695404053 0.7570422291755676
0.7897384166717529 0.7887323498725891
0.7932595014572144 0.7716297507286072
0.772635817527771 0.7620723843574524
Clean: 0.7804828763008118±0.009557857421650235: [0.7781689763069153, 0.7686116695404053, 0.7897384166717529, 0.7932595014572144, 0.772635817527771]
Attacked: 0.7708249092102051±0.010977321159576817: [0.7746478319168091, 0.7570422291755676, 0.7887323498725891, 0.7716297507286072, 0.7620723843574524]
Budget: 0.3
Model:RUNG_learnable_distance

Detected GPU: Tesla T4 with compute capability 7.5
Using GPU: Tesla T4

0.7781689763069153 0.7741448283195496
0.7686116695404053 0.75
0.7897384166717529 0.7867202758789062
0.7932595014572144 0.75955730676651
0.772635817527771 0.7600603103637695
Clean: 0.7804828763008118±0.009557857421650235: [0.7781689763069153, 0.7686116695404053, 0.7897384166717529, 0.7932595014572144, 0.772635817527771]
Attacked: 0.766096544265747±0.012871749422299043: [0.7741448283195496, 0.75, 0.7867202758789062, 0.75955730676651, 0.7600603103637695]
Budget: 0.4
Model:RUNG_learnable_distance

Detected GPU: Tesla T4 with compute capability 7.5
Using GPU: Tesla T4

0.7781689763069153 0.7746478319168091
0.7686116695404053 0.7545271515846252
0.7897384166717529 0.7862172722816467
0.7932595014572144 0.7741448283195496
0.772635817527771 0.7545271515846252
Clean: 0.7804828763008118±0.009557857421650235: [0.7781689763069153, 0.7686116695404053, 0.7897384166717529, 0.7932595014572144, 0.772635817527771]
Attacked: 0.7688128471374511±0.012438273836489992: [0.7746478319168091, 0.7545271515846252, 0.7862172722816467, 0.7741448283195496, 0.7545271515846252]
Budget: 0.6
Model:RUNG_learnable_distance

Detected GPU: Tesla T4 with compute capability 7.5
Using GPU: Tesla T4

0.7781689763069153 0.7721327543258667
0.7686116695404053 0.7505030035972595
0.7897384166717529 0.7857142686843872
0.7932595014572144 0.7691146731376648
0.772635817527771 0.7520120739936829
Clean: 0.7804828763008118±0.009557857421650235: [0.7781689763069153, 0.7686116695404053, 0.7897384166717529, 0.7932595014572144, 0.772635817527771]
Attacked: 0.7658953547477723±0.013204002972256731: [0.7721327543258667, 0.7505030035972595, 0.7857142686843872, 0.7691146731376648, 0.7520120739936829]
Budget: 0.8
Model:RUNG_learnable_distance

Detected GPU: Tesla T4 with compute capability 7.5
Using GPU: Tesla T4

0.7781689763069153 0.7701206803321838
0.7686116695404053 0.7459758520126343
0.7897384166717529 0.7852112650871277
0.7932595014572144 0.7414486408233643
0.772635817527771 0.7374244928359985
Clean: 0.7804828763008118±0.009557857421650235: [0.7781689763069153, 0.7686116695404053, 0.7897384166717529, 0.7932595014572144, 0.772635817527771]
Attacked: 0.7560361862182617±0.018493026453137124: [0.7701206803321838, 0.7459758520126343, 0.7852112650871277, 0.7414486408233643, 0.7374244928359985]
Budget: 1.0
Model:RUNG_learnable_distance

Detected GPU: Tesla T4 with compute capability 7.5
Using GPU: Tesla T4

0.7781689763069153 0.7696176767349243
0.7686116695404053 0.728370189666748
0.7897384166717529 0.7842051982879639
0.7932595014572144 0.7525150775909424
0.772635817527771 0.7344064116477966
Clean: 0.7804828763008118±0.009557857421650235: [0.7781689763069153, 0.7686116695404053, 0.7897384166717529, 0.7932595014572144, 0.772635817527771]
Attacked: 0.7538229107856751±0.02097193316820197: [0.7696176767349243, 0.728370189666748, 0.7842051982879639, 0.7525150775909424, 0.7344064116477966]
