Budget: 0.05
Model:RUNG_new
0.6956740021705627 0.6946679949760437
0.699195146560669 0.6871227025985718
0.7394365668296814 0.7218309640884399
0.7364184856414795 0.7087525129318237
0.7193158864974976 0.7173038125038147
Clean: 0.718008017539978±0.018180049167112286: [0.6956740021705627, 0.699195146560669, 0.7394365668296814, 0.7364184856414795, 0.7193158864974976]
Attacked: 0.7059355974197388±0.013196347109059745: [0.6946679949760437, 0.6871227025985718, 0.7218309640884399, 0.7087525129318237, 0.7173038125038147]
Budget: 0.1
Model:RUNG_new
0.6956740021705627 0.6946679949760437
0.699195146560669 0.6846076250076294
0.7394365668296814 0.7152917385101318
0.7364184856414795 0.6901408433914185
0.7193158864974976 0.7173038125038147
Clean: 0.718008017539978±0.018180049167112286: [0.6956740021705627, 0.699195146560669, 0.7394365668296814, 0.7364184856414795, 0.7193158864974976]
Attacked: 0.7004024028778076±0.013379148014450486: [0.6946679949760437, 0.6846076250076294, 0.7152917385101318, 0.6901408433914185, 0.7173038125038147]
Budget: 0.2
Model:RUNG_new
0.6956740021705627 0.6926559209823608
0.699195146560669 0.6775653958320618
0.7394365668296814 0.7298792600631714
0.7364184856414795 0.6846076250076294
0.7193158864974976 0.7127766609191895
Clean: 0.718008017539978±0.018180049167112286: [0.6956740021705627, 0.699195146560669, 0.7394365668296814, 0.7364184856414795, 0.7193158864974976]
Attacked: 0.6994969725608826±0.019229769794977796: [0.6926559209823608, 0.6775653958320618, 0.7298792600631714, 0.6846076250076294, 0.7127766609191895]
Budget: 0.3
Model:RUNG_new
0.6956740021705627 0.6911468505859375
0.699195146560669 0.6695170998573303
0.7394365668296814 0.7298792600631714
0.7364184856414795 0.6006035804748535
0.7193158864974976 0.714285671710968
Clean: 0.718008017539978±0.018180049167112286: [0.6956740021705627, 0.699195146560669, 0.7394365668296814, 0.7364184856414795, 0.7193158864974976]
Attacked: 0.6810864925384521±0.04515635159252939: [0.6911468505859375, 0.6695170998573303, 0.7298792600631714, 0.6006035804748535, 0.714285671710968]
Budget: 0.4
Model:RUNG_new
0.6956740021705627 0.6921529173851013
0.699195146560669 0.6624748110771179
0.7394365668296814 0.7062373757362366
0.7364184856414795 0.5653923153877258
0.7193158864974976 0.7127766609191895
Clean: 0.718008017539978±0.018180049167112286: [0.6956740021705627, 0.699195146560669, 0.7394365668296814, 0.7364184856414795, 0.7193158864974976]
Attacked: 0.6678068161010742±0.054053839342842566: [0.6921529173851013, 0.6624748110771179, 0.7062373757362366, 0.5653923153877258, 0.7127766609191895]
Budget: 0.6
Model:RUNG_new
0.6956740021705627 0.6911468505859375
0.699195146560669 0.6514084339141846
0.7394365668296814 0.7288731932640076
0.7364184856414795 0.5377263426780701
0.7193158864974976 0.7102615237236023
Clean: 0.718008017539978±0.018180049167112286: [0.6956740021705627, 0.699195146560669, 0.7394365668296814, 0.7364184856414795, 0.7193158864974976]
Attacked: 0.6638832688331604±0.06810158179859994: [0.6911468505859375, 0.6514084339141846, 0.7288731932640076, 0.5377263426780701, 0.7102615237236023]
