Budget: 0.05
Model:RUNG_learnable_distance

Detected GPU: Tesla T4 with compute capability 7.5
Using GPU: Tesla T4

0.7706237435340881 0.7318913340568542
0.7545271515846252 0.7077464461326599
0.7847082018852234 0.7842051982879639
0.7937625646591187 0.7600603103637695
0.7555331587791443 0.736921489238739
Clean: 0.77183096408844±0.015577651449435065: [0.7706237435340881, 0.7545271515846252, 0.7847082018852234, 0.7937625646591187, 0.7555331587791443]
Attacked: 0.7441649556159973±0.026020379551847297: [0.7318913340568542, 0.7077464461326599, 0.7842051982879639, 0.7600603103637695, 0.736921489238739]
Budget: 0.1
Model:RUNG_learnable_distance

Detected GPU: Tesla T4 with compute capability 7.5
Using GPU: Tesla T4

0.7706237435340881 0.7660965323448181
0.7545271515846252 0.7007042169570923
0.7847082018852234 0.7842051982879639
0.7937625646591187 0.7630784511566162
0.7555331587791443 0.7293762564659119
Clean: 0.77183096408844±0.015577651449435065: [0.7706237435340881, 0.7545271515846252, 0.7847082018852234, 0.7937625646591187, 0.7555331587791443]
Attacked: 0.7486921310424804±0.02982281088437424: [0.7660965323448181, 0.7007042169570923, 0.7842051982879639, 0.7630784511566162, 0.7293762564659119]
Budget: 0.2
Model:RUNG_learnable_distance

Detected GPU: Tesla T4 with compute capability 7.5
Using GPU: Tesla T4

0.7706237435340881 0.7640844583511353
0.7545271515846252 0.6815894842147827
0.7847082018852234 0.7842051982879639
0.7937625646591187 0.7520120739936829
0.7555331587791443 0.7303822636604309
Clean: 0.77183096408844±0.015577651449435065: [0.7706237435340881, 0.7545271515846252, 0.7847082018852234, 0.7937625646591187, 0.7555331587791443]
Attacked: 0.7424546957015992±0.03507880318092629: [0.7640844583511353, 0.6815894842147827, 0.7842051982879639, 0.7520120739936829, 0.7303822636604309]
Budget: 0.3
Model:RUNG_learnable_distance

Detected GPU: Tesla T4 with compute capability 7.5
Using GPU: Tesla T4

0.7706237435340881 0.7640844583511353
0.7545271515846252 0.6644868850708008
0.7847082018852234 0.7837021946907043
0.7937625646591187 0.7308852672576904
0.7555331587791443 0.7077464461326599
Clean: 0.77183096408844±0.015577651449435065: [0.7706237435340881, 0.7545271515846252, 0.7847082018852234, 0.7937625646591187, 0.7555331587791443]
Attacked: 0.7301810503005981±0.04203209417862133: [0.7640844583511353, 0.6644868850708008, 0.7837021946907043, 0.7308852672576904, 0.7077464461326599]
Budget: 0.4
Model:RUNG_learnable_distance

Detected GPU: Tesla T4 with compute capability 7.5
Using GPU: Tesla T4

0.7706237435340881 0.7615693807601929
0.7545271515846252 0.6524144411087036
0.7847082018852234 0.7831991910934448
0.7937625646591187 0.7308852672576904
0.7555331587791443 0.6996981501579285
Clean: 0.77183096408844±0.015577651449435065: [0.7706237435340881, 0.7545271515846252, 0.7847082018852234, 0.7937625646591187, 0.7555331587791443]
Attacked: 0.725553286075592±0.04618748350234095: [0.7615693807601929, 0.6524144411087036, 0.7831991910934448, 0.7308852672576904, 0.6996981501579285]
Budget: 0.6
Model:RUNG_learnable_distance

Detected GPU: Tesla T4 with compute capability 7.5
Using GPU: Tesla T4

0.7706237435340881 0.7615693807601929
0.7545271515846252 0.6292756199836731
0.7847082018852234 0.782193124294281
0.7937625646591187 0.704728364944458
0.7555331587791443 0.6941649913787842
Clean: 0.77183096408844±0.015577651449435065: [0.7706237435340881, 0.7545271515846252, 0.7847082018852234, 0.7937625646591187, 0.7555331587791443]
Attacked: 0.7143862962722778±0.053981503157343486: [0.7615693807601929, 0.6292756199836731, 0.782193124294281, 0.704728364944458, 0.6941649913787842]
