Budget: 0.05
Model:RUNG_combined_model

Detected GPU: Tesla T4 with compute capability 7.5
Using GPU: Tesla T4

0.8400402069091797 0.8350100517272949
0.818913459777832 0.7826961278915405
0.8003017902374268 0.7967806458473206
0.8259556889533997 0.8224346041679382
0.8113681674003601 0.7902414202690125
Clean: 0.8193158626556396±0.013404838498658374: [0.8400402069091797, 0.818913459777832, 0.8003017902374268, 0.8259556889533997, 0.8113681674003601]
Attacked: 0.8054325699806213±0.01993223124800901: [0.8350100517272949, 0.7826961278915405, 0.7967806458473206, 0.8224346041679382, 0.7902414202690125]
Budget: 0.1
Model:RUNG_combined_model

Detected GPU: Tesla T4 with compute capability 7.5
Using GPU: Tesla T4

0.8400402069091797 0.8335009813308716
0.818913459777832 0.7771629691123962
0.8003017902374268 0.7912474274635315
0.8259556889533997 0.8224346041679382
0.8113681674003601 0.7575452327728271
Clean: 0.8193158626556396±0.013404838498658374: [0.8400402069091797, 0.818913459777832, 0.8003017902374268, 0.8259556889533997, 0.8113681674003601]
Attacked: 0.796378242969513±0.028144578022933676: [0.8335009813308716, 0.7771629691123962, 0.7912474274635315, 0.8224346041679382, 0.7575452327728271]
Budget: 0.15
Model:RUNG_combined_model

Detected GPU: Tesla T4 with compute capability 7.5
Using GPU: Tesla T4

0.8400402069091797 0.8329979777336121
0.818913459777832 0.7711267471313477
0.8003017902374268 0.7897384166717529
0.8259556889533997 0.818913459777832
0.8113681674003601 0.7816901206970215
Clean: 0.8193158626556396±0.013404838498658374: [0.8400402069091797, 0.818913459777832, 0.8003017902374268, 0.8259556889533997, 0.8113681674003601]
Attacked: 0.7988933444023132±0.02330098094898801: [0.8329979777336121, 0.7711267471313477, 0.7897384166717529, 0.818913459777832, 0.7816901206970215]
Budget: 0.2
Model:RUNG_combined_model

Detected GPU: Tesla T4 with compute capability 7.5
Using GPU: Tesla T4

0.8400402069091797 0.8299798369407654
0.818913459777832 0.7620723843574524
0.8003017902374268 0.7912474274635315
0.8259556889533997 0.8123742341995239
0.8113681674003601 0.7298792600631714
Clean: 0.8193158626556396±0.013404838498658374: [0.8400402069091797, 0.818913459777832, 0.8003017902374268, 0.8259556889533997, 0.8113681674003601]
Attacked: 0.7851106286048889±0.03570847270868667: [0.8299798369407654, 0.7620723843574524, 0.7912474274635315, 0.8123742341995239, 0.7298792600631714]
Budget: 0.3
Model:RUNG_combined_model

Detected GPU: Tesla T4 with compute capability 7.5
Using GPU: Tesla T4

0.8400402069091797 0.8289738297462463
0.818913459777832 0.7540241479873657
0.8003017902374268 0.7882293462753296
0.8259556889533997 0.8169013857841492
0.8113681674003601 0.77364182472229
Clean: 0.8193158626556396±0.013404838498658374: [0.8400402069091797, 0.818913459777832, 0.8003017902374268, 0.8259556889533997, 0.8113681674003601]
Attacked: 0.7923541069030762±0.02749517014570158: [0.8289738297462463, 0.7540241479873657, 0.7882293462753296, 0.8169013857841492, 0.77364182472229]
Budget: 0.4
Model:RUNG_combined_model

Detected GPU: Tesla T4 with compute capability 7.5
Using GPU: Tesla T4

0.8400402069091797 0.827464759349823
0.818913459777832 0.7535210847854614
0.8003017902374268 0.7862172722816467
0.8259556889533997 0.8158953189849854
0.8113681674003601 0.7716297507286072
Clean: 0.8193158626556396±0.013404838498658374: [0.8400402069091797, 0.818913459777832, 0.8003017902374268, 0.8259556889533997, 0.8113681674003601]
Attacked: 0.7909456372261048±0.027394126860227238: [0.827464759349823, 0.7535210847854614, 0.7862172722816467, 0.8158953189849854, 0.7716297507286072]
Budget: 0.6
Model:RUNG_combined_model

Detected GPU: Tesla T4 with compute capability 7.5
Using GPU: Tesla T4

0.8400402069091797 0.8254526853561401
0.818913459777832 0.7489939332008362
0.8003017902374268 0.7867202758789062
0.8259556889533997 0.8073440194129944
0.8113681674003601 0.705734372138977
Clean: 0.8193158626556396±0.013404838498658374: [0.8400402069091797, 0.818913459777832, 0.8003017902374268, 0.8259556889533997, 0.8113681674003601]
Attacked: 0.7748490571975708±0.04290198762949747: [0.8254526853561401, 0.7489939332008362, 0.7867202758789062, 0.8073440194129944, 0.705734372138977]
Budget: 0.8
Model:RUNG_combined_model

Detected GPU: Tesla T4 with compute capability 7.5
Using GPU: Tesla T4

0.8400402069091797 0.8153923153877258
0.818913459777832 0.7409456372261047
0.8003017902374268 0.7842051982879639
0.8259556889533997 0.8088530898094177
0.8113681674003601 0.6881287693977356
Clean: 0.8193158626556396±0.013404838498658374: [0.8400402069091797, 0.818913459777832, 0.8003017902374268, 0.8259556889533997, 0.8113681674003601]
Attacked: 0.7675050020217895±0.04751366511724331: [0.8153923153877258, 0.7409456372261047, 0.7842051982879639, 0.8088530898094177, 0.6881287693977356]
Budget: 1.0
Model:RUNG_combined_model

Detected GPU: Tesla T4 with compute capability 7.5
Using GPU: Tesla T4

0.8400402069091797 0.8209255337715149
0.818913459777832 0.7379275560379028
0.8003017902374268 0.7816901206970215
0.8259556889533997 0.8088530898094177
0.8113681674003601 0.7615693807601929
Clean: 0.8193158626556396±0.013404838498658374: [0.8400402069091797, 0.818913459777832, 0.8003017902374268, 0.8259556889533997, 0.8113681674003601]
Attacked: 0.7821931362152099±0.03031826396157425: [0.8209255337715149, 0.7379275560379028, 0.7816901206970215, 0.8088530898094177, 0.7615693807601929]
