Budget: 0.05
Model:RUNG
0.8163983821868896 0.7384305596351624
0.8204225301742554 0.75
0.8073440194129944 0.7414486408233643
0.8143863081932068 0.7474848628044128
0.8093560934066772 0.7354124784469604
Clean: 0.8135814666748047±0.004735872892600812: [0.8163983821868896, 0.8204225301742554, 0.8073440194129944, 0.8143863081932068, 0.8093560934066772]
Attacked: 0.74255530834198±0.005458612000892206: [0.7384305596351624, 0.75, 0.7414486408233643, 0.7474848628044128, 0.7354124784469604]
Budget: 0.1
Model:RUNG
0.8163983821868896 0.6981891393661499
0.8204225301742554 0.705734372138977
0.8073440194129944 0.7027162909507751
0.8143863081932068 0.6996981501579285
0.8093560934066772 0.6926559209823608
Clean: 0.8135814666748047±0.004735872892600812: [0.8163983821868896, 0.8204225301742554, 0.8073440194129944, 0.8143863081932068, 0.8093560934066772]
Attacked: 0.6997987747192382±0.004412813806839473: [0.6981891393661499, 0.705734372138977, 0.7027162909507751, 0.6996981501579285, 0.6926559209823608]
Budget: 0.2
Model:RUNG
0.8163983821868896 0.645372211933136
0.8204225301742554 0.6544265151023865
0.8073440194129944 0.6504023671150208
0.8143863081932068 0.6358148455619812
0.8093560934066772 0.6247484683990479
Clean: 0.8135814666748047±0.004735872892600812: [0.8163983821868896, 0.8204225301742554, 0.8073440194129944, 0.8143863081932068, 0.8093560934066772]
Attacked: 0.6421528816223144±0.010697144274019986: [0.645372211933136, 0.6544265151023865, 0.6504023671150208, 0.6358148455619812, 0.6247484683990479]
Budget: 0.3
Model:RUNG
0.8163983821868896 0.6081488728523254
0.8204225301742554 0.6167001724243164
0.8073440194129944 0.6101609468460083
0.8143863081932068 0.5935613512992859
0.8093560934066772 0.5840039849281311
Clean: 0.8135814666748047±0.004735872892600812: [0.8163983821868896, 0.8204225301742554, 0.8073440194129944, 0.8143863081932068, 0.8093560934066772]
Attacked: 0.6025150656700134±0.011951950863527967: [0.6081488728523254, 0.6167001724243164, 0.6101609468460083, 0.5935613512992859, 0.5840039849281311]
Budget: 0.4
Model:RUNG
0.8163983821868896 0.5870221257209778
0.8204225301742554 0.5895372033119202
0.8073440194129944 0.591549277305603
0.8143863081932068 0.5638833045959473
0.8093560934066772 0.5603621602058411
Clean: 0.8135814666748047±0.004735872892600812: [0.8163983821868896, 0.8204225301742554, 0.8073440194129944, 0.8143863081932068, 0.8093560934066772]
Attacked: 0.5784708142280579±0.013471116359369413: [0.5870221257209778, 0.5895372033119202, 0.591549277305603, 0.5638833045959473, 0.5603621602058411]
Budget: 0.6
Model:RUNG
0.8163983821868896 0.5588530898094177
0.8204225301742554 0.5578470826148987
0.8073440194129944 0.5613681674003601
0.8143863081932068 0.5362172722816467
0.8093560934066772 0.5221327543258667
Clean: 0.8135814666748047±0.004735872892600812: [0.8163983821868896, 0.8204225301742554, 0.8073440194129944, 0.8143863081932068, 0.8093560934066772]
Attacked: 0.547283673286438±0.015484469287179224: [0.5588530898094177, 0.5578470826148987, 0.5613681674003601, 0.5362172722816467, 0.5221327543258667]
