Budget: 0.05
Model:RUNG_confidence_lambda
0.8078470826148987 0.7389335632324219
0.8259556889533997 0.8078470826148987
0.8199194669723511 0.7605633735656738
0.7957746386528015 0.7293762564659119
0.8309859037399292 0.758551299571991
Clean: 0.816096556186676±0.012763572876069848: [0.8078470826148987, 0.8259556889533997, 0.8199194669723511, 0.7957746386528015, 0.8309859037399292]
Attacked: 0.7590543150901794±0.027088360097437477: [0.7389335632324219, 0.8078470826148987, 0.7605633735656738, 0.7293762564659119, 0.758551299571991]
Budget: 0.1
Model:RUNG_confidence_lambda
0.8078470826148987 0.7203218936920166
0.8259556889533997 0.7665995955467224
0.8199194669723511 0.7097585201263428
0.7957746386528015 0.6825955510139465
0.8309859037399292 0.7349094152450562
Clean: 0.816096556186676±0.012763572876069848: [0.8078470826148987, 0.8259556889533997, 0.8199194669723511, 0.7957746386528015, 0.8309859037399292]
Attacked: 0.7228369951248169±0.02777644538409554: [0.7203218936920166, 0.7665995955467224, 0.7097585201263428, 0.6825955510139465, 0.7349094152450562]
Budget: 0.2
Model:RUNG_confidence_lambda
0.8078470826148987 0.6433601379394531
0.8259556889533997 0.7424547076225281
0.8199194669723511 0.6473842859268188
0.7957746386528015 0.5819919109344482
0.8309859037399292 0.6358148455619812
Clean: 0.816096556186676±0.012763572876069848: [0.8078470826148987, 0.8259556889533997, 0.8199194669723511, 0.7957746386528015, 0.8309859037399292]
Attacked: 0.6502011775970459±0.05181682952962981: [0.6433601379394531, 0.7424547076225281, 0.6473842859268188, 0.5819919109344482, 0.6358148455619812]
Budget: 0.3
Model:RUNG_confidence_lambda
0.8078470826148987 0.6116700172424316
0.8259556889533997 0.7188128232955933
0.8199194669723511 0.5769617557525635
0.7957746386528015 0.5090543031692505
0.8309859037399292 0.5835009813308716
Clean: 0.816096556186676±0.012763572876069848: [0.8078470826148987, 0.8259556889533997, 0.8199194669723511, 0.7957746386528015, 0.8309859037399292]
Attacked: 0.599999976158142±0.06830340309089301: [0.6116700172424316, 0.7188128232955933, 0.5769617557525635, 0.5090543031692505, 0.5835009813308716]
Budget: 0.4
Model:RUNG_confidence_lambda
0.8078470826148987 0.6016096472740173
0.8259556889533997 0.6343058347702026
0.8199194669723511 0.5306841135025024
0.7957746386528015 0.4763581454753876
0.8309859037399292 0.5412474870681763
Clean: 0.816096556186676±0.012763572876069848: [0.8078470826148987, 0.8259556889533997, 0.8199194669723511, 0.7957746386528015, 0.8309859037399292]
Attacked: 0.5568410456180573±0.0555155160904366: [0.6016096472740173, 0.6343058347702026, 0.5306841135025024, 0.4763581454753876, 0.5412474870681763]
Budget: 0.6
Model:RUNG_confidence_lambda
0.8078470826148987 0.5427564978599548
0.8259556889533997 0.6192152500152588
0.8199194669723511 0.4743460714817047
0.7957746386528015 0.4059355854988098
0.8309859037399292 0.4793762266635895
Clean: 0.816096556186676±0.012763572876069848: [0.8078470826148987, 0.8259556889533997, 0.8199194669723511, 0.7957746386528015, 0.8309859037399292]
Attacked: 0.5043259263038635±0.07194220444776744: [0.5427564978599548, 0.6192152500152588, 0.4743460714817047, 0.4059355854988098, 0.4793762266635895]
