Budget: 0.05
Model:RUNG_new
0.7469818592071533 0.7434607148170471
0.7384305596351624 0.7137826681137085
0.768108606338501 0.758551299571991
0.7439637780189514 0.7012072205543518
0.7409456372261047 0.7384305596351624
Clean: 0.7476860880851746±0.010606877646336044: [0.7469818592071533, 0.7384305596351624, 0.768108606338501, 0.7439637780189514, 0.7409456372261047]
Attacked: 0.7310864925384521±0.020753628877537438: [0.7434607148170471, 0.7137826681137085, 0.758551299571991, 0.7012072205543518, 0.7384305596351624]
Budget: 0.1
Model:RUNG_new
0.7469818592071533 0.7409456372261047
0.7384305596351624 0.6614688038825989
0.768108606338501 0.7479879260063171
0.7439637780189514 0.676559329032898
0.7409456372261047 0.7379275560379028
Clean: 0.7476860880851746±0.010606877646336044: [0.7469818592071533, 0.7384305596351624, 0.768108606338501, 0.7439637780189514, 0.7409456372261047]
Attacked: 0.7129778504371643±0.036358990296833996: [0.7409456372261047, 0.6614688038825989, 0.7479879260063171, 0.676559329032898, 0.7379275560379028]
Budget: 0.2
Model:RUNG_new
0.7469818592071533 0.73591548204422
0.7384305596351624 0.7173038125038147
0.768108606338501 0.7253521084785461
0.7439637780189514 0.6056337952613831
0.7409456372261047 0.7364184856414795
Clean: 0.7476860880851746±0.010606877646336044: [0.7469818592071533, 0.7384305596351624, 0.768108606338501, 0.7439637780189514, 0.7409456372261047]
Attacked: 0.7041247367858887±0.04975598980498475: [0.73591548204422, 0.7173038125038147, 0.7253521084785461, 0.6056337952613831, 0.7364184856414795]
Budget: 0.3
Model:RUNG_new
0.7469818592071533 0.7349094152450562
0.7384305596351624 0.7097585201263428
0.768108606338501 0.7017102241516113
0.7439637780189514 0.5724346041679382
0.7409456372261047 0.7334004044532776
Clean: 0.7476860880851746±0.010606877646336044: [0.7469818592071533, 0.7384305596351624, 0.768108606338501, 0.7439637780189514, 0.7409456372261047]
Attacked: 0.6904426336288452±0.06041294865527998: [0.7349094152450562, 0.7097585201263428, 0.7017102241516113, 0.5724346041679382, 0.7334004044532776]
Budget: 0.4
Model:RUNG_new
0.7469818592071533 0.7339034080505371
0.7384305596351624 0.705734372138977
0.768108606338501 0.6604627370834351
0.7439637780189514 0.5417504906654358
0.7409456372261047 0.7339034080505371
Clean: 0.7476860880851746±0.010606877646336044: [0.7469818592071533, 0.7384305596351624, 0.768108606338501, 0.7439637780189514, 0.7409456372261047]
Attacked: 0.6751508831977844±0.07190337198355008: [0.7339034080505371, 0.705734372138977, 0.6604627370834351, 0.5417504906654358, 0.7339034080505371]
Budget: 0.6
Model:RUNG_new
0.7469818592071533 0.7253521084785461
0.7384305596351624 0.690643846988678
0.768108606338501 0.6599597334861755
0.7439637780189514 0.508551299571991
0.7409456372261047 0.7328973412513733
Clean: 0.7476860880851746±0.010606877646336044: [0.7469818592071533, 0.7384305596351624, 0.768108606338501, 0.7439637780189514, 0.7409456372261047]
Attacked: 0.6634808659553528±0.08173138215655677: [0.7253521084785461, 0.690643846988678, 0.6599597334861755, 0.508551299571991, 0.7328973412513733]
