Budget: 0.05
Model:RUNG_percentile_gamma

Detected GPU: Tesla T4 with compute capability 7.5
Using GPU: Tesla T4

0.8013077974319458 0.7505030035972595
0.7877263426780701 0.7837021946907043
0.7600603103637695 0.758551299571991
0.7897384166717529 0.7434607148170471
0.790744423866272 0.7842051982879639
Clean: 0.7859154582023621±0.013759549412246951: [0.8013077974319458, 0.7877263426780701, 0.7600603103637695, 0.7897384166717529, 0.790744423866272]
Attacked: 0.7640844821929932±0.01691218679744364: [0.7505030035972595, 0.7837021946907043, 0.758551299571991, 0.7434607148170471, 0.7842051982879639]
Budget: 0.1
Model:RUNG_percentile_gamma

Detected GPU: Tesla T4 with compute capability 7.5
Using GPU: Tesla T4

0.8013077974319458 0.713279664516449
0.7877263426780701 0.7806840538978577
0.7600603103637695 0.7555331587791443
0.7897384166717529 0.7097585201263428
0.790744423866272 0.782193124294281
Clean: 0.7859154582023621±0.013759549412246951: [0.8013077974319458, 0.7877263426780701, 0.7600603103637695, 0.7897384166717529, 0.790744423866272]
Attacked: 0.7482897043228149±0.031501296625499046: [0.713279664516449, 0.7806840538978577, 0.7555331587791443, 0.7097585201263428, 0.782193124294281]
Budget: 0.15
Model:RUNG_percentile_gamma

Detected GPU: Tesla T4 with compute capability 7.5
Using GPU: Tesla T4

0.8013077974319458 0.7414486408233643
0.7877263426780701 0.7786719799041748
0.7600603103637695 0.7484909296035767
0.7897384166717529 0.6871227025985718
0.790744423866272 0.7781689763069153
Clean: 0.7859154582023621±0.013759549412246951: [0.8013077974319458, 0.7877263426780701, 0.7600603103637695, 0.7897384166717529, 0.790744423866272]
Attacked: 0.7467806458473205±0.03344461097916952: [0.7414486408233643, 0.7786719799041748, 0.7484909296035767, 0.6871227025985718, 0.7781689763069153]
Budget: 0.2
Model:RUNG_percentile_gamma

Detected GPU: Tesla T4 with compute capability 7.5
Using GPU: Tesla T4

0.8013077974319458 0.7842051982879639
0.7877263426780701 0.7771629691123962
0.7600603103637695 0.7263581156730652
0.7897384166717529 0.6700201034545898
0.790744423866272 0.7816901206970215
Clean: 0.7859154582023621±0.013759549412246951: [0.8013077974319458, 0.7877263426780701, 0.7600603103637695, 0.7897384166717529, 0.790744423866272]
Attacked: 0.7478873014450074±0.044374522646971754: [0.7842051982879639, 0.7771629691123962, 0.7263581156730652, 0.6700201034545898, 0.7816901206970215]
Budget: 0.3
Model:RUNG_percentile_gamma

Detected GPU: Tesla T4 with compute capability 7.5
Using GPU: Tesla T4

0.8013077974319458 0.782193124294281
0.7877263426780701 0.7746478319168091
0.7600603103637695 0.6861166954040527
0.7897384166717529 0.6443661451339722
0.790744423866272 0.7741448283195496
Clean: 0.7859154582023621±0.013759549412246951: [0.8013077974319458, 0.7877263426780701, 0.7600603103637695, 0.7897384166717529, 0.790744423866272]
Attacked: 0.7322937250137329±0.05638956044360675: [0.782193124294281, 0.7746478319168091, 0.6861166954040527, 0.6443661451339722, 0.7741448283195496]
Budget: 0.4
Model:RUNG_percentile_gamma

Detected GPU: Tesla T4 with compute capability 7.5
Using GPU: Tesla T4

0.8013077974319458 0.599094569683075
0.7877263426780701 0.7686116695404053
0.7600603103637695 0.6031187176704407
0.7897384166717529 0.6197183132171631
0.790744423866272 0.7706237435340881
Clean: 0.7859154582023621±0.013759549412246951: [0.8013077974319458, 0.7877263426780701, 0.7600603103637695, 0.7897384166717529, 0.790744423866272]
Attacked: 0.6722334027290344±0.07981653048562258: [0.599094569683075, 0.7686116695404053, 0.6031187176704407, 0.6197183132171631, 0.7706237435340881]
Budget: 0.6
Model:RUNG_percentile_gamma

Detected GPU: Tesla T4 with compute capability 7.5
Using GPU: Tesla T4

0.8013077974319458 0.554828941822052
0.7877263426780701 0.7660965323448181
0.7600603103637695 0.5799798369407654
0.7897384166717529 0.5643863081932068
0.790744423866272 0.7731388211250305
Clean: 0.7859154582023621±0.013759549412246951: [0.8013077974319458, 0.7877263426780701, 0.7600603103637695, 0.7897384166717529, 0.790744423866272]
Attacked: 0.6476860880851746±0.09990481562281824: [0.554828941822052, 0.7660965323448181, 0.5799798369407654, 0.5643863081932068, 0.7731388211250305]
Budget: 0.8
Model:RUNG_percentile_gamma

Detected GPU: Tesla T4 with compute capability 7.5
Using GPU: Tesla T4

0.8013077974319458 0.5251508951187134
0.7877263426780701 0.7645875215530396
0.7600603103637695 0.5709255337715149
0.7897384166717529 0.6026156544685364
0.790744423866272 0.7761569023132324
Clean: 0.7859154582023621±0.013759549412246951: [0.8013077974319458, 0.7877263426780701, 0.7600603103637695, 0.7897384166717529, 0.790744423866272]
Attacked: 0.6478873014450073±0.10306201339139548: [0.5251508951187134, 0.7645875215530396, 0.5709255337715149, 0.6026156544685364, 0.7761569023132324]
Budget: 1.0
Model:RUNG_percentile_gamma

Detected GPU: Tesla T4 with compute capability 7.5
Using GPU: Tesla T4

0.8013077974319458 0.540744423866272
0.7877263426780701 0.7620723843574524
0.7600603103637695 0.5513078570365906
0.7897384166717529 0.5150905251502991
0.790744423866272 0.7293762564659119
Clean: 0.7859154582023621±0.013759549412246951: [0.8013077974319458, 0.7877263426780701, 0.7600603103637695, 0.7897384166717529, 0.790744423866272]
Attacked: 0.6197182893753052±0.10407053938321156: [0.540744423866272, 0.7620723843574524, 0.5513078570365906, 0.5150905251502991, 0.7293762564659119]
