
Detected GPU: Tesla T4 with compute capability 7.5
Using GPU: Tesla T4


Fit RUNG_parametric_gamma | lr=0.05, schedule_lr=0.01000, wd=0.0005, epochs=300
  gamma_reg_strength=0.0, patience=100, grad_clip=1.0
  Initial schedule: gamma_0=6.0000, decay_rate=0.8500, gammas=[6.000, 5.100, 4.335, 3.685, 3.132, 2.662, 2.263, 1.923, 1.635, 1.390]

  Epoch   50 | loss=0.0128 | val=0.7390 | γ₀=6.4047, r=0.8543 | gammas=[6.40, 5.47, 4.67, 3.99, 3.41, 2.91, 2.49, 2.13, 1.82, 1.55]

  Epoch  100 | loss=0.0643 | val=0.7550 | γ₀=7.9065, r=0.8741 | gammas=[7.91, 6.91, 6.04, 5.28, 4.62, 4.03, 3.53, 3.08, 2.69, 2.36]

  Early stopping at epoch 107 (best val=0.8434 at epoch 6)

Training done. Best val acc: 0.8434 (epoch 6)

=================================================================
           RUNG_parametric_gamma — Schedule Parameters           
=================================================================
  γ₀ (gamma_0)          = 5.879129
  r  (decay_rate)       = 0.846821

  Layer           gamma          lam
  -----------------------------------
  0            5.879129     1.588954
  1            4.978569     1.345559
  2            4.215956     1.139448
  3            3.570160     0.964908
  4            3.023286     0.817104
  5            2.560182     0.691941
  6            2.168015     0.585950
  7            1.835921     0.496195
  8            1.554696     0.420188
  9            1.316549     0.355824
=================================================================

Acc: [0.8153923153877258]

Fit RUNG_parametric_gamma | lr=0.05, schedule_lr=0.01000, wd=0.0005, epochs=300
  gamma_reg_strength=0.0, patience=100, grad_clip=1.0
  Initial schedule: gamma_0=6.0000, decay_rate=0.8500, gammas=[6.000, 5.100, 4.335, 3.685, 3.132, 2.662, 2.263, 1.923, 1.635, 1.390]

  Epoch   50 | loss=0.0409 | val=0.6787 | γ₀=6.6528, r=0.8606 | gammas=[6.65, 5.73, 4.93, 4.24, 3.65, 3.14, 2.70, 2.33, 2.00, 1.72]

  Epoch  100 | loss=0.0263 | val=0.6908 | γ₀=6.8881, r=0.8609 | gammas=[6.89, 5.93, 5.10, 4.39, 3.78, 3.26, 2.80, 2.41, 2.08, 1.79]

  Early stopping at epoch 108 (best val=0.8112 at epoch 7)

Training done. Best val acc: 0.8112 (epoch 7)

=================================================================
           RUNG_parametric_gamma — Schedule Parameters           
=================================================================
  γ₀ (gamma_0)          = 6.083659
  r  (decay_rate)       = 0.851305

  Layer           gamma          lam
  -----------------------------------
  0            6.083659     1.644232
  1            5.179052     1.399744
  2            4.408955     1.191609
  3            3.753367     1.014423
  4            3.195262     0.863584
  5            2.720144     0.735174
  6            2.315673     0.625858
  7            1.971345     0.532796
  8            1.678217     0.453572
  9            1.428675     0.386128
=================================================================

Acc: [0.8153923153877258, 0.8013077974319458]

Fit RUNG_parametric_gamma | lr=0.05, schedule_lr=0.01000, wd=0.0005, epochs=300
  gamma_reg_strength=0.0, patience=100, grad_clip=1.0
  Initial schedule: gamma_0=6.0000, decay_rate=0.8500, gammas=[6.000, 5.100, 4.335, 3.685, 3.132, 2.662, 2.263, 1.923, 1.635, 1.390]

  Epoch   50 | loss=0.0405 | val=0.7952 | γ₀=6.7558, r=0.8618 | gammas=[6.76, 5.82, 5.02, 4.32, 3.73, 3.21, 2.77, 2.38, 2.05, 1.77]

  Epoch  100 | loss=0.0519 | val=0.7791 | γ₀=7.4683, r=0.8711 | gammas=[7.47, 6.51, 5.67, 4.94, 4.30, 3.75, 3.26, 2.84, 2.48, 2.16]

  Early stopping at epoch 108 (best val=0.8594 at epoch 7)

Training done. Best val acc: 0.8594 (epoch 7)

=================================================================
           RUNG_parametric_gamma — Schedule Parameters           
=================================================================
  γ₀ (gamma_0)          = 6.077909
  r  (decay_rate)       = 0.851646

  Layer           gamma          lam
  -----------------------------------
  0            6.077909     1.642678
  1            5.176229     1.398981
  2            4.408318     1.191437
  3            3.754328     1.014683
  4            3.197361     0.864151
  5            2.723021     0.735951
  6            2.319051     0.626770
  7            1.975012     0.533787
  8            1.682012     0.454598
  9            1.432479     0.387157
=================================================================

Acc: [0.8153923153877258, 0.8013077974319458, 0.8118711709976196]

Fit RUNG_parametric_gamma | lr=0.05, schedule_lr=0.01000, wd=0.0005, epochs=300
  gamma_reg_strength=0.0, patience=100, grad_clip=1.0
  Initial schedule: gamma_0=6.0000, decay_rate=0.8500, gammas=[6.000, 5.100, 4.335, 3.685, 3.132, 2.662, 2.263, 1.923, 1.635, 1.390]

  Epoch   50 | loss=0.0485 | val=0.6948 | γ₀=6.3880, r=0.8584 | gammas=[6.39, 5.48, 4.71, 4.04, 3.47, 2.98, 2.56, 2.19, 1.88, 1.62]

  Epoch  100 | loss=0.0374 | val=0.6506 | γ₀=6.6079, r=0.8609 | gammas=[6.61, 5.69, 4.90, 4.22, 3.63, 3.12, 2.69, 2.32, 1.99, 1.72]

  Early stopping at epoch 105 (best val=0.8112 at epoch 4)

Training done. Best val acc: 0.8112 (epoch 4)

=================================================================
           RUNG_parametric_gamma — Schedule Parameters           
=================================================================
  γ₀ (gamma_0)          = 5.861995
  r  (decay_rate)       = 0.849387

  Layer           gamma          lam
  -----------------------------------
  0            5.861995     1.584323
  1            4.979100     1.345703
  2            4.229181     1.143022
  3            3.592210     0.970868
  4            3.051175     0.824642
  5            2.591628     0.700440
  6            2.201294     0.594944
  7            1.869749     0.505338
  8            1.588140     0.429227
  9            1.348945     0.364580
=================================================================

Acc: [0.8153923153877258, 0.8013077974319458, 0.8118711709976196, 0.7852112650871277]

Fit RUNG_parametric_gamma | lr=0.05, schedule_lr=0.01000, wd=0.0005, epochs=300
  gamma_reg_strength=0.0, patience=100, grad_clip=1.0
  Initial schedule: gamma_0=6.0000, decay_rate=0.8500, gammas=[6.000, 5.100, 4.335, 3.685, 3.132, 2.662, 2.263, 1.923, 1.635, 1.390]

  Epoch   50 | loss=0.0491 | val=0.7068 | γ₀=6.5195, r=0.8553 | gammas=[6.52, 5.58, 4.77, 4.08, 3.49, 2.98, 2.55, 2.18, 1.87, 1.60]

  Epoch  100 | loss=0.0448 | val=0.6948 | γ₀=7.5731, r=0.8683 | gammas=[7.57, 6.58, 5.71, 4.96, 4.30, 3.74, 3.25, 2.82, 2.45, 2.12]

  Early stopping at epoch 107 (best val=0.8353 at epoch 6)

Training done. Best val acc: 0.8353 (epoch 6)

=================================================================
           RUNG_parametric_gamma — Schedule Parameters           
=================================================================
  γ₀ (gamma_0)          = 5.783656
  r  (decay_rate)       = 0.845216

  Layer           gamma          lam
  -----------------------------------
  0            5.783656     1.563150
  1            4.888436     1.321199
  2            4.131783     1.116698
  3            3.492247     0.943851
  4            2.951702     0.797757
  5            2.494825     0.674277
  6            2.108665     0.569909
  7            1.782276     0.481696
  8            1.506408     0.407137
  9            1.273239     0.344119
=================================================================

Acc: [0.8153923153877258, 0.8013077974319458, 0.8118711709976196, 0.7852112650871277, 0.8184104561805725]
model RUNG_parametric_gamma done, clean acc: 0.8064386010169983±0.01208248376611765
