Budget: 0.05
Model:RUNG_parametric_gamma

Detected GPU: Tesla T4 with compute capability 7.5
Using GPU: Tesla T4

0.8158953189849854 0.8063380122184753
0.8018108606338501 0.7635814547538757
0.8123742341995239 0.8088530898094177
0.7852112650871277 0.7334004044532776
0.8169013857841492 0.8128772377967834
Clean: 0.8064386129379273±0.011883996742005265: [0.8158953189849854, 0.8018108606338501, 0.8123742341995239, 0.7852112650871277, 0.8169013857841492]
Attacked: 0.785010039806366±0.03137735770624229: [0.8063380122184753, 0.7635814547538757, 0.8088530898094177, 0.7334004044532776, 0.8128772377967834]
Budget: 0.1
Model:RUNG_parametric_gamma

Detected GPU: Tesla T4 with compute capability 7.5
Using GPU: Tesla T4

0.8158953189849854 0.796277642250061
0.8018108606338501 0.7847082018852234
0.8123742341995239 0.8063380122184753
0.7852112650871277 0.659456729888916
0.8169013857841492 0.8113681674003601
Clean: 0.8064386129379273±0.011883996742005265: [0.8158953189849854, 0.8018108606338501, 0.8123742341995239, 0.7852112650871277, 0.8169013857841492]
Attacked: 0.7716297507286072±0.056824565498801764: [0.796277642250061, 0.7847082018852234, 0.8063380122184753, 0.659456729888916, 0.8113681674003601]
Budget: 0.15
Model:RUNG_parametric_gamma

Detected GPU: Tesla T4 with compute capability 7.5
Using GPU: Tesla T4

0.8158953189849854 0.7947685718536377
0.8018108606338501 0.7384305596351624
0.8123742341995239 0.8063380122184753
0.7852112650871277 0.622736394405365
0.8169013857841492 0.8108651638031006
Clean: 0.8064386129379273±0.011883996742005265: [0.8158953189849854, 0.8018108606338501, 0.8123742341995239, 0.7852112650871277, 0.8169013857841492]
Attacked: 0.7546277403831482±0.07085980830535024: [0.7947685718536377, 0.7384305596351624, 0.8063380122184753, 0.622736394405365, 0.8108651638031006]
Budget: 0.2
Model:RUNG_parametric_gamma

Detected GPU: Tesla T4 with compute capability 7.5
Using GPU: Tesla T4

0.8158953189849854 0.7887323498725891
0.8018108606338501 0.7278671860694885
0.8123742341995239 0.7605633735656738
0.7852112650871277 0.6016096472740173
0.8169013857841492 0.8098590970039368
Clean: 0.8064386129379273±0.011883996742005265: [0.8158953189849854, 0.8018108606338501, 0.8123742341995239, 0.7852112650871277, 0.8169013857841492]
Attacked: 0.7377263307571411±0.07341830116949866: [0.7887323498725891, 0.7278671860694885, 0.7605633735656738, 0.6016096472740173, 0.8098590970039368]
Budget: 0.3
Model:RUNG_parametric_gamma

Detected GPU: Tesla T4 with compute capability 7.5
Using GPU: Tesla T4

0.8158953189849854 0.7857142686843872
0.8018108606338501 0.7188128232955933
0.8123742341995239 0.7515090107917786
0.7852112650871277 0.5518108606338501
0.8169013857841492 0.8083500862121582
Clean: 0.8064386129379273±0.011883996742005265: [0.8158953189849854, 0.8018108606338501, 0.8123742341995239, 0.7852112650871277, 0.8169013857841492]
Attacked: 0.7232394099235535±0.09094333148668529: [0.7857142686843872, 0.7188128232955933, 0.7515090107917786, 0.5518108606338501, 0.8083500862121582]
Budget: 0.4
Model:RUNG_parametric_gamma

Detected GPU: Tesla T4 with compute capability 7.5
Using GPU: Tesla T4

0.8158953189849854 0.7816901206970215
0.8018108606338501 0.7781689763069153
0.8123742341995239 0.7374244928359985
0.7852112650871277 0.5125754475593567
0.8169013857841492 0.8023138642311096
Clean: 0.8064386129379273±0.011883996742005265: [0.8158953189849854, 0.8018108606338501, 0.8123742341995239, 0.7852112650871277, 0.8169013857841492]
Attacked: 0.7224345803260803±0.10701756401622807: [0.7816901206970215, 0.7781689763069153, 0.7374244928359985, 0.5125754475593567, 0.8023138642311096]
Budget: 0.6
Model:RUNG_parametric_gamma

Detected GPU: Tesla T4 with compute capability 7.5
Using GPU: Tesla T4

0.8158953189849854 0.7882293462753296
0.8018108606338501 0.6886317729949951
0.8123742341995239 0.7062373757362366
0.7852112650871277 0.45221325755119324
0.8169013857841492 0.8028168678283691
Clean: 0.8064386129379273±0.011883996742005265: [0.8158953189849854, 0.8018108606338501, 0.8123742341995239, 0.7852112650871277, 0.8169013857841492]
Attacked: 0.6876257240772248±0.12582251269613645: [0.7882293462753296, 0.6886317729949951, 0.7062373757362366, 0.45221325755119324, 0.8028168678283691]
Budget: 0.8
Model:RUNG_parametric_gamma

Detected GPU: Tesla T4 with compute capability 7.5
Using GPU: Tesla T4

0.8158953189849854 0.722836971282959
0.8018108606338501 0.6825955510139465
0.8123742341995239 0.7258551120758057
0.7852112650871277 0.4079476594924927
0.8169013857841492 0.8033198714256287
Clean: 0.8064386129379273±0.011883996742005265: [0.8158953189849854, 0.8018108606338501, 0.8123742341995239, 0.7852112650871277, 0.8169013857841492]
Attacked: 0.6685110330581665±0.13601817463437843: [0.722836971282959, 0.6825955510139465, 0.7258551120758057, 0.4079476594924927, 0.8033198714256287]
Budget: 1.0
Model:RUNG_parametric_gamma

Detected GPU: Tesla T4 with compute capability 7.5
Using GPU: Tesla T4

0.8158953189849854 0.7218309640884399
0.8018108606338501 0.669014036655426
0.8123742341995239 0.7062373757362366
0.7852112650871277 0.3737424314022064
0.8169013857841492 0.7952715754508972
Clean: 0.8064386129379273±0.011883996742005265: [0.8158953189849854, 0.8018108606338501, 0.8123742341995239, 0.7852112650871277, 0.8169013857841492]
Attacked: 0.6532192766666413±0.14563936250325715: [0.7218309640884399, 0.669014036655426, 0.7062373757362366, 0.3737424314022064, 0.7952715754508972]
