Budget: 0.05
Model:RUNG_percentile_gamma
0.8013077974319458 0.75
0.7826961278915405 0.7756538987159729
0.7635814547538757 0.7565392255783081
0.7862172722816467 0.7354124784469604
0.7902414202690125 0.7801810503005981
Clean: 0.7848088145256042±0.012318909392066884: [0.8013077974319458, 0.7826961278915405, 0.7635814547538757, 0.7862172722816467, 0.7902414202690125]
Attacked: 0.7595573306083679±0.01654002860343834: [0.75, 0.7756538987159729, 0.7565392255783081, 0.7354124784469604, 0.7801810503005981]
Budget: 0.1
Model:RUNG_percentile_gamma
0.8013077974319458 0.7102615237236023
0.7826961278915405 0.7676056027412415
0.7635814547538757 0.7434607148170471
0.7862172722816467 0.7665995955467224
0.7902414202690125 0.7771629691123962
Clean: 0.7848088145256042±0.012318909392066884: [0.8013077974319458, 0.7826961278915405, 0.7635814547538757, 0.7862172722816467, 0.7902414202690125]
Attacked: 0.7530180811882019±0.024081924293457475: [0.7102615237236023, 0.7676056027412415, 0.7434607148170471, 0.7665995955467224, 0.7771629691123962]
Budget: 0.2
Model:RUNG_percentile_gamma
0.8013077974319458 0.6659959554672241
0.7826961278915405 0.7640844583511353
0.7635814547538757 0.6559355854988098
0.7862172722816467 0.713279664516449
0.7902414202690125 0.7655935287475586
Clean: 0.7848088145256042±0.012318909392066884: [0.8013077974319458, 0.7826961278915405, 0.7635814547538757, 0.7862172722816467, 0.7902414202690125]
Attacked: 0.7129778385162353±0.046565018012531496: [0.6659959554672241, 0.7640844583511353, 0.6559355854988098, 0.713279664516449, 0.7655935287475586]
Budget: 0.3
Model:RUNG_percentile_gamma
0.8013077974319458 0.622736394405365
0.7826961278915405 0.6403420567512512
0.7635814547538757 0.6081488728523254
0.7862172722816467 0.6388329863548279
0.7902414202690125 0.7676056027412415
Clean: 0.7848088145256042±0.012318909392066884: [0.8013077974319458, 0.7826961278915405, 0.7635814547538757, 0.7862172722816467, 0.7902414202690125]
Attacked: 0.6555331826210022±0.05725521171324414: [0.622736394405365, 0.6403420567512512, 0.6081488728523254, 0.6388329863548279, 0.7676056027412415]
Budget: 0.4
Model:RUNG_percentile_gamma
0.8013077974319458 0.5965794324874878
0.7826961278915405 0.6131790280342102
0.7635814547538757 0.5910462737083435
0.7862172722816467 0.6056337952613831
0.7902414202690125 0.7550301551818848
Clean: 0.7848088145256042±0.012318909392066884: [0.8013077974319458, 0.7826961278915405, 0.7635814547538757, 0.7862172722816467, 0.7902414202690125]
Attacked: 0.6322937369346618±0.06183399989533394: [0.5965794324874878, 0.6131790280342102, 0.5910462737083435, 0.6056337952613831, 0.7550301551818848]
Budget: 0.6
Model:RUNG_percentile_gamma
0.8013077974319458 0.5492957830429077
0.7826961278915405 0.5744466781616211
0.7635814547538757 0.5669013857841492
0.7862172722816467 0.5558350086212158
0.7902414202690125 0.7479879260063171
Clean: 0.7848088145256042±0.012318909392066884: [0.8013077974319458, 0.7826961278915405, 0.7635814547538757, 0.7862172722816467, 0.7902414202690125]
Attacked: 0.5988933563232421±0.0750523251381596: [0.5492957830429077, 0.5744466781616211, 0.5669013857841492, 0.5558350086212158, 0.7479879260063171]
