Budget: 0.05
Model:RUNG_learnable_gamma
0.8345069885253906 0.8324949145317078
0.8063380122184753 0.803822934627533
0.8385311365127563 0.7671025991439819
0.7872233390808105 0.7223339676856995
0.8194164633750916 0.8078470826148987
Clean: 0.8172031879425049±0.01884698848225963: [0.8345069885253906, 0.8063380122184753, 0.8385311365127563, 0.7872233390808105, 0.8194164633750916]
Attacked: 0.7867202997207642±0.038378666902721514: [0.8324949145317078, 0.803822934627533, 0.7671025991439819, 0.7223339676856995, 0.8078470826148987]
Budget: 0.1
Model:RUNG_learnable_gamma
0.8345069885253906 0.8314889073371887
0.8063380122184753 0.803822934627533
0.8385311365127563 0.7268611192703247
0.7872233390808105 0.6599597334861755
0.8194164633750916 0.7992957234382629
Clean: 0.8172031879425049±0.01884698848225963: [0.8345069885253906, 0.8063380122184753, 0.8385311365127563, 0.7872233390808105, 0.8194164633750916]
Attacked: 0.764285683631897±0.06259340583700451: [0.8314889073371887, 0.803822934627533, 0.7268611192703247, 0.6599597334861755, 0.7992957234382629]
Budget: 0.2
Model:RUNG_learnable_gamma
0.8345069885253906 0.8294768333435059
0.8063380122184753 0.8008047938346863
0.8385311365127563 0.7842051982879639
0.7872233390808105 0.5845070481300354
0.8194164633750916 0.7826961278915405
Clean: 0.8172031879425049±0.01884698848225963: [0.8345069885253906, 0.8063380122184753, 0.8385311365127563, 0.7872233390808105, 0.8194164633750916]
Attacked: 0.7563380002975464±0.08754860634378049: [0.8294768333435059, 0.8008047938346863, 0.7842051982879639, 0.5845070481300354, 0.7826961278915405]
Budget: 0.3
Model:RUNG_learnable_gamma
0.8345069885253906 0.8269617557525635
0.8063380122184753 0.7987927198410034
0.8385311365127563 0.6302816867828369
0.7872233390808105 0.5261569023132324
0.8194164633750916 0.7696176767349243
Clean: 0.8172031879425049±0.01884698848225963: [0.8345069885253906, 0.8063380122184753, 0.8385311365127563, 0.7872233390808105, 0.8194164633750916]
Attacked: 0.7103621482849121±0.11425506995937637: [0.8269617557525635, 0.7987927198410034, 0.6302816867828369, 0.5261569023132324, 0.7696176767349243]
Budget: 0.4
Model:RUNG_learnable_gamma
0.8345069885253906 0.8244466781616211
0.8063380122184753 0.7992957234382629
0.8385311365127563 0.5945673584938049
0.7872233390808105 0.48792755603790283
0.8194164633750916 0.7696176767349243
Clean: 0.8172031879425049±0.01884698848225963: [0.8345069885253906, 0.8063380122184753, 0.8385311365127563, 0.7872233390808105, 0.8194164633750916]
Attacked: 0.6951709985733032±0.13127635310420077: [0.8244466781616211, 0.7992957234382629, 0.5945673584938049, 0.48792755603790283, 0.7696176767349243]
Budget: 0.6
Model:RUNG_learnable_gamma
0.8345069885253906 0.8199194669723511
0.8063380122184753 0.7967806458473206
0.8385311365127563 0.6941649913787842
0.7872233390808105 0.5105633735656738
0.8194164633750916 0.7469818592071533
Clean: 0.8172031879425049±0.01884698848225963: [0.8345069885253906, 0.8063380122184753, 0.8385311365127563, 0.7872233390808105, 0.8194164633750916]
Attacked: 0.7136820673942565±0.1103981476145694: [0.8199194669723511, 0.7967806458473206, 0.6941649913787842, 0.5105633735656738, 0.7469818592071533]
