
Detected GPU: Tesla T4 with compute capability 7.5
Using GPU: Tesla T4


Fit RUNG_percentile_gamma | lr=0.05, wd=0.0005, epochs=300
  percentile_q=0.75, use_layerwise_q=False
  Parameters: 109381 (no gamma params)
  patience=100, grad_clip=1.0

  Epoch   50 | loss=0.6391 | val=0.3889 | gammas=[1.51, 1.39, 1.33, 1.35, 1.32, 1.36, 1.34, 1.36, 1.35, 1.36]

  Epoch  100 | loss=0.4433 | val=0.3333 | gammas=[2.05, 1.88, 1.84, 1.78, 1.72, 1.69, 1.66, 1.66, 1.64, 1.64]

  Early stopping at epoch 136 (best val=0.5000 at epoch 35)

Training done. Best val acc: 0.5000 (epoch 35)

======================================================
   RUNG_percentile_gamma — Gamma Values (last fwd)    
======================================================
  Layer      gamma        lam   q used
------------------------------------------------------
      0       1.6055     0.4339     0.75
      1       1.3948     0.3770     0.75
      2       1.3862     0.3747     0.75
      3       1.2840     0.3470     0.75
      4       1.3091     0.3538     0.75
      5       1.2795     0.3458     0.75
      6       1.2958     0.3502     0.75
      7       1.2775     0.3453     0.75
      8       1.2886     0.3483     0.75
      9       1.2765     0.3450     0.75
======================================================

Acc: [0.44217684864997864]

Fit RUNG_percentile_gamma | lr=0.05, wd=0.0005, epochs=300
  percentile_q=0.75, use_layerwise_q=False
  Parameters: 109381 (no gamma params)
  patience=100, grad_clip=1.0

  Epoch   50 | loss=0.7521 | val=0.3889 | gammas=[2.17, 1.88, 1.75, 1.63, 1.63, 1.63, 1.70, 1.70, 1.69, 1.70]

  Epoch  100 | loss=0.2738 | val=0.3889 | gammas=[2.85, 2.41, 2.19, 2.17, 2.11, 2.15, 2.12, 2.11, 2.15, 2.20]

  Early stopping at epoch 102 (best val=0.4444 at epoch 1)

Training done. Best val acc: 0.4444 (epoch 1)

======================================================
   RUNG_percentile_gamma — Gamma Values (last fwd)    
======================================================
  Layer      gamma        lam   q used
------------------------------------------------------
      0       0.1584     0.0428     0.75
      1       0.0678     0.0183     0.75
      2       0.0526     0.0142     0.75
      3       0.0502     0.0136     0.75
      4       0.0438     0.0118     0.75
      5       0.0470     0.0127     0.75
      6       0.0459     0.0124     0.75
      7       0.0462     0.0125     0.75
      8       0.0458     0.0124     0.75
      9       0.0456     0.0123     0.75
======================================================

Acc: [0.44217684864997864, 0.44897958636283875]

Fit RUNG_percentile_gamma | lr=0.05, wd=0.0005, epochs=300
  percentile_q=0.75, use_layerwise_q=False
  Parameters: 109381 (no gamma params)
  patience=100, grad_clip=1.0

  Epoch   50 | loss=0.5286 | val=0.3333 | gammas=[2.03, 1.62, 1.52, 1.46, 1.43, 1.39, 1.41, 1.36, 1.37, 1.36]

  Epoch  100 | loss=0.2886 | val=0.1667 | gammas=[2.18, 1.76, 1.64, 1.61, 1.57, 1.54, 1.53, 1.52, 1.52, 1.52]

  Early stopping at epoch 102 (best val=0.4444 at epoch 1)

Training done. Best val acc: 0.4444 (epoch 1)

======================================================
   RUNG_percentile_gamma — Gamma Values (last fwd)    
======================================================
  Layer      gamma        lam   q used
------------------------------------------------------
      0       0.1298     0.0351     0.75
      1       0.0517     0.0140     0.75
      2       0.0442     0.0119     0.75
      3       0.0407     0.0110     0.75
      4       0.0368     0.0099     0.75
      5       0.0343     0.0093     0.75
      6       0.0334     0.0090     0.75
      7       0.0327     0.0088     0.75
      8       0.0325     0.0088     0.75
      9       0.0332     0.0090     0.75
======================================================

Acc: [0.44217684864997864, 0.44897958636283875, 0.44897958636283875]

Fit RUNG_percentile_gamma | lr=0.05, wd=0.0005, epochs=300
  percentile_q=0.75, use_layerwise_q=False
  Parameters: 109381 (no gamma params)
  patience=100, grad_clip=1.0

  Epoch   50 | loss=0.5876 | val=0.3333 | gammas=[1.82, 1.62, 1.62, 1.62, 1.63, 1.62, 1.62, 1.61, 1.61, 1.61]

  Epoch  100 | loss=0.4214 | val=0.4444 | gammas=[2.85, 2.41, 2.37, 2.43, 2.40, 2.46, 2.52, 2.48, 2.48, 2.42]

  Epoch  150 | loss=0.2611 | val=0.4444 | gammas=[2.59, 2.15, 2.23, 2.25, 2.23, 2.22, 2.24, 2.24, 2.27, 2.26]

  Early stopping at epoch 157 (best val=0.6111 at epoch 56)

Training done. Best val acc: 0.6111 (epoch 56)

======================================================
   RUNG_percentile_gamma — Gamma Values (last fwd)    
======================================================
  Layer      gamma        lam   q used
------------------------------------------------------
      0       2.3940     0.6470     0.75
      1       2.0479     0.5535     0.75
      2       2.0090     0.5430     0.75
      3       1.9957     0.5394     0.75
      4       2.0393     0.5512     0.75
      5       2.0407     0.5515     0.75
      6       2.0451     0.5527     0.75
      7       2.0353     0.5501     0.75
      8       2.0467     0.5532     0.75
      9       2.0443     0.5525     0.75
======================================================

Acc: [0.44217684864997864, 0.44897958636283875, 0.44897958636283875, 0.45578229427337646]

Fit RUNG_percentile_gamma | lr=0.05, wd=0.0005, epochs=300
  percentile_q=0.75, use_layerwise_q=False
  Parameters: 109381 (no gamma params)
  patience=100, grad_clip=1.0

  Epoch   50 | loss=0.4738 | val=0.3889 | gammas=[1.76, 1.42, 1.28, 1.29, 1.32, 1.31, 1.30, 1.30, 1.30, 1.30]

  Epoch  100 | loss=0.3930 | val=0.3889 | gammas=[2.24, 1.81, 1.68, 1.70, 1.69, 1.78, 1.77, 1.78, 1.77, 1.77]

  Early stopping at epoch 102 (best val=0.4444 at epoch 1)

Training done. Best val acc: 0.4444 (epoch 1)

======================================================
   RUNG_percentile_gamma — Gamma Values (last fwd)    
======================================================
  Layer      gamma        lam   q used
------------------------------------------------------
      0       0.1428     0.0386     0.75
      1       0.0519     0.0140     0.75
      2       0.0456     0.0123     0.75
      3       0.0437     0.0118     0.75
      4       0.0442     0.0119     0.75
      5       0.0423     0.0114     0.75
      6       0.0423     0.0114     0.75
      7       0.0415     0.0112     0.75
      8       0.0414     0.0112     0.75
      9       0.0407     0.0110     0.75
======================================================

Acc: [0.44217684864997864, 0.44897958636283875, 0.44897958636283875, 0.45578229427337646, 0.44897958636283875]
model RUNG_percentile_gamma done, clean acc: 0.4489795804023743±0.004302419675156853
