
Detected GPU: Tesla T4 with compute capability 7.5
Using GPU: Tesla T4


Fit RUNG_learnable_distance
  distance_mode=cosine
  lr=0.05, dist_lr_factor=0.5, wd=0.0005
  percentile_q=0.75
  Parameters: 109381
    MLP: 109381
    Distance: 0
  patience=100, grad_clip=1.0
  Epoch   50 | loss=0.9359 | val_acc=0.3333 | gammas=[0.36, 0.23, 0.21, 0.20, 0.19, 0.18, 0.19, 0.18, 0.18, 0.17]
    Layer 0: y_mean=0.385, y_std=0.344, y_max=1.579
    Layer K: y_mean=0.290, y_std=0.304, y_max=1.369
  Epoch  100 | loss=0.6000 | val_acc=0.5000 | gammas=[0.26, 0.16, 0.21, 0.18, 0.18, 0.16, 0.16, 0.16, 0.17, 0.16]
    Layer 0: y_mean=0.263, y_std=0.319, y_max=1.716
    Layer K: y_mean=0.238, y_std=0.337, y_max=1.580

  Early stopping at epoch 132 (best val=0.6667 at epoch 31)

Training done. Best val acc: 0.6667 (epoch 31)

======================================================================
         RUNG_learnable_distance — Statistics (last fwd pass)         
======================================================================
  distance_mode: cosine
  percentile_q:  0.75
  distance_params: 0

   Layer      gamma     y_mean      y_std      y_max
  ────────────────────────────────────────────────────────────
       0     0.2101     0.2515     0.2867     1.5926
       1     0.1261     0.2062     0.2688     1.5926
       2     0.1251     0.1982     0.2724     1.5926
       3     0.1253     0.1951     0.2723     1.5926
       4     0.0959     0.1935     0.2730     1.5926
       5     0.0977     0.1920     0.2727     1.5926
       6     0.0717     0.1914     0.2732     1.5926
       7     0.0978     0.1908     0.2730     1.5926
       8     0.0627     0.1903     0.2733     1.5926
       9     0.1015     0.1898     0.2734     1.5926
======================================================================

Acc: [0.5238094925880432]

Fit RUNG_learnable_distance
  distance_mode=cosine
  lr=0.05, dist_lr_factor=0.5, wd=0.0005
  percentile_q=0.75
  Parameters: 109381
    MLP: 109381
    Distance: 0
  patience=100, grad_clip=1.0
  Epoch   50 | loss=0.7312 | val_acc=0.3889 | gammas=[0.24, 0.09, 0.08, 0.07, 0.08, 0.08, 0.07, 0.09, 0.08, 0.09]
    Layer 0: y_mean=0.280, y_std=0.331, y_max=1.834
    Layer K: y_mean=0.239, y_std=0.330, y_max=1.833
  Epoch  100 | loss=0.5289 | val_acc=0.3889 | gammas=[0.19, 0.08, 0.06, 0.07, 0.06, 0.06, 0.06, 0.06, 0.06, 0.06]
    Layer 0: y_mean=0.244, y_std=0.279, y_max=1.721
    Layer K: y_mean=0.197, y_std=0.280, y_max=1.721

  Early stopping at epoch 102 (best val=0.4444 at epoch 1)

Training done. Best val acc: 0.4444 (epoch 1)

======================================================================
         RUNG_learnable_distance — Statistics (last fwd pass)         
======================================================================
  distance_mode: cosine
  percentile_q:  0.75
  distance_params: 0

   Layer      gamma     y_mean      y_std      y_max
  ────────────────────────────────────────────────────────────
       0     0.0005     0.0006     0.0012     0.0189
       1     0.0002     0.0006     0.0012     0.0189
       2     0.0001     0.0005     0.0012     0.0189
       3     0.0002     0.0005     0.0012     0.0189
       4     0.0001     0.0005     0.0012     0.0189
       5     0.0001     0.0005     0.0012     0.0189
       6     0.0001     0.0005     0.0012     0.0189
       7     0.0001     0.0005     0.0012     0.0189
       8     0.0001     0.0005     0.0012     0.0189
       9     0.0001     0.0005     0.0012     0.0189
======================================================================

Acc: [0.5238094925880432, 0.44897958636283875]

Fit RUNG_learnable_distance
  distance_mode=cosine
  lr=0.05, dist_lr_factor=0.5, wd=0.0005
  percentile_q=0.75
  Parameters: 109381
    MLP: 109381
    Distance: 0
  patience=100, grad_clip=1.0
  Epoch   50 | loss=0.7466 | val_acc=0.3333 | gammas=[0.11, 0.03, 0.03, 0.03, 0.02, 0.03, 0.02, 0.03, 0.03, 0.03]
    Layer 0: y_mean=0.136, y_std=0.207, y_max=1.795
    Layer K: y_mean=0.117, y_std=0.215, y_max=1.705
  Epoch  100 | loss=0.5355 | val_acc=0.2778 | gammas=[0.27, 0.15, 0.18, 0.17, 0.18, 0.18, 0.18, 0.17, 0.18, 0.17]
    Layer 0: y_mean=0.268, y_std=0.304, y_max=1.806
    Layer K: y_mean=0.245, y_std=0.313, y_max=1.702

  Early stopping at epoch 120 (best val=0.5000 at epoch 19)

Training done. Best val acc: 0.5000 (epoch 19)

======================================================================
         RUNG_learnable_distance — Statistics (last fwd pass)         
======================================================================
  distance_mode: cosine
  percentile_q:  0.75
  distance_params: 0

   Layer      gamma     y_mean      y_std      y_max
  ────────────────────────────────────────────────────────────
       0     0.0173     0.0286     0.0840     1.0978
       1     0.0077     0.0258     0.0854     1.0978
       2     0.0056     0.0249     0.0862     1.0978
       3     0.0052     0.0245     0.0862     1.0978
       4     0.0055     0.0246     0.0864     1.0978
       5     0.0056     0.0246     0.0864     1.0978
       6     0.0060     0.0246     0.0865     1.0978
       7     0.0062     0.0246     0.0865     1.0978
       8     0.0062     0.0246     0.0866     1.0978
       9     0.0064     0.0246     0.0866     1.0978
======================================================================

Acc: [0.5238094925880432, 0.44897958636283875, 0.4625850319862366]

Fit RUNG_learnable_distance
  distance_mode=cosine
  lr=0.05, dist_lr_factor=0.5, wd=0.0005
  percentile_q=0.75
  Parameters: 109381
    MLP: 109381
    Distance: 0
  patience=100, grad_clip=1.0
  Epoch   50 | loss=0.6486 | val_acc=0.5000 | gammas=[0.52, 0.28, 0.25, 0.24, 0.23, 0.23, 0.22, 0.23, 0.23, 0.23]
    Layer 0: y_mean=0.415, y_std=0.378, y_max=1.932
    Layer K: y_mean=0.329, y_std=0.349, y_max=1.932
  Epoch  100 | loss=0.5294 | val_acc=0.5000 | gammas=[0.31, 0.13, 0.10, 0.12, 0.10, 0.10, 0.11, 0.11, 0.11, 0.11]
    Layer 0: y_mean=0.287, y_std=0.297, y_max=1.680
    Layer K: y_mean=0.224, y_std=0.299, y_max=1.680
  Epoch  150 | loss=0.2751 | val_acc=0.4444 | gammas=[0.29, 0.15, 0.13, 0.13, 0.13, 0.12, 0.12, 0.11, 0.11, 0.11]
    Layer 0: y_mean=0.274, y_std=0.280, y_max=1.670
    Layer K: y_mean=0.219, y_std=0.275, y_max=1.670

  Early stopping at epoch 182 (best val=0.5556 at epoch 81)

Training done. Best val acc: 0.5556 (epoch 81)

======================================================================
         RUNG_learnable_distance — Statistics (last fwd pass)         
======================================================================
  distance_mode: cosine
  percentile_q:  0.75
  distance_params: 0

   Layer      gamma     y_mean      y_std      y_max
  ────────────────────────────────────────────────────────────
       0     0.3114     0.2983     0.2995     1.6875
       1     0.1693     0.2584     0.2830     1.6875
       2     0.1694     0.2513     0.2854     1.6875
       3     0.1841     0.2462     0.2825     1.6875
       4     0.1739     0.2500     0.2851     1.6875
       5     0.1768     0.2443     0.2824     1.6875
       6     0.1722     0.2480     0.2849     1.6875
       7     0.1714     0.2437     0.2828     1.6875
       8     0.1648     0.2472     0.2852     1.6875
       9     0.1688     0.2434     0.2831     1.6875
======================================================================

Acc: [0.5238094925880432, 0.44897958636283875, 0.4625850319862366, 0.557823121547699]

Fit RUNG_learnable_distance
  distance_mode=cosine
  lr=0.05, dist_lr_factor=0.5, wd=0.0005
  percentile_q=0.75
  Parameters: 109381
    MLP: 109381
    Distance: 0
  patience=100, grad_clip=1.0
  Epoch   50 | loss=0.4303 | val_acc=0.3889 | gammas=[0.19, 0.13, 0.13, 0.15, 0.15, 0.15, 0.15, 0.15, 0.15, 0.15]
    Layer 0: y_mean=0.236, y_std=0.261, y_max=1.472
    Layer K: y_mean=0.200, y_std=0.250, y_max=1.472
  Epoch  100 | loss=0.6038 | val_acc=0.3889 | gammas=[0.29, 0.20, 0.20, 0.19, 0.22, 0.19, 0.22, 0.19, 0.22, 0.19]
    Layer 0: y_mean=0.431, y_std=0.436, y_max=1.761
    Layer K: y_mean=0.391, y_std=0.464, y_max=1.703
  Epoch  150 | loss=0.3817 | val_acc=0.4444 | gammas=[0.27, 0.23, 0.21, 0.23, 0.23, 0.24, 0.17, 0.18, 0.17, 0.18]
    Layer 0: y_mean=0.372, y_std=0.363, y_max=1.686
    Layer K: y_mean=0.328, y_std=0.371, y_max=1.589

  Early stopping at epoch 177 (best val=0.5556 at epoch 76)

Training done. Best val acc: 0.5556 (epoch 76)

======================================================================
         RUNG_learnable_distance — Statistics (last fwd pass)         
======================================================================
  distance_mode: cosine
  percentile_q:  0.75
  distance_params: 0

   Layer      gamma     y_mean      y_std      y_max
  ────────────────────────────────────────────────────────────
       0     0.3944     0.4380     0.3357     1.7191
       1     0.2625     0.3997     0.3245     1.7191
       2     0.2513     0.3796     0.3203     1.7191
       3     0.2614     0.3772     0.3209     1.7191
       4     0.2543     0.3742     0.3188     1.7191
       5     0.2624     0.3723     0.3193     1.7191
       6     0.2588     0.3722     0.3192     1.7191
       7     0.2604     0.3712     0.3195     1.7191
       8     0.2618     0.3723     0.3196     1.7191
       9     0.2622     0.3714     0.3197     1.7191
======================================================================

Acc: [0.5238094925880432, 0.44897958636283875, 0.4625850319862366, 0.557823121547699, 0.5034013390541077]
model RUNG_learnable_distance done, clean acc: 0.49931971430778505±0.03980608728886541
