
Detected GPU: Tesla T4 with compute capability 7.5
Using GPU: Tesla T4


Fit RUNG_parametric_gamma | lr=0.05, schedule_lr=0.01500, wd=0.0005, epochs=300
  gamma_reg_strength=0.0, patience=100, grad_clip=1.0
  Initial schedule: gamma_0=6.0000, decay_rate=0.8500, gammas=[6.000, 5.100, 4.335, 3.685, 3.132, 2.662, 2.263, 1.923, 1.635, 1.390]

  Epoch   50 | loss=0.7359 | val=0.3889 | γ₀=3.1318, r=0.7667 | gammas=[3.13, 2.40, 1.84, 1.41, 1.08, 0.83, 0.64, 0.49, 0.37, 0.29]

  Epoch  100 | loss=0.3437 | val=0.6111 | γ₀=1.9004, r=0.6721 | gammas=[1.90, 1.28, 0.86, 0.58, 0.39, 0.26, 0.18, 0.12, 0.08, 0.05]

  Epoch  150 | loss=0.2002 | val=0.7222 | γ₀=1.6886, r=0.6669 | gammas=[1.69, 1.13, 0.75, 0.50, 0.33, 0.22, 0.15, 0.10, 0.07, 0.04]

  Epoch  200 | loss=0.2032 | val=0.5556 | γ₀=1.5057, r=0.6497 | gammas=[1.51, 0.98, 0.64, 0.41, 0.27, 0.17, 0.11, 0.07, 0.05, 0.03]

  Epoch  250 | loss=0.1293 | val=0.6111 | γ₀=1.3951, r=0.6368 | gammas=[1.40, 0.89, 0.57, 0.36, 0.23, 0.15, 0.09, 0.06, 0.04, 0.02]

  Early stopping at epoch 251 (best val=0.7222 at epoch 150)

Training done. Best val acc: 0.7222 (epoch 150)

=================================================================
           RUNG_parametric_gamma — Schedule Parameters           
=================================================================
  γ₀ (gamma_0)          = 1.688579
  r  (decay_rate)       = 0.666941

  Layer           gamma          lam
  -----------------------------------
  0            1.688579     0.456373
  1            1.126182     0.304374
  2            0.751097     0.202999
  3            0.500938     0.135389
  4            0.334096     0.090296
  5            0.222822     0.060222
  6            0.148609     0.040165
  7            0.099114     0.026787
  8            0.066103     0.017866
  9            0.044087     0.011915
=================================================================

Acc: [0.5306122303009033]

Fit RUNG_parametric_gamma | lr=0.05, schedule_lr=0.01500, wd=0.0005, epochs=300
  gamma_reg_strength=0.0, patience=100, grad_clip=1.0
  Initial schedule: gamma_0=6.0000, decay_rate=0.8500, gammas=[6.000, 5.100, 4.335, 3.685, 3.132, 2.662, 2.263, 1.923, 1.635, 1.390]

  Epoch   50 | loss=0.9669 | val=0.3889 | γ₀=6.6475, r=0.8314 | gammas=[6.65, 5.53, 4.60, 3.82, 3.18, 2.64, 2.20, 1.83, 1.52, 1.26]

  Epoch  100 | loss=0.4275 | val=0.3889 | γ₀=4.8092, r=0.7883 | gammas=[4.81, 3.79, 2.99, 2.36, 1.86, 1.46, 1.15, 0.91, 0.72, 0.57]

  Early stopping at epoch 102 (best val=0.4444 at epoch 1)

Training done. Best val acc: 0.4444 (epoch 1)

=================================================================
           RUNG_parametric_gamma — Schedule Parameters           
=================================================================
  γ₀ (gamma_0)          = 6.000000
  r  (decay_rate)       = 0.850000

  Layer           gamma          lam
  -----------------------------------
  0            6.000000     1.621622
  1            5.100000     1.378378
  2            4.335000     1.171622
  3            3.684749     0.995878
  4            3.132037     0.846496
  5            2.662231     0.719522
  6            2.262897     0.611594
  7            1.923462     0.519855
  8            1.634943     0.441876
  9            1.389701     0.375595
=================================================================

Acc: [0.5306122303009033, 0.44897958636283875]

Fit RUNG_parametric_gamma | lr=0.05, schedule_lr=0.01500, wd=0.0005, epochs=300
  gamma_reg_strength=0.0, patience=100, grad_clip=1.0
  Initial schedule: gamma_0=6.0000, decay_rate=0.8500, gammas=[6.000, 5.100, 4.335, 3.685, 3.132, 2.662, 2.263, 1.923, 1.635, 1.390]

  Epoch   50 | loss=0.8223 | val=0.2222 | γ₀=6.1465, r=0.7934 | gammas=[6.15, 4.88, 3.87, 3.07, 2.44, 1.93, 1.53, 1.22, 0.96, 0.77]

  Epoch  100 | loss=0.2204 | val=0.3889 | γ₀=2.7522, r=0.6519 | gammas=[2.75, 1.79, 1.17, 0.76, 0.50, 0.32, 0.21, 0.14, 0.09, 0.06]

  Epoch  150 | loss=0.0796 | val=0.6111 | γ₀=2.1834, r=0.6133 | gammas=[2.18, 1.34, 0.82, 0.50, 0.31, 0.19, 0.12, 0.07, 0.04, 0.03]

  Epoch  200 | loss=0.1834 | val=0.6111 | γ₀=2.0585, r=0.6094 | gammas=[2.06, 1.25, 0.76, 0.47, 0.28, 0.17, 0.11, 0.06, 0.04, 0.02]

  Epoch  250 | loss=0.0936 | val=0.6667 | γ₀=1.9513, r=0.5985 | gammas=[1.95, 1.17, 0.70, 0.42, 0.25, 0.15, 0.09, 0.05, 0.03, 0.02]

  Early stopping at epoch 250 (best val=0.7222 at epoch 149)

Training done. Best val acc: 0.7222 (epoch 149)

=================================================================
           RUNG_parametric_gamma — Schedule Parameters           
=================================================================
  γ₀ (gamma_0)          = 2.186097
  r  (decay_rate)       = 0.613346

  Layer           gamma          lam
  -----------------------------------
  0            2.186097     0.590837
  1            1.340834     0.362388
  2            0.822395     0.222269
  3            0.504413     0.136328
  4            0.309380     0.083616
  5            0.189757     0.051286
  6            0.116387     0.031456
  7            0.071385     0.019293
  8            0.043784     0.011833
  9            0.026855     0.007258
=================================================================

Acc: [0.5306122303009033, 0.44897958636283875, 0.5442177057266235]

Fit RUNG_parametric_gamma | lr=0.05, schedule_lr=0.01500, wd=0.0005, epochs=300
  gamma_reg_strength=0.0, patience=100, grad_clip=1.0
  Initial schedule: gamma_0=6.0000, decay_rate=0.8500, gammas=[6.000, 5.100, 4.335, 3.685, 3.132, 2.662, 2.263, 1.923, 1.635, 1.390]

  Epoch   50 | loss=0.5877 | val=0.5556 | γ₀=5.0512, r=0.8121 | gammas=[5.05, 4.10, 3.33, 2.71, 2.20, 1.78, 1.45, 1.18, 0.96, 0.78]

  Epoch  100 | loss=0.1094 | val=0.5556 | γ₀=2.9962, r=0.7132 | gammas=[3.00, 2.14, 1.52, 1.09, 0.78, 0.55, 0.39, 0.28, 0.20, 0.14]

  Epoch  150 | loss=0.0335 | val=0.6111 | γ₀=2.3091, r=0.6511 | gammas=[2.31, 1.50, 0.98, 0.64, 0.41, 0.27, 0.18, 0.11, 0.07, 0.05]

  Early stopping at epoch 166 (best val=0.6111 at epoch 65)

Training done. Best val acc: 0.6111 (epoch 65)

=================================================================
           RUNG_parametric_gamma — Schedule Parameters           
=================================================================
  γ₀ (gamma_0)          = 4.214077
  r  (decay_rate)       = 0.779716

  Layer           gamma          lam
  -----------------------------------
  0            4.214077     1.138940
  1            3.285782     0.888049
  2            2.561976     0.692426
  3            1.997613     0.539895
  4            1.557571     0.420965
  5            1.214462     0.328233
  6            0.946936     0.255929
  7            0.738340     0.199551
  8            0.575696     0.155593
  9            0.448879     0.121319
=================================================================

Acc: [0.5306122303009033, 0.44897958636283875, 0.5442177057266235, 0.4761904776096344]

Fit RUNG_parametric_gamma | lr=0.05, schedule_lr=0.01500, wd=0.0005, epochs=300
  gamma_reg_strength=0.0, patience=100, grad_clip=1.0
  Initial schedule: gamma_0=6.0000, decay_rate=0.8500, gammas=[6.000, 5.100, 4.335, 3.685, 3.132, 2.662, 2.263, 1.923, 1.635, 1.390]

  Epoch   50 | loss=0.6163 | val=0.3333 | γ₀=3.0919, r=0.7480 | gammas=[3.09, 2.31, 1.73, 1.29, 0.97, 0.72, 0.54, 0.41, 0.30, 0.23]

  Epoch  100 | loss=0.1450 | val=0.4444 | γ₀=1.8692, r=0.6477 | gammas=[1.87, 1.21, 0.78, 0.51, 0.33, 0.21, 0.14, 0.09, 0.06, 0.04]

  Early stopping at epoch 123 (best val=0.5000 at epoch 22)

Training done. Best val acc: 0.5000 (epoch 22)

=================================================================
           RUNG_parametric_gamma — Schedule Parameters           
=================================================================
  γ₀ (gamma_0)          = 4.803338
  r  (decay_rate)       = 0.819282

  Layer           gamma          lam
  -----------------------------------
  0            4.803338     1.298199
  1            3.935289     1.063592
  2            3.224112     0.871382
  3            2.641457     0.713907
  4            2.164099     0.584891
  5            1.773007     0.479191
  6            1.452593     0.392593
  7            1.190084     0.321644
  8            0.975014     0.263517
  9            0.798812     0.215895
=================================================================

Acc: [0.5306122303009033, 0.44897958636283875, 0.5442177057266235, 0.4761904776096344, 0.4353741407394409]
model RUNG_parametric_gamma done, clean acc: 0.48707482814788816±0.04336701847261036
