
Detected GPU: Tesla T4 with compute capability 7.5
Using GPU: Tesla T4

[get_dataset] Downloading heterophilic dataset 'cornell' via torch_geometric ...
  Nodes: 183, Edges: 277, Features: 1703, Classes: 5, Homophily: 0.1227
  Cached to /kaggle/working/RUNG_ML_Project/train_eval_data/../data/heter_data/cornell
tensor(0.4444, device='cuda:0')
tensor(0.4444, device='cuda:0')
tensor(0.4444, device='cuda:0')
tensor(0.4444, device='cuda:0')
tensor(0.5000, device='cuda:0')
tensor(0.4444, device='cuda:0')
tensor(0.5556, device='cuda:0')
tensor(0.5000, device='cuda:0')
tensor(0.5556, device='cuda:0')
tensor(0.5000, device='cuda:0')
tensor(0.5000, device='cuda:0')
tensor(0.5000, device='cuda:0')
tensor(0.5556, device='cuda:0')
tensor(0.4444, device='cuda:0')
tensor(0.4444, device='cuda:0')
tensor(0.5000, device='cuda:0')
tensor(0.5000, device='cuda:0')
tensor(0.4444, device='cuda:0')
tensor(0.5000, device='cuda:0')
tensor(0.5000, device='cuda:0')
tensor(0.5000, device='cuda:0')
tensor(0.6111, device='cuda:0')
tensor(0.4444, device='cuda:0')
tensor(0.5556, device='cuda:0')
tensor(0.4444, device='cuda:0')
tensor(0.5000, device='cuda:0')
tensor(0.5000, device='cuda:0')
tensor(0.5000, device='cuda:0')
tensor(0.5000, device='cuda:0')
tensor(0.5556, device='cuda:0')
Acc: [0.34693875908851624]
tensor(0.4444, device='cuda:0')
tensor(0.4444, device='cuda:0')
tensor(0.4444, device='cuda:0')
tensor(0.3889, device='cuda:0')
tensor(0.3333, device='cuda:0')
tensor(0.3889, device='cuda:0')
tensor(0.3889, device='cuda:0')
tensor(0.4444, device='cuda:0')
tensor(0.3889, device='cuda:0')
tensor(0.3889, device='cuda:0')
tensor(0.3889, device='cuda:0')
tensor(0.4444, device='cuda:0')
tensor(0.3889, device='cuda:0')
tensor(0.4444, device='cuda:0')
tensor(0.4444, device='cuda:0')
tensor(0.4444, device='cuda:0')
tensor(0.4444, device='cuda:0')
tensor(0.4444, device='cuda:0')
tensor(0.4444, device='cuda:0')
tensor(0.4444, device='cuda:0')
tensor(0.4444, device='cuda:0')
tensor(0.4444, device='cuda:0')
tensor(0.3889, device='cuda:0')
tensor(0.3889, device='cuda:0')
tensor(0.3889, device='cuda:0')
tensor(0.3889, device='cuda:0')
tensor(0.4444, device='cuda:0')
tensor(0.4444, device='cuda:0')
tensor(0.3889, device='cuda:0')
tensor(0.4444, device='cuda:0')
Acc: [0.34693875908851624, 0.49659863114356995]
tensor(0.4444, device='cuda:0')
tensor(0.4444, device='cuda:0')
tensor(0.4444, device='cuda:0')
tensor(0.2778, device='cuda:0')
tensor(0.2222, device='cuda:0')
tensor(0.2222, device='cuda:0')
tensor(0.3333, device='cuda:0')
tensor(0.2222, device='cuda:0')
tensor(0.2222, device='cuda:0')
tensor(0.3889, device='cuda:0')
tensor(0.2222, device='cuda:0')
tensor(0.2222, device='cuda:0')
tensor(0.2222, device='cuda:0')
tensor(0.2222, device='cuda:0')
tensor(0.2778, device='cuda:0')
tensor(0.3889, device='cuda:0')
tensor(0.2222, device='cuda:0')
tensor(0.2222, device='cuda:0')
tensor(0.2778, device='cuda:0')
tensor(0.3333, device='cuda:0')
tensor(0.2778, device='cuda:0')
tensor(0.2222, device='cuda:0')
tensor(0.2222, device='cuda:0')
tensor(0.1111, device='cuda:0')
tensor(0.3333, device='cuda:0')
tensor(0.2778, device='cuda:0')
tensor(0.2778, device='cuda:0')
tensor(0.2778, device='cuda:0')
tensor(0.2222, device='cuda:0')
tensor(0.2222, device='cuda:0')
Acc: [0.34693875908851624, 0.49659863114356995, 0.4625850319862366]
tensor(0.4444, device='cuda:0')
tensor(0.4444, device='cuda:0')
tensor(0.4444, device='cuda:0')
tensor(0.5000, device='cuda:0')
tensor(0.5556, device='cuda:0')
tensor(0.5556, device='cuda:0')
tensor(0.6111, device='cuda:0')
tensor(0.6111, device='cuda:0')
tensor(0.5000, device='cuda:0')
tensor(0.5556, device='cuda:0')
tensor(0.6111, device='cuda:0')
tensor(0.5000, device='cuda:0')
tensor(0.5000, device='cuda:0')
tensor(0.6111, device='cuda:0')
tensor(0.5000, device='cuda:0')
tensor(0.4444, device='cuda:0')
tensor(0.5556, device='cuda:0')
tensor(0.3333, device='cuda:0')
tensor(0.6111, device='cuda:0')
tensor(0.2778, device='cuda:0')
tensor(0.6111, device='cuda:0')
tensor(0.5556, device='cuda:0')
tensor(0.5556, device='cuda:0')
tensor(0.5556, device='cuda:0')
tensor(0.5556, device='cuda:0')
tensor(0.5556, device='cuda:0')
tensor(0.5556, device='cuda:0')
tensor(0.5556, device='cuda:0')
tensor(0.5556, device='cuda:0')
tensor(0.6111, device='cuda:0')
Acc: [0.34693875908851624, 0.49659863114356995, 0.4625850319862366, 0.5102040767669678]
tensor(0.4444, device='cuda:0')
tensor(0.4444, device='cuda:0')
tensor(0.4444, device='cuda:0')
tensor(0.4444, device='cuda:0')
tensor(0.3889, device='cuda:0')
tensor(0.3889, device='cuda:0')
tensor(0.3889, device='cuda:0')
tensor(0.3333, device='cuda:0')
tensor(0.3889, device='cuda:0')
tensor(0.4444, device='cuda:0')
tensor(0.3333, device='cuda:0')
tensor(0.3333, device='cuda:0')
tensor(0.3889, device='cuda:0')
tensor(0.4444, device='cuda:0')
tensor(0.3889, device='cuda:0')
tensor(0.3889, device='cuda:0')
tensor(0.3889, device='cuda:0')
tensor(0.3889, device='cuda:0')
tensor(0.3889, device='cuda:0')
tensor(0.3889, device='cuda:0')
tensor(0.3889, device='cuda:0')
tensor(0.3333, device='cuda:0')
tensor(0.3889, device='cuda:0')
tensor(0.3333, device='cuda:0')
tensor(0.3889, device='cuda:0')
tensor(0.3889, device='cuda:0')
tensor(0.3889, device='cuda:0')
tensor(0.3889, device='cuda:0')
tensor(0.2778, device='cuda:0')
tensor(0.3889, device='cuda:0')
Acc: [0.34693875908851624, 0.49659863114356995, 0.4625850319862366, 0.5102040767669678, 0.44217684864997864]
model RUNG done, clean acc: 0.45170066952705384±0.05765883454418936
